Header checksum is valid.
Source      : C:\Users\phillip.spies\Documents\Visual Studio 2015\Projects\MRMPManager\MRMPService\bin\Release\Database\MRPController.sdf
Destination : n/a
Verifying - verMajor: 4, verMinor: 0, verBuild: 8876, verPoint: 1
Time - 2016-27-07 14:32:30.754

 All Pages have valid checksum.
Parse the db file and build list of tables ... DONE.
Cleanup Page list ... DONE.
Scan bad pages ... DONE.
Parse SysObjects table ... DONE.
Copy Tables ... DONE.

Header checksum is valid.
Source      : C:\Users\phillip.spies\Documents\Visual Studio 2015\Projects\MRMPManager\MRMPService\bin\Release\Database\MRPController.sdf
Destination : n/a
Verifying - verMajor: 4, verMinor: 0, verBuild: 8876, verPoint: 1
Time - 2016-27-07 14:33:10.192

 All Pages have valid checksum.
Parse the db file and build list of tables ... DONE.
Cleanup Page list ... DONE.
Scan bad pages ... DONE.
Parse SysObjects table ... DONE.
Copy Tables ... DONE.

Header checksum is valid.
Source      : C:\Users\phillip.spies\Documents\Visual Studio 2015\Projects\MRMPManager\MRMPService\bin\Release\Database\MRPController.sdf
Destination : n/a
Verifying - verMajor: 4, verMinor: 0, verBuild: 8876, verPoint: 1
Time - 2016-27-07 14:33:39.727

 All Pages have valid checksum.
Parse the db file and build list of tables ... DONE.
Cleanup Page list ... DONE.
Scan bad pages ... DONE.
Parse SysObjects table ... DONE.
Copy Tables ... DONE.

Header checksum is valid.
Source      : C:\Users\phillip.spies\Documents\Visual Studio 2015\Projects\MRMPManager\MRMPService\bin\Release\Database\MRPController.sdf
Destination : n/a
Verifying - verMajor: 4, verMinor: 0, verBuild: 8876, verPoint: 1
Time - 2016-27-07 14:35:47.045

 All Pages have valid checksum.
Parse the db file and build list of tables ... DONE.
Cleanup Page list ... DONE.
Scan bad pages ... DONE.
Parse SysObjects table ... DONE.
Copy Tables ... DONE.

Header checksum is valid.
Source      : C:\Users\phillip.spies\Documents\Visual Studio 2015\Projects\MRMPManager\MRMPService\bin\Release\Database\MRPController.sdf
Destination : n/a
Verifying - verMajor: 4, verMinor: 0, verBuild: 8876, verPoint: 1
Time - 2016-27-07 14:38:05.825

 All Pages have valid checksum.
Parse the db file and build list of tables ... DONE.
Cleanup Page list ... DONE.
Scan bad pages ... DONE.
Parse SysObjects table ... DONE.
Copy Tables ... DONE.

Header checksum is valid.
Source      : C:\Users\phillip.spies\Documents\Visual Studio 2015\Projects\MRMPManager\MRMPService\bin\Release\Database\MRPController.sdf
Destination : n/a
Verifying - verMajor: 4, verMinor: 0, verBuild: 8876, verPoint: 1
Time - 2016-27-07 14:42:12.351

 All Pages have valid checksum.
Parse the db file and build list of tables ... DONE.
Cleanup Page list ... DONE.
Scan bad pages ... DONE.
Parse SysObjects table ... DONE.
Copy Tables ... DONE.

Header checksum is valid.
Source      : C:\Users\phillip.spies\Documents\Visual Studio 2015\Projects\MRMPManager\MRMPService\bin\Release\Database\MRPController.sdf
Destination : n/a
Verifying - verMajor: 4, verMinor: 0, verBuild: 8876, verPoint: 1
Time - 2016-27-07 14:50:52.158

 All Pages have valid checksum.
Parse the db file and build list of tables ... DONE.
Cleanup Page list ... DONE.
Scan bad pages ... DONE.
Parse SysObjects table ... DONE.
Copy Tables ... DONE.

Header checksum is valid.
Source      : C:\Users\phillip.spies\Documents\Visual Studio 2015\Projects\MRMPManager\MRMPService\bin\Release\Database\MRPController.sdf
Destination : n/a
Verifying - verMajor: 4, verMinor: 0, verBuild: 8876, verPoint: 1
Time - 2016-27-07 14:53:36.225

 All Pages have valid checksum.
Parse the db file and build list of tables ... DONE.
Cleanup Page list ... DONE.
Scan bad pages ... DONE.
Parse SysObjects table ... DONE.
Copy Tables ... DONE.

Header checksum is valid.
Source      : C:\Users\phillip.spies\Documents\Visual Studio 2015\Projects\MRMPManager\MRMPService\bin\Release\Database\MRPController.sdf
Destination : n/a
Verifying - verMajor: 4, verMinor: 0, verBuild: 8876, verPoint: 1
Time - 2016-27-07 14:56:15.763

 All Pages have valid checksum.
Parse the db file and build list of tables ... DONE.
Cleanup Page list ... DONE.
Scan bad pages ... DONE.
Parse SysObjects table ... DONE.
Copy Tables ... DONE.

Header checksum is valid.
Source      : C:\Users\phillip.spies\Documents\Visual Studio 2015\Projects\MRMPManager\MRMPService\bin\Release\Database\MRPController.sdf
Destination : n/a
Verifying - verMajor: 4, verMinor: 0, verBuild: 8876, verPoint: 1
Time - 2016-27-07 14:58:04.258

 All Pages have valid checksum.
Parse the db file and build list of tables ... DONE.
Cleanup Page list ... DONE.
Scan bad pages ... DONE.
Parse SysObjects table ... DONE.
Copy Tables ... DONE.

Header checksum is valid.
Source      : C:\Users\phillip.spies\Documents\Visual Studio 2015\Projects\MRMPManager\MRMPService\bin\Release\Database\MRPController.sdf
Destination : n/a
Verifying - verMajor: 4, verMinor: 0, verBuild: 8876, verPoint: 1
Time - 2016-27-07 15:00:42.687

 All Pages have valid checksum.
Parse the db file and build list of tables ... DONE.
Cleanup Page list ... DONE.
Scan bad pages ... DONE.
Parse SysObjects table ... DONE.
Copy Tables ... DONE.

Header checksum is valid.
Source      : C:\Users\phillip.spies\Documents\Visual Studio 2015\Projects\MRMPManager\MRMPService\bin\Release\Database\MRPController.sdf
Destination : n/a
Verifying - verMajor: 4, verMinor: 0, verBuild: 8876, verPoint: 1
Time - 2016-27-07 15:02:21.351

 All Pages have valid checksum.
Parse the db file and build list of tables ... DONE.
Cleanup Page list ... DONE.
Scan bad pages ... DONE.
Parse SysObjects table ... DONE.
Copy Tables ... DONE.

Header checksum is valid.
Source      : C:\Users\phillip.spies\Documents\Visual Studio 2015\Projects\MRMPManager\MRMPService\bin\Release\Database\MRPController.sdf
Destination : n/a
Verifying - verMajor: 4, verMinor: 0, verBuild: 8876, verPoint: 1
Time - 2016-27-07 15:10:21.963

 All Pages have valid checksum.
Parse the db file and build list of tables ... DONE.
Cleanup Page list ... DONE.
Scan bad pages ... DONE.
Parse SysObjects table ... DONE.
Copy Tables ... DONE.

Header checksum is valid.
Source      : C:\Users\phillip.spies\Documents\Visual Studio 2015\Projects\MRMPManager\MRMPService\bin\Release\Database\MRPController.sdf
Destination : n/a
Verifying - verMajor: 4, verMinor: 0, verBuild: 8876, verPoint: 1
Time - 2016-27-07 15:14:50.018

 All Pages have valid checksum.
Parse the db file and build list of tables ... DONE.
Cleanup Page list ... DONE.
Scan bad pages ... DONE.
Parse SysObjects table ... DONE.
Copy Tables ... DONE.

Header checksum is valid.
Source      : C:\Users\phillip.spies\Documents\Visual Studio 2015\Projects\MRMPManager\MRMPService\bin\Release\Database\MRPController.sdf
Destination : n/a
Verifying - verMajor: 4, verMinor: 0, verBuild: 8876, verPoint: 1
Time - 2016-27-07 15:38:03.967

 All Pages have valid checksum.
Parse the db file and build list of tables ... DONE.
Cleanup Page list ... DONE.
Scan bad pages ... DONE.
Parse SysObjects table ... DONE.
Copy Tables ... DONE.

Header checksum is valid.
Source      : C:\Users\phillip.spies\Documents\Visual Studio 2015\Projects\MRMPManager\MRMPService\bin\Release\Database\MRPController.sdf
Destination : n/a
Verifying - verMajor: 4, verMinor: 0, verBuild: 8876, verPoint: 1
Time - 2016-27-07 15:53:20.844

 All Pages have valid checksum.
Parse the db file and build list of tables ... DONE.
Cleanup Page list ... DONE.
Scan bad pages ... DONE.
Parse SysObjects table ... DONE.
Copy Tables ... DONE.

Header checksum is valid.
Source      : C:\Users\phillip.spies\Documents\Visual Studio 2015\Projects\MRMPManager\MRMPService\bin\Release\Database\MRPController.sdf
Destination : n/a
Verifying - verMajor: 4, verMinor: 0, verBuild: 8876, verPoint: 1
Time - 2016-27-07 17:35:19.640

 All Pages have valid checksum.
Parse the db file and build list of tables ... DONE.
Cleanup Page list ... DONE.
Scan bad pages ... DONE.
Parse SysObjects table ... DONE.
Copy Tables ... DONE.

Header checksum is valid.
Source      : C:\Users\phillip.spies\Documents\Visual Studio 2015\Projects\MRMPManager\MRMPService\bin\Release\Database\MRPController.sdf
Destination : n/a
Verifying - verMajor: 4, verMinor: 0, verBuild: 8876, verPoint: 1
Time - 2016-27-07 17:58:30.282

 All Pages have valid checksum.
Parse the db file and build list of tables ... DONE.
Cleanup Page list ... DONE.
Scan bad pages ... DONE.
Parse SysObjects table ... DONE.
Copy Tables ... DONE.

Header checksum is valid.
Source      : C:\Users\phillip.spies\Documents\Visual Studio 2015\Projects\MRMPManager\MRMPService\bin\Release\Database\MRPController.sdf
Destination : n/a
Verifying - verMajor: 4, verMinor: 0, verBuild: 8876, verPoint: 1
Time - 2016-27-07 18:00:24.835

 All Pages have valid checksum.
Parse the db file and build list of tables ... DONE.
Cleanup Page list ... DONE.
Scan bad pages ... DONE.
Parse SysObjects table ... DONE.
Copy Tables ... DONE.

Header checksum is valid.
Source      : C:\Users\phillip.spies\Documents\Visual Studio 2015\Projects\MRMPManager\MRMPService\bin\Release\Database\MRPController.sdf
Destination : n/a
Verifying - verMajor: 4, verMinor: 0, verBuild: 8876, verPoint: 1
Time - 2016-27-07 18:03:44.124

 All Pages have valid checksum.
Parse the db file and build list of tables ... DONE.
Cleanup Page list ... DONE.
Scan bad pages ... DONE.
Parse SysObjects table ... DONE.
Copy Tables ... DONE.

Header checksum is valid.
Source      : C:\Users\phillip.spies\Documents\Visual Studio 2015\Projects\MRMPManager\MRMPService\bin\Release\Database\MRPController.sdf
Destination : n/a
Verifying - verMajor: 4, verMinor: 0, verBuild: 8876, verPoint: 1
Time - 2016-27-07 18:24:55.706

 All Pages have valid checksum.
Parse the db file and build list of tables ... DONE.
Cleanup Page list ... DONE.
Scan bad pages ... DONE.
Parse SysObjects table ... DONE.
Copy Tables ... DONE.

Header checksum is valid.
Source      : C:\Users\phillip.spies\Documents\Visual Studio 2015\Projects\MRMPManager\MRMPService\bin\Release\Database\MRPController.sdf
Destination : n/a
Verifying - verMajor: 4, verMinor: 0, verBuild: 8876, verPoint: 1
Time - 2016-27-07 18:35:48.286

 All Pages have valid checksum.
Parse the db file and build list of tables ... DONE.
Cleanup Page list ... DONE.
Scan bad pages ... DONE.
Parse SysObjects table ... DONE.
Copy Tables ... DONE.

Header checksum is valid.
Source      : C:\Users\phillip.spies\Documents\Visual Studio 2015\Projects\MRMPManager\MRMPService\bin\Release\Database\MRPController.sdf
Destination : n/a
Verifying - verMajor: 4, verMinor: 0, verBuild: 8876, verPoint: 1
Time - 2016-27-07 18:43:49.992

 All Pages have valid checksum.
Parse the db file and build list of tables ... DONE.
Cleanup Page list ... DONE.
Scan bad pages ... DONE.
Parse SysObjects table ... DONE.
Copy Tables ... DONE.

Header checksum is valid.
Source      : C:\Users\phillip.spies\Documents\Visual Studio 2015\Projects\MRMPManager\MRMPService\bin\Release\Database\MRPController.sdf
Destination : n/a
Verifying - verMajor: 4, verMinor: 0, verBuild: 8876, verPoint: 1
Time - 2016-27-07 18:52:07.204

 All Pages have valid checksum.
Parse the db file and build list of tables ... DONE.
Cleanup Page list ... DONE.
Scan bad pages ... DONE.
Parse SysObjects table ... DONE.
Copy Tables ... DONE.

Header checksum is valid.
Source      : C:\Users\phillip.spies\Documents\Visual Studio 2015\Projects\MRMPManager\MRMPService\bin\Release\Database\MRPController.sdf
Destination : n/a
Verifying - verMajor: 4, verMinor: 0, verBuild: 8876, verPoint: 1
Time - 2016-27-07 18:54:21.784

 All Pages have valid checksum.
Parse the db file and build list of tables ... DONE.
Cleanup Page list ... DONE.
Scan bad pages ... DONE.
Parse SysObjects table ... DONE.
Copy Tables ... DONE.

Header checksum is valid.
Source      : C:\Users\phillip.spies\Documents\Visual Studio 2015\Projects\MRMPManager\MRMPService\bin\Release\Database\MRPController.sdf
Destination : n/a
Verifying - verMajor: 4, verMinor: 0, verBuild: 8876, verPoint: 1
Time - 2016-27-07 18:56:23.412

 All Pages have valid checksum.
Parse the db file and build list of tables ... DONE.
Cleanup Page list ... DONE.
Scan bad pages ... DONE.
Parse SysObjects table ... DONE.
Copy Tables ... DONE.

Header checksum is valid.
Source      : C:\Users\phillip.spies\Documents\Visual Studio 2015\Projects\MRMPManager\MRMPService\bin\Release\Database\MRPController.sdf
Destination : n/a
Verifying - verMajor: 4, verMinor: 0, verBuild: 8876, verPoint: 1
Time - 2016-27-07 18:59:02.233

 All Pages have valid checksum.
Parse the db file and build list of tables ... DONE.
Cleanup Page list ... DONE.
Scan bad pages ... DONE.
Parse SysObjects table ... DONE.
Copy Tables ... DONE.

Header checksum is valid.
Source      : C:\Users\phillip.spies\Documents\Visual Studio 2015\Projects\MRMPManager\MRMPService\bin\Release\Database\MRPController.sdf
Destination : n/a
Verifying - verMajor: 4, verMinor: 0, verBuild: 8876, verPoint: 1
Time - 2016-10-08 21:35:51.711

 All Pages have valid checksum.
Parse the db file and build list of tables ... DONE.
Cleanup Page list ... DONE.
Scan bad pages ... DONE.
Parse SysObjects table ... DONE.
Copy Tables ... DONE.

Header checksum is valid.
Source      : C:\Users\phillip.spies\Documents\Visual Studio 2015\Projects\MRMPManager\MRMPService\bin\Release\Database\MRPController.sdf
Destination : n/a
Verifying - verMajor: 4, verMinor: 0, verBuild: 8876, verPoint: 1
Time - 2016-10-08 23:33:27.494

 All Pages have valid checksum.
Parse the db file and build list of tables ... DONE.
Cleanup Page list ... DONE.
Scan bad pages ... DONE.
Parse SysObjects table ... DONE.
Copy Tables ... DONE.

Header checksum is valid.
Source      : C:\Users\phillip.spies\Documents\Visual Studio 2015\Projects\MRMPManager\MRMPService\bin\Release\Database\MRPController.sdf
Destination : n/a
Verifying - verMajor: 4, verMinor: 0, verBuild: 8876, verPoint: 1
Time - 2016-06-09 17:01:06.447

 All Pages have valid checksum.
Parse the db file and build list of tables ... DONE.
Cleanup Page list ... DONE.
Scan bad pages ... DONE.
Parse SysObjects table ... DONE.
Copy Tables ... DONE.

Header checksum is valid.
Source      : C:\Users\phillip.spies\Documents\Visual Studio 2015\Projects\MRMPManager\MRMPService\bin\Release\Database\MRPController.sdf
Destination : n/a
Verifying - verMajor: 4, verMinor: 0, verBuild: 8876, verPoint: 1
Time - 2016-21-10 13:19:29.378

 All Pages have valid checksum.
Parse the db file and build list of tables ... DONE.
Cleanup Page list ... DONE.
Scan bad pages ... DONE.
Parse SysObjects table ... DONE.
Copy Tables ... DONE.

