2016/02/26 02:48:56 Info > Starting MRP Worker Service
2016/02/26 02:48:56 Info > Debug Enabled!
2016/02/26 02:48:56 Info > MRP Worker Agent ID:00952c3447ca49cebc5ae1e4b47f60b2
2016/02/26 02:48:56 Info > MRP Portal URL:https://www.cloudmovey.com
2016/02/26 02:48:58 Debug > Platforms: 0, Workloads: 0, Credentials: 0, Performance Counters: 0, Network Flows: 0
2016/02/26 02:48:58 Debug > Starting WCF Data Service
2016/02/26 02:48:58 Debug > Starting WCF Service
2016/02/26 02:48:58 Debug > organization id: 7b6865d87b824b4a97d563ae5e5d35e7
2016/02/26 02:48:58 Debug > Starting Scheduler Thread
2016/02/26 02:48:58 Debug > Starting Mirror Thread
2016/02/26 02:48:58 Debug > Starting Performance Collection Thread
2016/02/26 02:48:58 Info > Staring platform inventory process
2016/02/26 02:48:58 Debug > Starting Netflow v5 Collection Thread
2016/02/26 02:48:58 Debug > Starting Data Upload Thread
2016/02/26 02:48:58 Info > Starting workload performance collection
2016/02/26 02:48:58 Debug > Starting OS Inventory Thread
2016/02/26 02:48:58 Info > Staring data upload process
2016/02/26 02:48:58 Info > Staring operating system inventory process
2016/02/26 02:48:58 Info > Completed performance collection | Elapsed Time 00:00:00.0170000 
2016/02/26 02:48:58 Info > Completed data mirroring process.0 new platforms, 0 updated platforms = total elapsed time: 00:00:00.4080000
2016/02/26 02:48:59 Info > Completed data upload process.0 netflows.0 performancecounters. = Total Elapsed Time: 00:00:00.5230000
2016/02/26 02:48:59 Error > Error connecting to WMI : appserver04 [Object reference not set to an instance of an object.]
2016/02/26 02:48:59 Error > Error connecting to WMI : appserver01 [Object reference not set to an instance of an object.]
2016/02/26 02:48:59 Error > Error connecting to WMI : webserver01 [Object reference not set to an instance of an object.]
2016/02/26 02:48:59 Error > Error connecting to WMI : appserver02 [Object reference not set to an instance of an object.]
2016/02/26 02:49:00 Error > Error connecting to WMI : appserver03 [Object reference not set to an instance of an object.]
2016/02/26 02:49:00 Error > Error connecting to WMI : appserver03 [Object reference not set to an instance of an object.]
2016/02/26 02:49:00 Error > Error connecting to WMI : appserver01 [Object reference not set to an instance of an object.]
2016/02/26 02:49:00 Info > Completed operating system inventory. [updated workloads.0] = Total Execute Time: 00:00:02.2140000
2016/02/26 03:00:04 Info > Starting MRP Worker Service
2016/02/26 03:00:04 Info > Debug Enabled!
2016/02/26 03:00:04 Info > MRP Worker Agent ID:00952c3447ca49cebc5ae1e4b47f60b2
2016/02/26 03:00:04 Info > MRP Portal URL:https://www.cloudmovey.com
2016/02/26 03:00:06 Debug > Platforms: 0, Workloads: 0, Credentials: 0, Performance Counters: 0, Network Flows: 0
2016/02/26 03:00:06 Debug > Starting WCF Data Service
2016/02/26 03:00:06 Debug > Starting WCF Service
2016/02/26 03:00:06 Debug > organization id: 7b6865d87b824b4a97d563ae5e5d35e7
2016/02/26 03:00:06 Debug > Starting Scheduler Thread
2016/02/26 03:00:06 Debug > Starting Mirror Thread
2016/02/26 03:00:06 Debug > Starting Performance Collection Thread
2016/02/26 03:00:06 Info > Staring platform inventory process
2016/02/26 03:00:06 Debug > Starting Netflow v5 Collection Thread
2016/02/26 03:00:06 Debug > Starting Data Upload Thread
2016/02/26 03:00:06 Info > Starting workload performance collection
2016/02/26 03:00:06 Debug > Starting OS Inventory Thread
2016/02/26 03:00:06 Info > Staring data upload process
2016/02/26 03:00:06 Info > Staring operating system inventory process
2016/02/26 03:00:06 Info > Completed performance collection | Elapsed Time 00:00:00.0310000 
2016/02/26 03:00:07 Info > Completed data mirroring process.0 new platforms, 0 updated platforms = total elapsed time: 00:00:00.4480000
2016/02/26 03:00:07 Info > Completed data upload process.0 netflows.0 performancecounters. = Total Elapsed Time: 00:00:00.5580000
2016/02/26 03:00:07 Error > Error connecting to WMI : appserver04 [Object reference not set to an instance of an object.]
2016/02/26 03:00:07 Error > Error connecting to WMI : appserver01 [Object reference not set to an instance of an object.]
2016/02/26 03:00:08 Error > Error connecting to WMI : webserver01 [Object reference not set to an instance of an object.]
2016/02/26 03:00:08 Error > Error connecting to WMI : appserver02 [Object reference not set to an instance of an object.]
2016/02/26 03:00:08 Error > Error connecting to WMI : appserver03 [Object reference not set to an instance of an object.]
2016/02/26 03:00:08 Error > Error connecting to WMI : appserver03 [Object reference not set to an instance of an object.]
2016/02/26 03:00:08 Error > Error connecting to WMI : appserver01 [Object reference not set to an instance of an object.]
2016/02/26 03:00:09 Info > Completed operating system inventory. [updated workloads.0] = Total Execute Time: 00:00:02.3900000
2016/02/26 03:00:47 Info > Starting MRP Worker Service
2016/02/26 03:00:47 Info > Debug Enabled!
2016/02/26 03:00:47 Info > MRP Worker Agent ID:00952c3447ca49cebc5ae1e4b47f60b2
2016/02/26 03:00:47 Info > MRP Portal URL:https://www.cloudmovey.com
2016/02/26 03:00:49 Debug > Platforms: 0, Workloads: 0, Credentials: 0, Performance Counters: 0, Network Flows: 0
2016/02/26 03:00:49 Debug > Starting WCF Data Service
2016/02/26 03:00:49 Debug > Starting WCF Service
2016/02/26 03:00:49 Debug > organization id: 7b6865d87b824b4a97d563ae5e5d35e7
2016/02/26 03:00:49 Debug > Starting Scheduler Thread
2016/02/26 03:00:49 Debug > Starting Mirror Thread
2016/02/26 03:00:49 Debug > Starting Performance Collection Thread
2016/02/26 03:00:49 Info > Staring platform inventory process
2016/02/26 03:00:49 Debug > Starting Netflow v5 Collection Thread
2016/02/26 03:00:49 Debug > Starting Data Upload Thread
2016/02/26 03:00:49 Debug > Starting OS Inventory Thread
2016/02/26 03:00:49 Info > Completed performance collection | Elapsed Time 00:00:00.0340000 
2016/02/26 03:00:49 Info > Completed data mirroring process.0 new platforms, 0 updated platforms = total elapsed time: 00:00:00.4830000
2016/02/26 03:00:50 Info > Completed data upload process.0 netflows.0 performancecounters. = Total Elapsed Time: 00:00:00.5140000
2016/02/26 03:00:50 Error > Error connecting to WMI : appserver04 [Object reference not set to an instance of an object.]
2016/02/26 03:00:50 Error > Error connecting to WMI : appserver01 [Object reference not set to an instance of an object.]
2016/02/26 03:00:50 Error > Error connecting to WMI : webserver01 [Object reference not set to an instance of an object.]
2016/02/26 03:00:51 Error > Error connecting to WMI : appserver02 [Object reference not set to an instance of an object.]
2016/02/26 03:00:51 Error > Error connecting to WMI : appserver03 [Object reference not set to an instance of an object.]
2016/02/26 03:00:51 Error > Error connecting to WMI : appserver03 [Object reference not set to an instance of an object.]
2016/02/26 03:00:51 Error > Error connecting to WMI : appserver01 [Object reference not set to an instance of an object.]
2016/02/26 03:00:51 Info > Completed operating system inventory. [updated workloads.0] = Total Execute Time: 00:00:02.3560000
2016/02/26 03:02:39 Info > Starting MRP Worker Service
2016/02/26 03:02:39 Info > Debug Enabled!
2016/02/26 03:02:39 Info > MRP Worker Agent ID:00952c3447ca49cebc5ae1e4b47f60b2
2016/02/26 03:02:39 Info > MRP Portal URL:https://www.cloudmovey.com
2016/02/26 03:02:44 Debug > Platforms: 0, Workloads: 0, Credentials: 0, Performance Counters: 0, Network Flows: 0
2016/02/26 03:02:44 Debug > Starting WCF Data Service
2016/02/26 03:07:13 Info > Starting MRP Worker Service
2016/02/26 03:07:13 Info > Debug Enabled!
2016/02/26 03:07:13 Info > MRP Worker Agent ID:00952c3447ca49cebc5ae1e4b47f60b2
2016/02/26 03:07:13 Info > MRP Portal URL:https://www.cloudmovey.com
2016/02/26 03:07:19 Debug > Platforms: 0, Workloads: 0, Credentials: 0, Performance Counters: 0, Network Flows: 0
2016/02/26 03:07:19 Debug > Starting WCF Data Service
2016/02/26 03:07:37 Debug > Starting WCF Service
2016/02/26 03:07:37 Debug > organization id: 7b6865d87b824b4a97d563ae5e5d35e7
2016/02/26 03:07:37 Debug > Starting Scheduler Thread
2016/02/26 03:07:37 Debug > Starting Mirror Thread
2016/02/26 03:07:37 Debug > Starting Performance Collection Thread
2016/02/26 03:07:37 Info > Staring platform inventory process
2016/02/26 03:07:37 Debug > Starting Netflow v5 Collection Thread
2016/02/26 03:07:37 Debug > Starting Data Upload Thread
2016/02/26 03:07:37 Info > Starting workload performance collection
2016/02/26 03:07:37 Debug > Starting OS Inventory Thread
2016/02/26 03:07:37 Info > Completed performance collection | Elapsed Time 00:00:00.0560000 
2016/02/26 03:07:37 Info > Staring operating system inventory process
2016/02/26 03:07:38 Info > Completed data mirroring process.0 new platforms, 0 updated platforms = total elapsed time: 00:00:00.4710000
2016/02/26 03:07:38 Info > Completed data upload process.0 netflows.0 performancecounters. = Total Elapsed Time: 00:00:00.9400000
2016/02/26 03:07:39 Error > Error connecting to WMI : appserver04 [Object reference not set to an instance of an object.]
2016/02/26 03:07:39 Error > Error connecting to WMI : appserver01 [Object reference not set to an instance of an object.]
2016/02/26 03:07:39 Error > Error connecting to WMI : webserver01 [Object reference not set to an instance of an object.]
2016/02/26 03:07:39 Error > Error connecting to WMI : appserver02 [Object reference not set to an instance of an object.]
2016/02/26 03:12:38 Info > Starting MRP Worker Service
2016/02/26 03:12:38 Info > Debug Enabled!
2016/02/26 03:12:38 Info > MRP Worker Agent ID:00952c3447ca49cebc5ae1e4b47f60b2
2016/02/26 03:12:38 Info > MRP Portal URL:https://www.cloudmovey.com
2016/02/26 03:12:40 Debug > Platforms: 0, Workloads: 0, Credentials: 0, Performance Counters: 0, Network Flows: 0
2016/02/26 03:12:40 Debug > Starting WCF Data Service
2016/02/26 03:12:40 Debug > Starting WCF Service
2016/02/26 03:12:40 Debug > organization id: 7b6865d87b824b4a97d563ae5e5d35e7
2016/02/26 03:12:40 Debug > Starting Scheduler Thread
2016/02/26 03:12:40 Debug > Starting Mirror Thread
2016/02/26 03:12:41 Debug > Starting Performance Collection Thread
2016/02/26 03:12:41 Info > Staring platform inventory process
2016/02/26 03:12:41 Info > Starting workload performance collection
2016/02/26 03:12:41 Debug > Starting Netflow v5 Collection Thread
2016/02/26 03:12:41 Debug > Starting Data Upload Thread
2016/02/26 03:12:41 Debug > Starting OS Inventory Thread
2016/02/26 03:12:41 Info > Staring data upload process
2016/02/26 03:12:41 Info > Staring operating system inventory process
2016/02/26 03:12:41 Info > Completed data mirroring process.0 new platforms, 0 updated platforms = total elapsed time: 00:00:00.5050000
2016/02/26 03:12:41 Info > Completed data upload process.0 netflows.0 performancecounters. = Total Elapsed Time: 00:00:00.8390000
2016/02/26 03:12:42 Error > Error connecting to WMI : appserver04 [Object reference not set to an instance of an object.]
2016/02/26 03:12:42 Error > Error connecting to WMI : appserver01 [Object reference not set to an instance of an object.]
2016/02/26 03:12:42 Error > Error connecting to WMI : webserver01 [Object reference not set to an instance of an object.]
2016/02/26 03:12:42 Error > Error connecting to WMI : appserver02 [Object reference not set to an instance of an object.]
2016/02/26 03:12:43 Error > Error connecting to WMI : appserver03 [Object reference not set to an instance of an object.]
2016/02/26 03:12:43 Error > Error connecting to WMI : appserver03 [Object reference not set to an instance of an object.]
2016/02/26 03:12:43 Error > Error connecting to WMI : appserver01 [Object reference not set to an instance of an object.]
2016/02/26 03:12:43 Info > Completed operating system inventory. [updated workloads.0] = Total Execute Time: 00:00:02.6530000
2016/02/26 03:16:42 Info > Starting MRP Worker Service
2016/02/26 03:16:42 Info > Debug Enabled!
2016/02/26 03:16:42 Info > MRP Worker Agent ID:00952c3447ca49cebc5ae1e4b47f60b2
2016/02/26 03:16:42 Info > MRP Portal URL:https://www.cloudmovey.com
2016/02/26 03:16:44 Debug > Platforms: 0, Workloads: 0, Credentials: 0, Performance Counters: 0, Network Flows: 0
2016/02/26 03:16:44 Debug > Starting WCF Data Service
2016/02/26 03:16:44 Debug > Starting WCF Service
2016/02/26 03:16:44 Debug > organization id: 7b6865d87b824b4a97d563ae5e5d35e7
2016/02/26 03:16:44 Debug > Starting Scheduler Thread
2016/02/26 03:16:44 Debug > Starting Mirror Thread
2016/02/26 03:16:44 Debug > Starting Performance Collection Thread
2016/02/26 03:16:44 Info > Staring platform inventory process
2016/02/26 03:16:44 Debug > Starting Netflow v5 Collection Thread
2016/02/26 03:16:44 Info > Starting workload performance collection
2016/02/26 03:16:44 Debug > Starting Data Upload Thread
2016/02/26 03:16:44 Debug > Starting OS Inventory Thread
2016/02/26 03:16:44 Info > Staring data upload process
2016/02/26 03:16:44 Info > Staring operating system inventory process
2016/02/26 03:16:45 Info > Completed data mirroring process.0 new platforms, 0 updated platforms = total elapsed time: 00:00:00.4730000
2016/02/26 03:16:45 Error > Error connecting to WMI : appserver04 [Object reference not set to an instance of an object.]
2016/02/26 03:16:45 Info > Completed data upload process.0 netflows.0 performancecounters. = Total Elapsed Time: 00:00:01.2240000
2016/02/26 03:16:46 Error > Error connecting to WMI : appserver01 [Object reference not set to an instance of an object.]
2016/02/26 03:16:46 Error > Error connecting to WMI : webserver01 [Object reference not set to an instance of an object.]
2016/02/26 03:16:46 Error > Error connecting to WMI : appserver02 [Object reference not set to an instance of an object.]
2016/02/26 03:16:46 Error > Error connecting to WMI : appserver03 [Object reference not set to an instance of an object.]
2016/02/26 03:16:47 Error > Error connecting to WMI : appserver03 [Object reference not set to an instance of an object.]
2016/02/26 03:16:47 Error > Error connecting to WMI : appserver01 [Object reference not set to an instance of an object.]
2016/02/26 03:16:47 Info > Completed operating system inventory. [updated workloads.0] = Total Execute Time: 00:00:02.8010000
2016/02/26 03:17:15 Info > Starting MRP Worker Service
2016/02/26 03:17:15 Info > Debug Enabled!
2016/02/26 03:17:15 Info > MRP Worker Agent ID:00952c3447ca49cebc5ae1e4b47f60b2
2016/02/26 03:17:15 Info > MRP Portal URL:https://www.cloudmovey.com
2016/02/26 03:17:17 Debug > Platforms: 0, Workloads: 0, Credentials: 0, Performance Counters: 0, Network Flows: 0
2016/02/26 03:17:17 Debug > Starting WCF Data Service
2016/02/26 03:17:17 Debug > Starting WCF Service
2016/02/26 03:17:17 Debug > organization id: 7b6865d87b824b4a97d563ae5e5d35e7
2016/02/26 03:17:17 Debug > Starting Scheduler Thread
2016/02/26 03:17:17 Debug > Starting Mirror Thread
2016/02/26 03:17:17 Debug > Starting Performance Collection Thread
2016/02/26 03:17:17 Info > Staring platform inventory process
2016/02/26 03:17:17 Info > Starting workload performance collection
2016/02/26 03:17:17 Debug > Starting Netflow v5 Collection Thread
2016/02/26 03:17:17 Debug > Starting Data Upload Thread
2016/02/26 03:17:17 Debug > Starting OS Inventory Thread
2016/02/26 03:17:17 Info > Staring data upload process
2016/02/26 03:17:17 Info > Staring operating system inventory process
2016/02/26 03:17:18 Info > Completed data mirroring process.0 new platforms, 0 updated platforms = total elapsed time: 00:00:00.5880000
2016/02/26 03:17:18 Info > Completed data upload process.0 netflows.0 performancecounters. = Total Elapsed Time: 00:00:00.9720000
2016/02/26 03:17:18 Error > Error connecting to WMI : appserver04 [Object reference not set to an instance of an object.]
2016/02/26 03:17:19 Error > Error connecting to WMI : appserver01 [Object reference not set to an instance of an object.]
2016/02/26 03:17:19 Error > Error connecting to WMI : webserver01 [Object reference not set to an instance of an object.]
2016/02/26 03:17:19 Error > Error connecting to WMI : appserver02 [Object reference not set to an instance of an object.]
2016/02/26 03:17:19 Error > Error connecting to WMI : appserver03 [Object reference not set to an instance of an object.]
2016/02/26 03:17:19 Error > Error connecting to WMI : appserver03 [Object reference not set to an instance of an object.]
2016/02/26 03:17:20 Error > Error connecting to WMI : appserver01 [Object reference not set to an instance of an object.]
2016/02/26 03:17:20 Info > Completed operating system inventory. [updated workloads.0] = Total Execute Time: 00:00:02.7370000
2016/02/26 03:19:26 Info > Starting MRP Worker Service
2016/02/26 03:19:26 Info > Debug Enabled!
2016/02/26 03:19:26 Info > MRP Worker Agent ID:00952c3447ca49cebc5ae1e4b47f60b2
2016/02/26 03:19:26 Info > MRP Portal URL:https://www.cloudmovey.com
2016/02/26 03:19:28 Debug > Platforms: 0, Workloads: 0, Credentials: 0, Performance Counters: 0, Network Flows: 0
2016/02/26 03:19:28 Debug > Starting WCF Data Service
2016/02/26 03:19:28 Debug > Starting WCF Service
2016/02/26 03:19:28 Debug > organization id: 7b6865d87b824b4a97d563ae5e5d35e7
2016/02/26 03:19:28 Debug > Starting Scheduler Thread
2016/02/26 03:19:28 Debug > Starting Mirror Thread
2016/02/26 03:19:28 Debug > Starting Performance Collection Thread
2016/02/26 03:19:28 Info > Staring platform inventory process
2016/02/26 03:19:28 Debug > Starting Netflow v5 Collection Thread
2016/02/26 03:19:28 Info > Starting workload performance collection
2016/02/26 03:19:28 Debug > Starting Data Upload Thread
2016/02/26 03:19:28 Debug > Starting OS Inventory Thread
2016/02/26 03:19:28 Info > Staring data upload process
2016/02/26 03:19:28 Info > Completed performance collection | Elapsed Time 00:00:00.0370000 
2016/02/26 03:19:28 Info > Completed data mirroring process.0 new platforms, 0 updated platforms = total elapsed time: 00:00:00.4580000
2016/02/26 03:19:29 Info > Completed data upload process.0 netflows.0 performancecounters. = Total Elapsed Time: 00:00:00.8310000
2016/02/26 03:19:29 Error > Error connecting to WMI : appserver04 [Object reference not set to an instance of an object.]
2016/02/26 03:19:29 Error > Error connecting to WMI : appserver01 [Object reference not set to an instance of an object.]
2016/02/26 03:19:30 Error > Error connecting to WMI : webserver01 [Object reference not set to an instance of an object.]
2016/02/26 03:19:30 Error > Error connecting to WMI : appserver02 [Object reference not set to an instance of an object.]
2016/02/26 03:19:30 Error > Error connecting to WMI : appserver03 [Object reference not set to an instance of an object.]
2016/02/26 03:19:30 Error > Error connecting to WMI : appserver03 [Object reference not set to an instance of an object.]
2016/02/26 03:19:30 Error > Error connecting to WMI : appserver01 [Object reference not set to an instance of an object.]
2016/02/26 03:19:31 Info > Completed operating system inventory. [updated workloads.0] = Total Execute Time: 00:00:02.5280000
2016/02/26 03:39:37 Info > Starting MRP Worker Service
2016/02/26 03:39:37 Info > Debug Enabled!
2016/02/26 03:39:37 Info > MRP Worker Agent ID:00952c3447ca49cebc5ae1e4b47f60b2
2016/02/26 03:39:37 Info > MRP Portal URL:https://www.cloudmovey.com
2016/02/26 03:39:39 Debug > Platforms: 0, Workloads: 0, Credentials: 0, Performance Counters: 0, Network Flows: 0
2016/02/26 03:39:39 Debug > Starting WCF Data Service
2016/02/26 03:39:39 Debug > Starting WCF Service
2016/02/26 03:39:39 Debug > organization id: 7b6865d87b824b4a97d563ae5e5d35e7
2016/02/26 03:39:39 Debug > Starting Scheduler Thread
2016/02/26 03:39:39 Debug > Starting Mirror Thread
2016/02/26 03:39:39 Debug > Starting Performance Collection Thread
2016/02/26 03:39:39 Info > Staring platform inventory process
2016/02/26 03:39:39 Debug > Starting Netflow v5 Collection Thread
2016/02/26 03:39:39 Info > Starting workload performance collection
2016/02/26 03:39:39 Debug > Starting Data Upload Thread
2016/02/26 03:39:39 Debug > Starting OS Inventory Thread
2016/02/26 03:39:39 Info > Staring data upload process
2016/02/26 03:39:39 Info > Staring operating system inventory process
2016/02/26 03:39:39 Info > Completed performance collection | Elapsed Time 00:00:00.0390000 
2016/02/26 03:39:39 Info > Completed data mirroring process.0 new platforms, 0 updated platforms = total elapsed time: 00:00:00.4680000
2016/02/26 03:39:40 Info > Completed data upload process.0 netflows.0 performancecounters. = Total Elapsed Time: 00:00:00.8460000
2016/02/26 03:39:40 Error > Error connecting to WMI : appserver04 [Object reference not set to an instance of an object.]
2016/02/26 03:39:41 Error > Error connecting to WMI : appserver01 [Object reference not set to an instance of an object.]
2016/02/26 03:39:41 Error > Error connecting to WMI : webserver01 [Object reference not set to an instance of an object.]
2016/02/26 03:39:41 Error > Error connecting to WMI : appserver02 [Object reference not set to an instance of an object.]
2016/02/26 03:39:41 Error > Error connecting to WMI : appserver03 [Object reference not set to an instance of an object.]
2016/02/26 03:39:41 Error > Error connecting to WMI : appserver03 [Object reference not set to an instance of an object.]
2016/02/26 03:39:42 Error > Error connecting to WMI : appserver01 [Object reference not set to an instance of an object.]
2016/02/26 03:39:42 Info > Completed operating system inventory. [updated workloads.0] = Total Execute Time: 00:00:02.7310000
2016/02/26 03:43:09 Info > Starting MRP Worker Service
2016/02/26 03:43:09 Info > Debug Enabled!
2016/02/26 03:43:09 Info > MRP Worker Agent ID:00952c3447ca49cebc5ae1e4b47f60b2
2016/02/26 03:43:09 Info > MRP Portal URL:https://www.cloudmovey.com
2016/02/26 03:43:11 Debug > Platforms: 0, Workloads: 0, Credentials: 0, Performance Counters: 0, Network Flows: 0
2016/02/26 03:43:11 Debug > Starting WCF Data Service
2016/02/26 03:43:11 Debug > Starting WCF Service
2016/02/26 03:43:11 Debug > organization id: 7b6865d87b824b4a97d563ae5e5d35e7
2016/02/26 03:43:11 Debug > Starting Scheduler Thread
2016/02/26 03:43:11 Debug > Starting Mirror Thread
2016/02/26 03:43:11 Debug > Starting Performance Collection Thread
2016/02/26 03:43:11 Debug > Starting Netflow v5 Collection Thread
2016/02/26 03:43:11 Info > Starting workload performance collection
2016/02/26 03:43:11 Debug > Starting Data Upload Thread
2016/02/26 03:43:11 Debug > Starting OS Inventory Thread
2016/02/26 03:43:11 Info > Staring data upload process
2016/02/26 03:43:11 Info > Staring operating system inventory process
2016/02/26 03:43:12 Info > Completed data mirroring process.0 new platforms, 0 updated platforms = total elapsed time: 00:00:00.5630000
2016/02/26 03:43:12 Info > Completed data upload process.0 netflows.0 performancecounters. = Total Elapsed Time: 00:00:00.8160000
2016/02/26 03:43:13 Error > Error connecting to WMI : appserver04 [Object reference not set to an instance of an object.]
2016/02/26 03:43:13 Error > Error connecting to WMI : appserver01 [Object reference not set to an instance of an object.]
2016/02/26 03:43:13 Error > Error connecting to WMI : webserver01 [Object reference not set to an instance of an object.]
2016/02/26 03:43:13 Error > Error connecting to WMI : appserver02 [Object reference not set to an instance of an object.]
2016/02/26 03:43:13 Error > Error connecting to WMI : appserver03 [Object reference not set to an instance of an object.]
2016/02/26 03:43:14 Error > Error connecting to WMI : appserver03 [Object reference not set to an instance of an object.]
2016/02/26 03:43:14 Error > Error connecting to WMI : appserver01 [Object reference not set to an instance of an object.]
2016/02/26 03:43:14 Info > Completed operating system inventory. [updated workloads.0] = Total Execute Time: 00:00:02.7600000
2016/02/26 03:44:59 Info > Starting MRP Worker Service
2016/02/26 03:44:59 Info > Debug Enabled!
2016/02/26 03:44:59 Info > MRP Worker Agent ID:00952c3447ca49cebc5ae1e4b47f60b2
2016/02/26 03:44:59 Info > MRP Portal URL:https://www.cloudmovey.com
2016/02/26 03:45:01 Debug > Platforms: 0, Workloads: 0, Credentials: 0, Performance Counters: 0, Network Flows: 0
2016/02/26 03:45:01 Debug > Starting WCF Data Service
2016/02/26 03:45:01 Debug > Starting WCF Service
2016/02/26 03:45:01 Debug > organization id: 7b6865d87b824b4a97d563ae5e5d35e7
2016/02/26 03:45:01 Debug > Starting Scheduler Thread
2016/02/26 03:45:01 Debug > Starting Mirror Thread
2016/02/26 03:45:01 Debug > Starting Performance Collection Thread
2016/02/26 03:45:02 Info > Staring platform inventory process
2016/02/26 03:45:02 Debug > Starting Data Upload Thread
2016/02/26 03:45:02 Info > Starting workload performance collection
2016/02/26 03:45:02 Info > Staring data upload process
2016/02/26 03:45:02 Info > Staring operating system inventory process
2016/02/26 03:45:02 Info > Completed performance collection | Elapsed Time 00:00:00.0260000 
2016/02/26 03:45:02 Info > Completed data mirroring process.0 new platforms, 0 updated platforms = total elapsed time: 00:00:00.4540000
2016/02/26 03:45:02 Info > Completed data upload process.0 netflows.0 performancecounters. = Total Elapsed Time: 00:00:00.8650000
2016/02/26 03:45:03 Error > Error connecting to WMI : appserver04 [Object reference not set to an instance of an object.]
2016/02/26 03:45:03 Error > Error connecting to WMI : appserver01 [Object reference not set to an instance of an object.]
2016/02/26 03:45:03 Error > Error connecting to WMI : webserver01 [Object reference not set to an instance of an object.]
2016/02/26 03:45:04 Error > Error connecting to WMI : appserver02 [Object reference not set to an instance of an object.]
2016/02/26 03:45:04 Error > Error connecting to WMI : appserver03 [Object reference not set to an instance of an object.]
2016/02/26 03:45:04 Error > Error connecting to WMI : appserver03 [Object reference not set to an instance of an object.]
2016/02/26 03:45:04 Error > Error connecting to WMI : appserver01 [Object reference not set to an instance of an object.]
2016/02/26 03:45:04 Info > Completed operating system inventory. [updated workloads.0] = Total Execute Time: 00:00:02.8570000
2016/02/26 03:56:38 Info > Starting MRP Worker Service
2016/02/26 03:56:38 Info > Debug Enabled!
2016/02/26 03:56:38 Info > MRP Worker Agent ID:00952c3447ca49cebc5ae1e4b47f60b2
2016/02/26 03:56:38 Info > MRP Portal URL:https://www.cloudmovey.com
2016/02/26 03:56:40 Debug > Platforms: 0, Workloads: 0, Credentials: 0, Performance Counters: 0, Network Flows: 0
2016/02/26 03:56:40 Debug > Starting WCF Data Service
2016/02/26 03:56:40 Debug > Starting WCF Service
2016/02/26 03:56:40 Debug > organization id: 7b6865d87b824b4a97d563ae5e5d35e7
2016/02/26 03:56:40 Debug > Starting Scheduler Thread
2016/02/26 03:56:40 Debug > Starting Mirror Thread
2016/02/26 03:56:40 Info > Staring platform inventory process
2016/02/26 03:56:40 Debug > Starting Performance Collection Thread
2016/02/26 03:56:40 Debug > Starting Netflow v5 Collection Thread
2016/02/26 03:56:40 Info > Starting workload performance collection
2016/02/26 03:56:41 Debug > Starting Data Upload Thread
2016/02/26 03:56:41 Debug > Starting OS Inventory Thread
2016/02/26 03:56:41 Info > Completed performance collection | Elapsed Time 00:00:00.0380000 
2016/02/26 03:56:41 Info > Staring operating system inventory process
2016/02/26 03:56:41 Info > Completed data mirroring process.0 new platforms, 0 updated platforms = total elapsed time: 00:00:00.4980000
2016/02/26 03:56:42 Info > Completed data upload process.0 netflows.0 performancecounters. = Total Elapsed Time: 00:00:01.0510000
2016/02/26 03:56:42 Error > Error connecting to WMI : appserver04 [Object reference not set to an instance of an object.]
2016/02/26 03:56:42 Error > Error connecting to WMI : appserver01 [Object reference not set to an instance of an object.]
2016/02/26 03:56:42 Error > Error connecting to WMI : webserver01 [Object reference not set to an instance of an object.]
2016/02/26 03:56:42 Error > Error connecting to WMI : appserver02 [Object reference not set to an instance of an object.]
2016/02/26 03:56:43 Error > Error connecting to WMI : appserver03 [Object reference not set to an instance of an object.]
2016/02/26 03:56:43 Error > Error connecting to WMI : appserver03 [Object reference not set to an instance of an object.]
2016/02/26 03:56:43 Error > Error connecting to WMI : appserver01 [Object reference not set to an instance of an object.]
2016/02/26 03:56:43 Info > Completed operating system inventory. [updated workloads.0] = Total Execute Time: 00:00:02.6400000
