2016/01/14 12:08:25 Info > Staring data upload process
2016/01/14 12:08:42 Info > Staring platform inventory process
2016/01/14 12:08:42 Info > Started data mirroring process for Dimension Data : NA9
2016/01/14 12:08:51 Info > Completed data mirroring process for Dimension Data : NA9.0 new workloads.0 updated platform networks.4 updated workloads.0 removed workloads. = Total Execute Time: 00:00:08.8470000
2016/01/14 12:08:51 Info > Completed data mirroring process.0 new platforms, 1 updated platforms = total elapsed time: 00:00:09.0470000
2016/01/14 12:09:23 Info > Completed data upload process.0 netflows.560 performancecounters. = Total Elapsed Time: 00:00:57.3940000
2016/01/14 12:15:45 Info > Starting workload performance collection
2016/01/14 12:18:51 Info > Completed performance collection | Elapsed Time 00:03:06.2780000 
2016/01/14 12:48:51 Info > Starting workload performance collection
2016/01/14 12:51:01 Info > Completed performance collection | Elapsed Time 00:02:10.6950000 
2016/01/14 01:08:51 Info > Staring platform inventory process
2016/01/14 01:08:51 Info > Started data mirroring process for Dimension Data : NA9
2016/01/14 01:08:59 Info > Completed data mirroring process for Dimension Data : NA9.0 new workloads.0 updated platform networks.4 updated workloads.0 removed workloads. = Total Execute Time: 00:00:08.2140000
2016/01/14 01:08:59 Info > Completed data mirroring process.0 new platforms, 1 updated platforms = total elapsed time: 00:00:08.3780000
2016/01/14 01:09:23 Info > Staring data upload process
2016/01/14 01:10:22 Info > Completed data upload process.0 netflows.560 performancecounters. = Total Elapsed Time: 00:00:59.2890000
2016/01/14 01:21:01 Info > Starting workload performance collection
2016/01/14 01:23:24 Info > Completed performance collection | Elapsed Time 00:02:22.6420000 
2016/01/14 01:53:24 Info > Starting workload performance collection
2016/01/14 01:55:51 Info > Completed performance collection | Elapsed Time 00:02:26.4870000 
2016/01/14 02:08:59 Info > Staring platform inventory process
2016/01/14 02:09:00 Info > Started data mirroring process for Dimension Data : NA9
2016/01/14 02:09:08 Info > Completed data mirroring process for Dimension Data : NA9.0 new workloads.0 updated platform networks.4 updated workloads.0 removed workloads. = Total Execute Time: 00:00:07.9090000
2016/01/14 02:09:08 Info > Completed data mirroring process.0 new platforms, 1 updated platforms = total elapsed time: 00:00:08.3040000
2016/01/14 02:10:22 Info > Staring data upload process
2016/01/14 02:11:18 Info > Completed data upload process.0 netflows.560 performancecounters. = Total Elapsed Time: 00:00:55.9560000
2016/01/14 02:25:51 Info > Starting workload performance collection
2016/01/14 02:28:14 Info > Completed performance collection | Elapsed Time 00:02:23.7510000 
2016/01/14 02:58:14 Info > Starting workload performance collection
2016/01/14 03:00:29 Info > Completed performance collection | Elapsed Time 00:02:14.7750000 
2016/01/14 03:09:08 Info > Staring platform inventory process
2016/01/14 03:09:18 Info > Started data mirroring process for Dimension Data : NA9
2016/01/14 03:09:26 Info > Completed data mirroring process for Dimension Data : NA9.0 new workloads.0 updated platform networks.4 updated workloads.0 removed workloads. = Total Execute Time: 00:00:08.4410000
2016/01/14 03:09:26 Info > Completed data mirroring process.0 new platforms, 1 updated platforms = total elapsed time: 00:00:18.5450000
2016/01/14 03:11:18 Info > Staring data upload process
2016/01/14 03:12:14 Info > Completed data upload process.0 netflows.560 performancecounters. = Total Elapsed Time: 00:00:56.4780000
2016/01/14 03:30:29 Info > Starting workload performance collection
2016/01/14 03:33:03 Info > Completed performance collection | Elapsed Time 00:02:34.1700000 
2016/01/14 04:03:03 Info > Starting workload performance collection
2016/01/14 04:05:05 Info > Completed performance collection | Elapsed Time 00:02:01.7570000 
2016/01/14 04:09:26 Info > Staring platform inventory process
2016/01/14 04:09:26 Info > Started data mirroring process for Dimension Data : NA9
2016/01/14 04:09:35 Info > Completed data mirroring process for Dimension Data : NA9.0 new workloads.0 updated platform networks.4 updated workloads.0 removed workloads. = Total Execute Time: 00:00:08.9820000
2016/01/14 04:09:35 Info > Completed data mirroring process.0 new platforms, 1 updated platforms = total elapsed time: 00:00:09.1370000
2016/01/14 04:12:14 Info > Staring data upload process
2016/01/14 04:13:11 Info > Completed data upload process.0 netflows.560 performancecounters. = Total Elapsed Time: 00:00:56.8800000
2016/01/14 04:35:05 Info > Starting workload performance collection
2016/01/14 04:37:19 Info > Completed performance collection | Elapsed Time 00:02:14.2930000 
2016/01/14 05:07:19 Info > Starting workload performance collection
2016/01/14 05:09:35 Info > Staring platform inventory process
2016/01/14 05:09:36 Info > Started data mirroring process for Dimension Data : NA9
2016/01/14 05:09:36 Info > Completed performance collection | Elapsed Time 00:02:16.8510000 
2016/01/14 05:09:36 Error > Error in data mirroring process for Dimension Data : NA9: System.InvalidCastException: Unable to cast object of type 'System.Object' to type 'CloudMoveyWorkerService.CaaS.ResponseType'.
   at CloudMoveyWorkerService.CaaS.Core.orgendpoint(String _endpoint) in C:\Users\Phillip Spies\Documents\GitHubVisualStudio\CloudMoveyWorkerService\CloudMoveyWorkerService\DimensionData\Controllers\Core.cs:line 43
   at CloudMoveyWorkerService.CaaS.TemplateObject.platformtemplates(List`1 options) in C:\Users\Phillip Spies\Documents\GitHubVisualStudio\CloudMoveyWorkerService\CloudMoveyWorkerService\DimensionData\Controllers\Template.cs:line 11
   at CloudMoveyWorkerService.Portal.Classes.PlatformInventoryWorker.UpdateMCPPlatform(Platform _platform) in C:\Users\Phillip Spies\Documents\GitHubVisualStudio\CloudMoveyWorkerService\CloudMoveyWorkerService\CloudMoveyWorkerService\Classes\Background Classes\PlatformInventoryWorker.cs:line 124
2016/01/14 05:09:36 Info > Completed data mirroring process.0 new platforms, 1 updated platforms = total elapsed time: 00:00:00.8450000
2016/01/14 05:13:11 Info > Staring data upload process
2016/01/14 05:14:08 Info > Completed data upload process.0 netflows.560 performancecounters. = Total Elapsed Time: 00:00:56.5940000
2016/01/14 05:39:36 Info > Starting workload performance collection
2016/01/14 05:41:50 Info > Completed performance collection | Elapsed Time 00:02:13.7000000 
2016/01/14 06:09:36 Info > Staring platform inventory process
2016/01/14 06:09:36 Info > Started data mirroring process for Dimension Data : NA9
2016/01/14 06:09:45 Info > Completed data mirroring process for Dimension Data : NA9.0 new workloads.0 updated platform networks.4 updated workloads.0 removed workloads. = Total Execute Time: 00:00:08.1660000
2016/01/14 06:09:45 Info > Completed data mirroring process.0 new platforms, 1 updated platforms = total elapsed time: 00:00:08.3230000
2016/01/14 06:11:50 Info > Starting workload performance collection
2016/01/14 06:14:05 Info > Completed performance collection | Elapsed Time 00:02:15.1200000 
2016/01/14 06:14:08 Info > Staring data upload process
2016/01/14 06:15:22 Info > Completed data upload process.0 netflows.560 performancecounters. = Total Elapsed Time: 00:01:14.3710000
2016/01/14 06:44:05 Info > Starting workload performance collection
2016/01/14 06:46:22 Info > Completed performance collection | Elapsed Time 00:02:17.2430000 
2016/01/14 07:09:45 Info > Staring platform inventory process
2016/01/14 07:09:45 Info > Started data mirroring process for Dimension Data : NA9
2016/01/14 07:09:53 Info > Completed data mirroring process for Dimension Data : NA9.0 new workloads.0 updated platform networks.4 updated workloads.0 removed workloads. = Total Execute Time: 00:00:08.1910000
2016/01/14 07:09:53 Info > Completed data mirroring process.0 new platforms, 1 updated platforms = total elapsed time: 00:00:08.3520000
2016/01/14 07:15:22 Info > Staring data upload process
2016/01/14 07:15:51 Info > Completed data upload process.0 netflows.280 performancecounters. = Total Elapsed Time: 00:00:28.4740000
2016/01/14 07:16:22 Info > Starting workload performance collection
2016/01/14 07:18:33 Info > Completed performance collection | Elapsed Time 00:02:11.1590000 
2016/01/14 07:48:33 Info > Starting workload performance collection
2016/01/14 07:50:52 Info > Completed performance collection | Elapsed Time 00:02:18.6970000 
2016/01/14 08:09:53 Info > Staring platform inventory process
2016/01/14 08:09:53 Info > Started data mirroring process for Dimension Data : NA9
2016/01/14 08:10:02 Info > Completed data mirroring process for Dimension Data : NA9.0 new workloads.0 updated platform networks.4 updated workloads.0 removed workloads. = Total Execute Time: 00:00:08.4370000
2016/01/14 08:10:02 Info > Completed data mirroring process.0 new platforms, 1 updated platforms = total elapsed time: 00:00:08.5960000
2016/01/14 08:15:51 Info > Staring data upload process
2016/01/14 08:16:55 Info > Completed data upload process.0 netflows.560 performancecounters. = Total Elapsed Time: 00:01:03.9760000
2016/01/14 08:20:52 Info > Starting workload performance collection
2016/01/14 08:23:27 Info > Completed performance collection | Elapsed Time 00:02:35.1060000 
2016/01/14 08:53:27 Info > Starting workload performance collection
2016/01/14 08:55:46 Info > Completed performance collection | Elapsed Time 00:02:19.1580000 
2016/01/14 09:10:02 Info > Staring platform inventory process
2016/01/14 09:10:02 Info > Started data mirroring process for Dimension Data : NA9
2016/01/14 09:10:10 Info > Completed data mirroring process for Dimension Data : NA9.0 new workloads.0 updated platform networks.4 updated workloads.0 removed workloads. = Total Execute Time: 00:00:08.7080000
2016/01/14 09:10:10 Info > Completed data mirroring process.0 new platforms, 1 updated platforms = total elapsed time: 00:00:08.8710000
2016/01/14 09:16:55 Info > Staring data upload process
2016/01/14 09:17:52 Info > Completed data upload process.0 netflows.560 performancecounters. = Total Elapsed Time: 00:00:56.7650000
2016/01/14 09:25:46 Info > Starting workload performance collection
2016/01/14 09:28:13 Info > Completed performance collection | Elapsed Time 00:02:26.4030000 
2016/01/14 09:58:13 Info > Starting workload performance collection
2016/01/14 10:00:29 Info > Completed performance collection | Elapsed Time 00:02:16.0550000 
2016/01/14 10:10:10 Info > Staring platform inventory process
2016/01/14 10:10:11 Info > Started data mirroring process for Dimension Data : NA9
2016/01/14 10:10:20 Info > Completed data mirroring process for Dimension Data : NA9.0 new workloads.0 updated platform networks.4 updated workloads.0 removed workloads. = Total Execute Time: 00:00:08.9280000
2016/01/14 10:10:20 Info > Completed data mirroring process.0 new platforms, 1 updated platforms = total elapsed time: 00:00:09.0890000
2016/01/14 10:17:52 Info > Staring data upload process
2016/01/14 10:18:49 Info > Completed data upload process.0 netflows.560 performancecounters. = Total Elapsed Time: 00:00:57.9350000
2016/01/14 10:30:29 Info > Starting workload performance collection
2016/01/14 10:32:55 Info > Completed performance collection | Elapsed Time 00:02:26.2930000 
2016/01/14 11:02:55 Info > Starting workload performance collection
2016/01/14 11:05:02 Info > Completed performance collection | Elapsed Time 00:02:06.5530000 
2016/01/14 11:10:20 Info > Staring platform inventory process
2016/01/14 11:10:20 Info > Started data mirroring process for Dimension Data : NA9
2016/01/14 11:10:29 Info > Completed data mirroring process for Dimension Data : NA9.0 new workloads.0 updated platform networks.4 updated workloads.0 removed workloads. = Total Execute Time: 00:00:09.0800000
2016/01/14 11:10:29 Info > Completed data mirroring process.0 new platforms, 1 updated platforms = total elapsed time: 00:00:09.2420000
2016/01/14 11:18:49 Info > Staring data upload process
2016/01/14 11:19:46 Info > Completed data upload process.0 netflows.560 performancecounters. = Total Elapsed Time: 00:00:56.8730000
2016/01/14 11:35:02 Info > Starting workload performance collection
2016/01/14 11:37:23 Info > Completed performance collection | Elapsed Time 00:02:21.5640000 
2016/01/14 12:07:23 Info > Starting workload performance collection
2016/01/14 12:09:51 Info > Completed performance collection | Elapsed Time 00:02:27.8070000 
2016/01/14 12:10:29 Info > Staring platform inventory process
2016/01/14 12:10:32 Info > Started data mirroring process for Dimension Data : NA9
2016/01/14 12:10:41 Info > Completed data mirroring process for Dimension Data : NA9.0 new workloads.0 updated platform networks.4 updated workloads.0 removed workloads. = Total Execute Time: 00:00:08.9570000
2016/01/14 12:10:41 Info > Completed data mirroring process.0 new platforms, 1 updated platforms = total elapsed time: 00:00:11.9210000
2016/01/14 12:19:46 Info > Staring data upload process
2016/01/14 12:20:45 Info > Completed data upload process.0 netflows.560 performancecounters. = Total Elapsed Time: 00:00:58.9170000
2016/01/14 12:39:51 Info > Starting workload performance collection
2016/01/14 12:42:13 Info > Completed performance collection | Elapsed Time 00:02:21.6520000 
2016/01/14 01:10:41 Info > Staring platform inventory process
2016/01/14 01:10:41 Info > Started data mirroring process for Dimension Data : NA9
2016/01/14 01:10:50 Info > Completed data mirroring process for Dimension Data : NA9.0 new workloads.0 updated platform networks.4 updated workloads.0 removed workloads. = Total Execute Time: 00:00:08.9840000
2016/01/14 01:10:50 Info > Completed data mirroring process.0 new platforms, 1 updated platforms = total elapsed time: 00:00:09.1390000
2016/01/14 01:12:13 Info > Starting workload performance collection
2016/01/14 01:14:45 Info > Completed performance collection | Elapsed Time 00:02:32.5160000 
2016/01/14 01:20:45 Info > Staring data upload process
2016/01/14 01:22:04 Info > Completed data upload process.0 netflows.560 performancecounters. = Total Elapsed Time: 00:01:18.3920000
2016/01/14 01:44:45 Info > Starting workload performance collection
2016/01/14 01:47:10 Info > Completed performance collection | Elapsed Time 00:02:24.8150000 
2016/01/14 02:10:50 Info > Staring platform inventory process
2016/01/14 02:10:50 Info > Started data mirroring process for Dimension Data : NA9
2016/01/14 02:11:04 Info > Completed data mirroring process for Dimension Data : NA9.0 new workloads.0 updated platform networks.4 updated workloads.0 removed workloads. = Total Execute Time: 00:00:13.8560000
2016/01/14 02:11:04 Info > Completed data mirroring process.0 new platforms, 1 updated platforms = total elapsed time: 00:00:14.0160000
2016/01/14 02:17:10 Info > Starting workload performance collection
2016/01/14 02:19:30 Info > Completed performance collection | Elapsed Time 00:02:19.9610000 
2016/01/14 02:22:04 Info > Staring data upload process
2016/01/14 02:23:01 Info > Completed data upload process.0 netflows.560 performancecounters. = Total Elapsed Time: 00:00:57.1620000
2016/01/14 02:49:30 Info > Starting workload performance collection
2016/01/14 02:52:25 Info > Completed performance collection | Elapsed Time 00:02:55.0260000 
2016/01/14 03:11:04 Info > Staring platform inventory process
2016/01/14 03:11:04 Info > Started data mirroring process for Dimension Data : NA9
2016/01/14 03:11:13 Info > Completed data mirroring process for Dimension Data : NA9.0 new workloads.0 updated platform networks.4 updated workloads.0 removed workloads. = Total Execute Time: 00:00:09.0070000
2016/01/14 03:11:13 Info > Completed data mirroring process.0 new platforms, 1 updated platforms = total elapsed time: 00:00:09.2000000
2016/01/14 03:22:25 Info > Starting workload performance collection
2016/01/14 03:23:01 Info > Staring data upload process
2016/01/14 03:23:46 Info > Completed data upload process.0 netflows.364 performancecounters. = Total Elapsed Time: 00:00:45.0610000
2016/01/14 03:24:45 Info > Completed performance collection | Elapsed Time 00:02:20.3090000 
2016/01/14 03:54:45 Info > Starting workload performance collection
2016/01/14 03:57:52 Info > Completed performance collection | Elapsed Time 00:03:06.6980000 
2016/01/14 04:11:13 Info > Staring platform inventory process
2016/01/14 04:11:13 Info > Started data mirroring process for Dimension Data : NA9
2016/01/14 04:11:24 Info > Completed data mirroring process for Dimension Data : NA9.0 new workloads.0 updated platform networks.4 updated workloads.0 removed workloads. = Total Execute Time: 00:00:10.6010000
2016/01/14 04:11:24 Info > Completed data mirroring process.0 new platforms, 1 updated platforms = total elapsed time: 00:00:10.7620000
2016/01/14 04:23:46 Info > Staring data upload process
2016/01/14 04:24:36 Info > Completed data upload process.0 netflows.476 performancecounters. = Total Elapsed Time: 00:00:49.7000000
2016/01/14 04:27:52 Info > Starting workload performance collection
2016/01/14 04:31:13 Info > Completed performance collection | Elapsed Time 00:03:20.6610000 
2016/01/14 05:01:13 Info > Starting workload performance collection
2016/01/14 05:04:20 Info > Completed performance collection | Elapsed Time 00:03:07.7800000 
2016/01/14 05:11:24 Info > Staring platform inventory process
2016/01/14 05:11:24 Info > Started data mirroring process for Dimension Data : NA9
2016/01/14 05:11:36 Info > Completed data mirroring process for Dimension Data : NA9.0 new workloads.0 updated platform networks.4 updated workloads.0 removed workloads. = Total Execute Time: 00:00:11.9080000
2016/01/14 05:11:36 Info > Completed data mirroring process.0 new platforms, 1 updated platforms = total elapsed time: 00:00:12.0710000
2016/01/14 05:24:36 Info > Staring data upload process
2016/01/14 05:25:39 Info > Completed data upload process.0 netflows.560 performancecounters. = Total Elapsed Time: 00:01:03.1230000
2016/01/14 05:34:20 Info > Starting workload performance collection
2016/01/14 05:37:06 Info > Completed performance collection | Elapsed Time 00:02:45.2850000 
2016/01/14 06:07:06 Info > Starting workload performance collection
2016/01/14 06:10:09 Info > Completed performance collection | Elapsed Time 00:03:02.8850000 
2016/01/14 06:11:36 Info > Staring platform inventory process
2016/01/14 06:11:36 Info > Started data mirroring process for Dimension Data : NA9
2016/01/14 06:11:45 Info > Completed data mirroring process for Dimension Data : NA9.0 new workloads.0 updated platform networks.4 updated workloads.0 removed workloads. = Total Execute Time: 00:00:09.0260000
2016/01/14 06:11:45 Info > Completed data mirroring process.0 new platforms, 1 updated platforms = total elapsed time: 00:00:09.1900000
2016/01/14 06:25:39 Info > Staring data upload process
2016/01/14 06:26:38 Info > Completed data upload process.0 netflows.560 performancecounters. = Total Elapsed Time: 00:00:58.9590000
2016/01/14 06:40:09 Info > Starting workload performance collection
2016/01/14 06:42:39 Info > Completed performance collection | Elapsed Time 00:02:30.4790000 
2016/01/14 07:10:44 Info > Staring platform inventory process
2016/01/14 07:10:44 Info > Started data mirroring process for Dimension Data : NA9
2016/01/14 07:10:55 Info > Completed data mirroring process for Dimension Data : NA9.0 new workloads.0 updated platform networks.4 updated workloads.0 removed workloads. = Total Execute Time: 00:00:11.4910000
2016/01/14 07:10:55 Info > Completed data mirroring process.0 new platforms, 1 updated platforms = total elapsed time: 00:00:11.6520000
2016/01/14 07:11:38 Info > Starting workload performance collection
2016/01/14 07:14:28 Info > Completed performance collection | Elapsed Time 00:02:50.8810000 
2016/01/14 07:25:36 Info > Staring data upload process
2016/01/14 07:26:38 Info > Completed data upload process.0 netflows.560 performancecounters. = Total Elapsed Time: 00:01:01.9090000
2016/01/14 07:44:28 Info > Starting workload performance collection
2016/01/14 07:47:38 Info > Completed performance collection | Elapsed Time 00:03:09.2290000 
2016/01/14 08:10:55 Info > Staring platform inventory process
2016/01/14 08:10:56 Info > Started data mirroring process for Dimension Data : NA9
2016/01/14 08:11:05 Info > Completed data mirroring process for Dimension Data : NA9.0 new workloads.0 updated platform networks.4 updated workloads.0 removed workloads. = Total Execute Time: 00:00:09.5040000
2016/01/14 08:11:05 Info > Completed data mirroring process.0 new platforms, 1 updated platforms = total elapsed time: 00:00:10.0410000
2016/01/14 08:17:38 Info > Starting workload performance collection
2016/01/14 08:20:47 Info > Completed performance collection | Elapsed Time 00:03:09.4530000 
2016/01/14 08:26:38 Info > Staring data upload process
2016/01/14 08:27:37 Info > Completed data upload process.0 netflows.560 performancecounters. = Total Elapsed Time: 00:00:59.0350000
2016/01/14 08:50:47 Info > Starting workload performance collection
2016/01/14 08:53:49 Info > Completed performance collection | Elapsed Time 00:03:01.8150000 
2016/01/14 09:11:05 Info > Staring platform inventory process
2016/01/14 09:11:05 Info > Started data mirroring process for Dimension Data : NA9
2016/01/14 09:11:14 Info > Completed data mirroring process for Dimension Data : NA9.0 new workloads.0 updated platform networks.4 updated workloads.0 removed workloads. = Total Execute Time: 00:00:08.3360000
2016/01/14 09:11:14 Info > Completed data mirroring process.0 new platforms, 1 updated platforms = total elapsed time: 00:00:08.4980000
2016/01/14 09:23:49 Info > Starting workload performance collection
2016/01/14 09:26:54 Info > Completed performance collection | Elapsed Time 00:03:04.9680000 
2016/01/14 09:27:37 Info > Staring data upload process
2016/01/14 09:28:36 Info > Completed data upload process.0 netflows.560 performancecounters. = Total Elapsed Time: 00:00:59.2550000
2016/01/14 09:56:54 Info > Starting workload performance collection
2016/01/14 09:59:51 Info > Completed performance collection | Elapsed Time 00:02:56.8880000 
2016/01/14 10:11:14 Info > Staring platform inventory process
2016/01/14 10:11:14 Info > Started data mirroring process for Dimension Data : NA9
2016/01/14 10:11:22 Info > Completed data mirroring process for Dimension Data : NA9.0 new workloads.0 updated platform networks.4 updated workloads.0 removed workloads. = Total Execute Time: 00:00:08.2280000
2016/01/14 10:11:22 Info > Completed data mirroring process.0 new platforms, 1 updated platforms = total elapsed time: 00:00:08.7060000
2016/01/14 10:28:36 Info > Staring data upload process
2016/01/14 10:29:06 Info > Completed data upload process.0 netflows.280 performancecounters. = Total Elapsed Time: 00:00:29.8120000
2016/01/14 10:29:51 Info > Starting workload performance collection
2016/01/14 10:32:23 Info > Completed performance collection | Elapsed Time 00:02:32.2460000 
2016/01/14 11:02:23 Info > Starting workload performance collection
2016/01/14 11:04:59 Info > Completed performance collection | Elapsed Time 00:02:36.0940000 
2016/01/14 11:08:13 Info > Staring operating system inventory process
2016/01/14 11:08:28 Error > Error connecting to: 2607-f480-111-1520-1c67-edaa-40ac-5ad9.ipv6-literal.net[System.Runtime.InteropServices.COMException (0x800706BA): The RPC server is unavailable. (Exception from HRESULT: 0x800706BA)
   at System.Runtime.InteropServices.Marshal.ThrowExceptionForHRInternal(Int32 errorCode, IntPtr errorInfo)
   at System.Management.ManagementScope.InitializeGuts(Object o)
   at System.Management.ManagementScope.Initialize()
   at CloudMoveyWorkerService.Portal.Classes.OSInventoryWorker.ConnectionScope(String machineName, ConnectionOptions options) in C:\Users\Phillip Spies\Documents\GitHubVisualStudio\CloudMoveyWorkerService\CloudMoveyWorkerService\CloudMoveyWorkerService\Classes\Background Classes\OSInventoryWorker.cs:line 281
   at CloudMoveyWorkerService.Portal.Classes.OSInventoryWorker.Start() in C:\Users\Phillip Spies\Documents\GitHubVisualStudio\CloudMoveyWorkerService\CloudMoveyWorkerService\CloudMoveyWorkerService\Classes\Background Classes\OSInventoryWorker.cs:line 51]
2016/01/14 11:08:48 Info > Completed operating system inventory. [updated workloads.0] = Total Execute Time: 00:00:34.7510000
2016/01/14 11:11:22 Info > Staring platform inventory process
2016/01/14 11:11:23 Info > Started data mirroring process for Dimension Data : NA9
2016/01/14 11:11:31 Info > Completed data mirroring process for Dimension Data : NA9.0 new workloads.0 updated platform networks.4 updated workloads.0 removed workloads. = Total Execute Time: 00:00:08.4950000
2016/01/14 11:11:31 Info > Completed data mirroring process.0 new platforms, 1 updated platforms = total elapsed time: 00:00:08.6640000
2016/01/14 11:29:06 Info > Staring data upload process
2016/01/14 11:30:05 Info > Completed data upload process.0 netflows.560 performancecounters. = Total Elapsed Time: 00:00:58.9500000
2016/01/14 11:34:59 Info > Starting workload performance collection
2016/01/14 11:37:37 Info > Completed performance collection | Elapsed Time 00:02:37.9320000 
