2016/01/17 12:18:25 Info > Starting workload performance collection
2016/01/17 12:21:09 Error > 2607:f480:111:1520:1c67:edaa:40ac:5ad9 returned the following error while collecting performance data for counter : Processor : The network path was not found.

2016/01/17 12:21:27 Error > 2607:f480:111:1520:1c67:edaa:40ac:5ad9 returned the following error while collecting performance data for counter : Memory : The network path was not found.

2016/01/17 12:22:03 Error > 2607:f480:111:1520:1c67:edaa:40ac:5ad9 returned the following error while collecting performance data for counter : LogicalDisk : The network path was not found.

2016/01/17 12:22:21 Error > 2607:f480:111:1520:1c67:edaa:40ac:5ad9 returned the following error while collecting performance data for counter : PhysicalDisk : The network path was not found.

2016/01/17 12:22:57 Error > 2607:f480:111:1520:1c67:edaa:40ac:5ad9 returned the following error while collecting performance data for counter : Network Interface : The network path was not found.

2016/01/17 12:23:12 Error > 2607:f480:111:1520:1c67:edaa:40ac:5ad9 returned the following error while collecting performance data for counter : Double-Take Connection : The network path was not found.

2016/01/17 12:23:44 Error > 2607:f480:111:1520:1c67:edaa:40ac:5ad9 returned the following error while collecting performance data for counter : Double-Take Kernel : The network path was not found.

2016/01/17 12:24:02 Error > 2607:f480:111:1520:1c67:edaa:40ac:5ad9 returned the following error while collecting performance data for counter : Double-Take Source : The network path was not found.

2016/01/17 12:24:36 Error > 2607:f480:111:1520:1c67:edaa:40ac:5ad9 returned the following error while collecting performance data for counter : Double-Take Target : The network path was not found.

2016/01/17 12:24:36 Info > Completed performance collection | Elapsed Time 00:06:10.8460000 
2016/01/17 12:32:16 Info > Staring platform inventory process
2016/01/17 12:32:16 Info > Started data mirroring process for Dimension Data : NA9
2016/01/17 12:32:25 Info > Completed data mirroring process for Dimension Data : NA9.0 new workloads.0 updated platform networks.4 updated workloads.0 removed workloads. = Total Execute Time: 00:00:09.1680000
2016/01/17 12:32:25 Info > Completed data mirroring process.0 new platforms, 1 updated platforms = total elapsed time: 00:00:09.3460000
2016/01/17 12:52:54 Info > Staring data upload process
2016/01/17 12:53:29 Info > Completed data upload process.0 netflows.210 performancecounters. = Total Elapsed Time: 00:00:35.2110000
2016/01/17 12:54:36 Info > Starting workload performance collection
2016/01/17 12:57:24 Error > 2607:f480:111:1520:1c67:edaa:40ac:5ad9 returned the following error while collecting performance data for counter : Processor : The network path was not found.

2016/01/17 12:57:42 Error > 2607:f480:111:1520:1c67:edaa:40ac:5ad9 returned the following error while collecting performance data for counter : Memory : The network path was not found.

2016/01/17 12:58:10 Error > 2607:f480:111:1520:1c67:edaa:40ac:5ad9 returned the following error while collecting performance data for counter : LogicalDisk : The network path was not found.

2016/01/17 12:58:28 Error > 2607:f480:111:1520:1c67:edaa:40ac:5ad9 returned the following error while collecting performance data for counter : PhysicalDisk : The network path was not found.

2016/01/17 12:59:00 Error > 2607:f480:111:1520:1c67:edaa:40ac:5ad9 returned the following error while collecting performance data for counter : Network Interface : The network path was not found.

2016/01/17 12:59:16 Error > 2607:f480:111:1520:1c67:edaa:40ac:5ad9 returned the following error while collecting performance data for counter : Double-Take Connection : The network path was not found.

2016/01/17 12:59:49 Error > 2607:f480:111:1520:1c67:edaa:40ac:5ad9 returned the following error while collecting performance data for counter : Double-Take Kernel : The network path was not found.

2016/01/17 01:00:06 Error > 2607:f480:111:1520:1c67:edaa:40ac:5ad9 returned the following error while collecting performance data for counter : Double-Take Source : The network path was not found.

2016/01/17 01:00:45 Error > 2607:f480:111:1520:1c67:edaa:40ac:5ad9 returned the following error while collecting performance data for counter : Double-Take Target : The network path was not found.

2016/01/17 01:00:45 Info > Completed performance collection | Elapsed Time 00:06:09.7290000 
2016/01/17 01:29:54 Info > Starting workload performance collection
2016/01/17 01:31:33 Info > Staring platform inventory process
2016/01/17 01:31:34 Info > Started data mirroring process for Dimension Data : NA9
2016/01/17 01:31:44 Info > Completed data mirroring process for Dimension Data : NA9.0 new workloads.0 updated platform networks.4 updated workloads.0 removed workloads. = Total Execute Time: 00:00:10.4710000
2016/01/17 01:31:44 Info > Completed data mirroring process.0 new platforms, 1 updated platforms = total elapsed time: 00:00:10.7900000
2016/01/17 01:32:23 Error > 2607:f480:111:1520:1c67:edaa:40ac:5ad9 returned the following error while collecting performance data for counter : Processor : The network path was not found.

2016/01/17 01:32:41 Error > 2607:f480:111:1520:1c67:edaa:40ac:5ad9 returned the following error while collecting performance data for counter : Memory : The network path was not found.

2016/01/17 01:33:12 Error > 2607:f480:111:1520:1c67:edaa:40ac:5ad9 returned the following error while collecting performance data for counter : LogicalDisk : The network path was not found.

2016/01/17 01:33:30 Error > 2607:f480:111:1520:1c67:edaa:40ac:5ad9 returned the following error while collecting performance data for counter : PhysicalDisk : The network path was not found.

2016/01/17 01:34:02 Error > 2607:f480:111:1520:1c67:edaa:40ac:5ad9 returned the following error while collecting performance data for counter : Network Interface : The network path was not found.

2016/01/17 01:34:19 Error > 2607:f480:111:1520:1c67:edaa:40ac:5ad9 returned the following error while collecting performance data for counter : Double-Take Connection : The network path was not found.

2016/01/17 01:34:53 Error > 2607:f480:111:1520:1c67:edaa:40ac:5ad9 returned the following error while collecting performance data for counter : Double-Take Kernel : The network path was not found.

2016/01/17 01:35:11 Error > 2607:f480:111:1520:1c67:edaa:40ac:5ad9 returned the following error while collecting performance data for counter : Double-Take Source : The network path was not found.

2016/01/17 01:35:43 Error > 2607:f480:111:1520:1c67:edaa:40ac:5ad9 returned the following error while collecting performance data for counter : Double-Take Target : The network path was not found.

2016/01/17 01:35:43 Info > Completed performance collection | Elapsed Time 00:05:49.1890000 
2016/01/17 01:52:37 Info > Staring data upload process
2016/01/17 01:53:46 Info > Completed data upload process.0 netflows.420 performancecounters. = Total Elapsed Time: 00:01:08.6540000
2016/01/17 02:05:43 Info > Starting workload performance collection
2016/01/17 02:08:03 Error > 2607:f480:111:1520:1c67:edaa:40ac:5ad9 returned the following error while collecting performance data for counter : Processor : The network path was not found.

2016/01/17 02:08:18 Error > 2607:f480:111:1520:1c67:edaa:40ac:5ad9 returned the following error while collecting performance data for counter : Memory : The network path was not found.

2016/01/17 02:08:34 Error > 2607:f480:111:1520:1c67:edaa:40ac:5ad9 returned the following error while collecting performance data for counter : LogicalDisk : The network path was not found.

2016/01/17 02:09:06 Error > 2607:f480:111:1520:1c67:edaa:40ac:5ad9 returned the following error while collecting performance data for counter : PhysicalDisk : The network path was not found.

2016/01/17 02:09:24 Error > 2607:f480:111:1520:1c67:edaa:40ac:5ad9 returned the following error while collecting performance data for counter : Network Interface : The network path was not found.

2016/01/17 02:10:02 Error > 2607:f480:111:1520:1c67:edaa:40ac:5ad9 returned the following error while collecting performance data for counter : Double-Take Connection : The network path was not found.

2016/01/17 02:10:20 Error > 2607:f480:111:1520:1c67:edaa:40ac:5ad9 returned the following error while collecting performance data for counter : Double-Take Kernel : The network path was not found.

2016/01/17 02:10:50 Error > 2607:f480:111:1520:1c67:edaa:40ac:5ad9 returned the following error while collecting performance data for counter : Double-Take Source : The network path was not found.

2016/01/17 02:11:09 Error > 2607:f480:111:1520:1c67:edaa:40ac:5ad9 returned the following error while collecting performance data for counter : Double-Take Target : The network path was not found.

2016/01/17 02:11:09 Info > Completed performance collection | Elapsed Time 00:05:25.5350000 
2016/01/17 02:31:44 Info > Staring platform inventory process
2016/01/17 02:31:44 Info > Started data mirroring process for Dimension Data : NA9
2016/01/17 02:31:53 Info > Completed data mirroring process for Dimension Data : NA9.0 new workloads.0 updated platform networks.4 updated workloads.0 removed workloads. = Total Execute Time: 00:00:08.7510000
2016/01/17 02:31:53 Info > Completed data mirroring process.0 new platforms, 1 updated platforms = total elapsed time: 00:00:08.9390000
2016/01/17 02:41:09 Info > Starting workload performance collection
2016/01/17 02:43:30 Error > 2607:f480:111:1520:1c67:edaa:40ac:5ad9 returned the following error while collecting performance data for counter : Processor : The network path was not found.

2016/01/17 02:43:48 Error > 2607:f480:111:1520:1c67:edaa:40ac:5ad9 returned the following error while collecting performance data for counter : Memory : The network path was not found.

2016/01/17 02:44:17 Error > 2607:f480:111:1520:1c67:edaa:40ac:5ad9 returned the following error while collecting performance data for counter : LogicalDisk : The network path was not found.

2016/01/17 02:44:31 Error > 2607:f480:111:1520:1c67:edaa:40ac:5ad9 returned the following error while collecting performance data for counter : PhysicalDisk : The network path was not found.

2016/01/17 02:44:47 Error > 2607:f480:111:1520:1c67:edaa:40ac:5ad9 returned the following error while collecting performance data for counter : Network Interface : The network path was not found.

2016/01/17 02:45:21 Error > 2607:f480:111:1520:1c67:edaa:40ac:5ad9 returned the following error while collecting performance data for counter : Double-Take Connection : The network path was not found.

2016/01/17 02:45:39 Error > 2607:f480:111:1520:1c67:edaa:40ac:5ad9 returned the following error while collecting performance data for counter : Double-Take Kernel : The network path was not found.

2016/01/17 02:46:11 Error > 2607:f480:111:1520:1c67:edaa:40ac:5ad9 returned the following error while collecting performance data for counter : Double-Take Source : The network path was not found.

2016/01/17 02:46:29 Error > 2607:f480:111:1520:1c67:edaa:40ac:5ad9 returned the following error while collecting performance data for counter : Double-Take Target : The network path was not found.

2016/01/17 02:46:29 Info > Completed performance collection | Elapsed Time 00:05:20.5820000 
2016/01/17 02:53:46 Info > Staring data upload process
2016/01/17 02:55:04 Info > Completed data upload process.0 netflows.420 performancecounters. = Total Elapsed Time: 00:01:17.6220000
2016/01/17 03:16:29 Info > Starting workload performance collection
2016/01/17 03:18:48 Error > 2607:f480:111:1520:1c67:edaa:40ac:5ad9 returned the following error while collecting performance data for counter : Processor : The network path was not found.

2016/01/17 03:19:06 Error > 2607:f480:111:1520:1c67:edaa:40ac:5ad9 returned the following error while collecting performance data for counter : Memory : The network path was not found.

2016/01/17 03:19:37 Error > 2607:f480:111:1520:1c67:edaa:40ac:5ad9 returned the following error while collecting performance data for counter : LogicalDisk : The network path was not found.

2016/01/17 03:19:55 Error > 2607:f480:111:1520:1c67:edaa:40ac:5ad9 returned the following error while collecting performance data for counter : PhysicalDisk : The network path was not found.

2016/01/17 03:20:31 Error > 2607:f480:111:1520:1c67:edaa:40ac:5ad9 returned the following error while collecting performance data for counter : Network Interface : The network path was not found.

2016/01/17 03:20:49 Error > 2607:f480:111:1520:1c67:edaa:40ac:5ad9 returned the following error while collecting performance data for counter : Double-Take Connection : The network path was not found.

2016/01/17 03:21:20 Error > 2607:f480:111:1520:1c67:edaa:40ac:5ad9 returned the following error while collecting performance data for counter : Double-Take Kernel : The network path was not found.

2016/01/17 03:21:38 Error > 2607:f480:111:1520:1c67:edaa:40ac:5ad9 returned the following error while collecting performance data for counter : Double-Take Source : The network path was not found.

2016/01/17 03:22:12 Error > 2607:f480:111:1520:1c67:edaa:40ac:5ad9 returned the following error while collecting performance data for counter : Double-Take Target : The network path was not found.

2016/01/17 03:22:12 Info > Completed performance collection | Elapsed Time 00:05:43.0440000 
2016/01/17 03:31:53 Info > Staring platform inventory process
2016/01/17 03:31:53 Info > Started data mirroring process for Dimension Data : NA9
2016/01/17 03:32:02 Info > Completed data mirroring process for Dimension Data : NA9.0 new workloads.0 updated platform networks.4 updated workloads.0 removed workloads. = Total Execute Time: 00:00:09.1160000
2016/01/17 03:32:02 Info > Completed data mirroring process.0 new platforms, 1 updated platforms = total elapsed time: 00:00:09.3560000
2016/01/17 03:52:12 Info > Starting workload performance collection
2016/01/17 03:54:50 Error > 2607:f480:111:1520:1c67:edaa:40ac:5ad9 returned the following error while collecting performance data for counter : Processor : The network path was not found.

2016/01/17 03:55:04 Info > Staring data upload process
2016/01/17 03:55:09 Error > 2607:f480:111:1520:1c67:edaa:40ac:5ad9 returned the following error while collecting performance data for counter : Memory : The network path was not found.

2016/01/17 03:55:43 Error > 2607:f480:111:1520:1c67:edaa:40ac:5ad9 returned the following error while collecting performance data for counter : LogicalDisk : The network path was not found.

2016/01/17 03:55:58 Error > 2607:f480:111:1520:1c67:edaa:40ac:5ad9 returned the following error while collecting performance data for counter : PhysicalDisk : The network path was not found.

2016/01/17 03:56:14 Info > Completed data upload process.0 netflows.420 performancecounters. = Total Elapsed Time: 00:01:10.3390000
2016/01/17 03:56:29 Error > 2607:f480:111:1520:1c67:edaa:40ac:5ad9 returned the following error while collecting performance data for counter : Network Interface : The network path was not found.

2016/01/17 03:56:47 Error > 2607:f480:111:1520:1c67:edaa:40ac:5ad9 returned the following error while collecting performance data for counter : Double-Take Connection : The network path was not found.

2016/01/17 03:57:25 Error > 2607:f480:111:1520:1c67:edaa:40ac:5ad9 returned the following error while collecting performance data for counter : Double-Take Kernel : The network path was not found.

2016/01/17 03:57:43 Error > 2607:f480:111:1520:1c67:edaa:40ac:5ad9 returned the following error while collecting performance data for counter : Double-Take Source : The network path was not found.

2016/01/17 03:58:19 Error > 2607:f480:111:1520:1c67:edaa:40ac:5ad9 returned the following error while collecting performance data for counter : Double-Take Target : The network path was not found.

2016/01/17 03:58:19 Info > Completed performance collection | Elapsed Time 00:06:06.3980000 
2016/01/17 04:28:19 Info > Starting workload performance collection
2016/01/17 04:30:46 Error > 2607:f480:111:1520:1c67:edaa:40ac:5ad9 returned the following error while collecting performance data for counter : Processor : The network path was not found.

2016/01/17 04:31:04 Error > 2607:f480:111:1520:1c67:edaa:40ac:5ad9 returned the following error while collecting performance data for counter : Memory : The network path was not found.

2016/01/17 04:31:39 Error > 2607:f480:111:1520:1c67:edaa:40ac:5ad9 returned the following error while collecting performance data for counter : LogicalDisk : The network path was not found.

2016/01/17 04:31:54 Error > 2607:f480:111:1520:1c67:edaa:40ac:5ad9 returned the following error while collecting performance data for counter : PhysicalDisk : The network path was not found.

2016/01/17 04:32:02 Info > Staring platform inventory process
2016/01/17 04:32:03 Info > Started data mirroring process for Dimension Data : NA9
2016/01/17 04:32:12 Info > Completed data mirroring process for Dimension Data : NA9.0 new workloads.0 updated platform networks.4 updated workloads.0 removed workloads. = Total Execute Time: 00:00:09.2730000
2016/01/17 04:32:12 Info > Completed data mirroring process.0 new platforms, 1 updated platforms = total elapsed time: 00:00:09.4750000
2016/01/17 04:32:29 Error > 2607:f480:111:1520:1c67:edaa:40ac:5ad9 returned the following error while collecting performance data for counter : Network Interface : The network path was not found.

2016/01/17 04:32:47 Error > 2607:f480:111:1520:1c67:edaa:40ac:5ad9 returned the following error while collecting performance data for counter : Double-Take Connection : The network path was not found.

2016/01/17 04:33:24 Error > 2607:f480:111:1520:1c67:edaa:40ac:5ad9 returned the following error while collecting performance data for counter : Double-Take Kernel : The network path was not found.

2016/01/17 04:33:42 Error > 2607:f480:111:1520:1c67:edaa:40ac:5ad9 returned the following error while collecting performance data for counter : Double-Take Source : The network path was not found.

2016/01/17 04:34:16 Error > 2607:f480:111:1520:1c67:edaa:40ac:5ad9 returned the following error while collecting performance data for counter : Double-Take Target : The network path was not found.

2016/01/17 04:34:16 Info > Completed performance collection | Elapsed Time 00:05:57.2470000 
2016/01/17 04:56:14 Info > Staring data upload process
2016/01/17 04:56:54 Info > Completed data upload process.0 netflows.210 performancecounters. = Total Elapsed Time: 00:00:39.5370000
2016/01/17 05:04:16 Info > Starting workload performance collection
2016/01/17 05:06:32 Error > 2607:f480:111:1520:1c67:edaa:40ac:5ad9 returned the following error while collecting performance data for counter : Processor : The network path was not found.

2016/01/17 05:06:49 Error > 2607:f480:111:1520:1c67:edaa:40ac:5ad9 returned the following error while collecting performance data for counter : Memory : The network path was not found.

2016/01/17 05:07:25 Error > 2607:f480:111:1520:1c67:edaa:40ac:5ad9 returned the following error while collecting performance data for counter : LogicalDisk : The network path was not found.

2016/01/17 05:07:42 Error > 2607:f480:111:1520:1c67:edaa:40ac:5ad9 returned the following error while collecting performance data for counter : PhysicalDisk : The network path was not found.

2016/01/17 05:08:13 Error > 2607:f480:111:1520:1c67:edaa:40ac:5ad9 returned the following error while collecting performance data for counter : Network Interface : The network path was not found.

2016/01/17 05:08:31 Error > 2607:f480:111:1520:1c67:edaa:40ac:5ad9 returned the following error while collecting performance data for counter : Double-Take Connection : The network path was not found.

2016/01/17 05:09:01 Error > 2607:f480:111:1520:1c67:edaa:40ac:5ad9 returned the following error while collecting performance data for counter : Double-Take Kernel : The network path was not found.

2016/01/17 05:09:20 Error > 2607:f480:111:1520:1c67:edaa:40ac:5ad9 returned the following error while collecting performance data for counter : Double-Take Source : The network path was not found.

2016/01/17 05:09:56 Error > 2607:f480:111:1520:1c67:edaa:40ac:5ad9 returned the following error while collecting performance data for counter : Double-Take Target : The network path was not found.

2016/01/17 05:09:56 Info > Completed performance collection | Elapsed Time 00:05:40.1290000 
2016/01/17 05:32:12 Info > Staring platform inventory process
2016/01/17 05:32:12 Info > Started data mirroring process for Dimension Data : NA9
2016/01/17 05:32:21 Info > Completed data mirroring process for Dimension Data : NA9.0 new workloads.0 updated platform networks.4 updated workloads.0 removed workloads. = Total Execute Time: 00:00:09.1310000
2016/01/17 05:32:21 Info > Completed data mirroring process.0 new platforms, 1 updated platforms = total elapsed time: 00:00:09.3810000
2016/01/17 05:39:56 Info > Starting workload performance collection
2016/01/17 05:42:24 Error > 2607:f480:111:1520:1c67:edaa:40ac:5ad9 returned the following error while collecting performance data for counter : Processor : The network path was not found.

2016/01/17 05:42:42 Error > 2607:f480:111:1520:1c67:edaa:40ac:5ad9 returned the following error while collecting performance data for counter : Memory : The network path was not found.

2016/01/17 05:43:13 Error > 2607:f480:111:1520:1c67:edaa:40ac:5ad9 returned the following error while collecting performance data for counter : LogicalDisk : The network path was not found.

2016/01/17 05:43:31 Error > 2607:f480:111:1520:1c67:edaa:40ac:5ad9 returned the following error while collecting performance data for counter : PhysicalDisk : The network path was not found.

2016/01/17 05:44:03 Error > 2607:f480:111:1520:1c67:edaa:40ac:5ad9 returned the following error while collecting performance data for counter : Network Interface : The network path was not found.

2016/01/17 05:44:20 Error > 2607:f480:111:1520:1c67:edaa:40ac:5ad9 returned the following error while collecting performance data for counter : Double-Take Connection : The network path was not found.

2016/01/17 05:44:52 Error > 2607:f480:111:1520:1c67:edaa:40ac:5ad9 returned the following error while collecting performance data for counter : Double-Take Kernel : The network path was not found.

2016/01/17 05:45:11 Error > 2607:f480:111:1520:1c67:edaa:40ac:5ad9 returned the following error while collecting performance data for counter : Double-Take Source : The network path was not found.

2016/01/17 05:45:45 Error > 2607:f480:111:1520:1c67:edaa:40ac:5ad9 returned the following error while collecting performance data for counter : Double-Take Target : The network path was not found.

2016/01/17 05:45:48 Info > Completed performance collection | Elapsed Time 00:05:51.4510000 
2016/01/17 05:56:54 Info > Staring data upload process
2016/01/17 05:58:03 Info > Completed data upload process.0 netflows.420 performancecounters. = Total Elapsed Time: 00:01:09.7850000
2016/01/17 06:15:48 Info > Starting workload performance collection
2016/01/17 06:18:12 Error > 2607:f480:111:1520:1c67:edaa:40ac:5ad9 returned the following error while collecting performance data for counter : Processor : The network path was not found.

2016/01/17 06:18:28 Error > 2607:f480:111:1520:1c67:edaa:40ac:5ad9 returned the following error while collecting performance data for counter : Memory : The network path was not found.

2016/01/17 06:18:59 Error > 2607:f480:111:1520:1c67:edaa:40ac:5ad9 returned the following error while collecting performance data for counter : LogicalDisk : The network path was not found.

2016/01/17 06:19:17 Error > 2607:f480:111:1520:1c67:edaa:40ac:5ad9 returned the following error while collecting performance data for counter : PhysicalDisk : The network path was not found.

2016/01/17 06:19:51 Error > 2607:f480:111:1520:1c67:edaa:40ac:5ad9 returned the following error while collecting performance data for counter : Network Interface : The network path was not found.

2016/01/17 06:20:08 Error > 2607:f480:111:1520:1c67:edaa:40ac:5ad9 returned the following error while collecting performance data for counter : Double-Take Connection : The network path was not found.

2016/01/17 06:20:40 Error > 2607:f480:111:1520:1c67:edaa:40ac:5ad9 returned the following error while collecting performance data for counter : Double-Take Kernel : The network path was not found.

2016/01/17 06:20:57 Error > 2607:f480:111:1520:1c67:edaa:40ac:5ad9 returned the following error while collecting performance data for counter : Double-Take Source : The network path was not found.

2016/01/17 06:21:34 Error > 2607:f480:111:1520:1c67:edaa:40ac:5ad9 returned the following error while collecting performance data for counter : Double-Take Target : The network path was not found.

2016/01/17 06:21:34 Info > Completed performance collection | Elapsed Time 00:05:46.4660000 
2016/01/17 06:32:21 Info > Staring platform inventory process
2016/01/17 06:32:21 Info > Started data mirroring process for Dimension Data : NA9
2016/01/17 06:32:30 Info > Completed data mirroring process for Dimension Data : NA9.0 new workloads.0 updated platform networks.4 updated workloads.0 removed workloads. = Total Execute Time: 00:00:08.9680000
2016/01/17 06:32:30 Info > Completed data mirroring process.0 new platforms, 1 updated platforms = total elapsed time: 00:00:09.1490000
2016/01/17 06:51:34 Info > Starting workload performance collection
2016/01/17 06:53:54 Error > 2607:f480:111:1520:1c67:edaa:40ac:5ad9 returned the following error while collecting performance data for counter : Processor : The network path was not found.

2016/01/17 06:54:11 Error > 2607:f480:111:1520:1c67:edaa:40ac:5ad9 returned the following error while collecting performance data for counter : Memory : The network path was not found.

2016/01/17 06:54:47 Error > 2607:f480:111:1520:1c67:edaa:40ac:5ad9 returned the following error while collecting performance data for counter : LogicalDisk : The network path was not found.

2016/01/17 06:55:05 Error > 2607:f480:111:1520:1c67:edaa:40ac:5ad9 returned the following error while collecting performance data for counter : PhysicalDisk : The network path was not found.

2016/01/17 06:55:39 Error > 2607:f480:111:1520:1c67:edaa:40ac:5ad9 returned the following error while collecting performance data for counter : Network Interface : The network path was not found.

2016/01/17 06:55:57 Error > 2607:f480:111:1520:1c67:edaa:40ac:5ad9 returned the following error while collecting performance data for counter : Double-Take Connection : The network path was not found.

2016/01/17 06:56:29 Error > 2607:f480:111:1520:1c67:edaa:40ac:5ad9 returned the following error while collecting performance data for counter : Double-Take Kernel : The network path was not found.

2016/01/17 06:56:43 Error > 2607:f480:111:1520:1c67:edaa:40ac:5ad9 returned the following error while collecting performance data for counter : Double-Take Source : The network path was not found.

2016/01/17 06:57:01 Error > 2607:f480:111:1520:1c67:edaa:40ac:5ad9 returned the following error while collecting performance data for counter : Double-Take Target : The network path was not found.

2016/01/17 06:57:04 Info > Completed performance collection | Elapsed Time 00:05:30.1090000 
2016/01/17 06:58:03 Info > Staring data upload process
2016/01/17 06:59:17 Info > Completed data upload process.0 netflows.420 performancecounters. = Total Elapsed Time: 00:01:13.1160000
2016/01/17 07:27:04 Info > Starting workload performance collection
2016/01/17 07:29:25 Error > 2607:f480:111:1520:1c67:edaa:40ac:5ad9 returned the following error while collecting performance data for counter : Processor : The network path was not found.

2016/01/17 07:29:44 Error > 2607:f480:111:1520:1c67:edaa:40ac:5ad9 returned the following error while collecting performance data for counter : Memory : The network path was not found.

2016/01/17 07:30:18 Error > 2607:f480:111:1520:1c67:edaa:40ac:5ad9 returned the following error while collecting performance data for counter : LogicalDisk : The network path was not found.

2016/01/17 07:30:35 Error > 2607:f480:111:1520:1c67:edaa:40ac:5ad9 returned the following error while collecting performance data for counter : PhysicalDisk : The network path was not found.

2016/01/17 07:31:07 Error > 2607:f480:111:1520:1c67:edaa:40ac:5ad9 returned the following error while collecting performance data for counter : Network Interface : The network path was not found.

2016/01/17 07:31:26 Error > 2607:f480:111:1520:1c67:edaa:40ac:5ad9 returned the following error while collecting performance data for counter : Double-Take Connection : The network path was not found.

2016/01/17 07:31:56 Error > 2607:f480:111:1520:1c67:edaa:40ac:5ad9 returned the following error while collecting performance data for counter : Double-Take Kernel : The network path was not found.

2016/01/17 07:32:15 Error > 2607:f480:111:1520:1c67:edaa:40ac:5ad9 returned the following error while collecting performance data for counter : Double-Take Source : The network path was not found.

2016/01/17 07:32:30 Info > Staring platform inventory process
2016/01/17 07:32:32 Info > Started data mirroring process for Dimension Data : NA9
2016/01/17 07:32:41 Info > Completed data mirroring process for Dimension Data : NA9.0 new workloads.0 updated platform networks.4 updated workloads.0 removed workloads. = Total Execute Time: 00:00:09.1480000
2016/01/17 07:32:41 Info > Completed data mirroring process.0 new platforms, 1 updated platforms = total elapsed time: 00:00:10.5860000
2016/01/17 07:32:52 Error > 2607:f480:111:1520:1c67:edaa:40ac:5ad9 returned the following error while collecting performance data for counter : Double-Take Target : The network path was not found.

2016/01/17 07:32:52 Info > Completed performance collection | Elapsed Time 00:05:48.2760000 
2016/01/17 07:59:17 Info > Staring data upload process
2016/01/17 07:59:52 Info > Completed data upload process.0 netflows.210 performancecounters. = Total Elapsed Time: 00:00:35.3740000
2016/01/17 08:02:52 Info > Starting workload performance collection
2016/01/17 08:05:19 Error > 2607:f480:111:1520:1c67:edaa:40ac:5ad9 returned the following error while collecting performance data for counter : Processor : The network path was not found.

2016/01/17 08:05:38 Error > 2607:f480:111:1520:1c67:edaa:40ac:5ad9 returned the following error while collecting performance data for counter : Memory : The network path was not found.

2016/01/17 08:06:07 Error > 2607:f480:111:1520:1c67:edaa:40ac:5ad9 returned the following error while collecting performance data for counter : LogicalDisk : The network path was not found.

2016/01/17 08:06:26 Error > 2607:f480:111:1520:1c67:edaa:40ac:5ad9 returned the following error while collecting performance data for counter : PhysicalDisk : The network path was not found.

2016/01/17 08:06:59 Error > 2607:f480:111:1520:1c67:edaa:40ac:5ad9 returned the following error while collecting performance data for counter : Network Interface : The network path was not found.

2016/01/17 08:07:17 Error > 2607:f480:111:1520:1c67:edaa:40ac:5ad9 returned the following error while collecting performance data for counter : Double-Take Connection : The network path was not found.

2016/01/17 08:07:52 Error > 2607:f480:111:1520:1c67:edaa:40ac:5ad9 returned the following error while collecting performance data for counter : Double-Take Kernel : The network path was not found.

2016/01/17 08:08:13 Error > 2607:f480:111:1520:1c67:edaa:40ac:5ad9 returned the following error while collecting performance data for counter : Double-Take Source : The network path was not found.

2016/01/17 08:08:46 Error > 2607:f480:111:1520:1c67:edaa:40ac:5ad9 returned the following error while collecting performance data for counter : Double-Take Target : The network path was not found.

2016/01/17 08:08:46 Info > Completed performance collection | Elapsed Time 00:05:53.1280000 
2016/01/17 08:32:41 Info > Staring platform inventory process
2016/01/17 08:32:41 Info > Started data mirroring process for Dimension Data : NA9
2016/01/17 08:32:50 Info > Completed data mirroring process for Dimension Data : NA9.0 new workloads.0 updated platform networks.4 updated workloads.0 removed workloads. = Total Execute Time: 00:00:09.0380000
2016/01/17 08:32:50 Info > Completed data mirroring process.0 new platforms, 1 updated platforms = total elapsed time: 00:00:09.2640000
2016/01/17 08:38:46 Info > Starting workload performance collection
2016/01/17 08:41:12 Error > 2607:f480:111:1520:1c67:edaa:40ac:5ad9 returned the following error while collecting performance data for counter : Processor : The network path was not found.

2016/01/17 08:41:28 Error > 2607:f480:111:1520:1c67:edaa:40ac:5ad9 returned the following error while collecting performance data for counter : Memory : The network path was not found.

2016/01/17 08:42:00 Error > 2607:f480:111:1520:1c67:edaa:40ac:5ad9 returned the following error while collecting performance data for counter : LogicalDisk : The network path was not found.

2016/01/17 08:42:19 Error > 2607:f480:111:1520:1c67:edaa:40ac:5ad9 returned the following error while collecting performance data for counter : PhysicalDisk : The network path was not found.

2016/01/17 08:42:53 Error > 2607:f480:111:1520:1c67:edaa:40ac:5ad9 returned the following error while collecting performance data for counter : Network Interface : The network path was not found.

2016/01/17 08:43:11 Error > 2607:f480:111:1520:1c67:edaa:40ac:5ad9 returned the following error while collecting performance data for counter : Double-Take Connection : The network path was not found.

2016/01/17 08:43:42 Error > 2607:f480:111:1520:1c67:edaa:40ac:5ad9 returned the following error while collecting performance data for counter : Double-Take Kernel : The network path was not found.

2016/01/17 08:43:58 Error > 2607:f480:111:1520:1c67:edaa:40ac:5ad9 returned the following error while collecting performance data for counter : Double-Take Source : The network path was not found.

2016/01/17 08:44:30 Error > 2607:f480:111:1520:1c67:edaa:40ac:5ad9 returned the following error while collecting performance data for counter : Double-Take Target : The network path was not found.

2016/01/17 08:44:30 Info > Completed performance collection | Elapsed Time 00:05:44.4760000 
2016/01/17 08:59:52 Info > Staring data upload process
2016/01/17 09:01:03 Info > Completed data upload process.0 netflows.420 performancecounters. = Total Elapsed Time: 00:01:11.3110000
2016/01/17 09:14:30 Info > Starting workload performance collection
2016/01/17 09:17:10 Error > 2607:f480:111:1520:1c67:edaa:40ac:5ad9 returned the following error while collecting performance data for counter : Processor : The network path was not found.

2016/01/17 09:17:29 Error > 2607:f480:111:1520:1c67:edaa:40ac:5ad9 returned the following error while collecting performance data for counter : Memory : The network path was not found.

2016/01/17 09:17:59 Error > 2607:f480:111:1520:1c67:edaa:40ac:5ad9 returned the following error while collecting performance data for counter : LogicalDisk : The network path was not found.

2016/01/17 09:18:17 Error > 2607:f480:111:1520:1c67:edaa:40ac:5ad9 returned the following error while collecting performance data for counter : PhysicalDisk : The network path was not found.

2016/01/17 09:18:51 Error > 2607:f480:111:1520:1c67:edaa:40ac:5ad9 returned the following error while collecting performance data for counter : Network Interface : The network path was not found.

2016/01/17 09:19:08 Error > 2607:f480:111:1520:1c67:edaa:40ac:5ad9 returned the following error while collecting performance data for counter : Double-Take Connection : The network path was not found.

2016/01/17 09:19:41 Error > 2607:f480:111:1520:1c67:edaa:40ac:5ad9 returned the following error while collecting performance data for counter : Double-Take Kernel : The network path was not found.

2016/01/17 09:19:58 Error > 2607:f480:111:1520:1c67:edaa:40ac:5ad9 returned the following error while collecting performance data for counter : Double-Take Source : The network path was not found.

2016/01/17 09:20:29 Error > 2607:f480:111:1520:1c67:edaa:40ac:5ad9 returned the following error while collecting performance data for counter : Double-Take Target : The network path was not found.

2016/01/17 09:20:29 Info > Completed performance collection | Elapsed Time 00:05:59.1630000 
2016/01/17 09:32:50 Info > Staring platform inventory process
2016/01/17 09:32:50 Info > Started data mirroring process for Dimension Data : NA9
2016/01/17 09:33:05 Info > Completed data mirroring process for Dimension Data : NA9.0 new workloads.0 updated platform networks.4 updated workloads.0 removed workloads. = Total Execute Time: 00:00:14.9010000
2016/01/17 09:33:05 Info > Completed data mirroring process.0 new platforms, 1 updated platforms = total elapsed time: 00:00:15.0960000
2016/01/17 09:50:29 Info > Starting workload performance collection
2016/01/17 09:53:27 Error > 2607:f480:111:1520:1c67:edaa:40ac:5ad9 returned the following error while collecting performance data for counter : Processor : The network path was not found.

2016/01/17 09:53:45 Error > 2607:f480:111:1520:1c67:edaa:40ac:5ad9 returned the following error while collecting performance data for counter : Memory : The network path was not found.

2016/01/17 09:54:14 Error > 2607:f480:111:1520:1c67:edaa:40ac:5ad9 returned the following error while collecting performance data for counter : LogicalDisk : The network path was not found.

2016/01/17 09:54:32 Error > 2607:f480:111:1520:1c67:edaa:40ac:5ad9 returned the following error while collecting performance data for counter : PhysicalDisk : The network path was not found.

2016/01/17 09:55:06 Error > 2607:f480:111:1520:1c67:edaa:40ac:5ad9 returned the following error while collecting performance data for counter : Network Interface : The network path was not found.

2016/01/17 09:55:22 Error > 2607:f480:111:1520:1c67:edaa:40ac:5ad9 returned the following error while collecting performance data for counter : Double-Take Connection : The network path was not found.

2016/01/17 09:55:50 Error > 2607:f480:111:1520:1c67:edaa:40ac:5ad9 returned the following error while collecting performance data for counter : Double-Take Kernel : The network path was not found.

2016/01/17 09:56:07 Error > 2607:f480:111:1520:1c67:edaa:40ac:5ad9 returned the following error while collecting performance data for counter : Double-Take Source : The network path was not found.

2016/01/17 09:56:43 Error > 2607:f480:111:1520:1c67:edaa:40ac:5ad9 returned the following error while collecting performance data for counter : Double-Take Target : The network path was not found.

2016/01/17 09:56:43 Info > Completed performance collection | Elapsed Time 00:06:13.3490000 
2016/01/17 10:01:03 Info > Staring data upload process
2016/01/17 10:02:24 Info > Completed data upload process.0 netflows.420 performancecounters. = Total Elapsed Time: 00:01:20.3930000
2016/01/17 10:26:43 Info > Starting workload performance collection
2016/01/17 10:29:46 Error > 2607:f480:111:1520:1c67:edaa:40ac:5ad9 returned the following error while collecting performance data for counter : Processor : The network path was not found.

2016/01/17 10:30:04 Error > 2607:f480:111:1520:1c67:edaa:40ac:5ad9 returned the following error while collecting performance data for counter : Memory : The network path was not found.

2016/01/17 10:30:34 Error > 2607:f480:111:1520:1c67:edaa:40ac:5ad9 returned the following error while collecting performance data for counter : LogicalDisk : The network path was not found.

2016/01/17 10:30:52 Error > 2607:f480:111:1520:1c67:edaa:40ac:5ad9 returned the following error while collecting performance data for counter : PhysicalDisk : The network path was not found.

2016/01/17 10:31:27 Error > 2607:f480:111:1520:1c67:edaa:40ac:5ad9 returned the following error while collecting performance data for counter : Network Interface : The network path was not found.

2016/01/17 10:31:45 Error > 2607:f480:111:1520:1c67:edaa:40ac:5ad9 returned the following error while collecting performance data for counter : Double-Take Connection : The network path was not found.

2016/01/17 10:32:22 Error > 2607:f480:111:1520:1c67:edaa:40ac:5ad9 returned the following error while collecting performance data for counter : Double-Take Kernel : The network path was not found.

2016/01/17 10:32:39 Error > 2607:f480:111:1520:1c67:edaa:40ac:5ad9 returned the following error while collecting performance data for counter : Double-Take Source : The network path was not found.

2016/01/17 10:33:05 Info > Staring platform inventory process
2016/01/17 10:33:06 Info > Started data mirroring process for Dimension Data : NA9
2016/01/17 10:33:15 Error > 2607:f480:111:1520:1c67:edaa:40ac:5ad9 returned the following error while collecting performance data for counter : Double-Take Target : The network path was not found.

2016/01/17 10:33:15 Info > Completed performance collection | Elapsed Time 00:06:32.5140000 
2016/01/17 10:33:16 Info > Completed data mirroring process for Dimension Data : NA9.0 new workloads.0 updated platform networks.4 updated workloads.0 removed workloads. = Total Execute Time: 00:00:10.8450000
2016/01/17 10:33:16 Info > Completed data mirroring process.0 new platforms, 1 updated platforms = total elapsed time: 00:00:11.0410000
2016/01/17 11:02:24 Info > Staring data upload process
2016/01/17 11:02:58 Info > Completed data upload process.0 netflows.210 performancecounters. = Total Elapsed Time: 00:00:34.3970000
2016/01/17 11:03:15 Info > Starting workload performance collection
2016/01/17 11:06:00 Error > 2607:f480:111:1520:1c67:edaa:40ac:5ad9 returned the following error while collecting performance data for counter : Processor : The network path was not found.

2016/01/17 11:06:20 Error > 2607:f480:111:1520:1c67:edaa:40ac:5ad9 returned the following error while collecting performance data for counter : Memory : The network path was not found.

2016/01/17 11:06:52 Error > 2607:f480:111:1520:1c67:edaa:40ac:5ad9 returned the following error while collecting performance data for counter : LogicalDisk : The network path was not found.

2016/01/17 11:07:11 Error > 2607:f480:111:1520:1c67:edaa:40ac:5ad9 returned the following error while collecting performance data for counter : PhysicalDisk : The network path was not found.

2016/01/17 11:07:44 Error > 2607:f480:111:1520:1c67:edaa:40ac:5ad9 returned the following error while collecting performance data for counter : Network Interface : The network path was not found.

2016/01/17 11:08:02 Error > 2607:f480:111:1520:1c67:edaa:40ac:5ad9 returned the following error while collecting performance data for counter : Double-Take Connection : The network path was not found.

2016/01/17 11:08:33 Error > 2607:f480:111:1520:1c67:edaa:40ac:5ad9 returned the following error while collecting performance data for counter : Double-Take Kernel : The network path was not found.

2016/01/17 11:08:48 Error > 2607:f480:111:1520:1c67:edaa:40ac:5ad9 returned the following error while collecting performance data for counter : Double-Take Source : The network path was not found.

2016/01/17 11:09:06 Error > 2607:f480:111:1520:1c67:edaa:40ac:5ad9 returned the following error while collecting performance data for counter : Double-Take Target : The network path was not found.

2016/01/17 11:09:06 Info > Completed performance collection | Elapsed Time 00:05:51.1230000 
2016/01/17 11:33:16 Info > Staring platform inventory process
2016/01/17 11:33:17 Info > Started data mirroring process for Dimension Data : NA9
2016/01/17 11:33:26 Info > Completed data mirroring process for Dimension Data : NA9.0 new workloads.0 updated platform networks.4 updated workloads.0 removed workloads. = Total Execute Time: 00:00:09.3120000
2016/01/17 11:33:26 Info > Completed data mirroring process.0 new platforms, 1 updated platforms = total elapsed time: 00:00:09.4940000
2016/01/17 11:39:06 Info > Starting workload performance collection
2016/01/17 11:41:59 Error > 2607:f480:111:1520:1c67:edaa:40ac:5ad9 returned the following error while collecting performance data for counter : Processor : The network path was not found.

2016/01/17 11:42:18 Error > 2607:f480:111:1520:1c67:edaa:40ac:5ad9 returned the following error while collecting performance data for counter : Memory : The network path was not found.

2016/01/17 11:42:53 Error > 2607:f480:111:1520:1c67:edaa:40ac:5ad9 returned the following error while collecting performance data for counter : LogicalDisk : The network path was not found.

2016/01/17 11:43:10 Error > 2607:f480:111:1520:1c67:edaa:40ac:5ad9 returned the following error while collecting performance data for counter : PhysicalDisk : The network path was not found.

2016/01/17 11:43:44 Error > 2607:f480:111:1520:1c67:edaa:40ac:5ad9 returned the following error while collecting performance data for counter : Network Interface : The network path was not found.

2016/01/17 11:44:01 Error > 2607:f480:111:1520:1c67:edaa:40ac:5ad9 returned the following error while collecting performance data for counter : Double-Take Connection : The network path was not found.

2016/01/17 11:44:38 Error > 2607:f480:111:1520:1c67:edaa:40ac:5ad9 returned the following error while collecting performance data for counter : Double-Take Kernel : The network path was not found.

2016/01/17 11:44:53 Error > 2607:f480:111:1520:1c67:edaa:40ac:5ad9 returned the following error while collecting performance data for counter : Double-Take Source : The network path was not found.

2016/01/17 11:45:25 Error > 2607:f480:111:1520:1c67:edaa:40ac:5ad9 returned the following error while collecting performance data for counter : Double-Take Target : The network path was not found.

2016/01/17 11:45:25 Info > Completed performance collection | Elapsed Time 00:06:18.9410000 
2016/01/17 12:02:58 Info > Staring data upload process
2016/01/17 12:04:29 Info > Completed data upload process.0 netflows.420 performancecounters. = Total Elapsed Time: 00:01:30.6290000
2016/01/17 12:15:25 Info > Starting workload performance collection
2016/01/17 12:17:57 Error > 2607:f480:111:1520:1c67:edaa:40ac:5ad9 returned the following error while collecting performance data for counter : Processor : The network path was not found.

2016/01/17 12:18:14 Error > 2607:f480:111:1520:1c67:edaa:40ac:5ad9 returned the following error while collecting performance data for counter : Memory : The network path was not found.

2016/01/17 12:18:46 Error > 2607:f480:111:1520:1c67:edaa:40ac:5ad9 returned the following error while collecting performance data for counter : LogicalDisk : The network path was not found.

2016/01/17 12:19:04 Error > 2607:f480:111:1520:1c67:edaa:40ac:5ad9 returned the following error while collecting performance data for counter : PhysicalDisk : The network path was not found.

2016/01/17 12:19:38 Error > 2607:f480:111:1520:1c67:edaa:40ac:5ad9 returned the following error while collecting performance data for counter : Network Interface : The network path was not found.

2016/01/17 12:19:55 Error > 2607:f480:111:1520:1c67:edaa:40ac:5ad9 returned the following error while collecting performance data for counter : Double-Take Connection : The network path was not found.

2016/01/17 12:20:28 Error > 2607:f480:111:1520:1c67:edaa:40ac:5ad9 returned the following error while collecting performance data for counter : Double-Take Kernel : The network path was not found.

2016/01/17 12:20:47 Error > 2607:f480:111:1520:1c67:edaa:40ac:5ad9 returned the following error while collecting performance data for counter : Double-Take Source : The network path was not found.

2016/01/17 12:21:19 Error > 2607:f480:111:1520:1c67:edaa:40ac:5ad9 returned the following error while collecting performance data for counter : Double-Take Target : The network path was not found.

2016/01/17 12:21:19 Info > Completed performance collection | Elapsed Time 00:05:53.4090000 
2016/01/17 12:33:26 Info > Staring platform inventory process
2016/01/17 12:33:26 Info > Started data mirroring process for Dimension Data : NA9
2016/01/17 12:33:36 Info > Completed data mirroring process for Dimension Data : NA9.0 new workloads.0 updated platform networks.4 updated workloads.0 removed workloads. = Total Execute Time: 00:00:09.4400000
2016/01/17 12:33:36 Info > Completed data mirroring process.0 new platforms, 1 updated platforms = total elapsed time: 00:00:09.7140000
2016/01/17 12:51:19 Info > Starting workload performance collection
2016/01/17 12:54:54 Error > 2607:f480:111:1520:1c67:edaa:40ac:5ad9 returned the following error while collecting performance data for counter : Processor : The network path was not found.

2016/01/17 12:55:11 Error > 2607:f480:111:1520:1c67:edaa:40ac:5ad9 returned the following error while collecting performance data for counter : Memory : The network path was not found.

2016/01/17 12:55:44 Error > 2607:f480:111:1520:1c67:edaa:40ac:5ad9 returned the following error while collecting performance data for counter : LogicalDisk : The network path was not found.

2016/01/17 12:56:00 Error > 2607:f480:111:1520:1c67:edaa:40ac:5ad9 returned the following error while collecting performance data for counter : PhysicalDisk : The network path was not found.

2016/01/17 12:56:32 Error > 2607:f480:111:1520:1c67:edaa:40ac:5ad9 returned the following error while collecting performance data for counter : Network Interface : The network path was not found.

2016/01/17 12:56:49 Error > 2607:f480:111:1520:1c67:edaa:40ac:5ad9 returned the following error while collecting performance data for counter : Double-Take Connection : The network path was not found.

2016/01/17 12:57:23 Error > 2607:f480:111:1520:1c67:edaa:40ac:5ad9 returned the following error while collecting performance data for counter : Double-Take Kernel : The network path was not found.

2016/01/17 12:57:38 Error > 2607:f480:111:1520:1c67:edaa:40ac:5ad9 returned the following error while collecting performance data for counter : Double-Take Source : The network path was not found.

2016/01/17 12:58:11 Error > 2607:f480:111:1520:1c67:edaa:40ac:5ad9 returned the following error while collecting performance data for counter : Double-Take Target : The network path was not found.

2016/01/17 12:58:11 Info > Completed performance collection | Elapsed Time 00:06:52.5010000 
2016/01/17 01:04:29 Info > Staring data upload process
2016/01/17 01:06:36 Info > Completed data upload process.0 netflows.420 performancecounters. = Total Elapsed Time: 00:02:06.6810000
2016/01/17 01:28:11 Info > Starting workload performance collection
2016/01/17 01:31:03 Error > 2607:f480:111:1520:1c67:edaa:40ac:5ad9 returned the following error while collecting performance data for counter : Processor : The network path was not found.

2016/01/17 01:31:19 Error > 2607:f480:111:1520:1c67:edaa:40ac:5ad9 returned the following error while collecting performance data for counter : Memory : The network path was not found.

2016/01/17 01:31:49 Error > 2607:f480:111:1520:1c67:edaa:40ac:5ad9 returned the following error while collecting performance data for counter : LogicalDisk : The network path was not found.

2016/01/17 01:32:08 Error > 2607:f480:111:1520:1c67:edaa:40ac:5ad9 returned the following error while collecting performance data for counter : PhysicalDisk : The network path was not found.

2016/01/17 01:32:44 Error > 2607:f480:111:1520:1c67:edaa:40ac:5ad9 returned the following error while collecting performance data for counter : Network Interface : The network path was not found.

2016/01/17 01:33:00 Error > 2607:f480:111:1520:1c67:edaa:40ac:5ad9 returned the following error while collecting performance data for counter : Double-Take Connection : The network path was not found.

2016/01/17 01:33:32 Error > 2607:f480:111:1520:1c67:edaa:40ac:5ad9 returned the following error while collecting performance data for counter : Double-Take Kernel : The network path was not found.

2016/01/17 01:33:36 Info > Staring platform inventory process
2016/01/17 01:33:36 Info > Started data mirroring process for Dimension Data : NA9
2016/01/17 01:33:46 Info > Completed data mirroring process for Dimension Data : NA9.0 new workloads.0 updated platform networks.4 updated workloads.0 removed workloads. = Total Execute Time: 00:00:09.7010000
2016/01/17 01:33:46 Info > Completed data mirroring process.0 new platforms, 1 updated platforms = total elapsed time: 00:00:09.8780000
2016/01/17 01:33:50 Error > 2607:f480:111:1520:1c67:edaa:40ac:5ad9 returned the following error while collecting performance data for counter : Double-Take Source : The network path was not found.

2016/01/17 01:34:24 Error > 2607:f480:111:1520:1c67:edaa:40ac:5ad9 returned the following error while collecting performance data for counter : Double-Take Target : The network path was not found.

2016/01/17 01:34:25 Info > Completed performance collection | Elapsed Time 00:06:13.3290000 
2016/01/17 02:04:25 Info > Starting workload performance collection
2016/01/17 02:06:36 Info > Staring data upload process
2016/01/17 02:07:38 Error > 2607:f480:111:1520:1c67:edaa:40ac:5ad9 returned the following error while collecting performance data for counter : Processor : The network path was not found.

2016/01/17 02:07:43 Info > Completed data upload process.0 netflows.388 performancecounters. = Total Elapsed Time: 00:01:07.3730000
2016/01/17 02:07:54 Error > 2607:f480:111:1520:1c67:edaa:40ac:5ad9 returned the following error while collecting performance data for counter : Memory : The network path was not found.

2016/01/17 02:08:30 Error > 2607:f480:111:1520:1c67:edaa:40ac:5ad9 returned the following error while collecting performance data for counter : LogicalDisk : The network path was not found.

2016/01/17 02:08:46 Error > 2607:f480:111:1520:1c67:edaa:40ac:5ad9 returned the following error while collecting performance data for counter : PhysicalDisk : The network path was not found.

2016/01/17 02:09:21 Error > 2607:f480:111:1520:1c67:edaa:40ac:5ad9 returned the following error while collecting performance data for counter : Network Interface : The network path was not found.

2016/01/17 02:09:36 Error > 2607:f480:111:1520:1c67:edaa:40ac:5ad9 returned the following error while collecting performance data for counter : Double-Take Connection : The network path was not found.

2016/01/17 02:10:09 Error > 2607:f480:111:1520:1c67:edaa:40ac:5ad9 returned the following error while collecting performance data for counter : Double-Take Kernel : The network path was not found.

2016/01/17 02:10:25 Error > 2607:f480:111:1520:1c67:edaa:40ac:5ad9 returned the following error while collecting performance data for counter : Double-Take Source : The network path was not found.

2016/01/17 02:10:40 Error > 2607:f480:111:1520:1c67:edaa:40ac:5ad9 returned the following error while collecting performance data for counter : Double-Take Target : The network path was not found.

2016/01/17 02:10:40 Info > Completed performance collection | Elapsed Time 00:06:15.4430000 
2016/01/17 02:33:46 Info > Staring platform inventory process
2016/01/17 02:33:46 Info > Started data mirroring process for Dimension Data : NA9
2016/01/17 02:33:56 Info > Completed data mirroring process for Dimension Data : NA9.0 new workloads.0 updated platform networks.4 updated workloads.0 removed workloads. = Total Execute Time: 00:00:10.0080000
2016/01/17 02:33:56 Info > Completed data mirroring process.0 new platforms, 1 updated platforms = total elapsed time: 00:00:10.2530000
2016/01/17 02:40:40 Info > Starting workload performance collection
2016/01/17 02:43:39 Error > 2607:f480:111:1520:1c67:edaa:40ac:5ad9 returned the following error while collecting performance data for counter : Processor : The network path was not found.

2016/01/17 02:43:57 Error > 2607:f480:111:1520:1c67:edaa:40ac:5ad9 returned the following error while collecting performance data for counter : Memory : The network path was not found.

2016/01/17 02:44:32 Error > 2607:f480:111:1520:1c67:edaa:40ac:5ad9 returned the following error while collecting performance data for counter : LogicalDisk : The network path was not found.

2016/01/17 02:44:48 Error > 2607:f480:111:1520:1c67:edaa:40ac:5ad9 returned the following error while collecting performance data for counter : PhysicalDisk : The network path was not found.

2016/01/17 02:45:19 Error > 2607:f480:111:1520:1c67:edaa:40ac:5ad9 returned the following error while collecting performance data for counter : Network Interface : The network path was not found.

2016/01/17 02:45:34 Error > 2607:f480:111:1520:1c67:edaa:40ac:5ad9 returned the following error while collecting performance data for counter : Double-Take Connection : The network path was not found.

2016/01/17 02:45:51 Error > 2607:f480:111:1520:1c67:edaa:40ac:5ad9 returned the following error while collecting performance data for counter : Double-Take Kernel : The network path was not found.

2016/01/17 02:46:27 Error > 2607:f480:111:1520:1c67:edaa:40ac:5ad9 returned the following error while collecting performance data for counter : Double-Take Source : The network path was not found.

2016/01/17 02:46:43 Error > 2607:f480:111:1520:1c67:edaa:40ac:5ad9 returned the following error while collecting performance data for counter : Double-Take Target : The network path was not found.

2016/01/17 02:46:43 Info > Completed performance collection | Elapsed Time 00:06:03.2510000 
2016/01/17 03:07:43 Info > Staring data upload process
2016/01/17 03:08:43 Info > Completed data upload process.0 netflows.242 performancecounters. = Total Elapsed Time: 00:01:00.3250000
2016/01/17 03:16:43 Info > Starting workload performance collection
2016/01/17 03:19:36 Error > 2607:f480:111:1520:1c67:edaa:40ac:5ad9 returned the following error while collecting performance data for counter : Processor : The network path was not found.

2016/01/17 03:19:52 Error > 2607:f480:111:1520:1c67:edaa:40ac:5ad9 returned the following error while collecting performance data for counter : Memory : The network path was not found.

2016/01/17 03:20:28 Error > 2607:f480:111:1520:1c67:edaa:40ac:5ad9 returned the following error while collecting performance data for counter : LogicalDisk : The network path was not found.

2016/01/17 03:20:47 Error > 2607:f480:111:1520:1c67:edaa:40ac:5ad9 returned the following error while collecting performance data for counter : PhysicalDisk : The network path was not found.

2016/01/17 03:21:25 Error > 2607:f480:111:1520:1c67:edaa:40ac:5ad9 returned the following error while collecting performance data for counter : Network Interface : The network path was not found.

2016/01/17 03:21:41 Error > 2607:f480:111:1520:1c67:edaa:40ac:5ad9 returned the following error while collecting performance data for counter : Double-Take Connection : The network path was not found.

2016/01/17 03:22:17 Error > 2607:f480:111:1520:1c67:edaa:40ac:5ad9 returned the following error while collecting performance data for counter : Double-Take Kernel : The network path was not found.

2016/01/17 03:22:33 Error > 2607:f480:111:1520:1c67:edaa:40ac:5ad9 returned the following error while collecting performance data for counter : Double-Take Source : The network path was not found.

2016/01/17 03:23:09 Error > 2607:f480:111:1520:1c67:edaa:40ac:5ad9 returned the following error while collecting performance data for counter : Double-Take Target : The network path was not found.

2016/01/17 03:23:09 Info > Completed performance collection | Elapsed Time 00:06:26.0190000 
2016/01/17 03:33:56 Info > Staring platform inventory process
2016/01/17 03:33:56 Info > Started data mirroring process for Dimension Data : NA9
2016/01/17 03:34:07 Info > Completed data mirroring process for Dimension Data : NA9.0 new workloads.0 updated platform networks.4 updated workloads.0 removed workloads. = Total Execute Time: 00:00:10.4960000
2016/01/17 03:34:07 Info > Completed data mirroring process.0 new platforms, 1 updated platforms = total elapsed time: 00:00:10.7640000
2016/01/17 03:53:09 Info > Starting workload performance collection
2016/01/17 03:56:17 Error > 2607:f480:111:1520:1c67:edaa:40ac:5ad9 returned the following error while collecting performance data for counter : Processor : The network path was not found.

2016/01/17 03:56:34 Error > 2607:f480:111:1520:1c67:edaa:40ac:5ad9 returned the following error while collecting performance data for counter : Memory : The network path was not found.

2016/01/17 03:57:05 Error > 2607:f480:111:1520:1c67:edaa:40ac:5ad9 returned the following error while collecting performance data for counter : LogicalDisk : The network path was not found.

2016/01/17 03:57:21 Error > 2607:f480:111:1520:1c67:edaa:40ac:5ad9 returned the following error while collecting performance data for counter : PhysicalDisk : The network path was not found.

2016/01/17 03:57:58 Error > 2607:f480:111:1520:1c67:edaa:40ac:5ad9 returned the following error while collecting performance data for counter : Network Interface : The network path was not found.

2016/01/17 03:58:17 Error > 2607:f480:111:1520:1c67:edaa:40ac:5ad9 returned the following error while collecting performance data for counter : Double-Take Connection : The network path was not found.

2016/01/17 03:58:51 Error > 2607:f480:111:1520:1c67:edaa:40ac:5ad9 returned the following error while collecting performance data for counter : Double-Take Kernel : The network path was not found.

2016/01/17 03:59:08 Error > 2607:f480:111:1520:1c67:edaa:40ac:5ad9 returned the following error while collecting performance data for counter : Double-Take Source : The network path was not found.

2016/01/17 03:59:44 Error > 2607:f480:111:1520:1c67:edaa:40ac:5ad9 returned the following error while collecting performance data for counter : Double-Take Target : The network path was not found.

2016/01/17 03:59:44 Info > Completed performance collection | Elapsed Time 00:06:34.3510000 
2016/01/17 04:08:43 Info > Staring data upload process
2016/01/17 04:09:51 Info > Completed data upload process.0 netflows.420 performancecounters. = Total Elapsed Time: 00:01:07.9530000
2016/01/17 04:29:44 Info > Starting workload performance collection
2016/01/17 04:32:47 Error > 2607:f480:111:1520:1c67:edaa:40ac:5ad9 returned the following error while collecting performance data for counter : Processor : The network path was not found.

2016/01/17 04:33:04 Error > 2607:f480:111:1520:1c67:edaa:40ac:5ad9 returned the following error while collecting performance data for counter : Memory : The network path was not found.

2016/01/17 04:33:43 Error > 2607:f480:111:1520:1c67:edaa:40ac:5ad9 returned the following error while collecting performance data for counter : LogicalDisk : The network path was not found.

2016/01/17 04:33:57 Error > 2607:f480:111:1520:1c67:edaa:40ac:5ad9 returned the following error while collecting performance data for counter : PhysicalDisk : The network path was not found.

2016/01/17 04:34:07 Info > Staring platform inventory process
2016/01/17 04:34:12 Info > Started data mirroring process for Dimension Data : NA9
2016/01/17 04:34:21 Info > Completed data mirroring process for Dimension Data : NA9.0 new workloads.0 updated platform networks.4 updated workloads.0 removed workloads. = Total Execute Time: 00:00:09.3110000
2016/01/17 04:34:21 Info > Completed data mirroring process.0 new platforms, 1 updated platforms = total elapsed time: 00:00:14.2530000
2016/01/17 04:34:31 Error > 2607:f480:111:1520:1c67:edaa:40ac:5ad9 returned the following error while collecting performance data for counter : Network Interface : The network path was not found.

2016/01/17 04:34:46 Error > 2607:f480:111:1520:1c67:edaa:40ac:5ad9 returned the following error while collecting performance data for counter : Double-Take Connection : The network path was not found.

2016/01/17 04:35:22 Error > 2607:f480:111:1520:1c67:edaa:40ac:5ad9 returned the following error while collecting performance data for counter : Double-Take Kernel : The network path was not found.

2016/01/17 04:35:39 Error > 2607:f480:111:1520:1c67:edaa:40ac:5ad9 returned the following error while collecting performance data for counter : Double-Take Source : The network path was not found.

2016/01/17 04:36:12 Error > 2607:f480:111:1520:1c67:edaa:40ac:5ad9 returned the following error while collecting performance data for counter : Double-Take Target : The network path was not found.

2016/01/17 04:36:12 Info > Completed performance collection | Elapsed Time 00:06:28.1540000 
2016/01/17 05:06:12 Info > Starting workload performance collection
2016/01/17 05:09:10 Error > 2607:f480:111:1520:1c67:edaa:40ac:5ad9 returned the following error while collecting performance data for counter : Processor : The network path was not found.

2016/01/17 05:09:26 Error > 2607:f480:111:1520:1c67:edaa:40ac:5ad9 returned the following error while collecting performance data for counter : Memory : The network path was not found.

2016/01/17 05:09:51 Info > Staring data upload process
2016/01/17 05:09:58 Error > 2607:f480:111:1520:1c67:edaa:40ac:5ad9 returned the following error while collecting performance data for counter : LogicalDisk : The network path was not found.

2016/01/17 05:10:14 Error > 2607:f480:111:1520:1c67:edaa:40ac:5ad9 returned the following error while collecting performance data for counter : PhysicalDisk : The network path was not found.

2016/01/17 05:10:46 Error > 2607:f480:111:1520:1c67:edaa:40ac:5ad9 returned the following error while collecting performance data for counter : Network Interface : The network path was not found.

2016/01/17 05:11:00 Error > 2607:f480:111:1520:1c67:edaa:40ac:5ad9 returned the following error while collecting performance data for counter : Double-Take Connection : The network path was not found.

2016/01/17 05:11:12 Info > Completed data upload process.0 netflows.420 performancecounters. = Total Elapsed Time: 00:01:20.2240000
2016/01/17 05:11:30 Error > 2607:f480:111:1520:1c67:edaa:40ac:5ad9 returned the following error while collecting performance data for counter : Double-Take Kernel : The network path was not found.

2016/01/17 05:11:44 Error > 2607:f480:111:1520:1c67:edaa:40ac:5ad9 returned the following error while collecting performance data for counter : Double-Take Source : The network path was not found.

2016/01/17 05:11:59 Error > 2607:f480:111:1520:1c67:edaa:40ac:5ad9 returned the following error while collecting performance data for counter : Double-Take Target : The network path was not found.

2016/01/17 05:11:59 Info > Completed performance collection | Elapsed Time 00:05:47.1290000 
2016/01/17 05:34:21 Info > Staring platform inventory process
2016/01/17 05:34:21 Info > Started data mirroring process for Dimension Data : NA9
2016/01/17 05:34:31 Info > Completed data mirroring process for Dimension Data : NA9.0 new workloads.0 updated platform networks.4 updated workloads.0 removed workloads. = Total Execute Time: 00:00:09.7840000
2016/01/17 05:34:31 Info > Completed data mirroring process.0 new platforms, 1 updated platforms = total elapsed time: 00:00:10.0370000
2016/01/17 05:41:59 Info > Starting workload performance collection
2016/01/17 05:44:56 Error > 2607:f480:111:1520:1c67:edaa:40ac:5ad9 returned the following error while collecting performance data for counter : Processor : The network path was not found.

2016/01/17 05:45:10 Error > 2607:f480:111:1520:1c67:edaa:40ac:5ad9 returned the following error while collecting performance data for counter : Memory : The network path was not found.

2016/01/17 05:45:43 Error > 2607:f480:111:1520:1c67:edaa:40ac:5ad9 returned the following error while collecting performance data for counter : LogicalDisk : The network path was not found.

2016/01/17 05:46:00 Error > 2607:f480:111:1520:1c67:edaa:40ac:5ad9 returned the following error while collecting performance data for counter : PhysicalDisk : The network path was not found.

2016/01/17 05:46:35 Error > 2607:f480:111:1520:1c67:edaa:40ac:5ad9 returned the following error while collecting performance data for counter : Network Interface : The network path was not found.

2016/01/17 05:46:51 Error > 2607:f480:111:1520:1c67:edaa:40ac:5ad9 returned the following error while collecting performance data for counter : Double-Take Connection : The network path was not found.

2016/01/17 05:47:19 Error > 2607:f480:111:1520:1c67:edaa:40ac:5ad9 returned the following error while collecting performance data for counter : Double-Take Kernel : The network path was not found.

2016/01/17 05:47:39 Error > 2607:f480:111:1520:1c67:edaa:40ac:5ad9 returned the following error while collecting performance data for counter : Double-Take Source : The network path was not found.

2016/01/17 05:48:14 Error > 2607:f480:111:1520:1c67:edaa:40ac:5ad9 returned the following error while collecting performance data for counter : Double-Take Target : The network path was not found.

2016/01/17 05:48:14 Info > Completed performance collection | Elapsed Time 00:06:14.7860000 
2016/01/17 06:11:12 Info > Staring data upload process
2016/01/17 06:11:50 Info > Completed data upload process.0 netflows.210 performancecounters. = Total Elapsed Time: 00:00:38.5700000
2016/01/17 06:18:14 Info > Starting workload performance collection
2016/01/17 06:21:08 Error > 2607:f480:111:1520:1c67:edaa:40ac:5ad9 returned the following error while collecting performance data for counter : Processor : The network path was not found.

2016/01/17 06:21:28 Error > 2607:f480:111:1520:1c67:edaa:40ac:5ad9 returned the following error while collecting performance data for counter : Memory : The network path was not found.

2016/01/17 06:22:00 Error > 2607:f480:111:1520:1c67:edaa:40ac:5ad9 returned the following error while collecting performance data for counter : LogicalDisk : The network path was not found.

2016/01/17 06:22:17 Error > 2607:f480:111:1520:1c67:edaa:40ac:5ad9 returned the following error while collecting performance data for counter : PhysicalDisk : The network path was not found.

2016/01/17 06:22:51 Error > 2607:f480:111:1520:1c67:edaa:40ac:5ad9 returned the following error while collecting performance data for counter : Network Interface : The network path was not found.

2016/01/17 06:23:09 Error > 2607:f480:111:1520:1c67:edaa:40ac:5ad9 returned the following error while collecting performance data for counter : Double-Take Connection : The network path was not found.

2016/01/17 06:23:43 Error > 2607:f480:111:1520:1c67:edaa:40ac:5ad9 returned the following error while collecting performance data for counter : Double-Take Kernel : The network path was not found.

2016/01/17 06:24:01 Error > 2607:f480:111:1520:1c67:edaa:40ac:5ad9 returned the following error while collecting performance data for counter : Double-Take Source : The network path was not found.

2016/01/17 06:24:40 Error > 2607:f480:111:1520:1c67:edaa:40ac:5ad9 returned the following error while collecting performance data for counter : Double-Take Target : The network path was not found.

2016/01/17 06:24:40 Info > Completed performance collection | Elapsed Time 00:06:26.1860000 
2016/01/17 06:34:31 Info > Staring platform inventory process
2016/01/17 06:34:34 Info > Started data mirroring process for Dimension Data : NA9
2016/01/17 06:34:44 Info > Completed data mirroring process for Dimension Data : NA9.0 new workloads.0 updated platform networks.4 updated workloads.0 removed workloads. = Total Execute Time: 00:00:09.9710000
2016/01/17 06:34:44 Info > Completed data mirroring process.0 new platforms, 1 updated platforms = total elapsed time: 00:00:12.7620000
2016/01/17 06:54:40 Info > Starting workload performance collection
2016/01/17 06:57:39 Error > 2607:f480:111:1520:1c67:edaa:40ac:5ad9 returned the following error while collecting performance data for counter : Processor : The network path was not found.

2016/01/17 06:57:54 Error > 2607:f480:111:1520:1c67:edaa:40ac:5ad9 returned the following error while collecting performance data for counter : Memory : The network path was not found.

2016/01/17 06:58:26 Error > 2607:f480:111:1520:1c67:edaa:40ac:5ad9 returned the following error while collecting performance data for counter : LogicalDisk : The network path was not found.

2016/01/17 06:58:42 Error > 2607:f480:111:1520:1c67:edaa:40ac:5ad9 returned the following error while collecting performance data for counter : PhysicalDisk : The network path was not found.

2016/01/17 06:59:15 Error > 2607:f480:111:1520:1c67:edaa:40ac:5ad9 returned the following error while collecting performance data for counter : Network Interface : The network path was not found.

2016/01/17 06:59:30 Error > 2607:f480:111:1520:1c67:edaa:40ac:5ad9 returned the following error while collecting performance data for counter : Double-Take Connection : The network path was not found.

2016/01/17 07:00:02 Error > 2607:f480:111:1520:1c67:edaa:40ac:5ad9 returned the following error while collecting performance data for counter : Double-Take Kernel : The network path was not found.

2016/01/17 07:00:19 Error > 2607:f480:111:1520:1c67:edaa:40ac:5ad9 returned the following error while collecting performance data for counter : Double-Take Source : The network path was not found.

2016/01/17 07:00:55 Error > 2607:f480:111:1520:1c67:edaa:40ac:5ad9 returned the following error while collecting performance data for counter : Double-Take Target : The network path was not found.

2016/01/17 07:00:55 Info > Completed performance collection | Elapsed Time 00:06:14.7050000 
2016/01/17 07:11:50 Info > Staring data upload process
2016/01/17 07:13:06 Info > Completed data upload process.0 netflows.420 performancecounters. = Total Elapsed Time: 00:01:15.6740000
2016/01/17 07:30:55 Info > Starting workload performance collection
2016/01/17 07:34:11 Error > 2607:f480:111:1520:1c67:edaa:40ac:5ad9 returned the following error while collecting performance data for counter : Processor : The network path was not found.

2016/01/17 07:34:27 Error > 2607:f480:111:1520:1c67:edaa:40ac:5ad9 returned the following error while collecting performance data for counter : Memory : The network path was not found.

2016/01/17 07:34:44 Info > Staring platform inventory process
2016/01/17 07:34:44 Info > Started data mirroring process for Dimension Data : NA9
2016/01/17 07:34:54 Info > Completed data mirroring process for Dimension Data : NA9.0 new workloads.0 updated platform networks.4 updated workloads.0 removed workloads. = Total Execute Time: 00:00:10.3410000
2016/01/17 07:34:54 Info > Completed data mirroring process.0 new platforms, 1 updated platforms = total elapsed time: 00:00:10.5800000
2016/01/17 07:35:01 Error > 2607:f480:111:1520:1c67:edaa:40ac:5ad9 returned the following error while collecting performance data for counter : LogicalDisk : The network path was not found.

2016/01/17 07:35:17 Error > 2607:f480:111:1520:1c67:edaa:40ac:5ad9 returned the following error while collecting performance data for counter : PhysicalDisk : The network path was not found.

2016/01/17 07:35:49 Error > 2607:f480:111:1520:1c67:edaa:40ac:5ad9 returned the following error while collecting performance data for counter : Network Interface : The network path was not found.

2016/01/17 07:36:03 Error > 2607:f480:111:1520:1c67:edaa:40ac:5ad9 returned the following error while collecting performance data for counter : Double-Take Connection : The network path was not found.

2016/01/17 07:36:20 Error > 2607:f480:111:1520:1c67:edaa:40ac:5ad9 returned the following error while collecting performance data for counter : Double-Take Kernel : The network path was not found.

2016/01/17 07:36:55 Error > 2607:f480:111:1520:1c67:edaa:40ac:5ad9 returned the following error while collecting performance data for counter : Double-Take Source : The network path was not found.

2016/01/17 07:37:13 Error > 2607:f480:111:1520:1c67:edaa:40ac:5ad9 returned the following error while collecting performance data for counter : Double-Take Target : The network path was not found.

2016/01/17 07:37:13 Info > Completed performance collection | Elapsed Time 00:06:18.2780000 
2016/01/17 08:06:11 Info > Starting workload performance collection
2016/01/17 08:09:45 Error > 2607:f480:111:1520:1c67:edaa:40ac:5ad9 returned the following error while collecting performance data for counter : Processor : The network path was not found.

2016/01/17 08:10:04 Error > 2607:f480:111:1520:1c67:edaa:40ac:5ad9 returned the following error while collecting performance data for counter : Memory : The network path was not found.

2016/01/17 08:10:38 Error > 2607:f480:111:1520:1c67:edaa:40ac:5ad9 returned the following error while collecting performance data for counter : LogicalDisk : The network path was not found.

2016/01/17 08:10:53 Error > 2607:f480:111:1520:1c67:edaa:40ac:5ad9 returned the following error while collecting performance data for counter : PhysicalDisk : The network path was not found.

2016/01/17 08:11:29 Error > 2607:f480:111:1520:1c67:edaa:40ac:5ad9 returned the following error while collecting performance data for counter : Network Interface : The network path was not found.

2016/01/17 08:11:45 Error > 2607:f480:111:1520:1c67:edaa:40ac:5ad9 returned the following error while collecting performance data for counter : Double-Take Connection : The network path was not found.

2016/01/17 08:12:04 Info > Staring data upload process
2016/01/17 08:12:14 Error > 2607:f480:111:1520:1c67:edaa:40ac:5ad9 returned the following error while collecting performance data for counter : Double-Take Kernel : The network path was not found.

2016/01/17 08:12:32 Error > 2607:f480:111:1520:1c67:edaa:40ac:5ad9 returned the following error while collecting performance data for counter : Double-Take Source : The network path was not found.

2016/01/17 08:13:02 Error > 2607:f480:111:1520:1c67:edaa:40ac:5ad9 returned the following error while collecting performance data for counter : Double-Take Target : The network path was not found.

2016/01/17 08:13:02 Info > Completed performance collection | Elapsed Time 00:06:50.7930000 
2016/01/17 08:13:24 Info > Completed data upload process.0 netflows.420 performancecounters. = Total Elapsed Time: 00:01:19.3850000
2016/01/17 08:33:53 Info > Staring platform inventory process
2016/01/17 08:33:53 Info > Started data mirroring process for Dimension Data : NA9
2016/01/17 08:34:02 Info > Completed data mirroring process for Dimension Data : NA9.0 new workloads.0 updated platform networks.4 updated workloads.0 removed workloads. = Total Execute Time: 00:00:09.6030000
2016/01/17 08:34:02 Info > Completed data mirroring process.0 new platforms, 1 updated platforms = total elapsed time: 00:00:09.7960000
2016/01/17 08:43:02 Info > Starting workload performance collection
2016/01/17 08:46:18 Error > 2607:f480:111:1520:1c67:edaa:40ac:5ad9 returned the following error while collecting performance data for counter : Processor : The network path was not found.

2016/01/17 08:46:34 Error > 2607:f480:111:1520:1c67:edaa:40ac:5ad9 returned the following error while collecting performance data for counter : Memory : The network path was not found.

2016/01/17 08:47:09 Error > 2607:f480:111:1520:1c67:edaa:40ac:5ad9 returned the following error while collecting performance data for counter : LogicalDisk : The network path was not found.

2016/01/17 08:47:25 Error > 2607:f480:111:1520:1c67:edaa:40ac:5ad9 returned the following error while collecting performance data for counter : PhysicalDisk : The network path was not found.

2016/01/17 08:47:54 Error > 2607:f480:111:1520:1c67:edaa:40ac:5ad9 returned the following error while collecting performance data for counter : Network Interface : The network path was not found.

2016/01/17 08:48:09 Error > 2607:f480:111:1520:1c67:edaa:40ac:5ad9 returned the following error while collecting performance data for counter : Double-Take Connection : The network path was not found.

2016/01/17 08:48:22 Error > 2607:f480:111:1520:1c67:edaa:40ac:5ad9 returned the following error while collecting performance data for counter : Double-Take Kernel : The network path was not found.

2016/01/17 08:48:53 Error > 2607:f480:111:1520:1c67:edaa:40ac:5ad9 returned the following error while collecting performance data for counter : Double-Take Source : The network path was not found.

2016/01/17 08:49:09 Error > 2607:f480:111:1520:1c67:edaa:40ac:5ad9 returned the following error while collecting performance data for counter : Double-Take Target : The network path was not found.

2016/01/17 08:49:09 Info > Completed performance collection | Elapsed Time 00:06:06.6520000 
2016/01/17 09:13:24 Info > Staring data upload process
2016/01/17 09:14:01 Info > Completed data upload process.0 netflows.210 performancecounters. = Total Elapsed Time: 00:00:36.8890000
2016/01/17 09:19:09 Info > Starting workload performance collection
2016/01/17 09:22:15 Error > 2607:f480:111:1520:1c67:edaa:40ac:5ad9 returned the following error while collecting performance data for counter : Processor : The network path was not found.

2016/01/17 09:22:34 Error > 2607:f480:111:1520:1c67:edaa:40ac:5ad9 returned the following error while collecting performance data for counter : Memory : The network path was not found.

2016/01/17 09:23:08 Error > 2607:f480:111:1520:1c67:edaa:40ac:5ad9 returned the following error while collecting performance data for counter : LogicalDisk : The network path was not found.

2016/01/17 09:23:23 Error > 2607:f480:111:1520:1c67:edaa:40ac:5ad9 returned the following error while collecting performance data for counter : PhysicalDisk : The network path was not found.

2016/01/17 09:23:59 Error > 2607:f480:111:1520:1c67:edaa:40ac:5ad9 returned the following error while collecting performance data for counter : Network Interface : The network path was not found.

2016/01/17 09:24:17 Error > 2607:f480:111:1520:1c67:edaa:40ac:5ad9 returned the following error while collecting performance data for counter : Double-Take Connection : The network path was not found.

2016/01/17 09:24:46 Error > 2607:f480:111:1520:1c67:edaa:40ac:5ad9 returned the following error while collecting performance data for counter : Double-Take Kernel : The network path was not found.

2016/01/17 09:25:04 Error > 2607:f480:111:1520:1c67:edaa:40ac:5ad9 returned the following error while collecting performance data for counter : Double-Take Source : The network path was not found.

2016/01/17 09:25:37 Error > 2607:f480:111:1520:1c67:edaa:40ac:5ad9 returned the following error while collecting performance data for counter : Double-Take Target : The network path was not found.

2016/01/17 09:25:38 Info > Completed performance collection | Elapsed Time 00:06:28.7210000 
2016/01/17 09:28:01 Info > Staring operating system inventory process
2016/01/17 09:28:44 Error > Error connecting to WMI : dbserver01 : 2607-f480-111-1520-1c67-edaa-40ac-5ad9.ipv6-literal.net [The RPC server is unavailable. (Exception from HRESULT: 0x800706BA)]
2016/01/17 09:29:13 Info > Completed operating system inventory. [updated workloads.0] = Total Execute Time: 00:01:12.0580000
2016/01/17 09:34:02 Info > Staring platform inventory process
2016/01/17 09:34:03 Info > Started data mirroring process for Dimension Data : NA9
2016/01/17 09:34:12 Info > Completed data mirroring process for Dimension Data : NA9.0 new workloads.0 updated platform networks.4 updated workloads.0 removed workloads. = Total Execute Time: 00:00:09.6320000
2016/01/17 09:34:12 Info > Completed data mirroring process.0 new platforms, 1 updated platforms = total elapsed time: 00:00:09.8440000
2016/01/17 09:55:38 Info > Starting workload performance collection
2016/01/17 09:58:54 Error > 2607:f480:111:1520:1c67:edaa:40ac:5ad9 returned the following error while collecting performance data for counter : Processor : The network path was not found.

2016/01/17 09:59:13 Error > 2607:f480:111:1520:1c67:edaa:40ac:5ad9 returned the following error while collecting performance data for counter : Memory : The network path was not found.

2016/01/17 09:59:45 Error > 2607:f480:111:1520:1c67:edaa:40ac:5ad9 returned the following error while collecting performance data for counter : LogicalDisk : The network path was not found.

2016/01/17 10:00:03 Error > 2607:f480:111:1520:1c67:edaa:40ac:5ad9 returned the following error while collecting performance data for counter : PhysicalDisk : The network path was not found.

2016/01/17 10:00:34 Error > 2607:f480:111:1520:1c67:edaa:40ac:5ad9 returned the following error while collecting performance data for counter : Network Interface : The network path was not found.

2016/01/17 10:00:50 Error > 2607:f480:111:1520:1c67:edaa:40ac:5ad9 returned the following error while collecting performance data for counter : Double-Take Connection : The network path was not found.

2016/01/17 10:01:08 Error > 2607:f480:111:1520:1c67:edaa:40ac:5ad9 returned the following error while collecting performance data for counter : Double-Take Kernel : The network path was not found.

2016/01/17 10:01:41 Error > 2607:f480:111:1520:1c67:edaa:40ac:5ad9 returned the following error while collecting performance data for counter : Double-Take Source : The network path was not found.

2016/01/17 10:01:56 Error > 2607:f480:111:1520:1c67:edaa:40ac:5ad9 returned the following error while collecting performance data for counter : Double-Take Target : The network path was not found.

2016/01/17 10:01:59 Info > Completed performance collection | Elapsed Time 00:06:21.0500000 
2016/01/17 10:14:01 Info > Staring data upload process
2016/01/17 10:15:32 Info > Completed data upload process.0 netflows.420 performancecounters. = Total Elapsed Time: 00:01:31.0480000
2016/01/17 10:31:59 Info > Starting workload performance collection
2016/01/17 10:34:12 Info > Staring platform inventory process
2016/01/17 10:34:12 Info > Started data mirroring process for Dimension Data : NA9
2016/01/17 10:34:23 Info > Completed data mirroring process for Dimension Data : NA9.0 new workloads.0 updated platform networks.4 updated workloads.0 removed workloads. = Total Execute Time: 00:00:10.2580000
2016/01/17 10:34:23 Info > Completed data mirroring process.0 new platforms, 1 updated platforms = total elapsed time: 00:00:10.4510000
2016/01/17 10:34:55 Error > 2607:f480:111:1520:1c67:edaa:40ac:5ad9 returned the following error while collecting performance data for counter : Processor : The network path was not found.

2016/01/17 10:35:11 Error > 2607:f480:111:1520:1c67:edaa:40ac:5ad9 returned the following error while collecting performance data for counter : Memory : The network path was not found.

2016/01/17 10:35:45 Error > 2607:f480:111:1520:1c67:edaa:40ac:5ad9 returned the following error while collecting performance data for counter : LogicalDisk : The network path was not found.

2016/01/17 10:36:02 Error > 2607:f480:111:1520:1c67:edaa:40ac:5ad9 returned the following error while collecting performance data for counter : PhysicalDisk : The network path was not found.

2016/01/17 10:36:37 Error > 2607:f480:111:1520:1c67:edaa:40ac:5ad9 returned the following error while collecting performance data for counter : Network Interface : The network path was not found.

2016/01/17 10:36:52 Error > 2607:f480:111:1520:1c67:edaa:40ac:5ad9 returned the following error while collecting performance data for counter : Double-Take Connection : The network path was not found.

2016/01/17 10:37:25 Error > 2607:f480:111:1520:1c67:edaa:40ac:5ad9 returned the following error while collecting performance data for counter : Double-Take Kernel : The network path was not found.

2016/01/17 10:37:39 Error > 2607:f480:111:1520:1c67:edaa:40ac:5ad9 returned the following error while collecting performance data for counter : Double-Take Source : The network path was not found.

2016/01/17 10:38:14 Error > 2607:f480:111:1520:1c67:edaa:40ac:5ad9 returned the following error while collecting performance data for counter : Double-Take Target : The network path was not found.

2016/01/17 10:38:15 Info > Completed performance collection | Elapsed Time 00:06:15.9110000 
2016/01/17 11:08:15 Info > Starting workload performance collection
2016/01/17 11:11:02 Error > 2607:f480:111:1520:1c67:edaa:40ac:5ad9 returned the following error while collecting performance data for counter : Processor : The network path was not found.

2016/01/17 11:11:21 Error > 2607:f480:111:1520:1c67:edaa:40ac:5ad9 returned the following error while collecting performance data for counter : Memory : The network path was not found.

2016/01/17 11:11:55 Error > 2607:f480:111:1520:1c67:edaa:40ac:5ad9 returned the following error while collecting performance data for counter : LogicalDisk : The network path was not found.

2016/01/17 11:12:15 Error > 2607:f480:111:1520:1c67:edaa:40ac:5ad9 returned the following error while collecting performance data for counter : PhysicalDisk : The network path was not found.

2016/01/17 11:12:48 Error > 2607:f480:111:1520:1c67:edaa:40ac:5ad9 returned the following error while collecting performance data for counter : Network Interface : The network path was not found.

2016/01/17 11:13:07 Error > 2607:f480:111:1520:1c67:edaa:40ac:5ad9 returned the following error while collecting performance data for counter : Double-Take Connection : The network path was not found.

2016/01/17 11:13:43 Error > 2607:f480:111:1520:1c67:edaa:40ac:5ad9 returned the following error while collecting performance data for counter : Double-Take Kernel : The network path was not found.

2016/01/17 11:14:01 Error > 2607:f480:111:1520:1c67:edaa:40ac:5ad9 returned the following error while collecting performance data for counter : Double-Take Source : The network path was not found.

2016/01/17 11:14:35 Error > 2607:f480:111:1520:1c67:edaa:40ac:5ad9 returned the following error while collecting performance data for counter : Double-Take Target : The network path was not found.

2016/01/17 11:14:35 Info > Completed performance collection | Elapsed Time 00:06:20.6170000 
2016/01/17 11:15:32 Info > Staring data upload process
2016/01/17 11:16:48 Info > Completed data upload process.0 netflows.420 performancecounters. = Total Elapsed Time: 00:01:16.5390000
2016/01/17 11:34:23 Info > Staring platform inventory process
2016/01/17 11:34:23 Info > Started data mirroring process for Dimension Data : NA9
2016/01/17 11:34:35 Info > Completed data mirroring process for Dimension Data : NA9.0 new workloads.0 updated platform networks.4 updated workloads.0 removed workloads. = Total Execute Time: 00:00:12.4710000
2016/01/17 11:34:35 Info > Completed data mirroring process.0 new platforms, 1 updated platforms = total elapsed time: 00:00:12.6400000
2016/01/17 11:44:35 Info > Starting workload performance collection
2016/01/17 11:47:22 Error > 2607:f480:111:1520:1c67:edaa:40ac:5ad9 returned the following error while collecting performance data for counter : Processor : The network path was not found.

2016/01/17 11:47:38 Error > 2607:f480:111:1520:1c67:edaa:40ac:5ad9 returned the following error while collecting performance data for counter : Memory : The network path was not found.

2016/01/17 11:48:16 Error > 2607:f480:111:1520:1c67:edaa:40ac:5ad9 returned the following error while collecting performance data for counter : LogicalDisk : The network path was not found.

2016/01/17 11:48:34 Error > 2607:f480:111:1520:1c67:edaa:40ac:5ad9 returned the following error while collecting performance data for counter : PhysicalDisk : The network path was not found.

2016/01/17 11:49:06 Error > 2607:f480:111:1520:1c67:edaa:40ac:5ad9 returned the following error while collecting performance data for counter : Network Interface : The network path was not found.

2016/01/17 11:49:21 Error > 2607:f480:111:1520:1c67:edaa:40ac:5ad9 returned the following error while collecting performance data for counter : Double-Take Connection : The network path was not found.

2016/01/17 11:49:38 Error > 2607:f480:111:1520:1c67:edaa:40ac:5ad9 returned the following error while collecting performance data for counter : Double-Take Kernel : The network path was not found.

2016/01/17 11:50:07 Error > 2607:f480:111:1520:1c67:edaa:40ac:5ad9 returned the following error while collecting performance data for counter : Double-Take Source : The network path was not found.

2016/01/17 11:50:22 Error > 2607:f480:111:1520:1c67:edaa:40ac:5ad9 returned the following error while collecting performance data for counter : Double-Take Target : The network path was not found.

2016/01/17 11:50:22 Info > Completed performance collection | Elapsed Time 00:05:46.6190000 
