2016/01/13 12:22:27 Info > Staring data upload process
2016/01/13 12:22:27 Info > Completed data upload process.0 netflows.0 performancecounters. = Total Elapsed Time: 00:00:00.2030000
2016/01/13 12:29:34 Info > Staring platform inventory process
2016/01/13 12:29:35 Info > Started data mirroring process for Dimension Data : NA9
2016/01/13 12:29:43 Info > Completed data mirroring process for Dimension Data : NA9.0 new workloads.0 updated platform networks.4 updated workloads.0 removed workloads. = Total Execute Time: 00:00:08.5650000
2016/01/13 12:29:43 Info > Completed data mirroring process.0 new platforms, 1 updated platforms = total elapsed time: 00:00:08.7780000
2016/01/13 01:05:02 Info > Staring operating system inventory process
2016/01/13 01:05:17 Error > Error connecting to: 2607-f480-111-1520-1c67-edaa-40ac-5ad9.ipv6-literal.net[System.Runtime.InteropServices.COMException (0x800706BA): The RPC server is unavailable. (Exception from HRESULT: 0x800706BA)
   at System.Runtime.InteropServices.Marshal.ThrowExceptionForHRInternal(Int32 errorCode, IntPtr errorInfo)
   at System.Management.ManagementScope.InitializeGuts(Object o)
   at System.Management.ManagementScope.Initialize()
   at CloudMoveyWorkerService.Portal.Classes.OSInventoryWorker.ConnectionScope(String machineName, ConnectionOptions options) in C:\Users\Phillip Spies\Documents\GitHubVisualStudio\CloudMoveyWorkerService\CloudMoveyWorkerService\CloudMoveyWorkerService\Classes\Background Classes\OSInventoryWorker.cs:line 281
   at CloudMoveyWorkerService.Portal.Classes.OSInventoryWorker.Start() in C:\Users\Phillip Spies\Documents\GitHubVisualStudio\CloudMoveyWorkerService\CloudMoveyWorkerService\CloudMoveyWorkerService\Classes\Background Classes\OSInventoryWorker.cs:line 51]
2016/01/13 01:05:37 Info > Completed operating system inventory. [updated workloads.0] = Total Execute Time: 00:00:35.3570000
2016/01/13 01:22:27 Info > Staring data upload process
2016/01/13 01:22:41 Info > Completed data upload process.0 netflows.0 performancecounters. = Total Elapsed Time: 00:00:13.7360000
2016/01/13 01:29:43 Info > Staring platform inventory process
2016/01/13 01:29:43 Info > Started data mirroring process for Dimension Data : NA9
2016/01/13 01:29:53 Info > Completed data mirroring process for Dimension Data : NA9.0 new workloads.0 updated platform networks.4 updated workloads.0 removed workloads. = Total Execute Time: 00:00:09.2070000
2016/01/13 01:29:53 Info > Completed data mirroring process.0 new platforms, 1 updated platforms = total elapsed time: 00:00:09.4110000
2016/01/13 02:22:41 Info > Staring data upload process
2016/01/13 02:22:41 Info > Completed data upload process.0 netflows.0 performancecounters. = Total Elapsed Time: 00:00:00.1600000
2016/01/13 02:29:53 Info > Staring platform inventory process
2016/01/13 02:29:53 Info > Started data mirroring process for Dimension Data : NA9
2016/01/13 02:30:03 Info > Completed data mirroring process for Dimension Data : NA9.0 new workloads.0 updated platform networks.4 updated workloads.0 removed workloads. = Total Execute Time: 00:00:09.7630000
2016/01/13 02:30:03 Info > Completed data mirroring process.0 new platforms, 1 updated platforms = total elapsed time: 00:00:09.9690000
2016/01/13 11:08:07 Info > Starting CloudMovey Worker Service
2016/01/13 11:08:07 Info > Debug Enabled!
2016/01/13 11:08:07 Info > CloudMovey Worker Agent ID:636aafd21e70435fabe6374a099322d4
2016/01/13 11:08:07 Info > CloudMovey Portal URL:https://www.cloudmovey.com
2016/01/13 11:08:23 Debug > Starting WCF Service | Platforms: 1, Workloads: 5, Credentials: 2, Performance Counters: 0, Network Flows: 0
2016/01/13 11:08:24 Debug > organization id: 7b6865d87b824b4a97d563ae5e5d35e7
2016/01/13 11:08:24 Debug > Starting Scheduler Thread
2016/01/13 11:08:24 Debug > Starting Mirror Thread
2016/01/13 11:08:24 Debug > Starting Performance Collection Thread
2016/01/13 11:08:24 Info > Staring platform inventory process
2016/01/13 11:08:24 Info > Starting workload performance collection
2016/01/13 11:08:25 Debug > Starting Netflow v5 Collection Thread
2016/01/13 11:08:25 Debug > Starting Data Upload Thread
2016/01/13 11:08:25 Debug > Starting OS Inventory Thread
2016/01/13 11:08:25 Info > Staring data upload process
2016/01/13 11:08:25 Info > Completed data upload process.0 netflows.0 performancecounters. = Total Elapsed Time: 00:00:00.2550000
2016/01/13 11:08:25 Info > Staring operating system inventory process
2016/01/13 11:08:25 Info > Started data mirroring process for Dimension Data : NA9
2016/01/13 11:08:42 Info > Completed data mirroring process for Dimension Data : NA9.0 new workloads.0 updated platform networks.4 updated workloads.0 removed workloads. = Total Execute Time: 00:00:16.7460000
2016/01/13 11:08:42 Info > Completed data mirroring process.0 new platforms, 1 updated platforms = total elapsed time: 00:00:17.6390000
2016/01/13 11:08:51 Error > Error connecting to: 2607-f480-111-1520-1c67-edaa-40ac-5ad9.ipv6-literal.net[System.Runtime.InteropServices.COMException (0x800706BA): The RPC server is unavailable. (Exception from HRESULT: 0x800706BA)
   at System.Runtime.InteropServices.Marshal.ThrowExceptionForHRInternal(Int32 errorCode, IntPtr errorInfo)
   at System.Management.ManagementScope.InitializeGuts(Object o)
   at System.Management.ManagementScope.Initialize()
   at CloudMoveyWorkerService.Portal.Classes.OSInventoryWorker.ConnectionScope(String machineName, ConnectionOptions options) in C:\Users\Phillip Spies\Documents\GitHubVisualStudio\CloudMoveyWorkerService\CloudMoveyWorkerService\CloudMoveyWorkerService\Classes\Background Classes\OSInventoryWorker.cs:line 281
   at CloudMoveyWorkerService.Portal.Classes.OSInventoryWorker.Start() in C:\Users\Phillip Spies\Documents\GitHubVisualStudio\CloudMoveyWorkerService\CloudMoveyWorkerService\CloudMoveyWorkerService\Classes\Background Classes\OSInventoryWorker.cs:line 51]
2016/01/13 11:09:15 Info > Completed operating system inventory. [updated workloads.0] = Total Execute Time: 00:00:49.4180000
2016/01/13 11:12:21 Info > Completed performance collection | Elapsed Time 00:03:56.0840000 
2016/01/13 11:42:21 Info > Starting workload performance collection
2016/01/13 11:45:45 Info > Completed performance collection | Elapsed Time 00:03:23.9460000 
