2016/01/12 12:23:16 Info > Staring data upload process
2016/01/12 12:23:17 Info > Completed data upload process.0 netflows.0 performancecounters. = Total Elapsed Time: 00:00:00.1880000
2016/01/12 12:26:13 Info > Staring platform inventory process
2016/01/12 12:26:13 Info > Started data mirroring process for Dimension Data : NA9
2016/01/12 12:26:23 Info > Completed data mirroring process for Dimension Data : NA9.0 new workloads.0 updated platform networks.4 updated workloads.0 removed workloads. = Total Execute Time: 00:00:09.9480000
2016/01/12 12:26:23 Info > Completed data mirroring process.0 new platforms, 1 updated platforms = total elapsed time: 00:00:10.2200000
2016/01/12 01:05:11 Info > Staring operating system inventory process
2016/01/12 01:05:39 Error > Error connecting to: 2607-f480-111-1520-1c67-edaa-40ac-5ad9.ipv6-literal.net[System.Runtime.InteropServices.COMException (0x800706BA): The RPC server is unavailable. (Exception from HRESULT: 0x800706BA)
   at System.Runtime.InteropServices.Marshal.ThrowExceptionForHRInternal(Int32 errorCode, IntPtr errorInfo)
   at System.Management.ManagementScope.InitializeGuts(Object o)
   at System.Management.ManagementScope.Initialize()
   at CloudMoveyWorkerService.Portal.Classes.OSInventoryWorker.ConnectionScope(String machineName, ConnectionOptions options) in C:\Users\Phillip Spies\Documents\GitHubVisualStudio\CloudMoveyWorkerService\CloudMoveyWorkerService\CloudMoveyWorkerService\Classes\Background Classes\OSInventoryWorker.cs:line 281
   at CloudMoveyWorkerService.Portal.Classes.OSInventoryWorker.Start() in C:\Users\Phillip Spies\Documents\GitHubVisualStudio\CloudMoveyWorkerService\CloudMoveyWorkerService\CloudMoveyWorkerService\Classes\Background Classes\OSInventoryWorker.cs:line 51]
2016/01/12 01:06:02 Info > Completed operating system inventory. [updated workloads.0] = Total Execute Time: 00:00:51.1970000
2016/01/12 01:23:17 Info > Staring data upload process
2016/01/12 01:23:17 Info > Completed data upload process.0 netflows.0 performancecounters. = Total Elapsed Time: 00:00:00.1760000
2016/01/12 01:26:23 Info > Staring platform inventory process
2016/01/12 01:26:23 Info > Started data mirroring process for Dimension Data : NA9
2016/01/12 01:26:32 Info > Completed data mirroring process for Dimension Data : NA9.0 new workloads.0 updated platform networks.4 updated workloads.0 removed workloads. = Total Execute Time: 00:00:09.1730000
2016/01/12 01:26:32 Info > Completed data mirroring process.0 new platforms, 1 updated platforms = total elapsed time: 00:00:09.3490000
2016/01/12 02:22:16 Info > Staring data upload process
2016/01/12 02:22:17 Info > Completed data upload process.0 netflows.0 performancecounters. = Total Elapsed Time: 00:00:00.3650000
2016/01/12 02:25:32 Info > Staring platform inventory process
2016/01/12 02:25:32 Info > Started data mirroring process for Dimension Data : NA9
2016/01/12 02:25:41 Info > Completed data mirroring process for Dimension Data : NA9.0 new workloads.0 updated platform networks.4 updated workloads.0 removed workloads. = Total Execute Time: 00:00:08.9970000
2016/01/12 02:25:41 Info > Completed data mirroring process.0 new platforms, 1 updated platforms = total elapsed time: 00:00:09.1670000
2016/01/12 03:22:17 Info > Staring data upload process
2016/01/12 03:22:17 Info > Completed data upload process.0 netflows.0 performancecounters. = Total Elapsed Time: 00:00:00.1640000
2016/01/12 03:25:41 Info > Staring platform inventory process
2016/01/12 03:25:41 Info > Started data mirroring process for Dimension Data : NA9
2016/01/12 03:25:50 Info > Completed data mirroring process for Dimension Data : NA9.0 new workloads.0 updated platform networks.4 updated workloads.0 removed workloads. = Total Execute Time: 00:00:08.6450000
2016/01/12 03:25:50 Info > Completed data mirroring process.0 new platforms, 1 updated platforms = total elapsed time: 00:00:08.8350000
2016/01/12 04:22:17 Info > Staring data upload process
2016/01/12 04:22:17 Info > Completed data upload process.0 netflows.0 performancecounters. = Total Elapsed Time: 00:00:00.1510000
2016/01/12 04:25:50 Info > Staring platform inventory process
2016/01/12 04:25:50 Info > Started data mirroring process for Dimension Data : NA9
2016/01/12 04:25:59 Info > Completed data mirroring process for Dimension Data : NA9.0 new workloads.0 updated platform networks.4 updated workloads.0 removed workloads. = Total Execute Time: 00:00:09.5390000
2016/01/12 04:25:59 Info > Completed data mirroring process.0 new platforms, 1 updated platforms = total elapsed time: 00:00:09.7110000
2016/01/12 05:22:17 Info > Staring data upload process
2016/01/12 05:22:17 Info > Completed data upload process.0 netflows.0 performancecounters. = Total Elapsed Time: 00:00:00.1560000
2016/01/12 05:25:59 Info > Staring platform inventory process
2016/01/12 05:26:00 Info > Started data mirroring process for Dimension Data : NA9
2016/01/12 05:26:09 Info > Completed data mirroring process for Dimension Data : NA9.0 new workloads.0 updated platform networks.4 updated workloads.0 removed workloads. = Total Execute Time: 00:00:09.2330000
2016/01/12 05:26:09 Info > Completed data mirroring process.0 new platforms, 1 updated platforms = total elapsed time: 00:00:09.4480000
2016/01/12 06:22:17 Info > Staring data upload process
2016/01/12 06:22:18 Info > Completed data upload process.0 netflows.0 performancecounters. = Total Elapsed Time: 00:00:00.1380000
2016/01/12 06:26:09 Info > Staring platform inventory process
2016/01/12 06:26:09 Info > Started data mirroring process for Dimension Data : NA9
2016/01/12 06:26:18 Info > Completed data mirroring process for Dimension Data : NA9.0 new workloads.0 updated platform networks.4 updated workloads.0 removed workloads. = Total Execute Time: 00:00:08.8470000
2016/01/12 06:26:18 Info > Completed data mirroring process.0 new platforms, 1 updated platforms = total elapsed time: 00:00:09.0180000
2016/01/12 07:22:18 Info > Staring data upload process
2016/01/12 07:22:18 Info > Completed data upload process.0 netflows.0 performancecounters. = Total Elapsed Time: 00:00:00.1500000
2016/01/12 07:26:18 Info > Staring platform inventory process
2016/01/12 07:26:18 Info > Started data mirroring process for Dimension Data : NA9
2016/01/12 07:26:28 Info > Completed data mirroring process for Dimension Data : NA9.0 new workloads.0 updated platform networks.4 updated workloads.0 removed workloads. = Total Execute Time: 00:00:10.0010000
2016/01/12 07:26:28 Info > Completed data mirroring process.0 new platforms, 1 updated platforms = total elapsed time: 00:00:10.1750000
2016/01/12 08:22:19 Info > Staring data upload process
2016/01/12 08:22:19 Info > Completed data upload process.0 netflows.0 performancecounters. = Total Elapsed Time: 00:00:00.1770000
2016/01/12 08:26:28 Info > Staring platform inventory process
2016/01/12 08:26:29 Info > Started data mirroring process for Dimension Data : NA9
2016/01/12 08:26:43 Info > Completed data mirroring process for Dimension Data : NA9.0 new workloads.0 updated platform networks.4 updated workloads.0 removed workloads. = Total Execute Time: 00:00:13.9350000
2016/01/12 08:26:43 Info > Completed data mirroring process.0 new platforms, 1 updated platforms = total elapsed time: 00:00:14.4360000
2016/01/12 09:22:19 Info > Staring data upload process
2016/01/12 09:22:24 Info > Completed data upload process.0 netflows.0 performancecounters. = Total Elapsed Time: 00:00:05.0730000
2016/01/12 09:26:43 Info > Staring platform inventory process
2016/01/12 09:26:43 Info > Started data mirroring process for Dimension Data : NA9
2016/01/12 09:26:52 Info > Completed data mirroring process for Dimension Data : NA9.0 new workloads.0 updated platform networks.4 updated workloads.0 removed workloads. = Total Execute Time: 00:00:08.8620000
2016/01/12 09:26:52 Info > Completed data mirroring process.0 new platforms, 1 updated platforms = total elapsed time: 00:00:09.0490000
2016/01/12 10:22:24 Info > Staring data upload process
2016/01/12 10:22:24 Info > Completed data upload process.0 netflows.0 performancecounters. = Total Elapsed Time: 00:00:00.1430000
2016/01/12 10:26:52 Info > Staring platform inventory process
2016/01/12 10:27:03 Info > Started data mirroring process for Dimension Data : NA9
2016/01/12 10:27:15 Info > Completed data mirroring process for Dimension Data : NA9.0 new workloads.0 updated platform networks.4 updated workloads.0 removed workloads. = Total Execute Time: 00:00:11.8750000
2016/01/12 10:27:15 Info > Completed data mirroring process.0 new platforms, 1 updated platforms = total elapsed time: 00:00:23.5720000
2016/01/12 11:22:24 Info > Staring data upload process
2016/01/12 11:22:24 Info > Completed data upload process.0 netflows.0 performancecounters. = Total Elapsed Time: 00:00:00.1610000
2016/01/12 11:27:15 Info > Staring platform inventory process
2016/01/12 11:27:15 Info > Started data mirroring process for Dimension Data : NA9
2016/01/12 11:27:25 Info > Completed data mirroring process for Dimension Data : NA9.0 new workloads.0 updated platform networks.4 updated workloads.0 removed workloads. = Total Execute Time: 00:00:09.2780000
2016/01/12 11:27:25 Info > Completed data mirroring process.0 new platforms, 1 updated platforms = total elapsed time: 00:00:09.4540000
2016/01/12 12:22:24 Info > Staring data upload process
2016/01/12 12:22:24 Info > Completed data upload process.0 netflows.0 performancecounters. = Total Elapsed Time: 00:00:00.1470000
2016/01/12 12:27:25 Info > Staring platform inventory process
2016/01/12 12:27:28 Info > Started data mirroring process for Dimension Data : NA9
2016/01/12 12:27:38 Info > Completed data mirroring process for Dimension Data : NA9.0 new workloads.0 updated platform networks.4 updated workloads.0 removed workloads. = Total Execute Time: 00:00:09.7710000
2016/01/12 12:27:38 Info > Completed data mirroring process.0 new platforms, 1 updated platforms = total elapsed time: 00:00:13.1950000
2016/01/12 01:22:24 Info > Staring data upload process
2016/01/12 01:22:25 Info > Completed data upload process.0 netflows.0 performancecounters. = Total Elapsed Time: 00:00:00.1390000
2016/01/12 01:27:38 Info > Staring platform inventory process
2016/01/12 01:27:38 Info > Started data mirroring process for Dimension Data : NA9
2016/01/12 01:27:48 Info > Completed data mirroring process for Dimension Data : NA9.0 new workloads.0 updated platform networks.4 updated workloads.0 removed workloads. = Total Execute Time: 00:00:09.6510000
2016/01/12 01:27:48 Info > Completed data mirroring process.0 new platforms, 1 updated platforms = total elapsed time: 00:00:09.8450000
2016/01/12 02:22:25 Info > Staring data upload process
2016/01/12 02:22:25 Info > Completed data upload process.0 netflows.0 performancecounters. = Total Elapsed Time: 00:00:00.1460000
2016/01/12 02:27:48 Info > Staring platform inventory process
2016/01/12 02:28:00 Info > Started data mirroring process for Dimension Data : NA9
2016/01/12 02:28:09 Info > Completed data mirroring process for Dimension Data : NA9.0 new workloads.0 updated platform networks.4 updated workloads.0 removed workloads. = Total Execute Time: 00:00:09.0320000
2016/01/12 02:28:09 Info > Completed data mirroring process.0 new platforms, 1 updated platforms = total elapsed time: 00:00:21.0240000
2016/01/12 03:22:25 Info > Staring data upload process
2016/01/12 03:22:25 Info > Completed data upload process.0 netflows.0 performancecounters. = Total Elapsed Time: 00:00:00.1520000
2016/01/12 03:28:09 Info > Staring platform inventory process
2016/01/12 03:28:09 Info > Started data mirroring process for Dimension Data : NA9
2016/01/12 03:28:19 Info > Completed data mirroring process for Dimension Data : NA9.0 new workloads.0 updated platform networks.4 updated workloads.0 removed workloads. = Total Execute Time: 00:00:09.9670000
2016/01/12 03:28:19 Info > Completed data mirroring process.0 new platforms, 1 updated platforms = total elapsed time: 00:00:10.1420000
2016/01/12 04:22:25 Info > Staring data upload process
2016/01/12 04:22:25 Info > Completed data upload process.0 netflows.0 performancecounters. = Total Elapsed Time: 00:00:00.1540000
2016/01/12 04:28:19 Info > Staring platform inventory process
2016/01/12 04:28:19 Info > Started data mirroring process for Dimension Data : NA9
2016/01/12 04:28:28 Info > Completed data mirroring process for Dimension Data : NA9.0 new workloads.0 updated platform networks.4 updated workloads.0 removed workloads. = Total Execute Time: 00:00:08.5110000
2016/01/12 04:28:28 Info > Completed data mirroring process.0 new platforms, 1 updated platforms = total elapsed time: 00:00:08.7100000
2016/01/12 05:22:25 Info > Staring data upload process
2016/01/12 05:22:25 Info > Completed data upload process.0 netflows.0 performancecounters. = Total Elapsed Time: 00:00:00.1860000
2016/01/12 05:28:28 Info > Staring platform inventory process
2016/01/12 05:28:28 Info > Started data mirroring process for Dimension Data : NA9
2016/01/12 05:28:37 Info > Completed data mirroring process for Dimension Data : NA9.0 new workloads.0 updated platform networks.4 updated workloads.0 removed workloads. = Total Execute Time: 00:00:09.6220000
2016/01/12 05:28:37 Info > Completed data mirroring process.0 new platforms, 1 updated platforms = total elapsed time: 00:00:09.8010000
2016/01/12 06:22:25 Info > Staring data upload process
2016/01/12 06:22:26 Info > Completed data upload process.0 netflows.0 performancecounters. = Total Elapsed Time: 00:00:00.1710000
2016/01/12 06:28:37 Info > Staring platform inventory process
2016/01/12 06:28:38 Info > Started data mirroring process for Dimension Data : NA9
2016/01/12 06:28:47 Info > Completed data mirroring process for Dimension Data : NA9.0 new workloads.0 updated platform networks.4 updated workloads.0 removed workloads. = Total Execute Time: 00:00:09.0950000
2016/01/12 06:28:47 Info > Completed data mirroring process.0 new platforms, 1 updated platforms = total elapsed time: 00:00:09.2640000
2016/01/12 07:22:26 Info > Staring data upload process
2016/01/12 07:22:26 Info > Completed data upload process.0 netflows.0 performancecounters. = Total Elapsed Time: 00:00:00.1390000
2016/01/12 07:28:47 Info > Staring platform inventory process
2016/01/12 07:28:47 Info > Started data mirroring process for Dimension Data : NA9
2016/01/12 07:28:56 Info > Completed data mirroring process for Dimension Data : NA9.0 new workloads.0 updated platform networks.4 updated workloads.0 removed workloads. = Total Execute Time: 00:00:09.1060000
2016/01/12 07:28:56 Info > Completed data mirroring process.0 new platforms, 1 updated platforms = total elapsed time: 00:00:09.2720000
2016/01/12 08:22:26 Info > Staring data upload process
2016/01/12 08:22:26 Info > Completed data upload process.0 netflows.0 performancecounters. = Total Elapsed Time: 00:00:00.1470000
2016/01/12 08:28:56 Info > Staring platform inventory process
2016/01/12 08:28:56 Info > Started data mirroring process for Dimension Data : NA9
2016/01/12 08:29:05 Info > Completed data mirroring process for Dimension Data : NA9.0 new workloads.0 updated platform networks.4 updated workloads.0 removed workloads. = Total Execute Time: 00:00:09.3520000
2016/01/12 08:29:05 Info > Completed data mirroring process.0 new platforms, 1 updated platforms = total elapsed time: 00:00:09.5370000
2016/01/12 09:22:26 Info > Staring data upload process
2016/01/12 09:22:26 Info > Completed data upload process.0 netflows.0 performancecounters. = Total Elapsed Time: 00:00:00.1530000
2016/01/12 09:29:05 Info > Staring platform inventory process
2016/01/12 09:29:06 Info > Started data mirroring process for Dimension Data : NA9
2016/01/12 09:29:14 Info > Completed data mirroring process for Dimension Data : NA9.0 new workloads.0 updated platform networks.4 updated workloads.0 removed workloads. = Total Execute Time: 00:00:08.6610000
2016/01/12 09:29:14 Info > Completed data mirroring process.0 new platforms, 1 updated platforms = total elapsed time: 00:00:08.8610000
2016/01/12 10:22:26 Info > Staring data upload process
2016/01/12 10:22:26 Info > Completed data upload process.0 netflows.0 performancecounters. = Total Elapsed Time: 00:00:00.1790000
2016/01/12 10:29:14 Info > Staring platform inventory process
2016/01/12 10:29:15 Info > Started data mirroring process for Dimension Data : NA9
2016/01/12 10:29:26 Info > Completed data mirroring process for Dimension Data : NA9.0 new workloads.0 updated platform networks.4 updated workloads.0 removed workloads. = Total Execute Time: 00:00:11.0520000
2016/01/12 10:29:26 Info > Completed data mirroring process.0 new platforms, 1 updated platforms = total elapsed time: 00:00:11.4300000
2016/01/12 11:22:26 Info > Staring data upload process
2016/01/12 11:22:27 Info > Completed data upload process.0 netflows.0 performancecounters. = Total Elapsed Time: 00:00:00.4030000
2016/01/12 11:29:26 Info > Staring platform inventory process
2016/01/12 11:29:26 Info > Started data mirroring process for Dimension Data : NA9
2016/01/12 11:29:34 Info > Completed data mirroring process for Dimension Data : NA9.0 new workloads.0 updated platform networks.4 updated workloads.0 removed workloads. = Total Execute Time: 00:00:08.5350000
2016/01/12 11:29:34 Info > Completed data mirroring process.0 new platforms, 1 updated platforms = total elapsed time: 00:00:08.7040000
