2016/01/23 12:02:21 Info > Staring data upload process
2016/01/23 12:04:35 Info > Completed data upload process.0 netflows.624 performancecounters. = Total Elapsed Time: 00:02:14.2810000
2016/01/23 12:15:24 Info > Starting workload performance collection
2016/01/23 12:18:55 Info > Completed performance collection | Elapsed Time 00:03:31.0580000 
2016/01/23 12:34:47 Info > Staring platform inventory process
2016/01/23 12:34:47 Info > Started data mirroring process for Dimension Data : NA9
2016/01/23 12:34:56 Info > Completed data mirroring process for Dimension Data : NA9.0 new workloads.0 updated platform networks.4 updated workloads.0 removed workloads. = Total Execute Time: 00:00:08.6860000
2016/01/23 12:34:56 Info > Completed data mirroring process.0 new platforms, 1 updated platforms = total elapsed time: 00:00:08.9400000
2016/01/23 12:48:55 Info > Starting workload performance collection
2016/01/23 12:52:47 Info > Completed performance collection | Elapsed Time 00:03:51.3020000 
2016/01/23 01:04:35 Info > Staring data upload process
2016/01/23 01:07:09 Info > Completed data upload process.0 netflows.624 performancecounters. = Total Elapsed Time: 00:02:33.2420000
2016/01/23 01:22:47 Info > Starting workload performance collection
2016/01/23 01:26:16 Info > Completed performance collection | Elapsed Time 00:03:29.2060000 
2016/01/23 01:34:56 Info > Staring platform inventory process
2016/01/23 01:34:56 Info > Started data mirroring process for Dimension Data : NA9
2016/01/23 01:35:05 Info > Completed data mirroring process for Dimension Data : NA9.0 new workloads.0 updated platform networks.4 updated workloads.0 removed workloads. = Total Execute Time: 00:00:08.7210000
2016/01/23 01:35:05 Info > Completed data mirroring process.0 new platforms, 1 updated platforms = total elapsed time: 00:00:08.9200000
2016/01/23 01:56:16 Info > Starting workload performance collection
2016/01/23 01:59:56 Info > Completed performance collection | Elapsed Time 00:03:40.2490000 
2016/01/23 02:07:09 Info > Staring data upload process
2016/01/23 02:09:40 Info > Completed data upload process.0 netflows.624 performancecounters. = Total Elapsed Time: 00:02:31.0060000
2016/01/23 02:29:56 Info > Starting workload performance collection
2016/01/23 02:33:24 Info > Completed performance collection | Elapsed Time 00:03:28.0080000 
2016/01/23 02:35:05 Info > Staring platform inventory process
2016/01/23 02:35:05 Info > Started data mirroring process for Dimension Data : NA9
2016/01/23 02:35:14 Info > Completed data mirroring process for Dimension Data : NA9.0 new workloads.0 updated platform networks.4 updated workloads.0 removed workloads. = Total Execute Time: 00:00:09.0590000
2016/01/23 02:35:14 Info > Completed data mirroring process.0 new platforms, 1 updated platforms = total elapsed time: 00:00:09.3120000
2016/01/23 03:03:24 Info > Starting workload performance collection
2016/01/23 03:06:50 Info > Completed performance collection | Elapsed Time 00:03:25.9660000 
2016/01/23 03:09:40 Info > Staring data upload process
2016/01/23 03:11:47 Info > Completed data upload process.0 netflows.624 performancecounters. = Total Elapsed Time: 00:02:06.7480000
2016/01/23 03:35:14 Info > Staring platform inventory process
2016/01/23 03:35:14 Info > Started data mirroring process for Dimension Data : NA9
2016/01/23 03:35:23 Info > Completed data mirroring process for Dimension Data : NA9.0 new workloads.0 updated platform networks.4 updated workloads.0 removed workloads. = Total Execute Time: 00:00:08.8640000
2016/01/23 03:35:23 Info > Completed data mirroring process.0 new platforms, 1 updated platforms = total elapsed time: 00:00:09.0960000
2016/01/23 03:36:50 Info > Starting workload performance collection
2016/01/23 03:40:12 Info > Completed performance collection | Elapsed Time 00:03:21.4820000 
2016/01/23 04:10:12 Info > Starting workload performance collection
2016/01/23 04:11:47 Info > Staring data upload process
2016/01/23 04:13:35 Info > Completed data upload process.0 netflows.455 performancecounters. = Total Elapsed Time: 00:01:48.3360000
2016/01/23 04:13:56 Info > Completed performance collection | Elapsed Time 00:03:44.4830000 
2016/01/23 04:35:23 Info > Staring platform inventory process
2016/01/23 04:35:23 Info > Started data mirroring process for Dimension Data : NA9
2016/01/23 04:35:32 Info > Completed data mirroring process for Dimension Data : NA9.0 new workloads.0 updated platform networks.4 updated workloads.0 removed workloads. = Total Execute Time: 00:00:08.7460000
2016/01/23 04:35:32 Info > Completed data mirroring process.0 new platforms, 1 updated platforms = total elapsed time: 00:00:08.9920000
2016/01/23 04:43:56 Info > Starting workload performance collection
2016/01/23 04:47:27 Info > Completed performance collection | Elapsed Time 00:03:30.6780000 
2016/01/23 05:13:35 Info > Staring data upload process
2016/01/23 05:15:39 Info > Completed data upload process.0 netflows.481 performancecounters. = Total Elapsed Time: 00:02:04.1670000
2016/01/23 05:17:27 Info > Starting workload performance collection
2016/01/23 05:20:53 Info > Completed performance collection | Elapsed Time 00:03:26.3050000 
2016/01/23 05:35:32 Info > Staring platform inventory process
2016/01/23 05:35:32 Info > Started data mirroring process for Dimension Data : NA9
2016/01/23 05:35:46 Info > Completed data mirroring process for Dimension Data : NA9.0 new workloads.0 updated platform networks.4 updated workloads.0 removed workloads. = Total Execute Time: 00:00:14.1530000
2016/01/23 05:35:46 Info > Completed data mirroring process.0 new platforms, 1 updated platforms = total elapsed time: 00:00:14.3940000
2016/01/23 05:50:53 Info > Starting workload performance collection
2016/01/23 05:54:23 Info > Completed performance collection | Elapsed Time 00:03:30.1180000 
2016/01/23 06:15:39 Info > Staring data upload process
2016/01/23 06:17:46 Info > Completed data upload process.0 netflows.624 performancecounters. = Total Elapsed Time: 00:02:06.4650000
2016/01/23 06:24:23 Info > Starting workload performance collection
2016/01/23 06:28:12 Info > Completed performance collection | Elapsed Time 00:03:48.3620000 
2016/01/23 06:35:46 Info > Staring platform inventory process
2016/01/23 06:35:47 Info > Started data mirroring process for Dimension Data : NA9
2016/01/23 06:35:56 Info > Completed data mirroring process for Dimension Data : NA9.0 new workloads.0 updated platform networks.4 updated workloads.0 removed workloads. = Total Execute Time: 00:00:08.9600000
2016/01/23 06:35:56 Info > Completed data mirroring process.0 new platforms, 1 updated platforms = total elapsed time: 00:00:09.1680000
2016/01/23 06:58:12 Info > Starting workload performance collection
2016/01/23 07:01:39 Info > Completed performance collection | Elapsed Time 00:03:27.5720000 
2016/01/23 07:17:46 Info > Staring data upload process
2016/01/23 07:19:52 Info > Completed data upload process.0 netflows.624 performancecounters. = Total Elapsed Time: 00:02:06.2900000
2016/01/23 07:31:39 Info > Starting workload performance collection
2016/01/23 07:35:07 Info > Completed performance collection | Elapsed Time 00:03:27.5970000 
2016/01/23 07:35:56 Info > Staring platform inventory process
2016/01/23 07:35:56 Info > Started data mirroring process for Dimension Data : NA9
2016/01/23 07:36:04 Info > Completed data mirroring process for Dimension Data : NA9.0 new workloads.0 updated platform networks.4 updated workloads.0 removed workloads. = Total Execute Time: 00:00:08.6970000
2016/01/23 07:36:04 Info > Completed data mirroring process.0 new platforms, 1 updated platforms = total elapsed time: 00:00:08.8970000
2016/01/23 08:05:07 Info > Starting workload performance collection
2016/01/23 08:09:03 Info > Completed performance collection | Elapsed Time 00:03:55.8770000 
2016/01/23 08:19:52 Info > Staring data upload process
2016/01/23 08:22:06 Info > Completed data upload process.0 netflows.624 performancecounters. = Total Elapsed Time: 00:02:13.5270000
2016/01/23 08:36:04 Info > Staring platform inventory process
2016/01/23 08:36:05 Info > Started data mirroring process for Dimension Data : NA9
2016/01/23 08:36:15 Info > Completed data mirroring process for Dimension Data : NA9.0 new workloads.0 updated platform networks.4 updated workloads.0 removed workloads. = Total Execute Time: 00:00:10.5040000
2016/01/23 08:36:15 Info > Completed data mirroring process.0 new platforms, 1 updated platforms = total elapsed time: 00:00:10.7120000
2016/01/23 08:39:03 Info > Starting workload performance collection
2016/01/23 08:43:05 Info > Completed performance collection | Elapsed Time 00:04:02.7310000 
2016/01/23 09:13:05 Info > Starting workload performance collection
2016/01/23 09:17:31 Info > Completed performance collection | Elapsed Time 00:04:25.6390000 
2016/01/23 09:22:06 Info > Staring data upload process
2016/01/23 09:24:22 Info > Completed data upload process.0 netflows.624 performancecounters. = Total Elapsed Time: 00:02:16.5790000
2016/01/23 09:36:15 Info > Staring platform inventory process
2016/01/23 09:36:15 Info > Started data mirroring process for Dimension Data : NA9
2016/01/23 09:36:24 Info > Completed data mirroring process for Dimension Data : NA9.0 new workloads.0 updated platform networks.4 updated workloads.0 removed workloads. = Total Execute Time: 00:00:08.9610000
2016/01/23 09:36:24 Info > Completed data mirroring process.0 new platforms, 1 updated platforms = total elapsed time: 00:00:09.2160000
2016/01/23 09:47:31 Info > Starting workload performance collection
2016/01/23 09:51:19 Info > Completed performance collection | Elapsed Time 00:03:47.8750000 
2016/01/23 10:20:18 Info > Starting workload performance collection
2016/01/23 10:23:21 Info > Staring data upload process
2016/01/23 10:24:12 Info > Completed performance collection | Elapsed Time 00:03:53.9060000 
2016/01/23 10:25:21 Info > Completed data upload process.0 netflows.566 performancecounters. = Total Elapsed Time: 00:02:00.2180000
2016/01/23 10:35:23 Info > Staring platform inventory process
2016/01/23 10:35:24 Info > Started data mirroring process for Dimension Data : NA9
2016/01/23 10:35:33 Info > Completed data mirroring process for Dimension Data : NA9.0 new workloads.0 updated platform networks.4 updated workloads.0 removed workloads. = Total Execute Time: 00:00:09.4210000
2016/01/23 10:35:33 Info > Completed data mirroring process.0 new platforms, 1 updated platforms = total elapsed time: 00:00:09.6960000
2016/01/23 10:54:12 Info > Starting workload performance collection
2016/01/23 10:58:25 Info > Completed performance collection | Elapsed Time 00:04:13.5140000 
2016/01/23 11:25:21 Info > Staring data upload process
2016/01/23 11:26:43 Info > Completed data upload process.0 netflows.370 performancecounters. = Total Elapsed Time: 00:01:21.7440000
2016/01/23 11:28:25 Info > Starting workload performance collection
2016/01/23 11:32:25 Info > Completed performance collection | Elapsed Time 00:04:00.1450000 
2016/01/23 11:35:33 Info > Staring platform inventory process
2016/01/23 11:35:33 Info > Started data mirroring process for Dimension Data : NA9
2016/01/23 11:35:42 Info > Completed data mirroring process for Dimension Data : NA9.0 new workloads.0 updated platform networks.4 updated workloads.0 removed workloads. = Total Execute Time: 00:00:09.1600000
2016/01/23 11:35:42 Info > Completed data mirroring process.0 new platforms, 1 updated platforms = total elapsed time: 00:00:09.3850000
2016/01/23 12:02:25 Info > Starting workload performance collection
2016/01/23 12:06:02 Info > Completed performance collection | Elapsed Time 00:03:36.8210000 
2016/01/23 12:26:43 Info > Staring data upload process
2016/01/23 12:29:02 Info > Completed data upload process.0 netflows.624 performancecounters. = Total Elapsed Time: 00:02:19.2810000
2016/01/23 12:35:42 Info > Staring platform inventory process
2016/01/23 12:35:46 Info > Started data mirroring process for Dimension Data : NA9
2016/01/23 12:35:54 Info > Completed data mirroring process for Dimension Data : NA9.0 new workloads.0 updated platform networks.4 updated workloads.0 removed workloads. = Total Execute Time: 00:00:08.4440000
2016/01/23 12:35:54 Info > Completed data mirroring process.0 new platforms, 1 updated platforms = total elapsed time: 00:00:11.7390000
2016/01/23 12:36:02 Info > Starting workload performance collection
2016/01/23 12:39:50 Info > Completed performance collection | Elapsed Time 00:03:47.8290000 
2016/01/23 01:09:50 Info > Starting workload performance collection
2016/01/23 01:13:34 Info > Completed performance collection | Elapsed Time 00:03:44.1930000 
2016/01/23 01:29:02 Info > Staring data upload process
2016/01/23 01:31:10 Info > Completed data upload process.0 netflows.624 performancecounters. = Total Elapsed Time: 00:02:07.1890000
2016/01/23 01:35:54 Info > Staring platform inventory process
2016/01/23 01:35:54 Info > Started data mirroring process for Dimension Data : NA9
2016/01/23 01:36:04 Info > Completed data mirroring process for Dimension Data : NA9.0 new workloads.0 updated platform networks.4 updated workloads.0 removed workloads. = Total Execute Time: 00:00:09.5160000
2016/01/23 01:36:04 Info > Completed data mirroring process.0 new platforms, 1 updated platforms = total elapsed time: 00:00:09.7240000
2016/01/23 01:43:34 Info > Starting workload performance collection
2016/01/23 01:47:33 Info > Completed performance collection | Elapsed Time 00:03:58.6550000 
2016/01/23 02:17:33 Info > Starting workload performance collection
2016/01/23 02:22:36 Info > Completed performance collection | Elapsed Time 00:05:03.2310000 
2016/01/23 02:31:10 Info > Staring data upload process
2016/01/23 02:34:12 Info > Completed data upload process.0 netflows.624 performancecounters. = Total Elapsed Time: 00:03:02.6140000
2016/01/23 02:36:04 Info > Staring platform inventory process
2016/01/23 02:36:04 Info > Started data mirroring process for Dimension Data : NA9
2016/01/23 02:36:15 Info > Completed data mirroring process for Dimension Data : NA9.0 new workloads.0 updated platform networks.4 updated workloads.0 removed workloads. = Total Execute Time: 00:00:10.9220000
2016/01/23 02:36:15 Info > Completed data mirroring process.0 new platforms, 1 updated platforms = total elapsed time: 00:00:11.1920000
2016/01/23 02:52:36 Info > Starting workload performance collection
2016/01/23 02:56:31 Info > Completed performance collection | Elapsed Time 00:03:54.4400000 
2016/01/23 03:26:31 Info > Starting workload performance collection
2016/01/23 03:30:40 Info > Completed performance collection | Elapsed Time 00:04:09.8170000 
2016/01/23 03:34:12 Info > Staring data upload process
2016/01/23 03:36:15 Info > Staring platform inventory process
2016/01/23 03:36:15 Info > Started data mirroring process for Dimension Data : NA9
2016/01/23 03:36:26 Info > Completed data mirroring process for Dimension Data : NA9.0 new workloads.0 updated platform networks.4 updated workloads.0 removed workloads. = Total Execute Time: 00:00:10.7330000
2016/01/23 03:36:26 Info > Completed data mirroring process.0 new platforms, 1 updated platforms = total elapsed time: 00:00:11.1730000
2016/01/23 03:36:32 Info > Completed data upload process.0 netflows.624 performancecounters. = Total Elapsed Time: 00:02:19.8200000
2016/01/23 04:00:40 Info > Starting workload performance collection
2016/01/23 04:04:34 Info > Completed performance collection | Elapsed Time 00:03:53.7350000 
2016/01/23 04:34:34 Info > Starting workload performance collection
2016/01/23 04:36:26 Info > Staring platform inventory process
2016/01/23 04:36:26 Info > Started data mirroring process for Dimension Data : NA9
2016/01/23 04:36:32 Info > Staring data upload process
2016/01/23 04:36:38 Info > Completed data mirroring process for Dimension Data : NA9.0 new workloads.0 updated platform networks.4 updated workloads.0 removed workloads. = Total Execute Time: 00:00:11.1050000
2016/01/23 04:36:38 Info > Completed data mirroring process.0 new platforms, 1 updated platforms = total elapsed time: 00:00:11.3510000
2016/01/23 04:38:29 Info > Completed data upload process.0 netflows.460 performancecounters. = Total Elapsed Time: 00:01:56.8010000
2016/01/23 04:39:17 Info > Completed performance collection | Elapsed Time 00:04:42.2970000 
2016/01/23 05:09:17 Info > Starting workload performance collection
2016/01/23 05:12:55 Info > Completed performance collection | Elapsed Time 00:03:38.8410000 
2016/01/23 05:36:38 Info > Staring platform inventory process
2016/01/23 05:36:38 Info > Started data mirroring process for Dimension Data : NA9
2016/01/23 05:36:47 Info > Completed data mirroring process for Dimension Data : NA9.0 new workloads.0 updated platform networks.4 updated workloads.0 removed workloads. = Total Execute Time: 00:00:08.6880000
2016/01/23 05:36:47 Info > Completed data mirroring process.0 new platforms, 1 updated platforms = total elapsed time: 00:00:08.9460000
2016/01/23 05:38:29 Info > Staring data upload process
2016/01/23 05:40:03 Info > Completed data upload process.0 netflows.476 performancecounters. = Total Elapsed Time: 00:01:33.8030000
2016/01/23 05:42:55 Info > Starting workload performance collection
2016/01/23 05:46:51 Info > Completed performance collection | Elapsed Time 00:03:56.0600000 
2016/01/23 06:16:51 Info > Starting workload performance collection
2016/01/23 06:21:01 Info > Completed performance collection | Elapsed Time 00:04:09.2280000 
2016/01/23 06:36:47 Info > Staring platform inventory process
2016/01/23 06:36:47 Info > Started data mirroring process for Dimension Data : NA9
2016/01/23 06:36:57 Info > Completed data mirroring process for Dimension Data : NA9.0 new workloads.0 updated platform networks.4 updated workloads.0 removed workloads. = Total Execute Time: 00:00:09.7980000
2016/01/23 06:36:57 Info > Completed data mirroring process.0 new platforms, 1 updated platforms = total elapsed time: 00:00:10.0180000
2016/01/23 06:40:03 Info > Staring data upload process
2016/01/23 06:42:08 Info > Completed data upload process.0 netflows.624 performancecounters. = Total Elapsed Time: 00:02:05.4780000
2016/01/23 06:51:01 Info > Starting workload performance collection
2016/01/23 06:55:14 Info > Completed performance collection | Elapsed Time 00:04:13.7020000 
2016/01/23 07:25:14 Info > Starting workload performance collection
2016/01/23 07:29:15 Info > Completed performance collection | Elapsed Time 00:04:00.9050000 
2016/01/23 07:36:57 Info > Staring platform inventory process
2016/01/23 07:36:57 Info > Started data mirroring process for Dimension Data : NA9
2016/01/23 07:37:06 Info > Completed data mirroring process for Dimension Data : NA9.0 new workloads.0 updated platform networks.4 updated workloads.0 removed workloads. = Total Execute Time: 00:00:09.4530000
2016/01/23 07:37:06 Info > Completed data mirroring process.0 new platforms, 1 updated platforms = total elapsed time: 00:00:09.6640000
2016/01/23 07:42:08 Info > Staring data upload process
2016/01/23 07:44:36 Info > Completed data upload process.0 netflows.624 performancecounters. = Total Elapsed Time: 00:02:27.7470000
2016/01/23 07:59:15 Info > Starting workload performance collection
2016/01/23 08:03:45 Info > Completed performance collection | Elapsed Time 00:04:29.8060000 
2016/01/23 08:33:45 Info > Starting workload performance collection
2016/01/23 08:37:06 Info > Staring platform inventory process
2016/01/23 08:37:06 Info > Started data mirroring process for Dimension Data : NA9
2016/01/23 08:37:17 Info > Completed data mirroring process for Dimension Data : NA9.0 new workloads.0 updated platform networks.4 updated workloads.0 removed workloads. = Total Execute Time: 00:00:10.8150000
2016/01/23 08:37:17 Info > Completed data mirroring process.0 new platforms, 1 updated platforms = total elapsed time: 00:00:11.0360000
2016/01/23 08:38:19 Info > Completed performance collection | Elapsed Time 00:04:33.7160000 
2016/01/23 08:44:36 Info > Staring data upload process
2016/01/23 08:46:45 Info > Completed data upload process.0 netflows.624 performancecounters. = Total Elapsed Time: 00:02:08.5420000
2016/01/23 09:08:19 Info > Starting workload performance collection
2016/01/23 09:12:56 Info > Completed performance collection | Elapsed Time 00:04:37.4630000 
2016/01/23 09:28:44 Info > Staring operating system inventory process
2016/01/23 09:29:45 Info > Completed operating system inventory. [updated workloads.0] = Total Execute Time: 00:01:00.5980000
2016/01/23 09:37:17 Info > Staring platform inventory process
2016/01/23 09:37:18 Info > Started data mirroring process for Dimension Data : NA9
2016/01/23 09:37:27 Info > Completed data mirroring process for Dimension Data : NA9.0 new workloads.0 updated platform networks.4 updated workloads.0 removed workloads. = Total Execute Time: 00:00:09.4510000
2016/01/23 09:37:27 Info > Completed data mirroring process.0 new platforms, 1 updated platforms = total elapsed time: 00:00:09.6560000
2016/01/23 09:42:56 Info > Starting workload performance collection
2016/01/23 09:46:45 Info > Staring data upload process
2016/01/23 09:47:27 Info > Completed performance collection | Elapsed Time 00:04:30.7190000 
2016/01/23 09:48:47 Info > Completed data upload process.0 netflows.582 performancecounters. = Total Elapsed Time: 00:02:02.1180000
2016/01/23 10:17:27 Info > Starting workload performance collection
2016/01/23 10:21:43 Info > Completed performance collection | Elapsed Time 00:04:16.4390000 
2016/01/23 10:37:27 Info > Staring platform inventory process
2016/01/23 10:37:27 Info > Started data mirroring process for Dimension Data : NA9
2016/01/23 10:37:37 Info > Completed data mirroring process for Dimension Data : NA9.0 new workloads.0 updated platform networks.4 updated workloads.0 removed workloads. = Total Execute Time: 00:00:09.2590000
2016/01/23 10:37:37 Info > Completed data mirroring process.0 new platforms, 1 updated platforms = total elapsed time: 00:00:09.5400000
2016/01/23 10:48:47 Info > Staring data upload process
2016/01/23 10:50:12 Info > Completed data upload process.0 netflows.354 performancecounters. = Total Elapsed Time: 00:01:24.7610000
2016/01/23 10:51:43 Info > Starting workload performance collection
2016/01/23 10:55:27 Info > Completed performance collection | Elapsed Time 00:03:43.3790000 
2016/01/23 11:25:27 Info > Starting workload performance collection
2016/01/23 11:29:10 Info > Completed performance collection | Elapsed Time 00:03:43.2920000 
2016/01/23 11:37:37 Info > Staring platform inventory process
2016/01/23 11:37:38 Info > Started data mirroring process for Dimension Data : NA9
2016/01/23 11:37:47 Info > Completed data mirroring process for Dimension Data : NA9.0 new workloads.0 updated platform networks.4 updated workloads.0 removed workloads. = Total Execute Time: 00:00:09.0240000
2016/01/23 11:37:47 Info > Completed data mirroring process.0 new platforms, 1 updated platforms = total elapsed time: 00:00:10.1110000
2016/01/23 11:50:12 Info > Staring data upload process
2016/01/23 11:52:24 Info > Completed data upload process.0 netflows.624 performancecounters. = Total Elapsed Time: 00:02:12.1940000
2016/01/23 11:59:10 Info > Starting workload performance collection
