2016/01/16 12:27:55 Info > Starting workload performance collection
2016/01/16 12:29:14 Info > Staring platform inventory process
2016/01/16 12:29:14 Info > Started data mirroring process for Dimension Data : NA9
2016/01/16 12:29:22 Info > Completed data mirroring process for Dimension Data : NA9.0 new workloads.0 updated platform networks.4 updated workloads.0 removed workloads. = Total Execute Time: 00:00:08.3450000
2016/01/16 12:29:22 Info > Completed data mirroring process.0 new platforms, 1 updated platforms = total elapsed time: 00:00:08.5070000
2016/01/16 12:30:01 Error > 2607:f480:111:1520:1c67:edaa:40ac:5ad9 returned the following error while collecting performance data for counter : Processor : The network path was not found.

2016/01/16 12:30:19 Error > 2607:f480:111:1520:1c67:edaa:40ac:5ad9 returned the following error while collecting performance data for counter : Memory : The network path was not found.

2016/01/16 12:30:43 Info > Staring data upload process
2016/01/16 12:30:48 Error > 2607:f480:111:1520:1c67:edaa:40ac:5ad9 returned the following error while collecting performance data for counter : LogicalDisk : The network path was not found.

2016/01/16 12:31:05 Error > 2607:f480:111:1520:1c67:edaa:40ac:5ad9 returned the following error while collecting performance data for counter : PhysicalDisk : The network path was not found.

2016/01/16 12:31:32 Info > Completed data upload process.0 netflows.420 performancecounters. = Total Elapsed Time: 00:00:49.4030000
2016/01/16 12:31:40 Error > 2607:f480:111:1520:1c67:edaa:40ac:5ad9 returned the following error while collecting performance data for counter : Network Interface : The network path was not found.

2016/01/16 12:32:00 Error > 2607:f480:111:1520:1c67:edaa:40ac:5ad9 returned the following error while collecting performance data for counter : Double-Take Connection : The network path was not found.

2016/01/16 12:32:32 Error > 2607:f480:111:1520:1c67:edaa:40ac:5ad9 returned the following error while collecting performance data for counter : Double-Take Kernel : The network path was not found.

2016/01/16 12:32:50 Error > 2607:f480:111:1520:1c67:edaa:40ac:5ad9 returned the following error while collecting performance data for counter : Double-Take Source : The network path was not found.

2016/01/16 12:33:24 Error > 2607:f480:111:1520:1c67:edaa:40ac:5ad9 returned the following error while collecting performance data for counter : Double-Take Target : The network path was not found.

2016/01/16 12:33:24 Info > Completed performance collection | Elapsed Time 00:05:29.3990000 
2016/01/16 01:03:24 Info > Starting workload performance collection
2016/01/16 01:05:34 Error > 2607:f480:111:1520:1c67:edaa:40ac:5ad9 returned the following error while collecting performance data for counter : Processor : The network path was not found.

2016/01/16 01:05:52 Error > 2607:f480:111:1520:1c67:edaa:40ac:5ad9 returned the following error while collecting performance data for counter : Memory : The network path was not found.

2016/01/16 01:06:26 Error > 2607:f480:111:1520:1c67:edaa:40ac:5ad9 returned the following error while collecting performance data for counter : LogicalDisk : The network path was not found.

2016/01/16 01:06:44 Error > 2607:f480:111:1520:1c67:edaa:40ac:5ad9 returned the following error while collecting performance data for counter : PhysicalDisk : The network path was not found.

2016/01/16 01:07:18 Error > 2607:f480:111:1520:1c67:edaa:40ac:5ad9 returned the following error while collecting performance data for counter : Network Interface : The network path was not found.

2016/01/16 01:07:35 Error > 2607:f480:111:1520:1c67:edaa:40ac:5ad9 returned the following error while collecting performance data for counter : Double-Take Connection : The network path was not found.

2016/01/16 01:08:07 Error > 2607:f480:111:1520:1c67:edaa:40ac:5ad9 returned the following error while collecting performance data for counter : Double-Take Kernel : The network path was not found.

2016/01/16 01:08:25 Error > 2607:f480:111:1520:1c67:edaa:40ac:5ad9 returned the following error while collecting performance data for counter : Double-Take Source : The network path was not found.

2016/01/16 01:08:58 Error > 2607:f480:111:1520:1c67:edaa:40ac:5ad9 returned the following error while collecting performance data for counter : Double-Take Target : The network path was not found.

2016/01/16 01:08:58 Info > Completed performance collection | Elapsed Time 00:05:33.6600000 
2016/01/16 01:29:22 Info > Staring platform inventory process
2016/01/16 01:29:22 Info > Started data mirroring process for Dimension Data : NA9
2016/01/16 01:29:31 Info > Completed data mirroring process for Dimension Data : NA9.0 new workloads.0 updated platform networks.4 updated workloads.0 removed workloads. = Total Execute Time: 00:00:08.4780000
2016/01/16 01:29:31 Info > Completed data mirroring process.0 new platforms, 1 updated platforms = total elapsed time: 00:00:08.6660000
2016/01/16 01:31:32 Info > Staring data upload process
2016/01/16 01:31:57 Info > Completed data upload process.0 netflows.210 performancecounters. = Total Elapsed Time: 00:00:24.5570000
2016/01/16 01:38:58 Info > Starting workload performance collection
2016/01/16 01:40:55 Error > 2607:f480:111:1520:1c67:edaa:40ac:5ad9 returned the following error while collecting performance data for counter : Processor : The network path was not found.

2016/01/16 01:41:13 Error > 2607:f480:111:1520:1c67:edaa:40ac:5ad9 returned the following error while collecting performance data for counter : Memory : The network path was not found.

2016/01/16 01:41:44 Error > 2607:f480:111:1520:1c67:edaa:40ac:5ad9 returned the following error while collecting performance data for counter : LogicalDisk : The network path was not found.

2016/01/16 01:42:02 Error > 2607:f480:111:1520:1c67:edaa:40ac:5ad9 returned the following error while collecting performance data for counter : PhysicalDisk : The network path was not found.

2016/01/16 01:42:38 Error > 2607:f480:111:1520:1c67:edaa:40ac:5ad9 returned the following error while collecting performance data for counter : Network Interface : The network path was not found.

2016/01/16 01:42:56 Error > 2607:f480:111:1520:1c67:edaa:40ac:5ad9 returned the following error while collecting performance data for counter : Double-Take Connection : The network path was not found.

2016/01/16 01:43:28 Error > 2607:f480:111:1520:1c67:edaa:40ac:5ad9 returned the following error while collecting performance data for counter : Double-Take Kernel : The network path was not found.

2016/01/16 01:43:44 Error > 2607:f480:111:1520:1c67:edaa:40ac:5ad9 returned the following error while collecting performance data for counter : Double-Take Source : The network path was not found.

2016/01/16 01:44:14 Error > 2607:f480:111:1520:1c67:edaa:40ac:5ad9 returned the following error while collecting performance data for counter : Double-Take Target : The network path was not found.

2016/01/16 01:44:14 Info > Completed performance collection | Elapsed Time 00:05:16.5120000 
2016/01/16 02:14:14 Info > Starting workload performance collection
2016/01/16 02:16:18 Error > 2607:f480:111:1520:1c67:edaa:40ac:5ad9 returned the following error while collecting performance data for counter : Processor : The network path was not found.

2016/01/16 02:16:34 Error > 2607:f480:111:1520:1c67:edaa:40ac:5ad9 returned the following error while collecting performance data for counter : Memory : The network path was not found.

2016/01/16 02:17:10 Error > 2607:f480:111:1520:1c67:edaa:40ac:5ad9 returned the following error while collecting performance data for counter : LogicalDisk : The network path was not found.

2016/01/16 02:17:25 Error > 2607:f480:111:1520:1c67:edaa:40ac:5ad9 returned the following error while collecting performance data for counter : PhysicalDisk : The network path was not found.

2016/01/16 02:17:59 Error > 2607:f480:111:1520:1c67:edaa:40ac:5ad9 returned the following error while collecting performance data for counter : Network Interface : The network path was not found.

2016/01/16 02:18:17 Error > 2607:f480:111:1520:1c67:edaa:40ac:5ad9 returned the following error while collecting performance data for counter : Double-Take Connection : The network path was not found.

2016/01/16 02:18:51 Error > 2607:f480:111:1520:1c67:edaa:40ac:5ad9 returned the following error while collecting performance data for counter : Double-Take Kernel : The network path was not found.

2016/01/16 02:19:06 Error > 2607:f480:111:1520:1c67:edaa:40ac:5ad9 returned the following error while collecting performance data for counter : Double-Take Source : The network path was not found.

2016/01/16 02:19:40 Error > 2607:f480:111:1520:1c67:edaa:40ac:5ad9 returned the following error while collecting performance data for counter : Double-Take Target : The network path was not found.

2016/01/16 02:19:40 Info > Completed performance collection | Elapsed Time 00:05:25.6020000 
2016/01/16 02:29:31 Info > Staring platform inventory process
2016/01/16 02:29:31 Info > Started data mirroring process for Dimension Data : NA9
2016/01/16 02:29:40 Info > Completed data mirroring process for Dimension Data : NA9.0 new workloads.0 updated platform networks.4 updated workloads.0 removed workloads. = Total Execute Time: 00:00:08.7380000
2016/01/16 02:29:40 Info > Completed data mirroring process.0 new platforms, 1 updated platforms = total elapsed time: 00:00:08.9000000
2016/01/16 02:31:57 Info > Staring data upload process
2016/01/16 02:32:46 Info > Completed data upload process.0 netflows.420 performancecounters. = Total Elapsed Time: 00:00:49.0540000
2016/01/16 02:49:40 Info > Starting workload performance collection
2016/01/16 02:52:11 Error > 2607:f480:111:1520:1c67:edaa:40ac:5ad9 returned the following error while collecting performance data for counter : Processor : The network path was not found.

2016/01/16 02:52:29 Error > 2607:f480:111:1520:1c67:edaa:40ac:5ad9 returned the following error while collecting performance data for counter : Memory : The network path was not found.

2016/01/16 02:53:03 Error > 2607:f480:111:1520:1c67:edaa:40ac:5ad9 returned the following error while collecting performance data for counter : LogicalDisk : The network path was not found.

2016/01/16 02:53:21 Error > 2607:f480:111:1520:1c67:edaa:40ac:5ad9 returned the following error while collecting performance data for counter : PhysicalDisk : The network path was not found.

2016/01/16 02:53:50 Error > 2607:f480:111:1520:1c67:edaa:40ac:5ad9 returned the following error while collecting performance data for counter : Network Interface : The network path was not found.

2016/01/16 02:54:08 Error > 2607:f480:111:1520:1c67:edaa:40ac:5ad9 returned the following error while collecting performance data for counter : Double-Take Connection : The network path was not found.

2016/01/16 02:54:41 Error > 2607:f480:111:1520:1c67:edaa:40ac:5ad9 returned the following error while collecting performance data for counter : Double-Take Kernel : The network path was not found.

2016/01/16 02:55:00 Error > 2607:f480:111:1520:1c67:edaa:40ac:5ad9 returned the following error while collecting performance data for counter : Double-Take Source : The network path was not found.

2016/01/16 02:55:32 Error > 2607:f480:111:1520:1c67:edaa:40ac:5ad9 returned the following error while collecting performance data for counter : Double-Take Target : The network path was not found.

2016/01/16 02:55:32 Info > Completed performance collection | Elapsed Time 00:05:51.8670000 
2016/01/16 03:25:32 Info > Starting workload performance collection
2016/01/16 03:27:34 Error > 2607:f480:111:1520:1c67:edaa:40ac:5ad9 returned the following error while collecting performance data for counter : Processor : The network path was not found.

2016/01/16 03:27:53 Error > 2607:f480:111:1520:1c67:edaa:40ac:5ad9 returned the following error while collecting performance data for counter : Memory : The network path was not found.

2016/01/16 03:28:24 Error > 2607:f480:111:1520:1c67:edaa:40ac:5ad9 returned the following error while collecting performance data for counter : LogicalDisk : The network path was not found.

2016/01/16 03:28:42 Error > 2607:f480:111:1520:1c67:edaa:40ac:5ad9 returned the following error while collecting performance data for counter : PhysicalDisk : The network path was not found.

2016/01/16 03:29:15 Error > 2607:f480:111:1520:1c67:edaa:40ac:5ad9 returned the following error while collecting performance data for counter : Network Interface : The network path was not found.

2016/01/16 03:29:31 Error > 2607:f480:111:1520:1c67:edaa:40ac:5ad9 returned the following error while collecting performance data for counter : Double-Take Connection : The network path was not found.

2016/01/16 03:29:40 Info > Staring platform inventory process
2016/01/16 03:29:40 Info > Started data mirroring process for Dimension Data : NA9
2016/01/16 03:29:48 Info > Completed data mirroring process for Dimension Data : NA9.0 new workloads.0 updated platform networks.4 updated workloads.0 removed workloads. = Total Execute Time: 00:00:08.3600000
2016/01/16 03:29:48 Info > Completed data mirroring process.0 new platforms, 1 updated platforms = total elapsed time: 00:00:08.5310000
2016/01/16 03:30:07 Error > 2607:f480:111:1520:1c67:edaa:40ac:5ad9 returned the following error while collecting performance data for counter : Double-Take Kernel : The network path was not found.

2016/01/16 03:30:22 Error > 2607:f480:111:1520:1c67:edaa:40ac:5ad9 returned the following error while collecting performance data for counter : Double-Take Source : The network path was not found.

2016/01/16 03:30:56 Error > 2607:f480:111:1520:1c67:edaa:40ac:5ad9 returned the following error while collecting performance data for counter : Double-Take Target : The network path was not found.

2016/01/16 03:30:56 Info > Completed performance collection | Elapsed Time 00:05:24.2220000 
2016/01/16 03:32:46 Info > Staring data upload process
2016/01/16 03:33:40 Info > Completed data upload process.0 netflows.420 performancecounters. = Total Elapsed Time: 00:00:54.2330000
2016/01/16 04:00:56 Info > Starting workload performance collection
2016/01/16 04:03:06 Error > 2607:f480:111:1520:1c67:edaa:40ac:5ad9 returned the following error while collecting performance data for counter : Processor : The network path was not found.

2016/01/16 04:03:23 Error > 2607:f480:111:1520:1c67:edaa:40ac:5ad9 returned the following error while collecting performance data for counter : Memory : The network path was not found.

2016/01/16 04:03:53 Error > 2607:f480:111:1520:1c67:edaa:40ac:5ad9 returned the following error while collecting performance data for counter : LogicalDisk : The network path was not found.

2016/01/16 04:04:11 Error > 2607:f480:111:1520:1c67:edaa:40ac:5ad9 returned the following error while collecting performance data for counter : PhysicalDisk : The network path was not found.

2016/01/16 04:04:45 Error > 2607:f480:111:1520:1c67:edaa:40ac:5ad9 returned the following error while collecting performance data for counter : Network Interface : The network path was not found.

2016/01/16 04:05:04 Error > 2607:f480:111:1520:1c67:edaa:40ac:5ad9 returned the following error while collecting performance data for counter : Double-Take Connection : The network path was not found.

2016/01/16 04:05:37 Error > 2607:f480:111:1520:1c67:edaa:40ac:5ad9 returned the following error while collecting performance data for counter : Double-Take Kernel : The network path was not found.

2016/01/16 04:05:52 Error > 2607:f480:111:1520:1c67:edaa:40ac:5ad9 returned the following error while collecting performance data for counter : Double-Take Source : The network path was not found.

2016/01/16 04:06:24 Error > 2607:f480:111:1520:1c67:edaa:40ac:5ad9 returned the following error while collecting performance data for counter : Double-Take Target : The network path was not found.

2016/01/16 04:06:25 Info > Completed performance collection | Elapsed Time 00:05:28.5560000 
2016/01/16 04:29:48 Info > Staring platform inventory process
2016/01/16 04:29:54 Info > Started data mirroring process for Dimension Data : NA9
2016/01/16 04:30:02 Info > Completed data mirroring process for Dimension Data : NA9.0 new workloads.0 updated platform networks.4 updated workloads.0 removed workloads. = Total Execute Time: 00:00:08.3550000
2016/01/16 04:30:02 Info > Completed data mirroring process.0 new platforms, 1 updated platforms = total elapsed time: 00:00:13.9820000
2016/01/16 04:33:40 Info > Staring data upload process
2016/01/16 04:34:05 Info > Completed data upload process.0 netflows.210 performancecounters. = Total Elapsed Time: 00:00:25.1230000
2016/01/16 04:36:25 Info > Starting workload performance collection
2016/01/16 04:38:24 Error > 2607:f480:111:1520:1c67:edaa:40ac:5ad9 returned the following error while collecting performance data for counter : Processor : The network path was not found.

2016/01/16 04:38:42 Error > 2607:f480:111:1520:1c67:edaa:40ac:5ad9 returned the following error while collecting performance data for counter : Memory : The network path was not found.

2016/01/16 04:39:14 Error > 2607:f480:111:1520:1c67:edaa:40ac:5ad9 returned the following error while collecting performance data for counter : LogicalDisk : The network path was not found.

2016/01/16 04:39:32 Error > 2607:f480:111:1520:1c67:edaa:40ac:5ad9 returned the following error while collecting performance data for counter : PhysicalDisk : The network path was not found.

2016/01/16 04:40:05 Error > 2607:f480:111:1520:1c67:edaa:40ac:5ad9 returned the following error while collecting performance data for counter : Network Interface : The network path was not found.

2016/01/16 04:40:23 Error > 2607:f480:111:1520:1c67:edaa:40ac:5ad9 returned the following error while collecting performance data for counter : Double-Take Connection : The network path was not found.

2016/01/16 04:40:56 Error > 2607:f480:111:1520:1c67:edaa:40ac:5ad9 returned the following error while collecting performance data for counter : Double-Take Kernel : The network path was not found.

2016/01/16 04:41:13 Error > 2607:f480:111:1520:1c67:edaa:40ac:5ad9 returned the following error while collecting performance data for counter : Double-Take Source : The network path was not found.

2016/01/16 04:41:44 Error > 2607:f480:111:1520:1c67:edaa:40ac:5ad9 returned the following error while collecting performance data for counter : Double-Take Target : The network path was not found.

2016/01/16 04:41:44 Info > Completed performance collection | Elapsed Time 00:05:19.8380000 
2016/01/16 05:11:44 Info > Starting workload performance collection
2016/01/16 05:13:43 Error > 2607:f480:111:1520:1c67:edaa:40ac:5ad9 returned the following error while collecting performance data for counter : Processor : The network path was not found.

2016/01/16 05:14:01 Error > 2607:f480:111:1520:1c67:edaa:40ac:5ad9 returned the following error while collecting performance data for counter : Memory : The network path was not found.

2016/01/16 05:14:36 Error > 2607:f480:111:1520:1c67:edaa:40ac:5ad9 returned the following error while collecting performance data for counter : LogicalDisk : The network path was not found.

2016/01/16 05:14:55 Error > 2607:f480:111:1520:1c67:edaa:40ac:5ad9 returned the following error while collecting performance data for counter : PhysicalDisk : The network path was not found.

2016/01/16 05:15:28 Error > 2607:f480:111:1520:1c67:edaa:40ac:5ad9 returned the following error while collecting performance data for counter : Network Interface : The network path was not found.

2016/01/16 05:15:46 Error > 2607:f480:111:1520:1c67:edaa:40ac:5ad9 returned the following error while collecting performance data for counter : Double-Take Connection : The network path was not found.

2016/01/16 05:16:20 Error > 2607:f480:111:1520:1c67:edaa:40ac:5ad9 returned the following error while collecting performance data for counter : Double-Take Kernel : The network path was not found.

2016/01/16 05:16:34 Error > 2607:f480:111:1520:1c67:edaa:40ac:5ad9 returned the following error while collecting performance data for counter : Double-Take Source : The network path was not found.

2016/01/16 05:17:08 Error > 2607:f480:111:1520:1c67:edaa:40ac:5ad9 returned the following error while collecting performance data for counter : Double-Take Target : The network path was not found.

2016/01/16 05:17:08 Info > Completed performance collection | Elapsed Time 00:05:23.4910000 
2016/01/16 05:30:02 Info > Staring platform inventory process
2016/01/16 05:30:03 Info > Started data mirroring process for Dimension Data : NA9
2016/01/16 05:30:11 Info > Completed data mirroring process for Dimension Data : NA9.0 new workloads.0 updated platform networks.4 updated workloads.0 removed workloads. = Total Execute Time: 00:00:08.2100000
2016/01/16 05:30:11 Info > Completed data mirroring process.0 new platforms, 1 updated platforms = total elapsed time: 00:00:08.3920000
2016/01/16 05:34:05 Info > Staring data upload process
2016/01/16 05:35:03 Info > Completed data upload process.0 netflows.420 performancecounters. = Total Elapsed Time: 00:00:57.5460000
2016/01/16 05:47:08 Info > Starting workload performance collection
2016/01/16 05:49:13 Error > 2607:f480:111:1520:1c67:edaa:40ac:5ad9 returned the following error while collecting performance data for counter : Processor : The network path was not found.

2016/01/16 05:49:32 Error > 2607:f480:111:1520:1c67:edaa:40ac:5ad9 returned the following error while collecting performance data for counter : Memory : The network path was not found.

2016/01/16 05:50:08 Error > 2607:f480:111:1520:1c67:edaa:40ac:5ad9 returned the following error while collecting performance data for counter : LogicalDisk : The network path was not found.

2016/01/16 05:50:27 Error > 2607:f480:111:1520:1c67:edaa:40ac:5ad9 returned the following error while collecting performance data for counter : PhysicalDisk : The network path was not found.

2016/01/16 05:50:59 Error > 2607:f480:111:1520:1c67:edaa:40ac:5ad9 returned the following error while collecting performance data for counter : Network Interface : The network path was not found.

2016/01/16 05:51:13 Error > 2607:f480:111:1520:1c67:edaa:40ac:5ad9 returned the following error while collecting performance data for counter : Double-Take Connection : The network path was not found.

2016/01/16 05:51:26 Error > 2607:f480:111:1520:1c67:edaa:40ac:5ad9 returned the following error while collecting performance data for counter : Double-Take Kernel : The network path was not found.

2016/01/16 05:51:58 Error > 2607:f480:111:1520:1c67:edaa:40ac:5ad9 returned the following error while collecting performance data for counter : Double-Take Source : The network path was not found.

2016/01/16 05:52:15 Error > 2607:f480:111:1520:1c67:edaa:40ac:5ad9 returned the following error while collecting performance data for counter : Double-Take Target : The network path was not found.

2016/01/16 05:52:15 Info > Completed performance collection | Elapsed Time 00:05:07.4300000 
2016/01/16 06:22:15 Info > Starting workload performance collection
2016/01/16 06:24:24 Error > 2607:f480:111:1520:1c67:edaa:40ac:5ad9 returned the following error while collecting performance data for counter : Processor : The network path was not found.

2016/01/16 06:24:43 Error > 2607:f480:111:1520:1c67:edaa:40ac:5ad9 returned the following error while collecting performance data for counter : Memory : The network path was not found.

2016/01/16 06:25:20 Error > 2607:f480:111:1520:1c67:edaa:40ac:5ad9 returned the following error while collecting performance data for counter : LogicalDisk : The network path was not found.

2016/01/16 06:25:35 Error > 2607:f480:111:1520:1c67:edaa:40ac:5ad9 returned the following error while collecting performance data for counter : PhysicalDisk : The network path was not found.

2016/01/16 06:26:05 Error > 2607:f480:111:1520:1c67:edaa:40ac:5ad9 returned the following error while collecting performance data for counter : Network Interface : The network path was not found.

2016/01/16 06:26:24 Error > 2607:f480:111:1520:1c67:edaa:40ac:5ad9 returned the following error while collecting performance data for counter : Double-Take Connection : The network path was not found.

2016/01/16 06:26:55 Error > 2607:f480:111:1520:1c67:edaa:40ac:5ad9 returned the following error while collecting performance data for counter : Double-Take Kernel : The network path was not found.

2016/01/16 06:27:12 Error > 2607:f480:111:1520:1c67:edaa:40ac:5ad9 returned the following error while collecting performance data for counter : Double-Take Source : The network path was not found.

2016/01/16 06:27:44 Error > 2607:f480:111:1520:1c67:edaa:40ac:5ad9 returned the following error while collecting performance data for counter : Double-Take Target : The network path was not found.

2016/01/16 06:27:44 Info > Completed performance collection | Elapsed Time 00:05:28.5460000 
2016/01/16 06:30:11 Info > Staring platform inventory process
2016/01/16 06:30:11 Info > Started data mirroring process for Dimension Data : NA9
2016/01/16 06:30:19 Info > Completed data mirroring process for Dimension Data : NA9.0 new workloads.0 updated platform networks.4 updated workloads.0 removed workloads. = Total Execute Time: 00:00:08.1720000
2016/01/16 06:30:19 Info > Completed data mirroring process.0 new platforms, 1 updated platforms = total elapsed time: 00:00:08.3380000
2016/01/16 06:35:03 Info > Staring data upload process
2016/01/16 06:35:53 Info > Completed data upload process.0 netflows.420 performancecounters. = Total Elapsed Time: 00:00:50.1320000
2016/01/16 06:57:44 Info > Starting workload performance collection
2016/01/16 06:59:46 Error > 2607:f480:111:1520:1c67:edaa:40ac:5ad9 returned the following error while collecting performance data for counter : Processor : The network path was not found.

2016/01/16 07:00:05 Error > 2607:f480:111:1520:1c67:edaa:40ac:5ad9 returned the following error while collecting performance data for counter : Memory : The network path was not found.

2016/01/16 07:00:36 Error > 2607:f480:111:1520:1c67:edaa:40ac:5ad9 returned the following error while collecting performance data for counter : LogicalDisk : The network path was not found.

2016/01/16 07:00:55 Error > 2607:f480:111:1520:1c67:edaa:40ac:5ad9 returned the following error while collecting performance data for counter : PhysicalDisk : The network path was not found.

2016/01/16 07:01:28 Error > 2607:f480:111:1520:1c67:edaa:40ac:5ad9 returned the following error while collecting performance data for counter : Network Interface : The network path was not found.

2016/01/16 07:01:47 Error > 2607:f480:111:1520:1c67:edaa:40ac:5ad9 returned the following error while collecting performance data for counter : Double-Take Connection : The network path was not found.

2016/01/16 07:02:19 Error > 2607:f480:111:1520:1c67:edaa:40ac:5ad9 returned the following error while collecting performance data for counter : Double-Take Kernel : The network path was not found.

2016/01/16 07:02:35 Error > 2607:f480:111:1520:1c67:edaa:40ac:5ad9 returned the following error while collecting performance data for counter : Double-Take Source : The network path was not found.

2016/01/16 07:03:09 Error > 2607:f480:111:1520:1c67:edaa:40ac:5ad9 returned the following error while collecting performance data for counter : Double-Take Target : The network path was not found.

2016/01/16 07:03:09 Info > Completed performance collection | Elapsed Time 00:05:25.0120000 
2016/01/16 07:30:19 Info > Staring platform inventory process
2016/01/16 07:30:19 Info > Started data mirroring process for Dimension Data : NA9
2016/01/16 07:30:28 Info > Completed data mirroring process for Dimension Data : NA9.0 new workloads.0 updated platform networks.4 updated workloads.0 removed workloads. = Total Execute Time: 00:00:08.6330000
2016/01/16 07:30:28 Info > Completed data mirroring process.0 new platforms, 1 updated platforms = total elapsed time: 00:00:08.8370000
2016/01/16 07:33:09 Info > Starting workload performance collection
2016/01/16 07:35:13 Error > 2607:f480:111:1520:1c67:edaa:40ac:5ad9 returned the following error while collecting performance data for counter : Processor : The network path was not found.

2016/01/16 07:35:28 Error > 2607:f480:111:1520:1c67:edaa:40ac:5ad9 returned the following error while collecting performance data for counter : Memory : The network path was not found.

2016/01/16 07:35:53 Info > Staring data upload process
2016/01/16 07:35:58 Error > 2607:f480:111:1520:1c67:edaa:40ac:5ad9 returned the following error while collecting performance data for counter : LogicalDisk : The network path was not found.

2016/01/16 07:36:17 Error > 2607:f480:111:1520:1c67:edaa:40ac:5ad9 returned the following error while collecting performance data for counter : PhysicalDisk : The network path was not found.

2016/01/16 07:36:50 Error > 2607:f480:111:1520:1c67:edaa:40ac:5ad9 returned the following error while collecting performance data for counter : Network Interface : The network path was not found.

2016/01/16 07:37:04 Error > 2607:f480:111:1520:1c67:edaa:40ac:5ad9 returned the following error while collecting performance data for counter : Double-Take Connection : The network path was not found.

2016/01/16 07:37:04 Info > Completed data upload process.0 netflows.420 performancecounters. = Total Elapsed Time: 00:01:11.3030000
2016/01/16 07:37:33 Error > 2607:f480:111:1520:1c67:edaa:40ac:5ad9 returned the following error while collecting performance data for counter : Double-Take Kernel : The network path was not found.

2016/01/16 07:37:50 Error > 2607:f480:111:1520:1c67:edaa:40ac:5ad9 returned the following error while collecting performance data for counter : Double-Take Source : The network path was not found.

2016/01/16 07:38:21 Error > 2607:f480:111:1520:1c67:edaa:40ac:5ad9 returned the following error while collecting performance data for counter : Double-Take Target : The network path was not found.

2016/01/16 07:38:21 Info > Completed performance collection | Elapsed Time 00:05:11.6950000 
2016/01/16 08:08:21 Info > Starting workload performance collection
2016/01/16 08:10:30 Error > 2607:f480:111:1520:1c67:edaa:40ac:5ad9 returned the following error while collecting performance data for counter : Processor : The network path was not found.

2016/01/16 08:10:49 Error > 2607:f480:111:1520:1c67:edaa:40ac:5ad9 returned the following error while collecting performance data for counter : Memory : The network path was not found.

2016/01/16 08:11:25 Error > 2607:f480:111:1520:1c67:edaa:40ac:5ad9 returned the following error while collecting performance data for counter : LogicalDisk : The network path was not found.

2016/01/16 08:11:42 Error > 2607:f480:111:1520:1c67:edaa:40ac:5ad9 returned the following error while collecting performance data for counter : PhysicalDisk : The network path was not found.

2016/01/16 08:12:14 Error > 2607:f480:111:1520:1c67:edaa:40ac:5ad9 returned the following error while collecting performance data for counter : Network Interface : The network path was not found.

2016/01/16 08:12:33 Error > 2607:f480:111:1520:1c67:edaa:40ac:5ad9 returned the following error while collecting performance data for counter : Double-Take Connection : The network path was not found.

2016/01/16 08:13:07 Error > 2607:f480:111:1520:1c67:edaa:40ac:5ad9 returned the following error while collecting performance data for counter : Double-Take Kernel : The network path was not found.

2016/01/16 08:13:25 Error > 2607:f480:111:1520:1c67:edaa:40ac:5ad9 returned the following error while collecting performance data for counter : Double-Take Source : The network path was not found.

2016/01/16 08:13:58 Error > 2607:f480:111:1520:1c67:edaa:40ac:5ad9 returned the following error while collecting performance data for counter : Double-Take Target : The network path was not found.

2016/01/16 08:13:58 Info > Completed performance collection | Elapsed Time 00:05:37.3480000 
2016/01/16 08:30:28 Info > Staring platform inventory process
2016/01/16 08:30:28 Info > Started data mirroring process for Dimension Data : NA9
2016/01/16 08:30:37 Info > Completed data mirroring process for Dimension Data : NA9.0 new workloads.0 updated platform networks.4 updated workloads.0 removed workloads. = Total Execute Time: 00:00:08.5010000
2016/01/16 08:30:37 Info > Completed data mirroring process.0 new platforms, 1 updated platforms = total elapsed time: 00:00:08.6940000
2016/01/16 08:37:04 Info > Staring data upload process
2016/01/16 08:37:29 Info > Completed data upload process.0 netflows.210 performancecounters. = Total Elapsed Time: 00:00:24.2130000
2016/01/16 08:43:58 Info > Starting workload performance collection
2016/01/16 08:46:13 Error > 2607:f480:111:1520:1c67:edaa:40ac:5ad9 returned the following error while collecting performance data for counter : Processor : The network path was not found.

2016/01/16 08:46:31 Error > 2607:f480:111:1520:1c67:edaa:40ac:5ad9 returned the following error while collecting performance data for counter : Memory : The network path was not found.

2016/01/16 08:47:02 Error > 2607:f480:111:1520:1c67:edaa:40ac:5ad9 returned the following error while collecting performance data for counter : LogicalDisk : The network path was not found.

2016/01/16 08:47:20 Error > 2607:f480:111:1520:1c67:edaa:40ac:5ad9 returned the following error while collecting performance data for counter : PhysicalDisk : The network path was not found.

2016/01/16 08:47:53 Error > 2607:f480:111:1520:1c67:edaa:40ac:5ad9 returned the following error while collecting performance data for counter : Network Interface : The network path was not found.

2016/01/16 08:48:12 Error > 2607:f480:111:1520:1c67:edaa:40ac:5ad9 returned the following error while collecting performance data for counter : Double-Take Connection : The network path was not found.

2016/01/16 08:48:43 Error > 2607:f480:111:1520:1c67:edaa:40ac:5ad9 returned the following error while collecting performance data for counter : Double-Take Kernel : The network path was not found.

2016/01/16 08:49:02 Error > 2607:f480:111:1520:1c67:edaa:40ac:5ad9 returned the following error while collecting performance data for counter : Double-Take Source : The network path was not found.

2016/01/16 08:49:35 Error > 2607:f480:111:1520:1c67:edaa:40ac:5ad9 returned the following error while collecting performance data for counter : Double-Take Target : The network path was not found.

2016/01/16 08:49:35 Info > Completed performance collection | Elapsed Time 00:05:37.3120000 
2016/01/16 09:18:34 Info > Starting workload performance collection
2016/01/16 09:21:20 Error > 2607:f480:111:1520:1c67:edaa:40ac:5ad9 returned the following error while collecting performance data for counter : Processor : The network path was not found.

2016/01/16 09:21:36 Error > 2607:f480:111:1520:1c67:edaa:40ac:5ad9 returned the following error while collecting performance data for counter : Memory : The network path was not found.

2016/01/16 09:22:07 Error > 2607:f480:111:1520:1c67:edaa:40ac:5ad9 returned the following error while collecting performance data for counter : LogicalDisk : The network path was not found.

2016/01/16 09:22:24 Error > 2607:f480:111:1520:1c67:edaa:40ac:5ad9 returned the following error while collecting performance data for counter : PhysicalDisk : The network path was not found.

2016/01/16 09:22:59 Error > 2607:f480:111:1520:1c67:edaa:40ac:5ad9 returned the following error while collecting performance data for counter : Network Interface : The network path was not found.

2016/01/16 09:23:15 Error > 2607:f480:111:1520:1c67:edaa:40ac:5ad9 returned the following error while collecting performance data for counter : Double-Take Connection : The network path was not found.

2016/01/16 09:23:46 Error > 2607:f480:111:1520:1c67:edaa:40ac:5ad9 returned the following error while collecting performance data for counter : Double-Take Kernel : The network path was not found.

2016/01/16 09:24:00 Error > 2607:f480:111:1520:1c67:edaa:40ac:5ad9 returned the following error while collecting performance data for counter : Double-Take Source : The network path was not found.

2016/01/16 09:24:18 Error > 2607:f480:111:1520:1c67:edaa:40ac:5ad9 returned the following error while collecting performance data for counter : Double-Take Target : The network path was not found.

2016/01/16 09:24:18 Info > Completed performance collection | Elapsed Time 00:05:43.8850000 
2016/01/16 09:29:36 Info > Staring platform inventory process
2016/01/16 09:29:36 Info > Started data mirroring process for Dimension Data : NA9
2016/01/16 09:29:46 Info > Completed data mirroring process for Dimension Data : NA9.0 new workloads.0 updated platform networks.4 updated workloads.0 removed workloads. = Total Execute Time: 00:00:10.5750000
2016/01/16 09:29:46 Info > Completed data mirroring process.0 new platforms, 1 updated platforms = total elapsed time: 00:00:10.7950000
2016/01/16 09:36:28 Info > Staring data upload process
2016/01/16 09:37:56 Info > Completed data upload process.0 netflows.420 performancecounters. = Total Elapsed Time: 00:01:28.0300000
2016/01/16 09:54:18 Info > Starting workload performance collection
2016/01/16 09:56:58 Error > 2607:f480:111:1520:1c67:edaa:40ac:5ad9 returned the following error while collecting performance data for counter : Processor : The network path was not found.

2016/01/16 09:57:17 Error > 2607:f480:111:1520:1c67:edaa:40ac:5ad9 returned the following error while collecting performance data for counter : Memory : The network path was not found.

2016/01/16 09:57:51 Error > 2607:f480:111:1520:1c67:edaa:40ac:5ad9 returned the following error while collecting performance data for counter : LogicalDisk : The network path was not found.

2016/01/16 09:58:05 Error > 2607:f480:111:1520:1c67:edaa:40ac:5ad9 returned the following error while collecting performance data for counter : PhysicalDisk : The network path was not found.

2016/01/16 09:58:40 Error > 2607:f480:111:1520:1c67:edaa:40ac:5ad9 returned the following error while collecting performance data for counter : Network Interface : The network path was not found.

2016/01/16 09:58:58 Error > 2607:f480:111:1520:1c67:edaa:40ac:5ad9 returned the following error while collecting performance data for counter : Double-Take Connection : The network path was not found.

2016/01/16 09:59:31 Error > 2607:f480:111:1520:1c67:edaa:40ac:5ad9 returned the following error while collecting performance data for counter : Double-Take Kernel : The network path was not found.

2016/01/16 09:59:49 Error > 2607:f480:111:1520:1c67:edaa:40ac:5ad9 returned the following error while collecting performance data for counter : Double-Take Source : The network path was not found.

2016/01/16 10:00:24 Error > 2607:f480:111:1520:1c67:edaa:40ac:5ad9 returned the following error while collecting performance data for counter : Double-Take Target : The network path was not found.

2016/01/16 10:00:25 Info > Completed performance collection | Elapsed Time 00:06:06.4640000 
2016/01/16 10:29:46 Info > Staring platform inventory process
2016/01/16 10:29:47 Info > Started data mirroring process for Dimension Data : NA9
2016/01/16 10:29:57 Info > Completed data mirroring process for Dimension Data : NA9.0 new workloads.0 updated platform networks.4 updated workloads.0 removed workloads. = Total Execute Time: 00:00:10.4680000
2016/01/16 10:29:57 Info > Completed data mirroring process.0 new platforms, 1 updated platforms = total elapsed time: 00:00:10.6580000
2016/01/16 10:30:25 Info > Starting workload performance collection
2016/01/16 10:33:19 Error > 2607:f480:111:1520:1c67:edaa:40ac:5ad9 returned the following error while collecting performance data for counter : Processor : The network path was not found.

2016/01/16 10:33:34 Error > 2607:f480:111:1520:1c67:edaa:40ac:5ad9 returned the following error while collecting performance data for counter : Memory : The network path was not found.

2016/01/16 10:34:06 Error > 2607:f480:111:1520:1c67:edaa:40ac:5ad9 returned the following error while collecting performance data for counter : LogicalDisk : The network path was not found.

2016/01/16 10:34:23 Error > 2607:f480:111:1520:1c67:edaa:40ac:5ad9 returned the following error while collecting performance data for counter : PhysicalDisk : The network path was not found.

2016/01/16 10:34:56 Error > 2607:f480:111:1520:1c67:edaa:40ac:5ad9 returned the following error while collecting performance data for counter : Network Interface : The network path was not found.

2016/01/16 10:35:14 Error > 2607:f480:111:1520:1c67:edaa:40ac:5ad9 returned the following error while collecting performance data for counter : Double-Take Connection : The network path was not found.

2016/01/16 10:35:48 Error > 2607:f480:111:1520:1c67:edaa:40ac:5ad9 returned the following error while collecting performance data for counter : Double-Take Kernel : The network path was not found.

2016/01/16 10:36:07 Error > 2607:f480:111:1520:1c67:edaa:40ac:5ad9 returned the following error while collecting performance data for counter : Double-Take Source : The network path was not found.

2016/01/16 10:36:39 Error > 2607:f480:111:1520:1c67:edaa:40ac:5ad9 returned the following error while collecting performance data for counter : Double-Take Target : The network path was not found.

2016/01/16 10:36:39 Info > Completed performance collection | Elapsed Time 00:06:14.2350000 
2016/01/16 10:37:56 Info > Staring data upload process
2016/01/16 10:39:05 Info > Completed data upload process.0 netflows.420 performancecounters. = Total Elapsed Time: 00:01:09.0580000
2016/01/16 11:06:39 Info > Starting workload performance collection
2016/01/16 11:09:07 Error > 2607:f480:111:1520:1c67:edaa:40ac:5ad9 returned the following error while collecting performance data for counter : Processor : The network path was not found.

2016/01/16 11:09:26 Error > 2607:f480:111:1520:1c67:edaa:40ac:5ad9 returned the following error while collecting performance data for counter : Memory : The network path was not found.

2016/01/16 11:09:58 Error > 2607:f480:111:1520:1c67:edaa:40ac:5ad9 returned the following error while collecting performance data for counter : LogicalDisk : The network path was not found.

2016/01/16 11:10:16 Error > 2607:f480:111:1520:1c67:edaa:40ac:5ad9 returned the following error while collecting performance data for counter : PhysicalDisk : The network path was not found.

2016/01/16 11:10:53 Error > 2607:f480:111:1520:1c67:edaa:40ac:5ad9 returned the following error while collecting performance data for counter : Network Interface : The network path was not found.

2016/01/16 11:11:10 Error > 2607:f480:111:1520:1c67:edaa:40ac:5ad9 returned the following error while collecting performance data for counter : Double-Take Connection : The network path was not found.

2016/01/16 11:11:47 Error > 2607:f480:111:1520:1c67:edaa:40ac:5ad9 returned the following error while collecting performance data for counter : Double-Take Kernel : The network path was not found.

2016/01/16 11:12:05 Error > 2607:f480:111:1520:1c67:edaa:40ac:5ad9 returned the following error while collecting performance data for counter : Double-Take Source : The network path was not found.

2016/01/16 11:12:37 Error > 2607:f480:111:1520:1c67:edaa:40ac:5ad9 returned the following error while collecting performance data for counter : Double-Take Target : The network path was not found.

2016/01/16 11:12:37 Info > Completed performance collection | Elapsed Time 00:05:58.3390000 
2016/01/16 11:29:57 Info > Staring platform inventory process
2016/01/16 11:29:57 Info > Started data mirroring process for Dimension Data : NA9
2016/01/16 11:30:06 Info > Completed data mirroring process for Dimension Data : NA9.0 new workloads.0 updated platform networks.4 updated workloads.0 removed workloads. = Total Execute Time: 00:00:08.9220000
2016/01/16 11:30:06 Info > Completed data mirroring process.0 new platforms, 1 updated platforms = total elapsed time: 00:00:09.1310000
2016/01/16 11:39:05 Info > Staring data upload process
2016/01/16 11:39:40 Info > Completed data upload process.0 netflows.210 performancecounters. = Total Elapsed Time: 00:00:35.4460000
2016/01/16 11:42:37 Info > Starting workload performance collection
2016/01/16 11:45:09 Error > 2607:f480:111:1520:1c67:edaa:40ac:5ad9 returned the following error while collecting performance data for counter : Processor : The network path was not found.

2016/01/16 11:45:29 Error > 2607:f480:111:1520:1c67:edaa:40ac:5ad9 returned the following error while collecting performance data for counter : Memory : The network path was not found.

2016/01/16 11:46:00 Error > 2607:f480:111:1520:1c67:edaa:40ac:5ad9 returned the following error while collecting performance data for counter : LogicalDisk : The network path was not found.

2016/01/16 11:46:18 Error > 2607:f480:111:1520:1c67:edaa:40ac:5ad9 returned the following error while collecting performance data for counter : PhysicalDisk : The network path was not found.

2016/01/16 11:46:51 Error > 2607:f480:111:1520:1c67:edaa:40ac:5ad9 returned the following error while collecting performance data for counter : Network Interface : The network path was not found.

2016/01/16 11:47:07 Error > 2607:f480:111:1520:1c67:edaa:40ac:5ad9 returned the following error while collecting performance data for counter : Double-Take Connection : The network path was not found.

2016/01/16 11:47:41 Error > 2607:f480:111:1520:1c67:edaa:40ac:5ad9 returned the following error while collecting performance data for counter : Double-Take Kernel : The network path was not found.

2016/01/16 11:47:58 Error > 2607:f480:111:1520:1c67:edaa:40ac:5ad9 returned the following error while collecting performance data for counter : Double-Take Source : The network path was not found.

2016/01/16 11:48:32 Error > 2607:f480:111:1520:1c67:edaa:40ac:5ad9 returned the following error while collecting performance data for counter : Double-Take Target : The network path was not found.

2016/01/16 11:48:32 Info > Completed performance collection | Elapsed Time 00:05:54.6590000 
2016/01/16 12:18:32 Info > Starting workload performance collection
2016/01/16 12:21:44 Error > 2607:f480:111:1520:1c67:edaa:40ac:5ad9 returned the following error while collecting performance data for counter : Processor : The network path was not found.

2016/01/16 12:22:02 Error > 2607:f480:111:1520:1c67:edaa:40ac:5ad9 returned the following error while collecting performance data for counter : Memory : The network path was not found.

2016/01/16 12:22:31 Error > 2607:f480:111:1520:1c67:edaa:40ac:5ad9 returned the following error while collecting performance data for counter : LogicalDisk : The network path was not found.

2016/01/16 12:22:46 Error > 2607:f480:111:1520:1c67:edaa:40ac:5ad9 returned the following error while collecting performance data for counter : PhysicalDisk : The network path was not found.

2016/01/16 12:23:02 Error > 2607:f480:111:1520:1c67:edaa:40ac:5ad9 returned the following error while collecting performance data for counter : Network Interface : The network path was not found.

2016/01/16 12:23:34 Error > 2607:f480:111:1520:1c67:edaa:40ac:5ad9 returned the following error while collecting performance data for counter : Double-Take Connection : The network path was not found.

2016/01/16 12:23:50 Error > 2607:f480:111:1520:1c67:edaa:40ac:5ad9 returned the following error while collecting performance data for counter : Double-Take Kernel : The network path was not found.

2016/01/16 12:24:22 Error > 2607:f480:111:1520:1c67:edaa:40ac:5ad9 returned the following error while collecting performance data for counter : Double-Take Source : The network path was not found.

2016/01/16 12:24:41 Error > 2607:f480:111:1520:1c67:edaa:40ac:5ad9 returned the following error while collecting performance data for counter : Double-Take Target : The network path was not found.

2016/01/16 12:24:41 Info > Completed performance collection | Elapsed Time 00:06:08.7950000 
2016/01/16 12:30:06 Info > Staring platform inventory process
2016/01/16 12:30:06 Info > Started data mirroring process for Dimension Data : NA9
2016/01/16 12:30:16 Info > Completed data mirroring process for Dimension Data : NA9.0 new workloads.0 updated platform networks.4 updated workloads.0 removed workloads. = Total Execute Time: 00:00:09.7890000
2016/01/16 12:30:16 Info > Completed data mirroring process.0 new platforms, 1 updated platforms = total elapsed time: 00:00:09.9850000
2016/01/16 12:39:40 Info > Staring data upload process
2016/01/16 12:40:48 Info > Completed data upload process.0 netflows.420 performancecounters. = Total Elapsed Time: 00:01:07.4050000
2016/01/16 12:54:41 Info > Starting workload performance collection
2016/01/16 12:57:20 Error > 2607:f480:111:1520:1c67:edaa:40ac:5ad9 returned the following error while collecting performance data for counter : Processor : The network path was not found.

2016/01/16 12:57:38 Error > 2607:f480:111:1520:1c67:edaa:40ac:5ad9 returned the following error while collecting performance data for counter : Memory : The network path was not found.

2016/01/16 12:58:09 Error > 2607:f480:111:1520:1c67:edaa:40ac:5ad9 returned the following error while collecting performance data for counter : LogicalDisk : The network path was not found.

2016/01/16 12:58:26 Error > 2607:f480:111:1520:1c67:edaa:40ac:5ad9 returned the following error while collecting performance data for counter : PhysicalDisk : The network path was not found.

2016/01/16 12:58:57 Error > 2607:f480:111:1520:1c67:edaa:40ac:5ad9 returned the following error while collecting performance data for counter : Network Interface : The network path was not found.

2016/01/16 12:59:15 Error > 2607:f480:111:1520:1c67:edaa:40ac:5ad9 returned the following error while collecting performance data for counter : Double-Take Connection : The network path was not found.

2016/01/16 12:59:47 Error > 2607:f480:111:1520:1c67:edaa:40ac:5ad9 returned the following error while collecting performance data for counter : Double-Take Kernel : The network path was not found.

2016/01/16 01:00:05 Error > 2607:f480:111:1520:1c67:edaa:40ac:5ad9 returned the following error while collecting performance data for counter : Double-Take Source : The network path was not found.

2016/01/16 01:00:38 Error > 2607:f480:111:1520:1c67:edaa:40ac:5ad9 returned the following error while collecting performance data for counter : Double-Take Target : The network path was not found.

2016/01/16 01:00:38 Info > Completed performance collection | Elapsed Time 00:05:57.5330000 
2016/01/16 01:30:16 Info > Staring platform inventory process
2016/01/16 01:30:16 Info > Started data mirroring process for Dimension Data : NA9
2016/01/16 01:30:27 Info > Completed data mirroring process for Dimension Data : NA9.0 new workloads.0 updated platform networks.4 updated workloads.0 removed workloads. = Total Execute Time: 00:00:10.2500000
2016/01/16 01:30:27 Info > Completed data mirroring process.0 new platforms, 1 updated platforms = total elapsed time: 00:00:10.4680000
2016/01/16 01:30:38 Info > Starting workload performance collection
2016/01/16 01:33:50 Error > 2607:f480:111:1520:1c67:edaa:40ac:5ad9 returned the following error while collecting performance data for counter : Processor : The network path was not found.

2016/01/16 01:34:09 Error > 2607:f480:111:1520:1c67:edaa:40ac:5ad9 returned the following error while collecting performance data for counter : Memory : The network path was not found.

2016/01/16 01:34:41 Error > 2607:f480:111:1520:1c67:edaa:40ac:5ad9 returned the following error while collecting performance data for counter : LogicalDisk : The network path was not found.

2016/01/16 01:35:00 Error > 2607:f480:111:1520:1c67:edaa:40ac:5ad9 returned the following error while collecting performance data for counter : PhysicalDisk : The network path was not found.

2016/01/16 01:35:34 Error > 2607:f480:111:1520:1c67:edaa:40ac:5ad9 returned the following error while collecting performance data for counter : Network Interface : The network path was not found.

2016/01/16 01:35:52 Error > 2607:f480:111:1520:1c67:edaa:40ac:5ad9 returned the following error while collecting performance data for counter : Double-Take Connection : The network path was not found.

2016/01/16 01:36:24 Error > 2607:f480:111:1520:1c67:edaa:40ac:5ad9 returned the following error while collecting performance data for counter : Double-Take Kernel : The network path was not found.

2016/01/16 01:36:42 Error > 2607:f480:111:1520:1c67:edaa:40ac:5ad9 returned the following error while collecting performance data for counter : Double-Take Source : The network path was not found.

2016/01/16 01:37:16 Error > 2607:f480:111:1520:1c67:edaa:40ac:5ad9 returned the following error while collecting performance data for counter : Double-Take Target : The network path was not found.

2016/01/16 01:37:16 Info > Completed performance collection | Elapsed Time 00:06:37.7130000 
2016/01/16 01:40:48 Info > Staring data upload process
2016/01/16 01:41:58 Info > Completed data upload process.0 netflows.420 performancecounters. = Total Elapsed Time: 00:01:10.2490000
2016/01/16 02:07:16 Info > Starting workload performance collection
2016/01/16 02:10:06 Error > 2607:f480:111:1520:1c67:edaa:40ac:5ad9 returned the following error while collecting performance data for counter : Processor : The network path was not found.

2016/01/16 02:10:19 Error > 2607:f480:111:1520:1c67:edaa:40ac:5ad9 returned the following error while collecting performance data for counter : Memory : The network path was not found.

2016/01/16 02:10:37 Error > 2607:f480:111:1520:1c67:edaa:40ac:5ad9 returned the following error while collecting performance data for counter : LogicalDisk : The network path was not found.

2016/01/16 02:11:06 Error > 2607:f480:111:1520:1c67:edaa:40ac:5ad9 returned the following error while collecting performance data for counter : PhysicalDisk : The network path was not found.

2016/01/16 02:11:23 Error > 2607:f480:111:1520:1c67:edaa:40ac:5ad9 returned the following error while collecting performance data for counter : Network Interface : The network path was not found.

2016/01/16 02:11:55 Error > 2607:f480:111:1520:1c67:edaa:40ac:5ad9 returned the following error while collecting performance data for counter : Double-Take Connection : The network path was not found.

2016/01/16 02:12:12 Error > 2607:f480:111:1520:1c67:edaa:40ac:5ad9 returned the following error while collecting performance data for counter : Double-Take Kernel : The network path was not found.

2016/01/16 02:12:44 Error > 2607:f480:111:1520:1c67:edaa:40ac:5ad9 returned the following error while collecting performance data for counter : Double-Take Source : The network path was not found.

2016/01/16 02:13:03 Error > 2607:f480:111:1520:1c67:edaa:40ac:5ad9 returned the following error while collecting performance data for counter : Double-Take Target : The network path was not found.

2016/01/16 02:13:03 Info > Completed performance collection | Elapsed Time 00:05:46.7000000 
2016/01/16 02:30:27 Info > Staring platform inventory process
2016/01/16 02:30:27 Info > Started data mirroring process for Dimension Data : NA9
2016/01/16 02:30:36 Info > Completed data mirroring process for Dimension Data : NA9.0 new workloads.0 updated platform networks.4 updated workloads.0 removed workloads. = Total Execute Time: 00:00:09.3490000
2016/01/16 02:30:36 Info > Completed data mirroring process.0 new platforms, 1 updated platforms = total elapsed time: 00:00:09.5670000
2016/01/16 02:41:58 Info > Staring data upload process
2016/01/16 02:42:43 Info > Completed data upload process.0 netflows.210 performancecounters. = Total Elapsed Time: 00:00:45.4540000
2016/01/16 02:43:03 Info > Starting workload performance collection
2016/01/16 02:45:44 Error > 2607:f480:111:1520:1c67:edaa:40ac:5ad9 returned the following error while collecting performance data for counter : Processor : The network path was not found.

2016/01/16 02:46:02 Error > 2607:f480:111:1520:1c67:edaa:40ac:5ad9 returned the following error while collecting performance data for counter : Memory : The network path was not found.

2016/01/16 02:46:32 Error > 2607:f480:111:1520:1c67:edaa:40ac:5ad9 returned the following error while collecting performance data for counter : LogicalDisk : The network path was not found.

2016/01/16 02:46:49 Error > 2607:f480:111:1520:1c67:edaa:40ac:5ad9 returned the following error while collecting performance data for counter : PhysicalDisk : The network path was not found.

2016/01/16 02:47:21 Error > 2607:f480:111:1520:1c67:edaa:40ac:5ad9 returned the following error while collecting performance data for counter : Network Interface : The network path was not found.

2016/01/16 02:47:35 Error > 2607:f480:111:1520:1c67:edaa:40ac:5ad9 returned the following error while collecting performance data for counter : Double-Take Connection : The network path was not found.

2016/01/16 02:47:50 Error > 2607:f480:111:1520:1c67:edaa:40ac:5ad9 returned the following error while collecting performance data for counter : Double-Take Kernel : The network path was not found.

2016/01/16 02:48:21 Error > 2607:f480:111:1520:1c67:edaa:40ac:5ad9 returned the following error while collecting performance data for counter : Double-Take Source : The network path was not found.

2016/01/16 02:48:39 Error > 2607:f480:111:1520:1c67:edaa:40ac:5ad9 returned the following error while collecting performance data for counter : Double-Take Target : The network path was not found.

2016/01/16 02:48:39 Info > Completed performance collection | Elapsed Time 00:05:36.5260000 
2016/01/16 03:18:39 Info > Starting workload performance collection
2016/01/16 03:21:22 Error > 2607:f480:111:1520:1c67:edaa:40ac:5ad9 returned the following error while collecting performance data for counter : Processor : The network path was not found.

2016/01/16 03:21:40 Error > 2607:f480:111:1520:1c67:edaa:40ac:5ad9 returned the following error while collecting performance data for counter : Memory : The network path was not found.

2016/01/16 03:22:10 Error > 2607:f480:111:1520:1c67:edaa:40ac:5ad9 returned the following error while collecting performance data for counter : LogicalDisk : The network path was not found.

2016/01/16 03:22:29 Error > 2607:f480:111:1520:1c67:edaa:40ac:5ad9 returned the following error while collecting performance data for counter : PhysicalDisk : The network path was not found.

2016/01/16 03:23:01 Error > 2607:f480:111:1520:1c67:edaa:40ac:5ad9 returned the following error while collecting performance data for counter : Network Interface : The network path was not found.

2016/01/16 03:23:20 Error > 2607:f480:111:1520:1c67:edaa:40ac:5ad9 returned the following error while collecting performance data for counter : Double-Take Connection : The network path was not found.

2016/01/16 03:23:55 Error > 2607:f480:111:1520:1c67:edaa:40ac:5ad9 returned the following error while collecting performance data for counter : Double-Take Kernel : The network path was not found.

2016/01/16 03:24:11 Error > 2607:f480:111:1520:1c67:edaa:40ac:5ad9 returned the following error while collecting performance data for counter : Double-Take Source : The network path was not found.

2016/01/16 03:24:42 Error > 2607:f480:111:1520:1c67:edaa:40ac:5ad9 returned the following error while collecting performance data for counter : Double-Take Target : The network path was not found.

2016/01/16 03:24:45 Info > Completed performance collection | Elapsed Time 00:06:05.6880000 
2016/01/16 03:30:36 Info > Staring platform inventory process
2016/01/16 03:30:36 Info > Started data mirroring process for Dimension Data : NA9
2016/01/16 03:30:47 Info > Completed data mirroring process for Dimension Data : NA9.0 new workloads.0 updated platform networks.4 updated workloads.0 removed workloads. = Total Execute Time: 00:00:10.1660000
2016/01/16 03:30:47 Info > Completed data mirroring process.0 new platforms, 1 updated platforms = total elapsed time: 00:00:10.3890000
2016/01/16 03:42:43 Info > Staring data upload process
2016/01/16 03:43:53 Info > Completed data upload process.0 netflows.420 performancecounters. = Total Elapsed Time: 00:01:09.8750000
2016/01/16 03:54:45 Info > Starting workload performance collection
2016/01/16 03:57:31 Error > 2607:f480:111:1520:1c67:edaa:40ac:5ad9 returned the following error while collecting performance data for counter : Processor : The network path was not found.

2016/01/16 03:57:47 Error > 2607:f480:111:1520:1c67:edaa:40ac:5ad9 returned the following error while collecting performance data for counter : Memory : The network path was not found.

2016/01/16 03:58:06 Error > 2607:f480:111:1520:1c67:edaa:40ac:5ad9 returned the following error while collecting performance data for counter : LogicalDisk : The network path was not found.

2016/01/16 03:58:39 Error > 2607:f480:111:1520:1c67:edaa:40ac:5ad9 returned the following error while collecting performance data for counter : PhysicalDisk : The network path was not found.

2016/01/16 03:58:57 Error > 2607:f480:111:1520:1c67:edaa:40ac:5ad9 returned the following error while collecting performance data for counter : Network Interface : The network path was not found.

2016/01/16 03:59:29 Error > 2607:f480:111:1520:1c67:edaa:40ac:5ad9 returned the following error while collecting performance data for counter : Double-Take Connection : The network path was not found.

2016/01/16 03:59:48 Error > 2607:f480:111:1520:1c67:edaa:40ac:5ad9 returned the following error while collecting performance data for counter : Double-Take Kernel : The network path was not found.

2016/01/16 04:00:23 Error > 2607:f480:111:1520:1c67:edaa:40ac:5ad9 returned the following error while collecting performance data for counter : Double-Take Source : The network path was not found.

2016/01/16 04:00:39 Error > 2607:f480:111:1520:1c67:edaa:40ac:5ad9 returned the following error while collecting performance data for counter : Double-Take Target : The network path was not found.

2016/01/16 04:00:39 Info > Completed performance collection | Elapsed Time 00:05:54.5540000 
2016/01/16 04:30:39 Info > Starting workload performance collection
2016/01/16 04:30:47 Info > Staring platform inventory process
2016/01/16 04:30:47 Info > Started data mirroring process for Dimension Data : NA9
2016/01/16 04:31:01 Info > Completed data mirroring process for Dimension Data : NA9.0 new workloads.0 updated platform networks.4 updated workloads.0 removed workloads. = Total Execute Time: 00:00:14.6520000
2016/01/16 04:31:01 Info > Completed data mirroring process.0 new platforms, 1 updated platforms = total elapsed time: 00:00:14.8830000
2016/01/16 04:33:28 Error > 2607:f480:111:1520:1c67:edaa:40ac:5ad9 returned the following error while collecting performance data for counter : Processor : The network path was not found.

2016/01/16 04:33:44 Error > 2607:f480:111:1520:1c67:edaa:40ac:5ad9 returned the following error while collecting performance data for counter : Memory : The network path was not found.

2016/01/16 04:34:15 Error > 2607:f480:111:1520:1c67:edaa:40ac:5ad9 returned the following error while collecting performance data for counter : LogicalDisk : The network path was not found.

2016/01/16 04:34:33 Error > 2607:f480:111:1520:1c67:edaa:40ac:5ad9 returned the following error while collecting performance data for counter : PhysicalDisk : The network path was not found.

2016/01/16 04:35:04 Error > 2607:f480:111:1520:1c67:edaa:40ac:5ad9 returned the following error while collecting performance data for counter : Network Interface : The network path was not found.

2016/01/16 04:35:19 Error > 2607:f480:111:1520:1c67:edaa:40ac:5ad9 returned the following error while collecting performance data for counter : Double-Take Connection : The network path was not found.

2016/01/16 04:35:34 Error > 2607:f480:111:1520:1c67:edaa:40ac:5ad9 returned the following error while collecting performance data for counter : Double-Take Kernel : The network path was not found.

2016/01/16 04:36:06 Error > 2607:f480:111:1520:1c67:edaa:40ac:5ad9 returned the following error while collecting performance data for counter : Double-Take Source : The network path was not found.

2016/01/16 04:36:25 Error > 2607:f480:111:1520:1c67:edaa:40ac:5ad9 returned the following error while collecting performance data for counter : Double-Take Target : The network path was not found.

2016/01/16 04:36:28 Info > Completed performance collection | Elapsed Time 00:05:48.4770000 
2016/01/16 04:43:53 Info > Staring data upload process
2016/01/16 04:45:10 Info > Completed data upload process.0 netflows.420 performancecounters. = Total Elapsed Time: 00:01:16.6310000
2016/01/16 05:06:28 Info > Starting workload performance collection
2016/01/16 05:09:14 Error > 2607:f480:111:1520:1c67:edaa:40ac:5ad9 returned the following error while collecting performance data for counter : Processor : The network path was not found.

2016/01/16 05:09:33 Error > 2607:f480:111:1520:1c67:edaa:40ac:5ad9 returned the following error while collecting performance data for counter : Memory : The network path was not found.

2016/01/16 05:10:02 Error > 2607:f480:111:1520:1c67:edaa:40ac:5ad9 returned the following error while collecting performance data for counter : LogicalDisk : The network path was not found.

2016/01/16 05:10:16 Error > 2607:f480:111:1520:1c67:edaa:40ac:5ad9 returned the following error while collecting performance data for counter : PhysicalDisk : The network path was not found.

2016/01/16 05:10:31 Error > 2607:f480:111:1520:1c67:edaa:40ac:5ad9 returned the following error while collecting performance data for counter : Network Interface : The network path was not found.

2016/01/16 05:11:04 Error > 2607:f480:111:1520:1c67:edaa:40ac:5ad9 returned the following error while collecting performance data for counter : Double-Take Connection : The network path was not found.

2016/01/16 05:11:21 Error > 2607:f480:111:1520:1c67:edaa:40ac:5ad9 returned the following error while collecting performance data for counter : Double-Take Kernel : The network path was not found.

2016/01/16 05:11:55 Error > 2607:f480:111:1520:1c67:edaa:40ac:5ad9 returned the following error while collecting performance data for counter : Double-Take Source : The network path was not found.

2016/01/16 05:12:12 Error > 2607:f480:111:1520:1c67:edaa:40ac:5ad9 returned the following error while collecting performance data for counter : Double-Take Target : The network path was not found.

2016/01/16 05:12:12 Info > Completed performance collection | Elapsed Time 00:05:44.2990000 
2016/01/16 05:31:02 Info > Staring platform inventory process
2016/01/16 05:31:02 Info > Started data mirroring process for Dimension Data : NA9
2016/01/16 05:31:11 Info > Completed data mirroring process for Dimension Data : NA9.0 new workloads.0 updated platform networks.4 updated workloads.0 removed workloads. = Total Execute Time: 00:00:09.0610000
2016/01/16 05:31:11 Info > Completed data mirroring process.0 new platforms, 1 updated platforms = total elapsed time: 00:00:09.2800000
2016/01/16 05:42:12 Info > Starting workload performance collection
2016/01/16 05:44:41 Error > 2607:f480:111:1520:1c67:edaa:40ac:5ad9 returned the following error while collecting performance data for counter : Processor : The network path was not found.

2016/01/16 05:44:59 Error > 2607:f480:111:1520:1c67:edaa:40ac:5ad9 returned the following error while collecting performance data for counter : Memory : The network path was not found.

2016/01/16 05:45:10 Info > Staring data upload process
2016/01/16 05:45:28 Error > 2607:f480:111:1520:1c67:edaa:40ac:5ad9 returned the following error while collecting performance data for counter : LogicalDisk : The network path was not found.

2016/01/16 05:45:45 Error > 2607:f480:111:1520:1c67:edaa:40ac:5ad9 returned the following error while collecting performance data for counter : PhysicalDisk : The network path was not found.

2016/01/16 05:46:15 Error > 2607:f480:111:1520:1c67:edaa:40ac:5ad9 returned the following error while collecting performance data for counter : Network Interface : The network path was not found.

2016/01/16 05:46:21 Info > Completed data upload process.0 netflows.420 performancecounters. = Total Elapsed Time: 00:01:11.4220000
2016/01/16 05:46:31 Error > 2607:f480:111:1520:1c67:edaa:40ac:5ad9 returned the following error while collecting performance data for counter : Double-Take Connection : The network path was not found.

2016/01/16 05:46:49 Error > 2607:f480:111:1520:1c67:edaa:40ac:5ad9 returned the following error while collecting performance data for counter : Double-Take Kernel : The network path was not found.

2016/01/16 05:47:21 Error > 2607:f480:111:1520:1c67:edaa:40ac:5ad9 returned the following error while collecting performance data for counter : Double-Take Source : The network path was not found.

2016/01/16 05:47:39 Error > 2607:f480:111:1520:1c67:edaa:40ac:5ad9 returned the following error while collecting performance data for counter : Double-Take Target : The network path was not found.

2016/01/16 05:47:39 Info > Completed performance collection | Elapsed Time 00:05:27.0750000 
2016/01/16 06:17:39 Info > Starting workload performance collection
2016/01/16 06:20:27 Error > 2607:f480:111:1520:1c67:edaa:40ac:5ad9 returned the following error while collecting performance data for counter : Processor : The network path was not found.

2016/01/16 06:20:46 Error > 2607:f480:111:1520:1c67:edaa:40ac:5ad9 returned the following error while collecting performance data for counter : Memory : The network path was not found.

2016/01/16 06:21:16 Error > 2607:f480:111:1520:1c67:edaa:40ac:5ad9 returned the following error while collecting performance data for counter : LogicalDisk : The network path was not found.

2016/01/16 06:21:35 Error > 2607:f480:111:1520:1c67:edaa:40ac:5ad9 returned the following error while collecting performance data for counter : PhysicalDisk : The network path was not found.

2016/01/16 06:22:07 Error > 2607:f480:111:1520:1c67:edaa:40ac:5ad9 returned the following error while collecting performance data for counter : Network Interface : The network path was not found.

2016/01/16 06:22:25 Error > 2607:f480:111:1520:1c67:edaa:40ac:5ad9 returned the following error while collecting performance data for counter : Double-Take Connection : The network path was not found.

2016/01/16 06:22:58 Error > 2607:f480:111:1520:1c67:edaa:40ac:5ad9 returned the following error while collecting performance data for counter : Double-Take Kernel : The network path was not found.

2016/01/16 06:23:17 Error > 2607:f480:111:1520:1c67:edaa:40ac:5ad9 returned the following error while collecting performance data for counter : Double-Take Source : The network path was not found.

2016/01/16 06:23:49 Error > 2607:f480:111:1520:1c67:edaa:40ac:5ad9 returned the following error while collecting performance data for counter : Double-Take Target : The network path was not found.

2016/01/16 06:23:49 Info > Completed performance collection | Elapsed Time 00:06:10.1000000 
2016/01/16 06:31:11 Info > Staring platform inventory process
2016/01/16 06:31:11 Info > Started data mirroring process for Dimension Data : NA9
2016/01/16 06:31:25 Info > Completed data mirroring process for Dimension Data : NA9.0 new workloads.0 updated platform networks.4 updated workloads.0 removed workloads. = Total Execute Time: 00:00:14.2160000
2016/01/16 06:31:25 Info > Completed data mirroring process.0 new platforms, 1 updated platforms = total elapsed time: 00:00:14.4160000
2016/01/16 06:46:21 Info > Staring data upload process
2016/01/16 06:46:56 Info > Completed data upload process.0 netflows.210 performancecounters. = Total Elapsed Time: 00:00:35.0200000
2016/01/16 06:53:49 Info > Starting workload performance collection
2016/01/16 06:56:37 Error > 2607:f480:111:1520:1c67:edaa:40ac:5ad9 returned the following error while collecting performance data for counter : Processor : The network path was not found.

2016/01/16 06:56:55 Error > 2607:f480:111:1520:1c67:edaa:40ac:5ad9 returned the following error while collecting performance data for counter : Memory : The network path was not found.

2016/01/16 06:57:29 Error > 2607:f480:111:1520:1c67:edaa:40ac:5ad9 returned the following error while collecting performance data for counter : LogicalDisk : The network path was not found.

2016/01/16 06:57:47 Error > 2607:f480:111:1520:1c67:edaa:40ac:5ad9 returned the following error while collecting performance data for counter : PhysicalDisk : The network path was not found.

2016/01/16 06:58:20 Error > 2607:f480:111:1520:1c67:edaa:40ac:5ad9 returned the following error while collecting performance data for counter : Network Interface : The network path was not found.

2016/01/16 06:58:39 Error > 2607:f480:111:1520:1c67:edaa:40ac:5ad9 returned the following error while collecting performance data for counter : Double-Take Connection : The network path was not found.

2016/01/16 06:59:10 Error > 2607:f480:111:1520:1c67:edaa:40ac:5ad9 returned the following error while collecting performance data for counter : Double-Take Kernel : The network path was not found.

2016/01/16 06:59:29 Error > 2607:f480:111:1520:1c67:edaa:40ac:5ad9 returned the following error while collecting performance data for counter : Double-Take Source : The network path was not found.

2016/01/16 07:00:03 Error > 2607:f480:111:1520:1c67:edaa:40ac:5ad9 returned the following error while collecting performance data for counter : Double-Take Target : The network path was not found.

2016/01/16 07:00:03 Info > Completed performance collection | Elapsed Time 00:06:13.6040000 
2016/01/16 07:30:03 Info > Starting workload performance collection
2016/01/16 07:31:25 Info > Staring platform inventory process
2016/01/16 07:31:25 Info > Started data mirroring process for Dimension Data : NA9
2016/01/16 07:31:35 Info > Completed data mirroring process for Dimension Data : NA9.0 new workloads.0 updated platform networks.4 updated workloads.0 removed workloads. = Total Execute Time: 00:00:09.5220000
2016/01/16 07:31:35 Info > Completed data mirroring process.0 new platforms, 1 updated platforms = total elapsed time: 00:00:09.7050000
2016/01/16 07:32:56 Error > 2607:f480:111:1520:1c67:edaa:40ac:5ad9 returned the following error while collecting performance data for counter : Processor : The network path was not found.

2016/01/16 07:33:17 Error > 2607:f480:111:1520:1c67:edaa:40ac:5ad9 returned the following error while collecting performance data for counter : Memory : The network path was not found.

2016/01/16 07:33:52 Error > 2607:f480:111:1520:1c67:edaa:40ac:5ad9 returned the following error while collecting performance data for counter : LogicalDisk : The network path was not found.

2016/01/16 07:34:08 Error > 2607:f480:111:1520:1c67:edaa:40ac:5ad9 returned the following error while collecting performance data for counter : PhysicalDisk : The network path was not found.

2016/01/16 07:34:40 Error > 2607:f480:111:1520:1c67:edaa:40ac:5ad9 returned the following error while collecting performance data for counter : Network Interface : The network path was not found.

2016/01/16 07:34:56 Error > 2607:f480:111:1520:1c67:edaa:40ac:5ad9 returned the following error while collecting performance data for counter : Double-Take Connection : The network path was not found.

2016/01/16 07:35:28 Error > 2607:f480:111:1520:1c67:edaa:40ac:5ad9 returned the following error while collecting performance data for counter : Double-Take Kernel : The network path was not found.

2016/01/16 07:35:43 Error > 2607:f480:111:1520:1c67:edaa:40ac:5ad9 returned the following error while collecting performance data for counter : Double-Take Source : The network path was not found.

2016/01/16 07:35:58 Error > 2607:f480:111:1520:1c67:edaa:40ac:5ad9 returned the following error while collecting performance data for counter : Double-Take Target : The network path was not found.

2016/01/16 07:35:58 Info > Completed performance collection | Elapsed Time 00:05:55.4330000 
2016/01/16 07:46:56 Info > Staring data upload process
2016/01/16 07:48:19 Info > Completed data upload process.0 netflows.420 performancecounters. = Total Elapsed Time: 00:01:22.3130000
2016/01/16 08:05:58 Info > Starting workload performance collection
2016/01/16 08:08:55 Error > 2607:f480:111:1520:1c67:edaa:40ac:5ad9 returned the following error while collecting performance data for counter : Processor : The network path was not found.

2016/01/16 08:09:12 Error > 2607:f480:111:1520:1c67:edaa:40ac:5ad9 returned the following error while collecting performance data for counter : Memory : The network path was not found.

2016/01/16 08:09:44 Error > 2607:f480:111:1520:1c67:edaa:40ac:5ad9 returned the following error while collecting performance data for counter : LogicalDisk : The network path was not found.

2016/01/16 08:10:05 Error > 2607:f480:111:1520:1c67:edaa:40ac:5ad9 returned the following error while collecting performance data for counter : PhysicalDisk : The network path was not found.

2016/01/16 08:10:40 Error > 2607:f480:111:1520:1c67:edaa:40ac:5ad9 returned the following error while collecting performance data for counter : Network Interface : The network path was not found.

2016/01/16 08:10:58 Error > 2607:f480:111:1520:1c67:edaa:40ac:5ad9 returned the following error while collecting performance data for counter : Double-Take Connection : The network path was not found.

2016/01/16 08:11:31 Error > 2607:f480:111:1520:1c67:edaa:40ac:5ad9 returned the following error while collecting performance data for counter : Double-Take Kernel : The network path was not found.

2016/01/16 08:11:49 Error > 2607:f480:111:1520:1c67:edaa:40ac:5ad9 returned the following error while collecting performance data for counter : Double-Take Source : The network path was not found.

2016/01/16 08:12:20 Error > 2607:f480:111:1520:1c67:edaa:40ac:5ad9 returned the following error while collecting performance data for counter : Double-Take Target : The network path was not found.

2016/01/16 08:12:20 Info > Completed performance collection | Elapsed Time 00:06:21.7380000 
2016/01/16 08:31:35 Info > Staring platform inventory process
2016/01/16 08:31:35 Info > Started data mirroring process for Dimension Data : NA9
2016/01/16 08:31:45 Info > Completed data mirroring process for Dimension Data : NA9.0 new workloads.0 updated platform networks.4 updated workloads.0 removed workloads. = Total Execute Time: 00:00:09.4010000
2016/01/16 08:31:45 Info > Completed data mirroring process.0 new platforms, 1 updated platforms = total elapsed time: 00:00:09.6100000
2016/01/16 08:42:20 Info > Starting workload performance collection
2016/01/16 08:45:17 Error > 2607:f480:111:1520:1c67:edaa:40ac:5ad9 returned the following error while collecting performance data for counter : Processor : The network path was not found.

2016/01/16 08:45:32 Error > 2607:f480:111:1520:1c67:edaa:40ac:5ad9 returned the following error while collecting performance data for counter : Memory : The network path was not found.

2016/01/16 08:45:51 Error > 2607:f480:111:1520:1c67:edaa:40ac:5ad9 returned the following error while collecting performance data for counter : LogicalDisk : The network path was not found.

2016/01/16 08:46:20 Error > 2607:f480:111:1520:1c67:edaa:40ac:5ad9 returned the following error while collecting performance data for counter : PhysicalDisk : The network path was not found.

2016/01/16 08:46:39 Error > 2607:f480:111:1520:1c67:edaa:40ac:5ad9 returned the following error while collecting performance data for counter : Network Interface : The network path was not found.

2016/01/16 08:47:13 Error > 2607:f480:111:1520:1c67:edaa:40ac:5ad9 returned the following error while collecting performance data for counter : Double-Take Connection : The network path was not found.

2016/01/16 08:47:30 Error > 2607:f480:111:1520:1c67:edaa:40ac:5ad9 returned the following error while collecting performance data for counter : Double-Take Kernel : The network path was not found.

2016/01/16 08:48:02 Error > 2607:f480:111:1520:1c67:edaa:40ac:5ad9 returned the following error while collecting performance data for counter : Double-Take Source : The network path was not found.

2016/01/16 08:48:19 Info > Staring data upload process
2016/01/16 08:48:19 Error > 2607:f480:111:1520:1c67:edaa:40ac:5ad9 returned the following error while collecting performance data for counter : Double-Take Target : The network path was not found.

2016/01/16 08:48:19 Info > Completed performance collection | Elapsed Time 00:05:59.1380000 
2016/01/16 08:49:30 Info > Completed data upload process.0 netflows.420 performancecounters. = Total Elapsed Time: 00:01:11.2580000
2016/01/16 09:18:19 Info > Starting workload performance collection
2016/01/16 09:20:57 Error > 2607:f480:111:1520:1c67:edaa:40ac:5ad9 returned the following error while collecting performance data for counter : Processor : The network path was not found.

2016/01/16 09:21:15 Error > 2607:f480:111:1520:1c67:edaa:40ac:5ad9 returned the following error while collecting performance data for counter : Memory : The network path was not found.

2016/01/16 09:21:45 Error > 2607:f480:111:1520:1c67:edaa:40ac:5ad9 returned the following error while collecting performance data for counter : LogicalDisk : The network path was not found.

2016/01/16 09:22:04 Error > 2607:f480:111:1520:1c67:edaa:40ac:5ad9 returned the following error while collecting performance data for counter : PhysicalDisk : The network path was not found.

2016/01/16 09:22:36 Error > 2607:f480:111:1520:1c67:edaa:40ac:5ad9 returned the following error while collecting performance data for counter : Network Interface : The network path was not found.

2016/01/16 09:22:52 Error > 2607:f480:111:1520:1c67:edaa:40ac:5ad9 returned the following error while collecting performance data for counter : Double-Take Connection : The network path was not found.

2016/01/16 09:23:22 Error > 2607:f480:111:1520:1c67:edaa:40ac:5ad9 returned the following error while collecting performance data for counter : Double-Take Kernel : The network path was not found.

2016/01/16 09:23:40 Error > 2607:f480:111:1520:1c67:edaa:40ac:5ad9 returned the following error while collecting performance data for counter : Double-Take Source : The network path was not found.

2016/01/16 09:24:11 Error > 2607:f480:111:1520:1c67:edaa:40ac:5ad9 returned the following error while collecting performance data for counter : Double-Take Target : The network path was not found.

2016/01/16 09:24:11 Info > Completed performance collection | Elapsed Time 00:05:51.8590000 
2016/01/16 09:28:44 Info > Staring operating system inventory process
2016/01/16 09:29:18 Error > Error connecting to WMI : dbserver01 : 2607-f480-111-1520-1c67-edaa-40ac-5ad9.ipv6-literal.net [The RPC server is unavailable. (Exception from HRESULT: 0x800706BA)]
2016/01/16 09:29:42 Error > Error connecting to WMI : appserv01 : 2607-f480-111-1520-5c79-c1bf-3414-939c.ipv6-literal.net [The object exporter specified was not found. (Exception from HRESULT: 0x80070776)]
2016/01/16 09:29:54 Info > Completed operating system inventory. [updated workloads.0] = Total Execute Time: 00:01:09.9580000
2016/01/16 09:31:45 Info > Staring platform inventory process
2016/01/16 09:31:45 Info > Started data mirroring process for Dimension Data : NA9
2016/01/16 09:31:54 Info > Completed data mirroring process for Dimension Data : NA9.0 new workloads.0 updated platform networks.4 updated workloads.0 removed workloads. = Total Execute Time: 00:00:09.0780000
2016/01/16 09:31:54 Info > Completed data mirroring process.0 new platforms, 1 updated platforms = total elapsed time: 00:00:09.3400000
2016/01/16 09:49:30 Info > Staring data upload process
2016/01/16 09:50:28 Info > Completed data upload process.0 netflows.210 performancecounters. = Total Elapsed Time: 00:00:57.6800000
2016/01/16 09:54:11 Info > Starting workload performance collection
2016/01/16 09:56:56 Error > 2607:f480:111:1520:1c67:edaa:40ac:5ad9 returned the following error while collecting performance data for counter : Processor : The network path was not found.

2016/01/16 09:57:15 Error > 2607:f480:111:1520:1c67:edaa:40ac:5ad9 returned the following error while collecting performance data for counter : Memory : The network path was not found.

2016/01/16 09:57:49 Error > 2607:f480:111:1520:1c67:edaa:40ac:5ad9 returned the following error while collecting performance data for counter : LogicalDisk : The network path was not found.

2016/01/16 09:58:04 Error > 2607:f480:111:1520:1c67:edaa:40ac:5ad9 returned the following error while collecting performance data for counter : PhysicalDisk : The network path was not found.

2016/01/16 09:58:33 Error > 2607:f480:111:1520:1c67:edaa:40ac:5ad9 returned the following error while collecting performance data for counter : Network Interface : The network path was not found.

2016/01/16 09:58:51 Error > 2607:f480:111:1520:1c67:edaa:40ac:5ad9 returned the following error while collecting performance data for counter : Double-Take Connection : The network path was not found.

2016/01/16 09:59:25 Error > 2607:f480:111:1520:1c67:edaa:40ac:5ad9 returned the following error while collecting performance data for counter : Double-Take Kernel : The network path was not found.

2016/01/16 09:59:42 Error > 2607:f480:111:1520:1c67:edaa:40ac:5ad9 returned the following error while collecting performance data for counter : Double-Take Source : The network path was not found.

2016/01/16 10:00:14 Error > 2607:f480:111:1520:1c67:edaa:40ac:5ad9 returned the following error while collecting performance data for counter : Double-Take Target : The network path was not found.

2016/01/16 10:00:14 Info > Completed performance collection | Elapsed Time 00:06:02.5320000 
2016/01/16 10:30:14 Info > Starting workload performance collection
2016/01/16 10:31:54 Info > Staring platform inventory process
2016/01/16 10:31:55 Info > Started data mirroring process for Dimension Data : NA9
2016/01/16 10:32:06 Info > Completed data mirroring process for Dimension Data : NA9.0 new workloads.0 updated platform networks.4 updated workloads.0 removed workloads. = Total Execute Time: 00:00:10.9700000
2016/01/16 10:32:06 Info > Completed data mirroring process.0 new platforms, 1 updated platforms = total elapsed time: 00:00:11.6560000
2016/01/16 10:33:17 Error > 2607:f480:111:1520:1c67:edaa:40ac:5ad9 returned the following error while collecting performance data for counter : Processor : The network path was not found.

2016/01/16 10:33:35 Error > 2607:f480:111:1520:1c67:edaa:40ac:5ad9 returned the following error while collecting performance data for counter : Memory : The network path was not found.

2016/01/16 10:34:07 Error > 2607:f480:111:1520:1c67:edaa:40ac:5ad9 returned the following error while collecting performance data for counter : LogicalDisk : The network path was not found.

2016/01/16 10:34:25 Error > 2607:f480:111:1520:1c67:edaa:40ac:5ad9 returned the following error while collecting performance data for counter : PhysicalDisk : The network path was not found.

2016/01/16 10:34:54 Error > 2607:f480:111:1520:1c67:edaa:40ac:5ad9 returned the following error while collecting performance data for counter : Network Interface : The network path was not found.

2016/01/16 10:35:12 Error > 2607:f480:111:1520:1c67:edaa:40ac:5ad9 returned the following error while collecting performance data for counter : Double-Take Connection : The network path was not found.

2016/01/16 10:35:47 Error > 2607:f480:111:1520:1c67:edaa:40ac:5ad9 returned the following error while collecting performance data for counter : Double-Take Kernel : The network path was not found.

2016/01/16 10:36:05 Error > 2607:f480:111:1520:1c67:edaa:40ac:5ad9 returned the following error while collecting performance data for counter : Double-Take Source : The network path was not found.

2016/01/16 10:36:38 Error > 2607:f480:111:1520:1c67:edaa:40ac:5ad9 returned the following error while collecting performance data for counter : Double-Take Target : The network path was not found.

2016/01/16 10:36:38 Info > Completed performance collection | Elapsed Time 00:06:24.7250000 
2016/01/16 10:50:28 Info > Staring data upload process
2016/01/16 10:51:39 Info > Completed data upload process.0 netflows.420 performancecounters. = Total Elapsed Time: 00:01:11.2820000
2016/01/16 11:06:39 Info > Starting workload performance collection
2016/01/16 11:09:27 Error > 2607:f480:111:1520:1c67:edaa:40ac:5ad9 returned the following error while collecting performance data for counter : Processor : The network path was not found.

2016/01/16 11:09:43 Error > 2607:f480:111:1520:1c67:edaa:40ac:5ad9 returned the following error while collecting performance data for counter : Memory : The network path was not found.

2016/01/16 11:10:13 Error > 2607:f480:111:1520:1c67:edaa:40ac:5ad9 returned the following error while collecting performance data for counter : LogicalDisk : The network path was not found.

2016/01/16 11:10:31 Error > 2607:f480:111:1520:1c67:edaa:40ac:5ad9 returned the following error while collecting performance data for counter : PhysicalDisk : The network path was not found.

2016/01/16 11:11:01 Error > 2607:f480:111:1520:1c67:edaa:40ac:5ad9 returned the following error while collecting performance data for counter : Network Interface : The network path was not found.

2016/01/16 11:11:15 Error > 2607:f480:111:1520:1c67:edaa:40ac:5ad9 returned the following error while collecting performance data for counter : Double-Take Connection : The network path was not found.

2016/01/16 11:11:32 Error > 2607:f480:111:1520:1c67:edaa:40ac:5ad9 returned the following error while collecting performance data for counter : Double-Take Kernel : The network path was not found.

2016/01/16 11:12:05 Error > 2607:f480:111:1520:1c67:edaa:40ac:5ad9 returned the following error while collecting performance data for counter : Double-Take Source : The network path was not found.

2016/01/16 11:12:22 Error > 2607:f480:111:1520:1c67:edaa:40ac:5ad9 returned the following error while collecting performance data for counter : Double-Take Target : The network path was not found.

2016/01/16 11:12:22 Info > Completed performance collection | Elapsed Time 00:05:43.5830000 
2016/01/16 11:32:06 Info > Staring platform inventory process
2016/01/16 11:32:06 Info > Started data mirroring process for Dimension Data : NA9
2016/01/16 11:32:16 Info > Completed data mirroring process for Dimension Data : NA9.0 new workloads.0 updated platform networks.4 updated workloads.0 removed workloads. = Total Execute Time: 00:00:09.7470000
2016/01/16 11:32:16 Info > Completed data mirroring process.0 new platforms, 1 updated platforms = total elapsed time: 00:00:09.9750000
2016/01/16 11:42:22 Info > Starting workload performance collection
2016/01/16 11:45:01 Error > 2607:f480:111:1520:1c67:edaa:40ac:5ad9 returned the following error while collecting performance data for counter : Processor : The network path was not found.

2016/01/16 11:45:19 Error > 2607:f480:111:1520:1c67:edaa:40ac:5ad9 returned the following error while collecting performance data for counter : Memory : The network path was not found.

2016/01/16 11:45:55 Error > 2607:f480:111:1520:1c67:edaa:40ac:5ad9 returned the following error while collecting performance data for counter : LogicalDisk : The network path was not found.

2016/01/16 11:46:13 Error > 2607:f480:111:1520:1c67:edaa:40ac:5ad9 returned the following error while collecting performance data for counter : PhysicalDisk : The network path was not found.

2016/01/16 11:46:50 Error > 2607:f480:111:1520:1c67:edaa:40ac:5ad9 returned the following error while collecting performance data for counter : Network Interface : The network path was not found.

2016/01/16 11:47:08 Error > 2607:f480:111:1520:1c67:edaa:40ac:5ad9 returned the following error while collecting performance data for counter : Double-Take Connection : The network path was not found.

2016/01/16 11:47:39 Error > 2607:f480:111:1520:1c67:edaa:40ac:5ad9 returned the following error while collecting performance data for counter : Double-Take Kernel : The network path was not found.

2016/01/16 11:47:54 Error > 2607:f480:111:1520:1c67:edaa:40ac:5ad9 returned the following error while collecting performance data for counter : Double-Take Source : The network path was not found.

2016/01/16 11:48:25 Error > 2607:f480:111:1520:1c67:edaa:40ac:5ad9 returned the following error while collecting performance data for counter : Double-Take Target : The network path was not found.

2016/01/16 11:48:25 Info > Completed performance collection | Elapsed Time 00:06:02.7740000 
2016/01/16 11:51:39 Info > Staring data upload process
2016/01/16 11:52:54 Info > Completed data upload process.0 netflows.420 performancecounters. = Total Elapsed Time: 00:01:14.3660000
