2016/01/09 06:52:15 Info > Starting CloudMovey Worker Service
2016/01/09 06:52:15 Info > Debug Enabled!
2016/01/09 06:52:15 Info > CloudMovey Worker Agent ID:636aafd21e70435fabe6374a099322d4
2016/01/09 06:52:15 Info > CloudMovey Portal URL:https://www.cloudmovey.com
2016/01/09 06:52:31 Debug > Starting WCF Service | Platforms: 1, Workloads: 5, Credentials: 2, Performance Counters: 180, Network Flows: 0
2016/01/09 06:52:33 Debug > organization id: 7b6865d87b824b4a97d563ae5e5d35e7
2016/01/09 06:52:33 Debug > Starting Scheduler Thread
2016/01/09 06:52:33 Debug > Starting Mirror Thread
2016/01/09 06:52:33 Debug > Starting Performance Collection Thread
2016/01/09 06:52:33 Info > Staring platform inventory process
2016/01/09 06:52:33 Debug > Starting Netflow v5 Collection Thread
2016/01/09 06:52:33 Debug > Starting Data Upload Thread
2016/01/09 06:52:33 Info > Starting workload performance collection
2016/01/09 06:52:33 Debug > Starting OS Inventory Thread
2016/01/09 06:52:33 Info > Staring data upload process
2016/01/09 06:52:33 Info > Started data mirroring process for Dimension Data : NA9
2016/01/09 06:52:46 Info > Completed data mirroring process for Dimension Data : NA9.0 new workloads.0 updated platform networks.4 updated workloads.0 removed workloads. = Total Execute Time: 00:00:12.5850000
2016/01/09 06:52:46 Info > Completed data mirroring process.
0 new platforms.
1 updated platforms.

00:00:13.2480000 total elapsed time
2016/01/09 06:53:03 Info > Completed data upload process.0 netflows.180 performancecounters. = Total Elapsed Time: 00:00:30.2270000
2016/01/09 06:56:48 Info > Starting CloudMovey Worker Service
2016/01/09 06:56:48 Info > Debug Enabled!
2016/01/09 06:56:48 Info > CloudMovey Worker Agent ID:636aafd21e70435fabe6374a099322d4
2016/01/09 06:56:48 Info > CloudMovey Portal URL:https://www.cloudmovey.com
2016/01/09 06:56:56 Debug > Starting WCF Service | Platforms: 1, Workloads: 5, Credentials: 2, Performance Counters: 65, Network Flows: 0
2016/01/09 06:56:57 Debug > organization id: 7b6865d87b824b4a97d563ae5e5d35e7
2016/01/09 06:56:57 Debug > Starting Scheduler Thread
2016/01/09 06:56:57 Debug > Starting Mirror Thread
2016/01/09 06:56:57 Debug > Starting Performance Collection Thread
2016/01/09 06:56:57 Debug > Starting Netflow v5 Collection Thread
2016/01/09 06:56:57 Info > Staring platform inventory process
2016/01/09 06:56:57 Debug > Starting Data Upload Thread
2016/01/09 06:56:57 Debug > Starting OS Inventory Thread
2016/01/09 06:56:57 Info > Starting workload performance collection
2016/01/09 06:56:57 Info > Staring data upload process
2016/01/09 06:57:00 Info > Started data mirroring process for Dimension Data : NA9
2016/01/09 06:57:14 Info > Completed data mirroring process for Dimension Data : NA9.0 new workloads.0 updated platform networks.4 updated workloads.0 removed workloads. = Total Execute Time: 00:00:13.2420000
2016/01/09 06:57:14 Info > Completed data mirroring process.0 new platforms, 1 updated platforms = total elapsed time: 00:00:16.3210000
2016/01/09 06:57:14 Info > Completed data upload process.0 netflows.65 performancecounters. = Total Elapsed Time: 00:00:17.0880000
2016/01/09 07:00:50 Info > Completed performance collection | Elapsed Time 00:03:52.8250000 
2016/01/09 07:30:50 Info > Starting workload performance collection
2016/01/09 07:34:44 Info > Completed performance collection | Elapsed Time 00:03:53.3400000 
2016/01/09 07:57:14 Info > Staring platform inventory process
2016/01/09 07:57:14 Info > Started data mirroring process for Dimension Data : NA9
2016/01/09 07:57:14 Info > Staring data upload process
2016/01/09 07:57:27 Info > Completed data mirroring process for Dimension Data : NA9.0 new workloads.0 updated platform networks.4 updated workloads.0 removed workloads. = Total Execute Time: 00:00:13.3480000
2016/01/09 07:57:27 Info > Completed data mirroring process.0 new platforms, 1 updated platforms = total elapsed time: 00:00:13.5850000
2016/01/09 08:01:01 Info > Completed data upload process.0 netflows.560 performancecounters. = Total Elapsed Time: 00:03:46.3440000
2016/01/09 08:04:44 Info > Starting workload performance collection
2016/01/09 08:08:12 Info > Completed performance collection | Elapsed Time 00:03:28.3370000 
2016/01/09 08:38:12 Info > Starting workload performance collection
2016/01/09 08:42:19 Info > Completed performance collection | Elapsed Time 00:04:06.8250000 
2016/01/09 08:57:27 Info > Staring platform inventory process
2016/01/09 08:57:27 Info > Started data mirroring process for Dimension Data : NA9
2016/01/09 08:57:37 Info > Completed data mirroring process for Dimension Data : NA9.0 new workloads.0 updated platform networks.4 updated workloads.0 removed workloads. = Total Execute Time: 00:00:09.8150000
2016/01/09 08:57:37 Info > Completed data mirroring process.0 new platforms, 1 updated platforms = total elapsed time: 00:00:10.0180000
2016/01/09 09:01:01 Info > Staring data upload process
2016/01/09 09:02:15 Info > Completed data upload process.0 netflows.560 performancecounters. = Total Elapsed Time: 00:01:13.8830000
2016/01/09 09:12:19 Info > Starting workload performance collection
2016/01/09 09:14:57 Info > Completed performance collection | Elapsed Time 00:02:37.8310000 
2016/01/09 09:44:57 Info > Starting workload performance collection
2016/01/09 09:47:52 Info > Completed performance collection | Elapsed Time 00:02:55.8540000 
2016/01/09 09:57:37 Info > Staring platform inventory process
2016/01/09 09:57:38 Info > Started data mirroring process for Dimension Data : NA9
2016/01/09 09:57:47 Info > Completed data mirroring process for Dimension Data : NA9.0 new workloads.0 updated platform networks.4 updated workloads.0 removed workloads. = Total Execute Time: 00:00:09.6670000
2016/01/09 09:57:47 Info > Completed data mirroring process.0 new platforms, 1 updated platforms = total elapsed time: 00:00:09.9360000
2016/01/09 10:02:15 Info > Staring data upload process
2016/01/09 10:03:35 Info > Completed data upload process.0 netflows.560 performancecounters. = Total Elapsed Time: 00:01:20.5150000
2016/01/09 10:17:52 Info > Starting workload performance collection
2016/01/09 10:20:24 Info > Completed performance collection | Elapsed Time 00:02:31.2820000 
2016/01/09 10:50:24 Info > Starting workload performance collection
2016/01/09 10:53:07 Info > Completed performance collection | Elapsed Time 00:02:43.5340000 
2016/01/09 10:57:47 Info > Staring platform inventory process
2016/01/09 10:57:47 Info > Started data mirroring process for Dimension Data : NA9
2016/01/09 10:57:57 Info > Completed data mirroring process for Dimension Data : NA9.0 new workloads.0 updated platform networks.4 updated workloads.0 removed workloads. = Total Execute Time: 00:00:09.7380000
2016/01/09 10:57:57 Info > Completed data mirroring process.0 new platforms, 1 updated platforms = total elapsed time: 00:00:09.9340000
2016/01/09 11:03:35 Info > Staring data upload process
2016/01/09 11:06:03 Info > Completed data upload process.0 netflows.560 performancecounters. = Total Elapsed Time: 00:02:27.5710000
2016/01/09 11:13:24 Error > Error connecting to: 2607-f480-111-1520-1c67-edaa-40ac-5ad9.ipv6-literal.net[System.Runtime.InteropServices.COMException (0x800706BA): The RPC server is unavailable. (Exception from HRESULT: 0x800706BA)
   at System.Runtime.InteropServices.Marshal.ThrowExceptionForHRInternal(Int32 errorCode, IntPtr errorInfo)
   at System.Management.ManagementScope.InitializeGuts(Object o)
   at System.Management.ManagementScope.Initialize()
   at CloudMoveyWorkerService.Portal.Classes.OSInventoryWorker.ConnectionScope(String machineName, ConnectionOptions options) in C:\Users\Phillip Spies\Documents\GitHubVisualStudio\CloudMoveyWorkerService\CloudMoveyWorkerService\CloudMoveyWorkerService\Classes\Background Classes\OSInventoryWorker.cs:line 279
   at CloudMoveyWorkerService.Portal.Classes.OSInventoryWorker.Start() in C:\Users\Phillip Spies\Documents\GitHubVisualStudio\CloudMoveyWorkerService\CloudMoveyWorkerService\CloudMoveyWorkerService\Classes\Background Classes\OSInventoryWorker.cs:line 51]
2016/01/09 11:21:09 Info > Starting CloudMovey Worker Service
2016/01/09 11:21:09 Info > Debug Enabled!
2016/01/09 11:21:09 Info > CloudMovey Worker Agent ID:636aafd21e70435fabe6374a099322d4
2016/01/09 11:21:09 Info > CloudMovey Portal URL:https://www.cloudmovey.com
2016/01/09 11:21:15 Debug > Starting WCF Service | Platforms: 1, Workloads: 5, Credentials: 2, Performance Counters: 0, Network Flows: 0
2016/01/09 11:21:18 Debug > organization id: 7b6865d87b824b4a97d563ae5e5d35e7
2016/01/09 11:21:18 Debug > Starting Scheduler Thread
2016/01/09 11:21:18 Debug > Starting Mirror Thread
2016/01/09 11:21:19 Debug > Starting Performance Collection Thread
2016/01/09 11:21:19 Debug > Starting Netflow v5 Collection Thread
2016/01/09 11:21:19 Info > Staring platform inventory process
2016/01/09 11:21:19 Debug > Starting Data Upload Thread
2016/01/09 11:21:20 Debug > Starting OS Inventory Thread
2016/01/09 11:21:20 Info > Staring data upload process
2016/01/09 11:21:20 Info > Staring operating system inventory process
2016/01/09 11:21:34 Info > Completed data upload process.0 netflows.0 performancecounters. = Total Elapsed Time: 00:00:14.0380000
2016/01/09 11:21:34 Info > Started data mirroring process for Dimension Data : NA9
2016/01/09 11:21:51 Info > Completed data mirroring process for Dimension Data : NA9.0 new workloads.0 updated platform networks.4 updated workloads.0 removed workloads. = Total Execute Time: 00:00:17.3320000
2016/01/09 11:21:51 Info > Completed data mirroring process.0 new platforms, 1 updated platforms = total elapsed time: 00:00:32.0600000
2016/01/09 11:21:58 Error > Error connecting to: 2607-f480-111-1520-1c67-edaa-40ac-5ad9.ipv6-literal.net[System.Runtime.InteropServices.COMException (0x800706BA): The RPC server is unavailable. (Exception from HRESULT: 0x800706BA)
   at System.Runtime.InteropServices.Marshal.ThrowExceptionForHRInternal(Int32 errorCode, IntPtr errorInfo)
   at System.Management.ManagementScope.InitializeGuts(Object o)
   at System.Management.ManagementScope.Initialize()
   at CloudMoveyWorkerService.Portal.Classes.OSInventoryWorker.ConnectionScope(String machineName, ConnectionOptions options) in C:\Users\Phillip Spies\Documents\GitHubVisualStudio\CloudMoveyWorkerService\CloudMoveyWorkerService\CloudMoveyWorkerService\Classes\Background Classes\OSInventoryWorker.cs:line 279
   at CloudMoveyWorkerService.Portal.Classes.OSInventoryWorker.Start() in C:\Users\Phillip Spies\Documents\GitHubVisualStudio\CloudMoveyWorkerService\CloudMoveyWorkerService\CloudMoveyWorkerService\Classes\Background Classes\OSInventoryWorker.cs:line 51]
2016/01/09 11:22:30 Info > Completed operating system inventory. [updated workloads.0] = Total Execute Time: 00:01:09.7380000
2016/01/09 11:25:46 Info > Completed performance collection | Elapsed Time 00:04:26.9390000 
2016/01/09 11:55:46 Info > Starting workload performance collection
2016/01/09 11:59:38 Info > Completed performance collection | Elapsed Time 00:03:51.3520000 
