2016/01/10 12:21:34 Info > Staring data upload process
2016/01/10 12:21:51 Info > Staring platform inventory process
2016/01/10 12:21:52 Info > Started data mirroring process for Dimension Data : NA9
2016/01/10 12:22:02 Info > Completed data mirroring process for Dimension Data : NA9.0 new workloads.0 updated platform networks.4 updated workloads.0 removed workloads. = Total Execute Time: 00:00:10.6930000
2016/01/10 12:22:02 Info > Completed data mirroring process.0 new platforms, 1 updated platforms = total elapsed time: 00:00:10.9330000
2016/01/10 12:24:25 Info > Starting CloudMovey Worker Service
2016/01/10 12:24:25 Info > Debug Enabled!
2016/01/10 12:24:25 Info > CloudMovey Worker Agent ID:636aafd21e70435fabe6374a099322d4
2016/01/10 12:24:25 Info > CloudMovey Portal URL:https://www.cloudmovey.com
2016/01/10 12:24:30 Debug > Starting WCF Service | Platforms: 1, Workloads: 5, Credentials: 2, Performance Counters: 124, Network Flows: 0
2016/01/10 12:24:32 Debug > organization id: 7b6865d87b824b4a97d563ae5e5d35e7
2016/01/10 12:24:32 Debug > Starting Scheduler Thread
2016/01/10 12:24:32 Debug > Starting Mirror Thread
2016/01/10 12:24:32 Debug > Starting Performance Collection Thread
2016/01/10 12:24:32 Info > Staring platform inventory process
2016/01/10 12:24:32 Info > Starting workload performance collection
2016/01/10 12:24:32 Debug > Starting Data Upload Thread
2016/01/10 12:24:32 Debug > Starting OS Inventory Thread
2016/01/10 12:24:32 Info > Staring data upload process
2016/01/10 12:24:32 Info > Staring operating system inventory process
2016/01/10 12:24:33 Info > Started data mirroring process for Dimension Data : NA9
2016/01/10 12:24:48 Info > Completed data mirroring process for Dimension Data : NA9.0 new workloads.0 updated platform networks.4 updated workloads.0 removed workloads. = Total Execute Time: 00:00:15.0630000
2016/01/10 12:24:48 Info > Completed data mirroring process.0 new platforms, 1 updated platforms = total elapsed time: 00:00:16.0130000
2016/01/10 12:24:50 Error > Error connecting to: 2607-f480-111-1520-1c67-edaa-40ac-5ad9.ipv6-literal.net[System.Runtime.InteropServices.COMException (0x800706BA): The RPC server is unavailable. (Exception from HRESULT: 0x800706BA)
   at System.Runtime.InteropServices.Marshal.ThrowExceptionForHRInternal(Int32 errorCode, IntPtr errorInfo)
   at System.Management.ManagementScope.InitializeGuts(Object o)
   at System.Management.ManagementScope.Initialize()
   at CloudMoveyWorkerService.Portal.Classes.OSInventoryWorker.ConnectionScope(String machineName, ConnectionOptions options) in C:\Users\Phillip Spies\Documents\GitHubVisualStudio\CloudMoveyWorkerService\CloudMoveyWorkerService\CloudMoveyWorkerService\Classes\Background Classes\OSInventoryWorker.cs:line 280
   at CloudMoveyWorkerService.Portal.Classes.OSInventoryWorker.Start() in C:\Users\Phillip Spies\Documents\GitHubVisualStudio\CloudMoveyWorkerService\CloudMoveyWorkerService\CloudMoveyWorkerService\Classes\Background Classes\OSInventoryWorker.cs:line 51]
2016/01/10 12:24:59 Info > Completed data upload process.0 netflows.124 performancecounters. = Total Elapsed Time: 00:00:26.5240000
2016/01/10 12:25:14 Info > Completed operating system inventory. [updated workloads.0] = Total Execute Time: 00:00:42.0250000
2016/01/10 12:28:36 Info > Completed performance collection | Elapsed Time 00:04:03.5090000 
2016/01/10 12:56:45 Info > Starting CloudMovey Worker Service
2016/01/10 12:56:45 Info > Debug Enabled!
2016/01/10 12:56:45 Info > CloudMovey Worker Agent ID:636aafd21e70435fabe6374a099322d4
2016/01/10 12:56:45 Info > CloudMovey Portal URL:https://www.cloudmovey.com
2016/01/10 12:56:51 Debug > Starting WCF Service | Platforms: 1, Workloads: 5, Credentials: 2, Performance Counters: 280, Network Flows: 0
2016/01/10 12:56:54 Debug > organization id: 7b6865d87b824b4a97d563ae5e5d35e7
2016/01/10 12:56:54 Debug > Starting Scheduler Thread
2016/01/10 12:56:54 Debug > Starting Mirror Thread
2016/01/10 12:56:54 Debug > Starting Performance Collection Thread
2016/01/10 12:56:54 Info > Staring platform inventory process
2016/01/10 12:56:54 Debug > Starting Netflow v5 Collection Thread
2016/01/10 12:56:54 Debug > Starting Data Upload Thread
2016/01/10 12:56:54 Info > Starting workload performance collection
2016/01/10 12:56:54 Debug > Starting OS Inventory Thread
2016/01/10 12:56:54 Info > Staring data upload process
2016/01/10 12:56:54 Info > Staring operating system inventory process
2016/01/10 12:56:55 Info > Started data mirroring process for Dimension Data : NA9
2016/01/10 12:57:07 Info > Completed data mirroring process for Dimension Data : NA9.0 new workloads.0 updated platform networks.4 updated workloads.0 removed workloads. = Total Execute Time: 00:00:12.2060000
2016/01/10 12:57:07 Info > Completed data mirroring process.0 new platforms, 1 updated platforms = total elapsed time: 00:00:13.0790000
2016/01/10 12:57:15 Error > Error connecting to: 2607-f480-111-1520-1c67-edaa-40ac-5ad9.ipv6-literal.net[System.Runtime.InteropServices.COMException (0x800706BA): The RPC server is unavailable. (Exception from HRESULT: 0x800706BA)
   at System.Runtime.InteropServices.Marshal.ThrowExceptionForHRInternal(Int32 errorCode, IntPtr errorInfo)
   at System.Management.ManagementScope.InitializeGuts(Object o)
   at System.Management.ManagementScope.Initialize()
   at CloudMoveyWorkerService.Portal.Classes.OSInventoryWorker.ConnectionScope(String machineName, ConnectionOptions options) in C:\Users\Phillip Spies\Documents\GitHubVisualStudio\CloudMoveyWorkerService\CloudMoveyWorkerService\CloudMoveyWorkerService\Classes\Background Classes\OSInventoryWorker.cs:line 280
   at CloudMoveyWorkerService.Portal.Classes.OSInventoryWorker.Start() in C:\Users\Phillip Spies\Documents\GitHubVisualStudio\CloudMoveyWorkerService\CloudMoveyWorkerService\CloudMoveyWorkerService\Classes\Background Classes\OSInventoryWorker.cs:line 51]
2016/01/10 12:57:35 Info > Completed data upload process.0 netflows.280 performancecounters. = Total Elapsed Time: 00:00:41.3100000
2016/01/10 12:57:48 Info > Completed operating system inventory. [updated workloads.0] = Total Execute Time: 00:00:54.2150000
2016/01/10 01:00:37 Info > Starting CloudMovey Worker Service
2016/01/10 01:00:37 Info > Debug Enabled!
2016/01/10 01:00:37 Info > CloudMovey Worker Agent ID:636aafd21e70435fabe6374a099322d4
2016/01/10 01:00:37 Info > CloudMovey Portal URL:https://www.cloudmovey.com
2016/01/10 01:00:54 Debug > Starting WCF Service | Platforms: 1, Workloads: 5, Credentials: 2, Performance Counters: 138, Network Flows: 0
2016/01/10 01:00:55 Debug > organization id: 7b6865d87b824b4a97d563ae5e5d35e7
2016/01/10 01:00:55 Debug > Starting Scheduler Thread
2016/01/10 01:00:55 Debug > Starting Mirror Thread
2016/01/10 01:00:55 Debug > Starting Performance Collection Thread
2016/01/10 01:00:55 Info > Staring platform inventory process
2016/01/10 01:00:55 Debug > Starting Netflow v5 Collection Thread
2016/01/10 01:00:55 Debug > Starting Data Upload Thread
2016/01/10 01:00:55 Info > Starting workload performance collection
2016/01/10 01:00:55 Debug > Starting OS Inventory Thread
2016/01/10 01:00:55 Info > Staring data upload process
2016/01/10 01:00:56 Info > Staring operating system inventory process
2016/01/10 01:00:56 Info > Started data mirroring process for Dimension Data : NA9
2016/01/10 01:01:10 Info > Completed data mirroring process for Dimension Data : NA9.0 new workloads.0 updated platform networks.4 updated workloads.0 removed workloads. = Total Execute Time: 00:00:13.7130000
2016/01/10 01:01:10 Info > Completed data mirroring process.0 new platforms, 1 updated platforms = total elapsed time: 00:00:14.7720000
2016/01/10 01:01:15 Info > Completed data upload process.0 netflows.138 performancecounters. = Total Elapsed Time: 00:00:19.9980000
2016/01/10 01:01:19 Error > Error connecting to: 2607-f480-111-1520-1c67-edaa-40ac-5ad9.ipv6-literal.net[System.Runtime.InteropServices.COMException (0x800706BA): The RPC server is unavailable. (Exception from HRESULT: 0x800706BA)
   at System.Runtime.InteropServices.Marshal.ThrowExceptionForHRInternal(Int32 errorCode, IntPtr errorInfo)
   at System.Management.ManagementScope.InitializeGuts(Object o)
   at System.Management.ManagementScope.Initialize()
   at CloudMoveyWorkerService.Portal.Classes.OSInventoryWorker.ConnectionScope(String machineName, ConnectionOptions options) in C:\Users\Phillip Spies\Documents\GitHubVisualStudio\CloudMoveyWorkerService\CloudMoveyWorkerService\CloudMoveyWorkerService\Classes\Background Classes\OSInventoryWorker.cs:line 281
   at CloudMoveyWorkerService.Portal.Classes.OSInventoryWorker.Start() in C:\Users\Phillip Spies\Documents\GitHubVisualStudio\CloudMoveyWorkerService\CloudMoveyWorkerService\CloudMoveyWorkerService\Classes\Background Classes\OSInventoryWorker.cs:line 51]
2016/01/10 01:01:48 Info > Completed operating system inventory. [updated workloads.0] = Total Execute Time: 00:00:52.6360000
2016/01/10 01:03:43 Info > Starting CloudMovey Worker Service
2016/01/10 01:03:43 Info > Debug Enabled!
2016/01/10 01:03:43 Info > CloudMovey Worker Agent ID:636aafd21e70435fabe6374a099322d4
2016/01/10 01:03:43 Info > CloudMovey Portal URL:https://www.cloudmovey.com
2016/01/10 01:03:48 Debug > Starting WCF Service | Platforms: 1, Workloads: 5, Credentials: 2, Performance Counters: 207, Network Flows: 0
2016/01/10 01:03:49 Debug > organization id: 7b6865d87b824b4a97d563ae5e5d35e7
2016/01/10 01:03:49 Debug > Starting Scheduler Thread
2016/01/10 01:03:49 Debug > Starting Mirror Thread
2016/01/10 01:03:49 Debug > Starting Performance Collection Thread
2016/01/10 01:03:49 Info > Staring platform inventory process
2016/01/10 01:03:49 Debug > Starting Netflow v5 Collection Thread
2016/01/10 01:03:49 Debug > Starting Data Upload Thread
2016/01/10 01:03:49 Info > Starting workload performance collection
2016/01/10 01:03:49 Info > Staring data upload process
2016/01/10 01:03:49 Debug > Starting OS Inventory Thread
2016/01/10 01:03:49 Info > Staring operating system inventory process
2016/01/10 01:03:53 Info > Started data mirroring process for Dimension Data : NA9
2016/01/10 01:04:07 Info > Completed data mirroring process for Dimension Data : NA9.0 new workloads.0 updated platform networks.4 updated workloads.0 removed workloads. = Total Execute Time: 00:00:14.7260000
2016/01/10 01:04:07 Info > Completed data mirroring process.0 new platforms, 1 updated platforms = total elapsed time: 00:00:18.1750000
2016/01/10 01:04:11 Error > Error connecting to: 2607-f480-111-1520-1c67-edaa-40ac-5ad9.ipv6-literal.net[System.Runtime.InteropServices.COMException (0x800706BA): The RPC server is unavailable. (Exception from HRESULT: 0x800706BA)
   at System.Runtime.InteropServices.Marshal.ThrowExceptionForHRInternal(Int32 errorCode, IntPtr errorInfo)
   at System.Management.ManagementScope.InitializeGuts(Object o)
   at System.Management.ManagementScope.Initialize()
   at CloudMoveyWorkerService.Portal.Classes.OSInventoryWorker.ConnectionScope(String machineName, ConnectionOptions options) in C:\Users\Phillip Spies\Documents\GitHubVisualStudio\CloudMoveyWorkerService\CloudMoveyWorkerService\CloudMoveyWorkerService\Classes\Background Classes\OSInventoryWorker.cs:line 281
   at CloudMoveyWorkerService.Portal.Classes.OSInventoryWorker.Start() in C:\Users\Phillip Spies\Documents\GitHubVisualStudio\CloudMoveyWorkerService\CloudMoveyWorkerService\CloudMoveyWorkerService\Classes\Background Classes\OSInventoryWorker.cs:line 51]
2016/01/10 01:04:29 Info > Completed data upload process.0 netflows.207 performancecounters. = Total Elapsed Time: 00:00:39.7210000
2016/01/10 01:04:33 Info > Completed operating system inventory. [updated workloads.0] = Total Execute Time: 00:00:43.6410000
2016/01/10 01:07:41 Info > Completed performance collection | Elapsed Time 00:03:52.0090000 
2016/01/10 01:37:41 Info > Starting workload performance collection
2016/01/10 01:40:25 Info > Completed performance collection | Elapsed Time 00:02:43.8390000 
2016/01/10 02:04:07 Info > Staring platform inventory process
2016/01/10 02:04:08 Info > Started data mirroring process for Dimension Data : NA9
2016/01/10 02:04:17 Info > Completed data mirroring process for Dimension Data : NA9.0 new workloads.0 updated platform networks.4 updated workloads.0 removed workloads. = Total Execute Time: 00:00:09.1910000
2016/01/10 02:04:17 Info > Completed data mirroring process.0 new platforms, 1 updated platforms = total elapsed time: 00:00:09.4120000
2016/01/10 02:04:29 Info > Staring data upload process
2016/01/10 02:05:29 Info > Completed data upload process.0 netflows.560 performancecounters. = Total Elapsed Time: 00:00:59.8670000
2016/01/10 02:10:25 Info > Starting workload performance collection
2016/01/10 02:13:06 Info > Completed performance collection | Elapsed Time 00:02:40.5510000 
2016/01/10 02:43:06 Info > Starting workload performance collection
2016/01/10 02:46:09 Info > Completed performance collection | Elapsed Time 00:03:03.4340000 
2016/01/10 03:04:17 Info > Staring platform inventory process
2016/01/10 03:04:33 Info > Started data mirroring process for Dimension Data : NA9
2016/01/10 03:04:42 Info > Completed data mirroring process for Dimension Data : NA9.0 new workloads.0 updated platform networks.4 updated workloads.0 removed workloads. = Total Execute Time: 00:00:09.1090000
2016/01/10 03:04:42 Info > Completed data mirroring process.0 new platforms, 1 updated platforms = total elapsed time: 00:00:25.7040000
2016/01/10 03:05:29 Info > Staring data upload process
2016/01/10 03:06:30 Info > Completed data upload process.0 netflows.560 performancecounters. = Total Elapsed Time: 00:01:01.2280000
2016/01/10 03:16:09 Info > Starting workload performance collection
2016/01/10 03:19:11 Info > Completed performance collection | Elapsed Time 00:03:02.2630000 
2016/01/10 03:49:11 Info > Starting workload performance collection
2016/01/10 03:52:06 Info > Completed performance collection | Elapsed Time 00:02:54.2300000 
2016/01/10 04:04:42 Info > Staring platform inventory process
2016/01/10 04:04:43 Info > Started data mirroring process for Dimension Data : NA9
2016/01/10 04:04:53 Info > Completed data mirroring process for Dimension Data : NA9.0 new workloads.0 updated platform networks.4 updated workloads.0 removed workloads. = Total Execute Time: 00:00:09.8650000
2016/01/10 04:04:53 Info > Completed data mirroring process.0 new platforms, 1 updated platforms = total elapsed time: 00:00:10.0780000
2016/01/10 04:06:30 Info > Staring data upload process
2016/01/10 04:07:28 Info > Completed data upload process.0 netflows.560 performancecounters. = Total Elapsed Time: 00:00:58.0580000
2016/01/10 04:22:06 Info > Starting workload performance collection
2016/01/10 04:24:57 Info > Completed performance collection | Elapsed Time 00:02:51.3270000 
2016/01/10 04:54:57 Info > Starting workload performance collection
2016/01/10 04:57:46 Info > Completed performance collection | Elapsed Time 00:02:49.1020000 
2016/01/10 05:04:53 Info > Staring platform inventory process
2016/01/10 05:04:53 Info > Started data mirroring process for Dimension Data : NA9
2016/01/10 05:05:02 Info > Completed data mirroring process for Dimension Data : NA9.0 new workloads.0 updated platform networks.4 updated workloads.0 removed workloads. = Total Execute Time: 00:00:08.9950000
2016/01/10 05:05:02 Info > Completed data mirroring process.0 new platforms, 1 updated platforms = total elapsed time: 00:00:09.2170000
2016/01/10 05:07:28 Info > Staring data upload process
2016/01/10 05:08:27 Info > Completed data upload process.0 netflows.560 performancecounters. = Total Elapsed Time: 00:00:58.2920000
2016/01/10 05:27:46 Info > Starting workload performance collection
2016/01/10 05:30:42 Info > Completed performance collection | Elapsed Time 00:02:55.6390000 
2016/01/10 06:00:42 Info > Starting workload performance collection
2016/01/10 06:03:07 Info > Completed performance collection | Elapsed Time 00:02:25.4760000 
2016/01/10 06:05:02 Info > Staring platform inventory process
2016/01/10 06:05:02 Info > Started data mirroring process for Dimension Data : NA9
2016/01/10 06:05:10 Info > Completed data mirroring process for Dimension Data : NA9.0 new workloads.0 updated platform networks.4 updated workloads.0 removed workloads. = Total Execute Time: 00:00:08.4280000
2016/01/10 06:05:10 Info > Completed data mirroring process.0 new platforms, 1 updated platforms = total elapsed time: 00:00:08.6350000
2016/01/10 06:08:27 Info > Staring data upload process
2016/01/10 06:09:41 Info > Completed data upload process.0 netflows.560 performancecounters. = Total Elapsed Time: 00:01:14.6800000
2016/01/10 06:33:07 Info > Starting workload performance collection
2016/01/10 06:36:06 Info > Completed performance collection | Elapsed Time 00:02:58.5700000 
2016/01/10 07:05:10 Info > Staring platform inventory process
2016/01/10 07:05:11 Info > Started data mirroring process for Dimension Data : NA9
2016/01/10 07:05:20 Info > Completed data mirroring process for Dimension Data : NA9.0 new workloads.0 updated platform networks.4 updated workloads.0 removed workloads. = Total Execute Time: 00:00:09.1750000
2016/01/10 07:05:20 Info > Completed data mirroring process.0 new platforms, 1 updated platforms = total elapsed time: 00:00:09.4080000
2016/01/10 07:06:06 Info > Starting workload performance collection
2016/01/10 07:09:04 Info > Completed performance collection | Elapsed Time 00:02:58.5640000 
2016/01/10 07:09:41 Info > Staring data upload process
2016/01/10 07:10:40 Info > Completed data upload process.0 netflows.560 performancecounters. = Total Elapsed Time: 00:00:58.4770000
2016/01/10 07:39:04 Info > Starting workload performance collection
2016/01/10 07:41:54 Info > Completed performance collection | Elapsed Time 00:02:49.1920000 
2016/01/10 08:05:20 Info > Staring platform inventory process
2016/01/10 08:05:20 Info > Started data mirroring process for Dimension Data : NA9
2016/01/10 08:05:29 Info > Completed data mirroring process for Dimension Data : NA9.0 new workloads.0 updated platform networks.4 updated workloads.0 removed workloads. = Total Execute Time: 00:00:09.0640000
2016/01/10 08:05:29 Info > Completed data mirroring process.0 new platforms, 1 updated platforms = total elapsed time: 00:00:09.2800000
2016/01/10 08:10:40 Info > Staring data upload process
2016/01/10 08:11:15 Info > Completed data upload process.0 netflows.280 performancecounters. = Total Elapsed Time: 00:00:34.8210000
2016/01/10 08:11:54 Info > Starting workload performance collection
2016/01/10 08:14:52 Info > Completed performance collection | Elapsed Time 00:02:58.7300000 
2016/01/10 08:44:52 Info > Starting workload performance collection
2016/01/10 08:48:02 Info > Completed performance collection | Elapsed Time 00:03:09.2330000 
2016/01/10 09:05:29 Info > Staring platform inventory process
2016/01/10 09:05:29 Info > Started data mirroring process for Dimension Data : NA9
2016/01/10 09:05:38 Info > Completed data mirroring process for Dimension Data : NA9.0 new workloads.0 updated platform networks.4 updated workloads.0 removed workloads. = Total Execute Time: 00:00:09.0830000
2016/01/10 09:05:38 Info > Completed data mirroring process.0 new platforms, 1 updated platforms = total elapsed time: 00:00:09.3020000
2016/01/10 09:11:15 Info > Staring data upload process
2016/01/10 09:12:14 Info > Completed data upload process.0 netflows.560 performancecounters. = Total Elapsed Time: 00:00:59.0210000
2016/01/10 09:18:02 Info > Starting workload performance collection
2016/01/10 09:21:24 Info > Completed performance collection | Elapsed Time 00:03:22.3680000 
2016/01/10 09:51:24 Info > Starting workload performance collection
2016/01/10 09:55:15 Info > Completed performance collection | Elapsed Time 00:03:50.9930000 
2016/01/10 10:05:38 Info > Staring platform inventory process
2016/01/10 10:05:39 Info > Started data mirroring process for Dimension Data : NA9
2016/01/10 10:05:49 Info > Completed data mirroring process for Dimension Data : NA9.0 new workloads.0 updated platform networks.4 updated workloads.0 removed workloads. = Total Execute Time: 00:00:10.9400000
2016/01/10 10:05:49 Info > Completed data mirroring process.0 new platforms, 1 updated platforms = total elapsed time: 00:00:11.1500000
2016/01/10 10:12:14 Info > Staring data upload process
2016/01/10 10:13:18 Info > Completed data upload process.0 netflows.560 performancecounters. = Total Elapsed Time: 00:01:03.9050000
2016/01/10 10:25:15 Info > Starting workload performance collection
2016/01/10 10:29:44 Info > Completed performance collection | Elapsed Time 00:04:28.8720000 
2016/01/10 10:59:44 Info > Starting workload performance collection
2016/01/10 11:03:38 Info > Completed performance collection | Elapsed Time 00:03:54.3170000 
2016/01/10 11:05:50 Info > Staring platform inventory process
2016/01/10 11:05:50 Info > Started data mirroring process for Dimension Data : NA9
2016/01/10 11:06:00 Info > Completed data mirroring process for Dimension Data : NA9.0 new workloads.0 updated platform networks.4 updated workloads.0 removed workloads. = Total Execute Time: 00:00:10.3020000
2016/01/10 11:06:00 Info > Completed data mirroring process.0 new platforms, 1 updated platforms = total elapsed time: 00:00:10.5080000
2016/01/10 11:13:18 Info > Staring data upload process
2016/01/10 11:14:16 Info > Completed data upload process.0 netflows.560 performancecounters. = Total Elapsed Time: 00:00:58.7810000
2016/01/10 11:33:38 Info > Starting workload performance collection
2016/01/10 11:37:52 Info > Completed performance collection | Elapsed Time 00:04:13.7500000 
2016/01/10 12:06:00 Info > Staring platform inventory process
2016/01/10 12:06:00 Info > Started data mirroring process for Dimension Data : NA9
2016/01/10 12:06:10 Info > Completed data mirroring process for Dimension Data : NA9.0 new workloads.0 updated platform networks.4 updated workloads.0 removed workloads. = Total Execute Time: 00:00:10.0260000
2016/01/10 12:06:10 Info > Completed data mirroring process.0 new platforms, 1 updated platforms = total elapsed time: 00:00:10.2290000
2016/01/10 12:07:52 Info > Starting workload performance collection
2016/01/10 12:12:46 Info > Completed performance collection | Elapsed Time 00:04:53.7080000 
2016/01/10 12:14:16 Info > Staring data upload process
2016/01/10 12:15:15 Info > Completed data upload process.0 netflows.560 performancecounters. = Total Elapsed Time: 00:00:58.8480000
2016/01/10 12:42:46 Info > Starting workload performance collection
2016/01/10 12:45:41 Info > Completed performance collection | Elapsed Time 00:02:55.6510000 
2016/01/10 01:06:10 Info > Staring platform inventory process
2016/01/10 01:06:10 Info > Started data mirroring process for Dimension Data : NA9
2016/01/10 01:06:23 Info > Completed data mirroring process for Dimension Data : NA9.0 new workloads.0 updated platform networks.4 updated workloads.0 removed workloads. = Total Execute Time: 00:00:12.8150000
2016/01/10 01:06:23 Info > Completed data mirroring process.0 new platforms, 1 updated platforms = total elapsed time: 00:00:13.0150000
2016/01/10 01:15:15 Info > Staring data upload process
2016/01/10 01:15:41 Info > Starting workload performance collection
2016/01/10 01:15:44 Info > Completed data upload process.0 netflows.280 performancecounters. = Total Elapsed Time: 00:00:29.0970000
2016/01/10 01:20:35 Info > Completed performance collection | Elapsed Time 00:04:54.2070000 
2016/01/10 01:50:35 Info > Starting workload performance collection
2016/01/10 01:54:29 Info > Completed performance collection | Elapsed Time 00:03:53.5150000 
2016/01/10 02:06:23 Info > Staring platform inventory process
2016/01/10 02:06:23 Info > Started data mirroring process for Dimension Data : NA9
2016/01/10 02:06:33 Info > Completed data mirroring process for Dimension Data : NA9.0 new workloads.0 updated platform networks.4 updated workloads.0 removed workloads. = Total Execute Time: 00:00:09.3790000
2016/01/10 02:06:33 Info > Completed data mirroring process.0 new platforms, 1 updated platforms = total elapsed time: 00:00:09.5910000
2016/01/10 02:15:44 Info > Staring data upload process
2016/01/10 02:16:43 Info > Completed data upload process.0 netflows.560 performancecounters. = Total Elapsed Time: 00:00:58.8430000
2016/01/10 02:24:29 Info > Starting workload performance collection
2016/01/10 02:28:58 Info > Completed performance collection | Elapsed Time 00:04:28.9120000 
2016/01/10 02:58:58 Info > Starting workload performance collection
2016/01/10 03:02:42 Info > Completed performance collection | Elapsed Time 00:03:44.2390000 
2016/01/10 03:06:33 Info > Staring platform inventory process
2016/01/10 03:06:33 Info > Started data mirroring process for Dimension Data : NA9
2016/01/10 03:06:42 Info > Completed data mirroring process for Dimension Data : NA9.0 new workloads.0 updated platform networks.4 updated workloads.0 removed workloads. = Total Execute Time: 00:00:09.3560000
2016/01/10 03:06:42 Info > Completed data mirroring process.0 new platforms, 1 updated platforms = total elapsed time: 00:00:09.5550000
2016/01/10 03:16:43 Info > Staring data upload process
2016/01/10 03:18:38 Info > Completed data upload process.0 netflows.560 performancecounters. = Total Elapsed Time: 00:01:54.6350000
2016/01/10 03:32:42 Info > Starting workload performance collection
2016/01/10 03:37:24 Info > Completed performance collection | Elapsed Time 00:04:42.1570000 
2016/01/10 04:06:42 Info > Staring platform inventory process
2016/01/10 04:06:43 Info > Started data mirroring process for Dimension Data : NA9
2016/01/10 04:06:55 Info > Completed data mirroring process for Dimension Data : NA9.0 new workloads.0 updated platform networks.4 updated workloads.0 removed workloads. = Total Execute Time: 00:00:12.1020000
2016/01/10 04:06:55 Info > Completed data mirroring process.0 new platforms, 1 updated platforms = total elapsed time: 00:00:12.3540000
2016/01/10 04:07:24 Info > Starting workload performance collection
2016/01/10 04:11:50 Info > Completed performance collection | Elapsed Time 00:04:25.7720000 
2016/01/10 04:18:38 Info > Staring data upload process
2016/01/10 04:20:09 Info > Completed data upload process.0 netflows.560 performancecounters. = Total Elapsed Time: 00:01:30.7580000
2016/01/10 04:41:50 Info > Starting workload performance collection
2016/01/10 05:06:55 Info > Staring platform inventory process
2016/01/10 05:06:55 Info > Started data mirroring process for Dimension Data : NA9
2016/01/10 05:07:05 Info > Completed data mirroring process for Dimension Data : NA9.0 new workloads.0 updated platform networks.4 updated workloads.0 removed workloads. = Total Execute Time: 00:00:09.6570000
2016/01/10 05:07:05 Info > Completed data mirroring process.0 new platforms, 1 updated platforms = total elapsed time: 00:00:09.9110000
2016/01/10 05:20:09 Info > Staring data upload process
2016/01/10 05:20:36 Info > Completed data upload process.0 netflows.214 performancecounters. = Total Elapsed Time: 00:00:27.0760000
2016/01/10 06:07:05 Info > Staring platform inventory process
2016/01/10 06:07:05 Info > Started data mirroring process for Dimension Data : NA9
2016/01/10 06:07:15 Info > Completed data mirroring process for Dimension Data : NA9.0 new workloads.0 updated platform networks.4 updated workloads.0 removed workloads. = Total Execute Time: 00:00:09.6490000
2016/01/10 06:07:15 Info > Completed data mirroring process.0 new platforms, 1 updated platforms = total elapsed time: 00:00:09.8950000
2016/01/10 06:20:36 Info > Staring data upload process
2016/01/10 06:20:36 Info > Completed data upload process.0 netflows.0 performancecounters. = Total Elapsed Time: 00:00:00.1940000
2016/01/10 07:07:15 Info > Staring platform inventory process
2016/01/10 07:07:15 Info > Started data mirroring process for Dimension Data : NA9
2016/01/10 07:07:28 Info > Completed data mirroring process for Dimension Data : NA9.0 new workloads.0 updated platform networks.4 updated workloads.0 removed workloads. = Total Execute Time: 00:00:13.0470000
2016/01/10 07:07:28 Info > Completed data mirroring process.0 new platforms, 1 updated platforms = total elapsed time: 00:00:13.2440000
2016/01/10 07:20:36 Info > Staring data upload process
2016/01/10 07:20:36 Info > Completed data upload process.0 netflows.0 performancecounters. = Total Elapsed Time: 00:00:00.1750000
2016/01/10 08:07:28 Info > Staring platform inventory process
2016/01/10 08:07:28 Info > Started data mirroring process for Dimension Data : NA9
2016/01/10 08:07:38 Info > Completed data mirroring process for Dimension Data : NA9.0 new workloads.0 updated platform networks.4 updated workloads.0 removed workloads. = Total Execute Time: 00:00:09.8190000
2016/01/10 08:07:38 Info > Completed data mirroring process.0 new platforms, 1 updated platforms = total elapsed time: 00:00:10.0150000
2016/01/10 08:20:36 Info > Staring data upload process
2016/01/10 08:20:37 Info > Completed data upload process.0 netflows.0 performancecounters. = Total Elapsed Time: 00:00:00.2540000
2016/01/10 09:07:38 Info > Staring platform inventory process
2016/01/10 09:07:38 Info > Started data mirroring process for Dimension Data : NA9
2016/01/10 09:07:49 Info > Completed data mirroring process for Dimension Data : NA9.0 new workloads.0 updated platform networks.4 updated workloads.0 removed workloads. = Total Execute Time: 00:00:10.3910000
2016/01/10 09:07:49 Info > Completed data mirroring process.0 new platforms, 1 updated platforms = total elapsed time: 00:00:10.6810000
2016/01/10 09:18:54 Error > Unexpected error connecting to https://www.cloudmovey.com/api/v1/tasks/list.json with error (Unable to connect to the remote server)
2016/01/10 09:19:24 Error > Unexpected error connecting to https://www.cloudmovey.com/api/v1/tasks/list.json with error (The remote name could not be resolved: 'www.cloudmovey.com')
2016/01/10 09:19:54 Error > Unexpected error connecting to https://www.cloudmovey.com/api/v1/tasks/list.json with error (The remote name could not be resolved: 'www.cloudmovey.com')
2016/01/10 09:20:37 Info > Staring data upload process
2016/01/10 09:20:37 Info > Completed data upload process.0 netflows.0 performancecounters. = Total Elapsed Time: 00:00:00.1550000
2016/01/10 09:28:38 Error > Unexpected error connecting to https://www.cloudmovey.com/api/v1/tasks/list.json with error (The remote name could not be resolved: 'www.cloudmovey.com')
2016/01/10 09:29:08 Error > Unexpected error connecting to https://www.cloudmovey.com/api/v1/tasks/list.json with error (The remote name could not be resolved: 'www.cloudmovey.com')
2016/01/10 09:29:38 Error > Unexpected error connecting to https://www.cloudmovey.com/api/v1/tasks/list.json with error (The remote name could not be resolved: 'www.cloudmovey.com')
2016/01/10 09:30:08 Error > Unexpected error connecting to https://www.cloudmovey.com/api/v1/tasks/list.json with error (The remote name could not be resolved: 'www.cloudmovey.com')
2016/01/10 09:30:38 Error > Unexpected error connecting to https://www.cloudmovey.com/api/v1/tasks/list.json with error (The remote name could not be resolved: 'www.cloudmovey.com')
2016/01/10 09:31:08 Error > Unexpected error connecting to https://www.cloudmovey.com/api/v1/tasks/list.json with error (The remote name could not be resolved: 'www.cloudmovey.com')
2016/01/10 09:31:38 Error > Unexpected error connecting to https://www.cloudmovey.com/api/v1/tasks/list.json with error (The remote name could not be resolved: 'www.cloudmovey.com')
2016/01/10 09:32:08 Error > Unexpected error connecting to https://www.cloudmovey.com/api/v1/tasks/list.json with error (The remote name could not be resolved: 'www.cloudmovey.com')
2016/01/10 09:32:38 Error > Unexpected error connecting to https://www.cloudmovey.com/api/v1/tasks/list.json with error (The remote name could not be resolved: 'www.cloudmovey.com')
2016/01/10 09:33:08 Error > Unexpected error connecting to https://www.cloudmovey.com/api/v1/tasks/list.json with error (The remote name could not be resolved: 'www.cloudmovey.com')
2016/01/10 09:33:38 Error > Unexpected error connecting to https://www.cloudmovey.com/api/v1/tasks/list.json with error (The remote name could not be resolved: 'www.cloudmovey.com')
2016/01/10 09:34:08 Error > Unexpected error connecting to https://www.cloudmovey.com/api/v1/tasks/list.json with error (The remote name could not be resolved: 'www.cloudmovey.com')
2016/01/10 09:34:38 Error > Unexpected error connecting to https://www.cloudmovey.com/api/v1/tasks/list.json with error (The remote name could not be resolved: 'www.cloudmovey.com')
2016/01/10 09:35:08 Error > Unexpected error connecting to https://www.cloudmovey.com/api/v1/tasks/list.json with error (The remote name could not be resolved: 'www.cloudmovey.com')
2016/01/10 09:35:38 Error > Unexpected error connecting to https://www.cloudmovey.com/api/v1/tasks/list.json with error (The remote name could not be resolved: 'www.cloudmovey.com')
2016/01/10 09:36:08 Error > Unexpected error connecting to https://www.cloudmovey.com/api/v1/tasks/list.json with error (The remote name could not be resolved: 'www.cloudmovey.com')
2016/01/10 09:36:38 Error > Unexpected error connecting to https://www.cloudmovey.com/api/v1/tasks/list.json with error (The remote name could not be resolved: 'www.cloudmovey.com')
2016/01/10 09:37:08 Error > Unexpected error connecting to https://www.cloudmovey.com/api/v1/tasks/list.json with error (The remote name could not be resolved: 'www.cloudmovey.com')
2016/01/10 09:37:38 Error > Unexpected error connecting to https://www.cloudmovey.com/api/v1/tasks/list.json with error (The remote name could not be resolved: 'www.cloudmovey.com')
2016/01/10 09:38:08 Error > Unexpected error connecting to https://www.cloudmovey.com/api/v1/tasks/list.json with error (The remote name could not be resolved: 'www.cloudmovey.com')
2016/01/10 09:38:38 Error > Unexpected error connecting to https://www.cloudmovey.com/api/v1/tasks/list.json with error (The remote name could not be resolved: 'www.cloudmovey.com')
2016/01/10 09:39:08 Error > Unexpected error connecting to https://www.cloudmovey.com/api/v1/tasks/list.json with error (The remote name could not be resolved: 'www.cloudmovey.com')
2016/01/10 09:39:38 Error > Unexpected error connecting to https://www.cloudmovey.com/api/v1/tasks/list.json with error (The remote name could not be resolved: 'www.cloudmovey.com')
2016/01/10 09:40:08 Error > Unexpected error connecting to https://www.cloudmovey.com/api/v1/tasks/list.json with error (The remote name could not be resolved: 'www.cloudmovey.com')
2016/01/10 09:40:38 Error > Unexpected error connecting to https://www.cloudmovey.com/api/v1/tasks/list.json with error (The remote name could not be resolved: 'www.cloudmovey.com')
2016/01/10 09:41:08 Error > Unexpected error connecting to https://www.cloudmovey.com/api/v1/tasks/list.json with error (The remote name could not be resolved: 'www.cloudmovey.com')
2016/01/10 09:41:38 Error > Unexpected error connecting to https://www.cloudmovey.com/api/v1/tasks/list.json with error (The remote name could not be resolved: 'www.cloudmovey.com')
2016/01/10 09:42:08 Error > Unexpected error connecting to https://www.cloudmovey.com/api/v1/tasks/list.json with error (The remote name could not be resolved: 'www.cloudmovey.com')
2016/01/10 09:42:38 Error > Unexpected error connecting to https://www.cloudmovey.com/api/v1/tasks/list.json with error (The remote name could not be resolved: 'www.cloudmovey.com')
2016/01/10 09:43:08 Error > Unexpected error connecting to https://www.cloudmovey.com/api/v1/tasks/list.json with error (The remote name could not be resolved: 'www.cloudmovey.com')
2016/01/10 09:43:38 Error > Unexpected error connecting to https://www.cloudmovey.com/api/v1/tasks/list.json with error (The remote name could not be resolved: 'www.cloudmovey.com')
2016/01/10 09:44:08 Error > Unexpected error connecting to https://www.cloudmovey.com/api/v1/tasks/list.json with error (The remote name could not be resolved: 'www.cloudmovey.com')
2016/01/10 09:44:38 Error > Unexpected error connecting to https://www.cloudmovey.com/api/v1/tasks/list.json with error (The remote name could not be resolved: 'www.cloudmovey.com')
2016/01/10 09:45:08 Error > Unexpected error connecting to https://www.cloudmovey.com/api/v1/tasks/list.json with error (The remote name could not be resolved: 'www.cloudmovey.com')
2016/01/10 09:45:38 Error > Unexpected error connecting to https://www.cloudmovey.com/api/v1/tasks/list.json with error (The remote name could not be resolved: 'www.cloudmovey.com')
2016/01/10 09:46:08 Error > Unexpected error connecting to https://www.cloudmovey.com/api/v1/tasks/list.json with error (The remote name could not be resolved: 'www.cloudmovey.com')
2016/01/10 09:46:38 Error > Unexpected error connecting to https://www.cloudmovey.com/api/v1/tasks/list.json with error (The remote name could not be resolved: 'www.cloudmovey.com')
2016/01/10 09:47:08 Error > Unexpected error connecting to https://www.cloudmovey.com/api/v1/tasks/list.json with error (The remote name could not be resolved: 'www.cloudmovey.com')
2016/01/10 09:47:38 Error > Unexpected error connecting to https://www.cloudmovey.com/api/v1/tasks/list.json with error (The remote name could not be resolved: 'www.cloudmovey.com')
2016/01/10 09:48:08 Error > Unexpected error connecting to https://www.cloudmovey.com/api/v1/tasks/list.json with error (The remote name could not be resolved: 'www.cloudmovey.com')
2016/01/10 09:48:38 Error > Unexpected error connecting to https://www.cloudmovey.com/api/v1/tasks/list.json with error (The remote name could not be resolved: 'www.cloudmovey.com')
2016/01/10 09:49:08 Error > Unexpected error connecting to https://www.cloudmovey.com/api/v1/tasks/list.json with error (The remote name could not be resolved: 'www.cloudmovey.com')
2016/01/10 09:49:38 Error > Unexpected error connecting to https://www.cloudmovey.com/api/v1/tasks/list.json with error (The remote name could not be resolved: 'www.cloudmovey.com')
2016/01/10 09:50:08 Error > Unexpected error connecting to https://www.cloudmovey.com/api/v1/tasks/list.json with error (The remote name could not be resolved: 'www.cloudmovey.com')
2016/01/10 09:50:38 Error > Unexpected error connecting to https://www.cloudmovey.com/api/v1/tasks/list.json with error (The remote name could not be resolved: 'www.cloudmovey.com')
2016/01/10 09:51:08 Error > Unexpected error connecting to https://www.cloudmovey.com/api/v1/tasks/list.json with error (The remote name could not be resolved: 'www.cloudmovey.com')
2016/01/10 09:51:38 Error > Unexpected error connecting to https://www.cloudmovey.com/api/v1/tasks/list.json with error (The remote name could not be resolved: 'www.cloudmovey.com')
2016/01/10 09:52:08 Error > Unexpected error connecting to https://www.cloudmovey.com/api/v1/tasks/list.json with error (The remote name could not be resolved: 'www.cloudmovey.com')
2016/01/10 09:52:38 Error > Unexpected error connecting to https://www.cloudmovey.com/api/v1/tasks/list.json with error (The remote name could not be resolved: 'www.cloudmovey.com')
2016/01/10 09:53:08 Error > Unexpected error connecting to https://www.cloudmovey.com/api/v1/tasks/list.json with error (The remote name could not be resolved: 'www.cloudmovey.com')
2016/01/10 10:07:49 Info > Staring platform inventory process
2016/01/10 10:07:49 Info > Started data mirroring process for Dimension Data : NA9
2016/01/10 10:08:00 Info > Completed data mirroring process for Dimension Data : NA9.0 new workloads.0 updated platform networks.4 updated workloads.0 removed workloads. = Total Execute Time: 00:00:11.6920000
2016/01/10 10:08:00 Info > Completed data mirroring process.0 new platforms, 1 updated platforms = total elapsed time: 00:00:11.9090000
2016/01/10 10:20:37 Info > Staring data upload process
2016/01/10 10:20:37 Info > Completed data upload process.0 netflows.0 performancecounters. = Total Elapsed Time: 00:00:00.1860000
2016/01/10 11:08:00 Info > Staring platform inventory process
2016/01/10 11:08:01 Info > Started data mirroring process for Dimension Data : NA9
2016/01/10 11:08:11 Info > Completed data mirroring process for Dimension Data : NA9.0 new workloads.0 updated platform networks.4 updated workloads.0 removed workloads. = Total Execute Time: 00:00:09.5740000
2016/01/10 11:08:11 Info > Completed data mirroring process.0 new platforms, 1 updated platforms = total elapsed time: 00:00:10.5140000
2016/01/10 11:20:37 Info > Staring data upload process
2016/01/10 11:20:37 Info > Completed data upload process.0 netflows.0 performancecounters. = Total Elapsed Time: 00:00:00.1740000
