2016/01/11 12:08:11 Info > Staring platform inventory process
2016/01/11 12:08:11 Info > Started data mirroring process for Dimension Data : NA9
2016/01/11 12:08:20 Info > Completed data mirroring process for Dimension Data : NA9.0 new workloads.0 updated platform networks.4 updated workloads.0 removed workloads. = Total Execute Time: 00:00:09.3510000
2016/01/11 12:08:20 Info > Completed data mirroring process.0 new platforms, 1 updated platforms = total elapsed time: 00:00:09.5430000
2016/01/11 12:20:37 Info > Staring data upload process
2016/01/11 12:20:37 Info > Completed data upload process.0 netflows.0 performancecounters. = Total Elapsed Time: 00:00:00.1770000
2016/01/11 01:04:33 Info > Staring operating system inventory process
2016/01/11 01:04:49 Error > Error connecting to: 2607-f480-111-1520-1c67-edaa-40ac-5ad9.ipv6-literal.net[System.Runtime.InteropServices.COMException (0x800706BA): The RPC server is unavailable. (Exception from HRESULT: 0x800706BA)
   at System.Runtime.InteropServices.Marshal.ThrowExceptionForHRInternal(Int32 errorCode, IntPtr errorInfo)
   at System.Management.ManagementScope.InitializeGuts(Object o)
   at System.Management.ManagementScope.Initialize()
   at CloudMoveyWorkerService.Portal.Classes.OSInventoryWorker.ConnectionScope(String machineName, ConnectionOptions options) in C:\Users\Phillip Spies\Documents\GitHubVisualStudio\CloudMoveyWorkerService\CloudMoveyWorkerService\CloudMoveyWorkerService\Classes\Background Classes\OSInventoryWorker.cs:line 281
   at CloudMoveyWorkerService.Portal.Classes.OSInventoryWorker.Start() in C:\Users\Phillip Spies\Documents\GitHubVisualStudio\CloudMoveyWorkerService\CloudMoveyWorkerService\CloudMoveyWorkerService\Classes\Background Classes\OSInventoryWorker.cs:line 51]
2016/01/11 01:05:11 Info > Completed operating system inventory. [updated workloads.0] = Total Execute Time: 00:00:37.9260000
2016/01/11 01:08:20 Info > Staring platform inventory process
2016/01/11 01:08:21 Info > Started data mirroring process for Dimension Data : NA9
2016/01/11 01:08:29 Info > Completed data mirroring process for Dimension Data : NA9.0 new workloads.0 updated platform networks.4 updated workloads.0 removed workloads. = Total Execute Time: 00:00:08.3710000
2016/01/11 01:08:29 Info > Completed data mirroring process.0 new platforms, 1 updated platforms = total elapsed time: 00:00:08.5370000
2016/01/11 01:20:37 Info > Staring data upload process
2016/01/11 01:20:40 Info > Completed data upload process.0 netflows.0 performancecounters. = Total Elapsed Time: 00:00:02.7220000
2016/01/11 02:08:29 Info > Staring platform inventory process
2016/01/11 02:08:29 Info > Started data mirroring process for Dimension Data : NA9
2016/01/11 02:08:38 Info > Completed data mirroring process for Dimension Data : NA9.0 new workloads.0 updated platform networks.4 updated workloads.0 removed workloads. = Total Execute Time: 00:00:08.6740000
2016/01/11 02:08:38 Info > Completed data mirroring process.0 new platforms, 1 updated platforms = total elapsed time: 00:00:08.8390000
2016/01/11 02:20:40 Info > Staring data upload process
2016/01/11 02:20:40 Info > Completed data upload process.0 netflows.0 performancecounters. = Total Elapsed Time: 00:00:00.1390000
2016/01/11 03:08:38 Info > Staring platform inventory process
2016/01/11 03:08:38 Info > Started data mirroring process for Dimension Data : NA9
2016/01/11 03:08:46 Info > Completed data mirroring process for Dimension Data : NA9.0 new workloads.0 updated platform networks.4 updated workloads.0 removed workloads. = Total Execute Time: 00:00:08.4620000
2016/01/11 03:08:46 Info > Completed data mirroring process.0 new platforms, 1 updated platforms = total elapsed time: 00:00:08.6160000
2016/01/11 03:20:40 Info > Staring data upload process
2016/01/11 03:20:40 Info > Completed data upload process.0 netflows.0 performancecounters. = Total Elapsed Time: 00:00:00.1410000
2016/01/11 04:08:46 Info > Staring platform inventory process
2016/01/11 04:08:47 Info > Started data mirroring process for Dimension Data : NA9
2016/01/11 04:08:56 Info > Completed data mirroring process for Dimension Data : NA9.0 new workloads.0 updated platform networks.4 updated workloads.0 removed workloads. = Total Execute Time: 00:00:09.4840000
2016/01/11 04:08:56 Info > Completed data mirroring process.0 new platforms, 1 updated platforms = total elapsed time: 00:00:09.6450000
2016/01/11 04:20:40 Info > Staring data upload process
2016/01/11 04:20:40 Info > Completed data upload process.0 netflows.0 performancecounters. = Total Elapsed Time: 00:00:00.1430000
2016/01/11 05:08:56 Info > Staring platform inventory process
2016/01/11 05:08:59 Info > Started data mirroring process for Dimension Data : NA9
2016/01/11 05:09:07 Info > Completed data mirroring process for Dimension Data : NA9.0 new workloads.0 updated platform networks.4 updated workloads.0 removed workloads. = Total Execute Time: 00:00:08.6530000
2016/01/11 05:09:07 Info > Completed data mirroring process.0 new platforms, 1 updated platforms = total elapsed time: 00:00:11.3750000
2016/01/11 05:20:41 Info > Staring data upload process
2016/01/11 05:20:41 Info > Completed data upload process.0 netflows.0 performancecounters. = Total Elapsed Time: 00:00:00.1410000
2016/01/11 06:09:07 Info > Staring platform inventory process
2016/01/11 06:09:08 Info > Started data mirroring process for Dimension Data : NA9
2016/01/11 06:09:16 Info > Completed data mirroring process for Dimension Data : NA9.0 new workloads.0 updated platform networks.4 updated workloads.0 removed workloads. = Total Execute Time: 00:00:08.5440000
2016/01/11 06:09:16 Info > Completed data mirroring process.0 new platforms, 1 updated platforms = total elapsed time: 00:00:08.7150000
2016/01/11 06:20:41 Info > Staring data upload process
2016/01/11 06:20:41 Info > Completed data upload process.0 netflows.0 performancecounters. = Total Elapsed Time: 00:00:00.1390000
2016/01/11 07:09:16 Info > Staring platform inventory process
2016/01/11 07:09:16 Info > Started data mirroring process for Dimension Data : NA9
2016/01/11 07:09:25 Info > Completed data mirroring process for Dimension Data : NA9.0 new workloads.0 updated platform networks.4 updated workloads.0 removed workloads. = Total Execute Time: 00:00:08.5700000
2016/01/11 07:09:25 Info > Completed data mirroring process.0 new platforms, 1 updated platforms = total elapsed time: 00:00:08.7660000
2016/01/11 07:20:41 Info > Staring data upload process
2016/01/11 07:20:41 Info > Completed data upload process.0 netflows.0 performancecounters. = Total Elapsed Time: 00:00:00.1410000
2016/01/11 08:09:25 Info > Staring platform inventory process
2016/01/11 08:09:25 Info > Started data mirroring process for Dimension Data : NA9
2016/01/11 08:09:34 Info > Completed data mirroring process for Dimension Data : NA9.0 new workloads.0 updated platform networks.4 updated workloads.0 removed workloads. = Total Execute Time: 00:00:08.2040000
2016/01/11 08:09:34 Info > Completed data mirroring process.0 new platforms, 1 updated platforms = total elapsed time: 00:00:08.6740000
2016/01/11 08:20:41 Info > Staring data upload process
2016/01/11 08:20:41 Info > Completed data upload process.0 netflows.0 performancecounters. = Total Elapsed Time: 00:00:00.1460000
2016/01/11 09:09:34 Info > Staring platform inventory process
2016/01/11 09:09:34 Info > Started data mirroring process for Dimension Data : NA9
2016/01/11 09:09:43 Info > Completed data mirroring process for Dimension Data : NA9.0 new workloads.0 updated platform networks.4 updated workloads.0 removed workloads. = Total Execute Time: 00:00:08.8780000
2016/01/11 09:09:43 Info > Completed data mirroring process.0 new platforms, 1 updated platforms = total elapsed time: 00:00:09.0360000
2016/01/11 09:20:41 Info > Staring data upload process
2016/01/11 09:20:41 Info > Completed data upload process.0 netflows.0 performancecounters. = Total Elapsed Time: 00:00:00.1560000
2016/01/11 10:09:43 Info > Staring platform inventory process
2016/01/11 10:09:43 Info > Started data mirroring process for Dimension Data : NA9
2016/01/11 10:09:51 Info > Completed data mirroring process for Dimension Data : NA9.0 new workloads.0 updated platform networks.4 updated workloads.0 removed workloads. = Total Execute Time: 00:00:08.5580000
2016/01/11 10:09:51 Info > Completed data mirroring process.0 new platforms, 1 updated platforms = total elapsed time: 00:00:08.7270000
2016/01/11 10:20:41 Info > Staring data upload process
2016/01/11 10:20:41 Info > Completed data upload process.0 netflows.0 performancecounters. = Total Elapsed Time: 00:00:00.1390000
2016/01/11 11:09:51 Info > Staring platform inventory process
2016/01/11 11:09:52 Info > Started data mirroring process for Dimension Data : NA9
2016/01/11 11:10:02 Info > Completed data mirroring process for Dimension Data : NA9.0 new workloads.0 updated platform networks.4 updated workloads.0 removed workloads. = Total Execute Time: 00:00:10.0140000
2016/01/11 11:10:02 Info > Completed data mirroring process.0 new platforms, 1 updated platforms = total elapsed time: 00:00:10.1780000
2016/01/11 11:20:41 Info > Staring data upload process
2016/01/11 11:20:42 Info > Completed data upload process.0 netflows.0 performancecounters. = Total Elapsed Time: 00:00:00.1480000
2016/01/11 12:10:02 Info > Staring platform inventory process
2016/01/11 12:10:02 Info > Started data mirroring process for Dimension Data : NA9
2016/01/11 12:10:11 Info > Completed data mirroring process for Dimension Data : NA9.0 new workloads.0 updated platform networks.4 updated workloads.0 removed workloads. = Total Execute Time: 00:00:09.6590000
2016/01/11 12:10:11 Info > Completed data mirroring process.0 new platforms, 1 updated platforms = total elapsed time: 00:00:09.8480000
2016/01/11 12:20:42 Info > Staring data upload process
2016/01/11 12:20:42 Info > Completed data upload process.0 netflows.0 performancecounters. = Total Elapsed Time: 00:00:00.3310000
2016/01/11 01:10:11 Info > Staring platform inventory process
2016/01/11 01:10:12 Info > Started data mirroring process for Dimension Data : NA9
2016/01/11 01:10:20 Info > Completed data mirroring process for Dimension Data : NA9.0 new workloads.0 updated platform networks.4 updated workloads.0 removed workloads. = Total Execute Time: 00:00:08.8150000
2016/01/11 01:10:20 Info > Completed data mirroring process.0 new platforms, 1 updated platforms = total elapsed time: 00:00:08.9870000
2016/01/11 01:20:42 Info > Staring data upload process
2016/01/11 01:20:44 Info > Completed data upload process.0 netflows.0 performancecounters. = Total Elapsed Time: 00:00:01.5170000
2016/01/11 02:08:34 Error > Unexpected API error on https://www.cloudmovey.com/api/v1/tasks/list.json with error ()
2016/01/11 02:09:04 Error > Unexpected API error on https://www.cloudmovey.com/api/v1/tasks/list.json with error ()
2016/01/11 02:09:34 Error > Unexpected API error on https://www.cloudmovey.com/api/v1/tasks/list.json with error ()
2016/01/11 02:10:11 Error > Unexpected API error on https://www.cloudmovey.com/api/v1/tasks/list.json with error ()
2016/01/11 02:10:20 Info > Staring platform inventory process
2016/01/11 02:10:33 Error > Unexpected API error on https://www.cloudmovey.com/api/v1/platforms/list.json with error ()
2016/01/11 02:10:41 Error > Unexpected API error on https://www.cloudmovey.com/api/v1/tasks/list.json with error ()
2016/01/11 02:11:06 Error > Unexpected API error on https://www.cloudmovey.com/api/v1/platforms/list.json with error ()
2016/01/11 02:11:11 Error > Unexpected API error on https://www.cloudmovey.com/api/v1/tasks/list.json with error ()
2016/01/11 02:11:36 Error > Unexpected API error on https://www.cloudmovey.com/api/v1/platforms/list.json with error ()
2016/01/11 02:11:41 Error > Unexpected API error on https://www.cloudmovey.com/api/v1/tasks/list.json with error ()
2016/01/11 02:12:06 Error > Unexpected API error on https://www.cloudmovey.com/api/v1/platforms/list.json with error ()
2016/01/11 02:12:11 Error > Unexpected API error on https://www.cloudmovey.com/api/v1/tasks/list.json with error ()
2016/01/11 02:12:36 Error > Unexpected API error on https://www.cloudmovey.com/api/v1/platforms/list.json with error ()
2016/01/11 02:12:41 Error > Unexpected API error on https://www.cloudmovey.com/api/v1/tasks/list.json with error ()
2016/01/11 02:13:06 Error > Unexpected API error on https://www.cloudmovey.com/api/v1/platforms/list.json with error ()
2016/01/11 02:13:11 Error > Unexpected API error on https://www.cloudmovey.com/api/v1/tasks/list.json with error ()
2016/01/11 02:13:36 Error > Unexpected API error on https://www.cloudmovey.com/api/v1/platforms/list.json with error ()
2016/01/11 02:13:41 Error > Unexpected API error on https://www.cloudmovey.com/api/v1/tasks/list.json with error ()
2016/01/11 02:14:06 Error > Unexpected API error on https://www.cloudmovey.com/api/v1/platforms/list.json with error ()
2016/01/11 02:14:11 Error > Unexpected API error on https://www.cloudmovey.com/api/v1/tasks/list.json with error ()
2016/01/11 02:14:36 Error > Unexpected API error on https://www.cloudmovey.com/api/v1/platforms/list.json with error ()
2016/01/11 02:14:41 Error > Unexpected API error on https://www.cloudmovey.com/api/v1/tasks/list.json with error ()
2016/01/11 02:15:06 Error > Unexpected API error on https://www.cloudmovey.com/api/v1/platforms/list.json with error ()
2016/01/11 02:15:11 Error > Unexpected API error on https://www.cloudmovey.com/api/v1/tasks/list.json with error ()
2016/01/11 02:15:36 Error > Unexpected API error on https://www.cloudmovey.com/api/v1/platforms/list.json with error ()
2016/01/11 02:15:41 Error > Unexpected API error on https://www.cloudmovey.com/api/v1/tasks/list.json with error ()
2016/01/11 02:16:06 Error > Unexpected API error on https://www.cloudmovey.com/api/v1/platforms/list.json with error ()
2016/01/11 02:16:11 Error > Unexpected API error on https://www.cloudmovey.com/api/v1/tasks/list.json with error ()
2016/01/11 02:16:39 Error > Unexpected API error on https://www.cloudmovey.com/api/v1/platforms/list.json with error ()
2016/01/11 02:16:41 Error > Unexpected API error on https://www.cloudmovey.com/api/v1/tasks/list.json with error ()
2016/01/11 02:17:11 Error > Unexpected API error on https://www.cloudmovey.com/api/v1/platforms/list.json with error ()
2016/01/11 02:17:11 Error > Unexpected API error on https://www.cloudmovey.com/api/v1/tasks/list.json with error ()
2016/01/11 02:17:48 Error > Unexpected API error on https://www.cloudmovey.com/api/v1/tasks/list.json with error ()
2016/01/11 02:17:48 Error > Unexpected API error on https://www.cloudmovey.com/api/v1/platforms/list.json with error ()
2016/01/11 02:18:21 Error > Unexpected API error on https://www.cloudmovey.com/api/v1/tasks/list.json with error ()
2016/01/11 02:18:21 Error > Unexpected API error on https://www.cloudmovey.com/api/v1/platforms/list.json with error ()
2016/01/11 02:18:51 Error > Unexpected API error on https://www.cloudmovey.com/api/v1/tasks/list.json with error ()
2016/01/11 02:18:51 Error > Unexpected API error on https://www.cloudmovey.com/api/v1/platforms/list.json with error ()
2016/01/11 02:19:21 Error > Unexpected API error on https://www.cloudmovey.com/api/v1/tasks/list.json with error ()
2016/01/11 02:19:21 Error > Unexpected API error on https://www.cloudmovey.com/api/v1/platforms/list.json with error ()
2016/01/11 02:19:51 Error > Unexpected API error on https://www.cloudmovey.com/api/v1/tasks/list.json with error ()
2016/01/11 02:19:51 Error > Unexpected API error on https://www.cloudmovey.com/api/v1/platforms/list.json with error ()
2016/01/11 02:20:21 Error > Unexpected API error on https://www.cloudmovey.com/api/v1/tasks/list.json with error ()
2016/01/11 02:20:21 Error > Unexpected API error on https://www.cloudmovey.com/api/v1/platforms/list.json with error ()
2016/01/11 02:20:44 Info > Staring data upload process
2016/01/11 02:20:44 Error > Unexpected API error on https://www.cloudmovey.com/api/v1/performancecategories/list.json with error ()
2016/01/11 02:20:51 Error > Unexpected API error on https://www.cloudmovey.com/api/v1/tasks/list.json with error ()
2016/01/11 02:20:52 Error > Unexpected API error on https://www.cloudmovey.com/api/v1/platforms/list.json with error ()
2016/01/11 02:21:14 Error > Unexpected API error on https://www.cloudmovey.com/api/v1/performancecategories/list.json with error ()
2016/01/11 02:21:22 Error > Unexpected API error on https://www.cloudmovey.com/api/v1/tasks/list.json with error ()
2016/01/11 02:21:22 Error > Unexpected API error on https://www.cloudmovey.com/api/v1/platforms/list.json with error ()
2016/01/11 02:21:44 Error > Unexpected API error on https://www.cloudmovey.com/api/v1/performancecategories/list.json with error ()
2016/01/11 02:21:52 Error > Unexpected API error on https://www.cloudmovey.com/api/v1/tasks/list.json with error ()
2016/01/11 02:21:52 Error > Unexpected API error on https://www.cloudmovey.com/api/v1/platforms/list.json with error ()
2016/01/11 02:22:14 Error > Unexpected API error on https://www.cloudmovey.com/api/v1/performancecategories/list.json with error ()
2016/01/11 02:22:22 Error > Unexpected API error on https://www.cloudmovey.com/api/v1/tasks/list.json with error ()
2016/01/11 02:22:22 Error > Unexpected API error on https://www.cloudmovey.com/api/v1/platforms/list.json with error ()
2016/01/11 02:22:44 Error > Unexpected API error on https://www.cloudmovey.com/api/v1/performancecategories/list.json with error ()
2016/01/11 02:22:52 Error > Unexpected API error on https://www.cloudmovey.com/api/v1/tasks/list.json with error ()
2016/01/11 02:22:52 Error > Unexpected API error on https://www.cloudmovey.com/api/v1/platforms/list.json with error ()
2016/01/11 02:23:15 Info > Completed data upload process.0 netflows.0 performancecounters. = Total Elapsed Time: 00:02:31.1310000
2016/01/11 02:23:23 Info > Started data mirroring process for Dimension Data : NA9
2016/01/11 02:23:41 Info > Completed data mirroring process for Dimension Data : NA9.0 new workloads.0 updated platform networks.4 updated workloads.0 removed workloads. = Total Execute Time: 00:00:17.4830000
2016/01/11 02:23:41 Info > Completed data mirroring process.0 new platforms, 1 updated platforms = total elapsed time: 00:13:20.2040000
2016/01/11 02:27:35 Error > Unexpected API error on https://www.cloudmovey.com/api/v1/tasks/list.json with error ()
2016/01/11 02:28:06 Error > Unexpected API error on https://www.cloudmovey.com/api/v1/tasks/list.json with error ()
2016/01/11 02:28:37 Error > Unexpected API error on https://www.cloudmovey.com/api/v1/tasks/list.json with error ()
2016/01/11 02:29:07 Error > Unexpected API error on https://www.cloudmovey.com/api/v1/tasks/list.json with error ()
2016/01/11 02:29:37 Error > Unexpected API error on https://www.cloudmovey.com/api/v1/tasks/list.json with error ()
2016/01/11 02:30:08 Error > Unexpected API error on https://www.cloudmovey.com/api/v1/tasks/list.json with error ()
2016/01/11 02:30:41 Error > Unexpected API error on https://www.cloudmovey.com/api/v1/tasks/list.json with error ()
2016/01/11 03:23:15 Info > Staring data upload process
2016/01/11 03:23:15 Info > Completed data upload process.0 netflows.0 performancecounters. = Total Elapsed Time: 00:00:00.1730000
2016/01/11 03:23:41 Info > Staring platform inventory process
2016/01/11 03:23:41 Info > Started data mirroring process for Dimension Data : NA9
2016/01/11 03:23:56 Info > Completed data mirroring process for Dimension Data : NA9.0 new workloads.0 updated platform networks.4 updated workloads.0 removed workloads. = Total Execute Time: 00:00:15.3360000
2016/01/11 03:23:56 Info > Completed data mirroring process.0 new platforms, 1 updated platforms = total elapsed time: 00:00:15.5240000
2016/01/11 04:23:15 Info > Staring data upload process
2016/01/11 04:23:15 Info > Completed data upload process.0 netflows.0 performancecounters. = Total Elapsed Time: 00:00:00.1840000
2016/01/11 04:23:56 Info > Staring platform inventory process
2016/01/11 04:23:56 Info > Started data mirroring process for Dimension Data : NA9
2016/01/11 04:24:16 Info > Completed data mirroring process for Dimension Data : NA9.0 new workloads.0 updated platform networks.4 updated workloads.0 removed workloads. = Total Execute Time: 00:00:19.9180000
2016/01/11 04:24:16 Info > Completed data mirroring process.0 new platforms, 1 updated platforms = total elapsed time: 00:00:20.2820000
2016/01/11 05:23:15 Info > Staring data upload process
2016/01/11 05:23:15 Info > Completed data upload process.0 netflows.0 performancecounters. = Total Elapsed Time: 00:00:00.1700000
2016/01/11 05:24:16 Info > Staring platform inventory process
2016/01/11 05:24:17 Info > Started data mirroring process for Dimension Data : NA9
2016/01/11 05:24:37 Info > Completed data mirroring process for Dimension Data : NA9.0 new workloads.0 updated platform networks.4 updated workloads.0 removed workloads. = Total Execute Time: 00:00:20.0530000
2016/01/11 05:24:37 Info > Completed data mirroring process.0 new platforms, 1 updated platforms = total elapsed time: 00:00:20.2540000
2016/01/11 06:23:15 Info > Staring data upload process
2016/01/11 06:23:16 Info > Completed data upload process.0 netflows.0 performancecounters. = Total Elapsed Time: 00:00:00.1510000
2016/01/11 06:24:37 Info > Staring platform inventory process
2016/01/11 06:24:37 Info > Started data mirroring process for Dimension Data : NA9
2016/01/11 06:25:00 Info > Completed data mirroring process for Dimension Data : NA9.0 new workloads.0 updated platform networks.4 updated workloads.0 removed workloads. = Total Execute Time: 00:00:22.8650000
2016/01/11 06:25:00 Info > Completed data mirroring process.0 new platforms, 1 updated platforms = total elapsed time: 00:00:23.0300000
2016/01/11 07:23:16 Info > Staring data upload process
2016/01/11 07:23:16 Info > Completed data upload process.0 netflows.0 performancecounters. = Total Elapsed Time: 00:00:00.1510000
2016/01/11 07:25:00 Info > Staring platform inventory process
2016/01/11 07:25:00 Info > Started data mirroring process for Dimension Data : NA9
2016/01/11 07:25:21 Info > Completed data mirroring process for Dimension Data : NA9.0 new workloads.0 updated platform networks.4 updated workloads.0 removed workloads. = Total Execute Time: 00:00:21.5690000
2016/01/11 07:25:21 Info > Completed data mirroring process.0 new platforms, 1 updated platforms = total elapsed time: 00:00:21.7300000
2016/01/11 08:23:16 Info > Staring data upload process
2016/01/11 08:23:16 Info > Completed data upload process.0 netflows.0 performancecounters. = Total Elapsed Time: 00:00:00.1450000
2016/01/11 08:25:21 Info > Staring platform inventory process
2016/01/11 08:25:22 Info > Started data mirroring process for Dimension Data : NA9
2016/01/11 08:25:34 Info > Completed data mirroring process for Dimension Data : NA9.0 new workloads.0 updated platform networks.4 updated workloads.0 removed workloads. = Total Execute Time: 00:00:12.6330000
2016/01/11 08:25:34 Info > Completed data mirroring process.0 new platforms, 1 updated platforms = total elapsed time: 00:00:12.8030000
2016/01/11 09:23:16 Info > Staring data upload process
2016/01/11 09:23:16 Info > Completed data upload process.0 netflows.0 performancecounters. = Total Elapsed Time: 00:00:00.1530000
2016/01/11 09:25:34 Info > Staring platform inventory process
2016/01/11 09:25:34 Info > Started data mirroring process for Dimension Data : NA9
2016/01/11 09:25:51 Info > Completed data mirroring process for Dimension Data : NA9.0 new workloads.0 updated platform networks.4 updated workloads.0 removed workloads. = Total Execute Time: 00:00:16.8190000
2016/01/11 09:25:51 Info > Completed data mirroring process.0 new platforms, 1 updated platforms = total elapsed time: 00:00:16.9860000
2016/01/11 10:23:16 Info > Staring data upload process
2016/01/11 10:23:16 Info > Completed data upload process.0 netflows.0 performancecounters. = Total Elapsed Time: 00:00:00.1470000
2016/01/11 10:25:51 Info > Staring platform inventory process
2016/01/11 10:25:51 Info > Started data mirroring process for Dimension Data : NA9
2016/01/11 10:26:01 Info > Completed data mirroring process for Dimension Data : NA9.0 new workloads.0 updated platform networks.4 updated workloads.0 removed workloads. = Total Execute Time: 00:00:09.6470000
2016/01/11 10:26:01 Info > Completed data mirroring process.0 new platforms, 1 updated platforms = total elapsed time: 00:00:09.8410000
2016/01/11 11:23:16 Info > Staring data upload process
2016/01/11 11:23:16 Info > Completed data upload process.0 netflows.0 performancecounters. = Total Elapsed Time: 00:00:00.1450000
2016/01/11 11:26:01 Info > Staring platform inventory process
2016/01/11 11:26:04 Info > Started data mirroring process for Dimension Data : NA9
2016/01/11 11:26:13 Info > Completed data mirroring process for Dimension Data : NA9.0 new workloads.0 updated platform networks.4 updated workloads.0 removed workloads. = Total Execute Time: 00:00:08.6120000
2016/01/11 11:26:13 Info > Completed data mirroring process.0 new platforms, 1 updated platforms = total elapsed time: 00:00:11.3970000
