2016/01/19 12:00:11 Error > 2607:f480:111:1520:1c67:edaa:40ac:5ad9 returned the following error while collecting performance data for counter : Network Interface : The network path was not found.

2016/01/19 12:00:31 Error > 2607:f480:111:1520:1c67:edaa:40ac:5ad9 returned the following error while collecting performance data for counter : Double-Take Connection : The network path was not found.

2016/01/19 12:01:02 Error > 2607:f480:111:1520:1c67:edaa:40ac:5ad9 returned the following error while collecting performance data for counter : Double-Take Kernel : The network path was not found.

2016/01/19 12:01:17 Error > 2607:f480:111:1520:1c67:edaa:40ac:5ad9 returned the following error while collecting performance data for counter : Double-Take Source : The network path was not found.

2016/01/19 12:01:35 Error > 2607:f480:111:1520:1c67:edaa:40ac:5ad9 returned the following error while collecting performance data for counter : Double-Take Target : The network path was not found.

2016/01/19 12:01:35 Info > Completed performance collection | Elapsed Time 00:05:19.2850000 
2016/01/19 12:31:36 Info > Starting workload performance collection
2016/01/19 12:34:01 Error > 2607:f480:111:1520:1c67:edaa:40ac:5ad9 returned the following error while collecting performance data for counter : Processor : The network path was not found.

2016/01/19 12:34:19 Error > 2607:f480:111:1520:1c67:edaa:40ac:5ad9 returned the following error while collecting performance data for counter : Memory : The network path was not found.

2016/01/19 12:34:53 Error > 2607:f480:111:1520:1c67:edaa:40ac:5ad9 returned the following error while collecting performance data for counter : LogicalDisk : The network path was not found.

2016/01/19 12:35:08 Error > 2607:f480:111:1520:1c67:edaa:40ac:5ad9 returned the following error while collecting performance data for counter : PhysicalDisk : The network path was not found.

2016/01/19 12:35:27 Error > 2607:f480:111:1520:1c67:edaa:40ac:5ad9 returned the following error while collecting performance data for counter : Network Interface : The network path was not found.

2016/01/19 12:36:00 Error > 2607:f480:111:1520:1c67:edaa:40ac:5ad9 returned the following error while collecting performance data for counter : Double-Take Connection : The network path was not found.

2016/01/19 12:36:16 Error > 2607:f480:111:1520:1c67:edaa:40ac:5ad9 returned the following error while collecting performance data for counter : Double-Take Kernel : The network path was not found.

2016/01/19 12:36:52 Error > 2607:f480:111:1520:1c67:edaa:40ac:5ad9 returned the following error while collecting performance data for counter : Double-Take Source : The network path was not found.

2016/01/19 12:37:10 Error > 2607:f480:111:1520:1c67:edaa:40ac:5ad9 returned the following error while collecting performance data for counter : Double-Take Target : The network path was not found.

2016/01/19 12:37:10 Info > Completed performance collection | Elapsed Time 00:05:34.1100000 
2016/01/19 12:42:01 Info > Staring platform inventory process
2016/01/19 12:42:01 Info > Started data mirroring process for Dimension Data : NA9
2016/01/19 12:42:11 Info > Completed data mirroring process for Dimension Data : NA9.0 new workloads.0 updated platform networks.4 updated workloads.0 removed workloads. = Total Execute Time: 00:00:09.3860000
2016/01/19 12:42:11 Info > Completed data mirroring process.0 new platforms, 1 updated platforms = total elapsed time: 00:00:09.5900000
2016/01/19 12:45:31 Info > Staring data upload process
2016/01/19 12:47:21 Info > Completed data upload process.0 netflows.420 performancecounters. = Total Elapsed Time: 00:01:49.3700000
2016/01/19 01:07:10 Info > Starting workload performance collection
2016/01/19 01:09:33 Error > 2607:f480:111:1520:1c67:edaa:40ac:5ad9 returned the following error while collecting performance data for counter : Processor : The network path was not found.

2016/01/19 01:09:48 Error > 2607:f480:111:1520:1c67:edaa:40ac:5ad9 returned the following error while collecting performance data for counter : Memory : The network path was not found.

2016/01/19 01:10:02 Error > 2607:f480:111:1520:1c67:edaa:40ac:5ad9 returned the following error while collecting performance data for counter : LogicalDisk : The network path was not found.

2016/01/19 01:10:33 Error > 2607:f480:111:1520:1c67:edaa:40ac:5ad9 returned the following error while collecting performance data for counter : PhysicalDisk : The network path was not found.

2016/01/19 01:10:53 Error > 2607:f480:111:1520:1c67:edaa:40ac:5ad9 returned the following error while collecting performance data for counter : Network Interface : The network path was not found.

2016/01/19 01:11:25 Error > 2607:f480:111:1520:1c67:edaa:40ac:5ad9 returned the following error while collecting performance data for counter : Double-Take Connection : The network path was not found.

2016/01/19 01:11:39 Error > 2607:f480:111:1520:1c67:edaa:40ac:5ad9 returned the following error while collecting performance data for counter : Double-Take Kernel : The network path was not found.

2016/01/19 01:12:14 Error > 2607:f480:111:1520:1c67:edaa:40ac:5ad9 returned the following error while collecting performance data for counter : Double-Take Source : The network path was not found.

2016/01/19 01:12:32 Error > 2607:f480:111:1520:1c67:edaa:40ac:5ad9 returned the following error while collecting performance data for counter : Double-Take Target : The network path was not found.

2016/01/19 01:12:32 Info > Completed performance collection | Elapsed Time 00:05:22.2450000 
2016/01/19 01:42:11 Info > Staring platform inventory process
2016/01/19 01:42:11 Info > Started data mirroring process for Dimension Data : NA9
2016/01/19 01:42:20 Info > Completed data mirroring process for Dimension Data : NA9.0 new workloads.0 updated platform networks.4 updated workloads.0 removed workloads. = Total Execute Time: 00:00:09.2260000
2016/01/19 01:42:20 Info > Completed data mirroring process.0 new platforms, 1 updated platforms = total elapsed time: 00:00:09.4460000
2016/01/19 01:42:32 Info > Starting workload performance collection
2016/01/19 01:44:47 Error > 2607:f480:111:1520:1c67:edaa:40ac:5ad9 returned the following error while collecting performance data for counter : Processor : The network path was not found.

2016/01/19 01:45:04 Error > 2607:f480:111:1520:1c67:edaa:40ac:5ad9 returned the following error while collecting performance data for counter : Memory : The network path was not found.

2016/01/19 01:45:38 Error > 2607:f480:111:1520:1c67:edaa:40ac:5ad9 returned the following error while collecting performance data for counter : LogicalDisk : The network path was not found.

2016/01/19 01:45:54 Error > 2607:f480:111:1520:1c67:edaa:40ac:5ad9 returned the following error while collecting performance data for counter : PhysicalDisk : The network path was not found.

2016/01/19 01:46:23 Error > 2607:f480:111:1520:1c67:edaa:40ac:5ad9 returned the following error while collecting performance data for counter : Network Interface : The network path was not found.

2016/01/19 01:46:38 Error > 2607:f480:111:1520:1c67:edaa:40ac:5ad9 returned the following error while collecting performance data for counter : Double-Take Connection : The network path was not found.

2016/01/19 01:47:14 Error > 2607:f480:111:1520:1c67:edaa:40ac:5ad9 returned the following error while collecting performance data for counter : Double-Take Kernel : The network path was not found.

2016/01/19 01:47:21 Info > Staring data upload process
2016/01/19 01:47:33 Error > 2607:f480:111:1520:1c67:edaa:40ac:5ad9 returned the following error while collecting performance data for counter : Double-Take Source : The network path was not found.

2016/01/19 01:48:04 Error > 2607:f480:111:1520:1c67:edaa:40ac:5ad9 returned the following error while collecting performance data for counter : Double-Take Target : The network path was not found.

2016/01/19 01:48:04 Info > Completed performance collection | Elapsed Time 00:05:32.4290000 
2016/01/19 01:48:43 Info > Completed data upload process.0 netflows.420 performancecounters. = Total Elapsed Time: 00:01:21.8590000
2016/01/19 02:18:05 Info > Starting workload performance collection
2016/01/19 02:20:57 Error > 2607:f480:111:1520:1c67:edaa:40ac:5ad9 returned the following error while collecting performance data for counter : Processor : The network path was not found.

2016/01/19 02:21:13 Error > 2607:f480:111:1520:1c67:edaa:40ac:5ad9 returned the following error while collecting performance data for counter : Memory : The network path was not found.

2016/01/19 02:21:52 Error > 2607:f480:111:1520:1c67:edaa:40ac:5ad9 returned the following error while collecting performance data for counter : LogicalDisk : The network path was not found.

2016/01/19 02:22:08 Error > 2607:f480:111:1520:1c67:edaa:40ac:5ad9 returned the following error while collecting performance data for counter : PhysicalDisk : The network path was not found.

2016/01/19 02:22:42 Error > 2607:f480:111:1520:1c67:edaa:40ac:5ad9 returned the following error while collecting performance data for counter : Network Interface : The network path was not found.

2016/01/19 02:23:02 Error > 2607:f480:111:1520:1c67:edaa:40ac:5ad9 returned the following error while collecting performance data for counter : Double-Take Connection : The network path was not found.

2016/01/19 02:23:37 Error > 2607:f480:111:1520:1c67:edaa:40ac:5ad9 returned the following error while collecting performance data for counter : Double-Take Kernel : The network path was not found.

2016/01/19 02:23:55 Error > 2607:f480:111:1520:1c67:edaa:40ac:5ad9 returned the following error while collecting performance data for counter : Double-Take Source : The network path was not found.

2016/01/19 02:24:30 Error > 2607:f480:111:1520:1c67:edaa:40ac:5ad9 returned the following error while collecting performance data for counter : Double-Take Target : The network path was not found.

2016/01/19 02:24:30 Info > Completed performance collection | Elapsed Time 00:06:25.7600000 
2016/01/19 02:42:20 Info > Staring platform inventory process
2016/01/19 02:42:21 Info > Started data mirroring process for Dimension Data : NA9
2016/01/19 02:42:30 Info > Completed data mirroring process for Dimension Data : NA9.0 new workloads.0 updated platform networks.4 updated workloads.0 removed workloads. = Total Execute Time: 00:00:09.4670000
2016/01/19 02:42:30 Info > Completed data mirroring process.0 new platforms, 1 updated platforms = total elapsed time: 00:00:09.7700000
2016/01/19 02:48:43 Info > Staring data upload process
2016/01/19 02:49:21 Info > Completed data upload process.0 netflows.210 performancecounters. = Total Elapsed Time: 00:00:38.6360000
2016/01/19 02:54:30 Info > Starting workload performance collection
2016/01/19 02:56:46 Error > 2607:f480:111:1520:1c67:edaa:40ac:5ad9 returned the following error while collecting performance data for counter : Processor : The network path was not found.

2016/01/19 02:57:04 Error > 2607:f480:111:1520:1c67:edaa:40ac:5ad9 returned the following error while collecting performance data for counter : Memory : The network path was not found.

2016/01/19 02:57:34 Error > 2607:f480:111:1520:1c67:edaa:40ac:5ad9 returned the following error while collecting performance data for counter : LogicalDisk : The network path was not found.

2016/01/19 02:57:55 Error > 2607:f480:111:1520:1c67:edaa:40ac:5ad9 returned the following error while collecting performance data for counter : PhysicalDisk : The network path was not found.

2016/01/19 02:58:29 Error > 2607:f480:111:1520:1c67:edaa:40ac:5ad9 returned the following error while collecting performance data for counter : Network Interface : The network path was not found.

2016/01/19 02:58:47 Error > 2607:f480:111:1520:1c67:edaa:40ac:5ad9 returned the following error while collecting performance data for counter : Double-Take Connection : The network path was not found.

2016/01/19 02:59:19 Error > 2607:f480:111:1520:1c67:edaa:40ac:5ad9 returned the following error while collecting performance data for counter : Double-Take Kernel : The network path was not found.

2016/01/19 02:59:37 Error > 2607:f480:111:1520:1c67:edaa:40ac:5ad9 returned the following error while collecting performance data for counter : Double-Take Source : The network path was not found.

2016/01/19 03:00:10 Error > 2607:f480:111:1520:1c67:edaa:40ac:5ad9 returned the following error while collecting performance data for counter : Double-Take Target : The network path was not found.

2016/01/19 03:00:10 Info > Completed performance collection | Elapsed Time 00:05:39.3920000 
2016/01/19 03:30:10 Info > Starting workload performance collection
2016/01/19 03:32:25 Error > 2607:f480:111:1520:1c67:edaa:40ac:5ad9 returned the following error while collecting performance data for counter : Processor : The network path was not found.

2016/01/19 03:32:43 Error > 2607:f480:111:1520:1c67:edaa:40ac:5ad9 returned the following error while collecting performance data for counter : Memory : The network path was not found.

2016/01/19 03:33:16 Error > 2607:f480:111:1520:1c67:edaa:40ac:5ad9 returned the following error while collecting performance data for counter : LogicalDisk : The network path was not found.

2016/01/19 03:33:33 Error > 2607:f480:111:1520:1c67:edaa:40ac:5ad9 returned the following error while collecting performance data for counter : PhysicalDisk : The network path was not found.

2016/01/19 03:34:07 Error > 2607:f480:111:1520:1c67:edaa:40ac:5ad9 returned the following error while collecting performance data for counter : Network Interface : The network path was not found.

2016/01/19 03:34:25 Error > 2607:f480:111:1520:1c67:edaa:40ac:5ad9 returned the following error while collecting performance data for counter : Double-Take Connection : The network path was not found.

2016/01/19 03:34:59 Error > 2607:f480:111:1520:1c67:edaa:40ac:5ad9 returned the following error while collecting performance data for counter : Double-Take Kernel : The network path was not found.

2016/01/19 03:35:17 Error > 2607:f480:111:1520:1c67:edaa:40ac:5ad9 returned the following error while collecting performance data for counter : Double-Take Source : The network path was not found.

2016/01/19 03:35:48 Error > 2607:f480:111:1520:1c67:edaa:40ac:5ad9 returned the following error while collecting performance data for counter : Double-Take Target : The network path was not found.

2016/01/19 03:35:48 Info > Completed performance collection | Elapsed Time 00:05:38.6100000 
2016/01/19 03:42:30 Info > Staring platform inventory process
2016/01/19 03:42:30 Info > Started data mirroring process for Dimension Data : NA9
2016/01/19 03:42:40 Info > Completed data mirroring process for Dimension Data : NA9.0 new workloads.0 updated platform networks.4 updated workloads.0 removed workloads. = Total Execute Time: 00:00:09.4790000
2016/01/19 03:42:40 Info > Completed data mirroring process.0 new platforms, 1 updated platforms = total elapsed time: 00:00:09.7310000
2016/01/19 03:49:21 Info > Staring data upload process
2016/01/19 03:50:36 Info > Completed data upload process.0 netflows.420 performancecounters. = Total Elapsed Time: 00:01:14.7410000
2016/01/19 04:05:48 Info > Starting workload performance collection
2016/01/19 04:08:03 Error > 2607:f480:111:1520:1c67:edaa:40ac:5ad9 returned the following error while collecting performance data for counter : Processor : The network path was not found.

2016/01/19 04:08:21 Error > 2607:f480:111:1520:1c67:edaa:40ac:5ad9 returned the following error while collecting performance data for counter : Memory : The network path was not found.

2016/01/19 04:08:55 Error > 2607:f480:111:1520:1c67:edaa:40ac:5ad9 returned the following error while collecting performance data for counter : LogicalDisk : The network path was not found.

2016/01/19 04:09:13 Error > 2607:f480:111:1520:1c67:edaa:40ac:5ad9 returned the following error while collecting performance data for counter : PhysicalDisk : The network path was not found.

2016/01/19 04:09:45 Error > 2607:f480:111:1520:1c67:edaa:40ac:5ad9 returned the following error while collecting performance data for counter : Network Interface : The network path was not found.

2016/01/19 04:10:03 Error > 2607:f480:111:1520:1c67:edaa:40ac:5ad9 returned the following error while collecting performance data for counter : Double-Take Connection : The network path was not found.

2016/01/19 04:10:39 Error > 2607:f480:111:1520:1c67:edaa:40ac:5ad9 returned the following error while collecting performance data for counter : Double-Take Kernel : The network path was not found.

2016/01/19 04:11:00 Error > 2607:f480:111:1520:1c67:edaa:40ac:5ad9 returned the following error while collecting performance data for counter : Double-Take Source : The network path was not found.

2016/01/19 04:11:37 Error > 2607:f480:111:1520:1c67:edaa:40ac:5ad9 returned the following error while collecting performance data for counter : Double-Take Target : The network path was not found.

2016/01/19 04:11:37 Info > Completed performance collection | Elapsed Time 00:05:48.6680000 
2016/01/19 04:41:37 Info > Starting workload performance collection
2016/01/19 04:42:40 Info > Staring platform inventory process
2016/01/19 04:42:40 Info > Started data mirroring process for Dimension Data : NA9
2016/01/19 04:42:50 Info > Completed data mirroring process for Dimension Data : NA9.0 new workloads.0 updated platform networks.4 updated workloads.0 removed workloads. = Total Execute Time: 00:00:09.7110000
2016/01/19 04:42:50 Info > Completed data mirroring process.0 new platforms, 1 updated platforms = total elapsed time: 00:00:09.9490000
2016/01/19 04:44:05 Error > 2607:f480:111:1520:1c67:edaa:40ac:5ad9 returned the following error while collecting performance data for counter : Processor : The network path was not found.

2016/01/19 04:44:23 Error > 2607:f480:111:1520:1c67:edaa:40ac:5ad9 returned the following error while collecting performance data for counter : Memory : The network path was not found.

2016/01/19 04:44:52 Error > 2607:f480:111:1520:1c67:edaa:40ac:5ad9 returned the following error while collecting performance data for counter : LogicalDisk : The network path was not found.

2016/01/19 04:45:10 Error > 2607:f480:111:1520:1c67:edaa:40ac:5ad9 returned the following error while collecting performance data for counter : PhysicalDisk : The network path was not found.

2016/01/19 04:45:46 Error > 2607:f480:111:1520:1c67:edaa:40ac:5ad9 returned the following error while collecting performance data for counter : Network Interface : The network path was not found.

2016/01/19 04:46:03 Error > 2607:f480:111:1520:1c67:edaa:40ac:5ad9 returned the following error while collecting performance data for counter : Double-Take Connection : The network path was not found.

2016/01/19 04:46:36 Error > 2607:f480:111:1520:1c67:edaa:40ac:5ad9 returned the following error while collecting performance data for counter : Double-Take Kernel : The network path was not found.

2016/01/19 04:46:54 Error > 2607:f480:111:1520:1c67:edaa:40ac:5ad9 returned the following error while collecting performance data for counter : Double-Take Source : The network path was not found.

2016/01/19 04:47:26 Error > 2607:f480:111:1520:1c67:edaa:40ac:5ad9 returned the following error while collecting performance data for counter : Double-Take Target : The network path was not found.

2016/01/19 04:47:26 Info > Completed performance collection | Elapsed Time 00:05:48.8770000 
2016/01/19 04:50:36 Info > Staring data upload process
2016/01/19 04:51:47 Info > Completed data upload process.0 netflows.420 performancecounters. = Total Elapsed Time: 00:01:11.1710000
2016/01/19 05:17:26 Info > Starting workload performance collection
2016/01/19 05:19:32 Error > 2607:f480:111:1520:1c67:edaa:40ac:5ad9 returned the following error while collecting performance data for counter : Processor : The network path was not found.

2016/01/19 05:19:51 Error > 2607:f480:111:1520:1c67:edaa:40ac:5ad9 returned the following error while collecting performance data for counter : Memory : The network path was not found.

2016/01/19 05:20:23 Error > 2607:f480:111:1520:1c67:edaa:40ac:5ad9 returned the following error while collecting performance data for counter : LogicalDisk : The network path was not found.

2016/01/19 05:20:42 Error > 2607:f480:111:1520:1c67:edaa:40ac:5ad9 returned the following error while collecting performance data for counter : PhysicalDisk : The network path was not found.

2016/01/19 05:21:16 Error > 2607:f480:111:1520:1c67:edaa:40ac:5ad9 returned the following error while collecting performance data for counter : Network Interface : The network path was not found.

2016/01/19 05:21:33 Error > 2607:f480:111:1520:1c67:edaa:40ac:5ad9 returned the following error while collecting performance data for counter : Double-Take Connection : The network path was not found.

2016/01/19 05:22:05 Error > 2607:f480:111:1520:1c67:edaa:40ac:5ad9 returned the following error while collecting performance data for counter : Double-Take Kernel : The network path was not found.

2016/01/19 05:22:23 Error > 2607:f480:111:1520:1c67:edaa:40ac:5ad9 returned the following error while collecting performance data for counter : Double-Take Source : The network path was not found.

2016/01/19 05:22:59 Error > 2607:f480:111:1520:1c67:edaa:40ac:5ad9 returned the following error while collecting performance data for counter : Double-Take Target : The network path was not found.

2016/01/19 05:22:59 Info > Completed performance collection | Elapsed Time 00:05:32.8380000 
2016/01/19 05:42:50 Info > Staring platform inventory process
2016/01/19 05:42:50 Info > Started data mirroring process for Dimension Data : NA9
2016/01/19 05:42:59 Info > Completed data mirroring process for Dimension Data : NA9.0 new workloads.0 updated platform networks.4 updated workloads.0 removed workloads. = Total Execute Time: 00:00:08.8260000
2016/01/19 05:42:59 Info > Completed data mirroring process.0 new platforms, 1 updated platforms = total elapsed time: 00:00:09.0340000
2016/01/19 05:51:47 Info > Staring data upload process
2016/01/19 05:52:36 Info > Completed data upload process.0 netflows.210 performancecounters. = Total Elapsed Time: 00:00:48.3030000
2016/01/19 05:52:59 Info > Starting workload performance collection
2016/01/19 05:55:11 Error > 2607:f480:111:1520:1c67:edaa:40ac:5ad9 returned the following error while collecting performance data for counter : Processor : The network path was not found.

2016/01/19 05:55:30 Error > 2607:f480:111:1520:1c67:edaa:40ac:5ad9 returned the following error while collecting performance data for counter : Memory : The network path was not found.

2016/01/19 05:55:59 Error > 2607:f480:111:1520:1c67:edaa:40ac:5ad9 returned the following error while collecting performance data for counter : LogicalDisk : The network path was not found.

2016/01/19 05:56:17 Error > 2607:f480:111:1520:1c67:edaa:40ac:5ad9 returned the following error while collecting performance data for counter : PhysicalDisk : The network path was not found.

2016/01/19 05:56:51 Error > 2607:f480:111:1520:1c67:edaa:40ac:5ad9 returned the following error while collecting performance data for counter : Network Interface : The network path was not found.

2016/01/19 05:57:09 Error > 2607:f480:111:1520:1c67:edaa:40ac:5ad9 returned the following error while collecting performance data for counter : Double-Take Connection : The network path was not found.

2016/01/19 05:57:41 Error > 2607:f480:111:1520:1c67:edaa:40ac:5ad9 returned the following error while collecting performance data for counter : Double-Take Kernel : The network path was not found.

2016/01/19 05:57:59 Error > 2607:f480:111:1520:1c67:edaa:40ac:5ad9 returned the following error while collecting performance data for counter : Double-Take Source : The network path was not found.

2016/01/19 05:58:31 Error > 2607:f480:111:1520:1c67:edaa:40ac:5ad9 returned the following error while collecting performance data for counter : Double-Take Target : The network path was not found.

2016/01/19 05:58:31 Info > Completed performance collection | Elapsed Time 00:05:32.0410000 
2016/01/19 06:28:31 Info > Starting workload performance collection
2016/01/19 06:30:41 Error > 2607:f480:111:1520:1c67:edaa:40ac:5ad9 returned the following error while collecting performance data for counter : Processor : The network path was not found.

2016/01/19 06:30:58 Error > 2607:f480:111:1520:1c67:edaa:40ac:5ad9 returned the following error while collecting performance data for counter : Memory : The network path was not found.

2016/01/19 06:31:28 Error > 2607:f480:111:1520:1c67:edaa:40ac:5ad9 returned the following error while collecting performance data for counter : LogicalDisk : The network path was not found.

2016/01/19 06:31:45 Error > 2607:f480:111:1520:1c67:edaa:40ac:5ad9 returned the following error while collecting performance data for counter : PhysicalDisk : The network path was not found.

2016/01/19 06:32:19 Error > 2607:f480:111:1520:1c67:edaa:40ac:5ad9 returned the following error while collecting performance data for counter : Network Interface : The network path was not found.

2016/01/19 06:32:37 Error > 2607:f480:111:1520:1c67:edaa:40ac:5ad9 returned the following error while collecting performance data for counter : Double-Take Connection : The network path was not found.

2016/01/19 06:33:16 Error > 2607:f480:111:1520:1c67:edaa:40ac:5ad9 returned the following error while collecting performance data for counter : Double-Take Kernel : The network path was not found.

2016/01/19 06:33:30 Error > 2607:f480:111:1520:1c67:edaa:40ac:5ad9 returned the following error while collecting performance data for counter : Double-Take Source : The network path was not found.

2016/01/19 06:34:02 Error > 2607:f480:111:1520:1c67:edaa:40ac:5ad9 returned the following error while collecting performance data for counter : Double-Take Target : The network path was not found.

2016/01/19 06:34:02 Info > Completed performance collection | Elapsed Time 00:05:31.5790000 
2016/01/19 06:42:59 Info > Staring platform inventory process
2016/01/19 06:43:04 Info > Started data mirroring process for Dimension Data : NA9
2016/01/19 06:43:13 Info > Completed data mirroring process for Dimension Data : NA9.0 new workloads.0 updated platform networks.4 updated workloads.0 removed workloads. = Total Execute Time: 00:00:09.3700000
2016/01/19 06:43:13 Info > Completed data mirroring process.0 new platforms, 1 updated platforms = total elapsed time: 00:00:14.1920000
2016/01/19 06:52:36 Info > Staring data upload process
2016/01/19 06:53:50 Info > Completed data upload process.0 netflows.420 performancecounters. = Total Elapsed Time: 00:01:14.4080000
2016/01/19 07:04:02 Info > Starting workload performance collection
2016/01/19 07:06:15 Error > 2607:f480:111:1520:1c67:edaa:40ac:5ad9 returned the following error while collecting performance data for counter : Processor : The network path was not found.

2016/01/19 07:06:34 Error > 2607:f480:111:1520:1c67:edaa:40ac:5ad9 returned the following error while collecting performance data for counter : Memory : The network path was not found.

2016/01/19 07:07:05 Error > 2607:f480:111:1520:1c67:edaa:40ac:5ad9 returned the following error while collecting performance data for counter : LogicalDisk : The network path was not found.

2016/01/19 07:07:23 Error > 2607:f480:111:1520:1c67:edaa:40ac:5ad9 returned the following error while collecting performance data for counter : PhysicalDisk : The network path was not found.

2016/01/19 07:07:59 Error > 2607:f480:111:1520:1c67:edaa:40ac:5ad9 returned the following error while collecting performance data for counter : Network Interface : The network path was not found.

2016/01/19 07:08:16 Error > 2607:f480:111:1520:1c67:edaa:40ac:5ad9 returned the following error while collecting performance data for counter : Double-Take Connection : The network path was not found.

2016/01/19 07:08:53 Error > 2607:f480:111:1520:1c67:edaa:40ac:5ad9 returned the following error while collecting performance data for counter : Double-Take Kernel : The network path was not found.

2016/01/19 07:09:09 Error > 2607:f480:111:1520:1c67:edaa:40ac:5ad9 returned the following error while collecting performance data for counter : Double-Take Source : The network path was not found.

2016/01/19 07:09:41 Error > 2607:f480:111:1520:1c67:edaa:40ac:5ad9 returned the following error while collecting performance data for counter : Double-Take Target : The network path was not found.

2016/01/19 07:09:41 Info > Completed performance collection | Elapsed Time 00:05:39.2160000 
2016/01/19 07:39:41 Info > Starting workload performance collection
2016/01/19 07:41:58 Error > 2607:f480:111:1520:1c67:edaa:40ac:5ad9 returned the following error while collecting performance data for counter : Processor : The network path was not found.

2016/01/19 07:42:17 Error > 2607:f480:111:1520:1c67:edaa:40ac:5ad9 returned the following error while collecting performance data for counter : Memory : The network path was not found.

2016/01/19 07:42:53 Error > 2607:f480:111:1520:1c67:edaa:40ac:5ad9 returned the following error while collecting performance data for counter : LogicalDisk : The network path was not found.

2016/01/19 07:43:11 Error > 2607:f480:111:1520:1c67:edaa:40ac:5ad9 returned the following error while collecting performance data for counter : PhysicalDisk : The network path was not found.

2016/01/19 07:43:13 Info > Staring platform inventory process
2016/01/19 07:43:13 Info > Started data mirroring process for Dimension Data : NA9
2016/01/19 07:43:22 Info > Completed data mirroring process for Dimension Data : NA9.0 new workloads.0 updated platform networks.4 updated workloads.0 removed workloads. = Total Execute Time: 00:00:09.0800000
2016/01/19 07:43:22 Info > Completed data mirroring process.0 new platforms, 1 updated platforms = total elapsed time: 00:00:09.2940000
2016/01/19 07:43:46 Error > 2607:f480:111:1520:1c67:edaa:40ac:5ad9 returned the following error while collecting performance data for counter : Network Interface : The network path was not found.

2016/01/19 07:44:01 Error > 2607:f480:111:1520:1c67:edaa:40ac:5ad9 returned the following error while collecting performance data for counter : Double-Take Connection : The network path was not found.

2016/01/19 07:44:33 Error > 2607:f480:111:1520:1c67:edaa:40ac:5ad9 returned the following error while collecting performance data for counter : Double-Take Kernel : The network path was not found.

2016/01/19 07:44:52 Error > 2607:f480:111:1520:1c67:edaa:40ac:5ad9 returned the following error while collecting performance data for counter : Double-Take Source : The network path was not found.

2016/01/19 07:45:27 Error > 2607:f480:111:1520:1c67:edaa:40ac:5ad9 returned the following error while collecting performance data for counter : Double-Take Target : The network path was not found.

2016/01/19 07:45:27 Info > Completed performance collection | Elapsed Time 00:05:45.7860000 
2016/01/19 07:53:50 Info > Staring data upload process
2016/01/19 07:55:14 Info > Completed data upload process.0 netflows.420 performancecounters. = Total Elapsed Time: 00:01:23.6170000
2016/01/19 08:15:27 Info > Starting workload performance collection
2016/01/19 08:17:43 Error > 2607:f480:111:1520:1c67:edaa:40ac:5ad9 returned the following error while collecting performance data for counter : Processor : The network path was not found.

2016/01/19 08:18:04 Error > 2607:f480:111:1520:1c67:edaa:40ac:5ad9 returned the following error while collecting performance data for counter : Memory : The network path was not found.

2016/01/19 08:18:38 Error > 2607:f480:111:1520:1c67:edaa:40ac:5ad9 returned the following error while collecting performance data for counter : LogicalDisk : The network path was not found.

2016/01/19 08:18:55 Error > 2607:f480:111:1520:1c67:edaa:40ac:5ad9 returned the following error while collecting performance data for counter : PhysicalDisk : The network path was not found.

2016/01/19 08:19:28 Error > 2607:f480:111:1520:1c67:edaa:40ac:5ad9 returned the following error while collecting performance data for counter : Network Interface : The network path was not found.

2016/01/19 08:19:47 Error > 2607:f480:111:1520:1c67:edaa:40ac:5ad9 returned the following error while collecting performance data for counter : Double-Take Connection : The network path was not found.

2016/01/19 08:20:19 Error > 2607:f480:111:1520:1c67:edaa:40ac:5ad9 returned the following error while collecting performance data for counter : Double-Take Kernel : The network path was not found.

2016/01/19 08:20:39 Error > 2607:f480:111:1520:1c67:edaa:40ac:5ad9 returned the following error while collecting performance data for counter : Double-Take Source : The network path was not found.

2016/01/19 08:21:08 Error > 2607:f480:111:1520:1c67:edaa:40ac:5ad9 returned the following error while collecting performance data for counter : Double-Take Target : The network path was not found.

2016/01/19 08:21:08 Info > Completed performance collection | Elapsed Time 00:05:40.9420000 
2016/01/19 08:43:22 Info > Staring platform inventory process
2016/01/19 08:43:23 Info > Started data mirroring process for Dimension Data : NA9
2016/01/19 08:43:37 Info > Completed data mirroring process for Dimension Data : NA9.0 new workloads.0 updated platform networks.4 updated workloads.0 removed workloads. = Total Execute Time: 00:00:14.3180000
2016/01/19 08:43:37 Info > Completed data mirroring process.0 new platforms, 1 updated platforms = total elapsed time: 00:00:14.5910000
2016/01/19 08:51:08 Info > Starting workload performance collection
2016/01/19 08:53:25 Error > 2607:f480:111:1520:1c67:edaa:40ac:5ad9 returned the following error while collecting performance data for counter : Processor : The network path was not found.

2016/01/19 08:53:42 Error > 2607:f480:111:1520:1c67:edaa:40ac:5ad9 returned the following error while collecting performance data for counter : Memory : The network path was not found.

2016/01/19 08:54:11 Error > 2607:f480:111:1520:1c67:edaa:40ac:5ad9 returned the following error while collecting performance data for counter : LogicalDisk : The network path was not found.

2016/01/19 08:54:28 Error > 2607:f480:111:1520:1c67:edaa:40ac:5ad9 returned the following error while collecting performance data for counter : PhysicalDisk : The network path was not found.

2016/01/19 08:55:00 Error > 2607:f480:111:1520:1c67:edaa:40ac:5ad9 returned the following error while collecting performance data for counter : Network Interface : The network path was not found.

2016/01/19 08:55:14 Info > Staring data upload process
2016/01/19 08:55:18 Error > 2607:f480:111:1520:1c67:edaa:40ac:5ad9 returned the following error while collecting performance data for counter : Double-Take Connection : The network path was not found.

2016/01/19 08:55:52 Error > 2607:f480:111:1520:1c67:edaa:40ac:5ad9 returned the following error while collecting performance data for counter : Double-Take Kernel : The network path was not found.

2016/01/19 08:56:06 Error > 2607:f480:111:1520:1c67:edaa:40ac:5ad9 returned the following error while collecting performance data for counter : Double-Take Source : The network path was not found.

2016/01/19 08:56:24 Error > 2607:f480:111:1520:1c67:edaa:40ac:5ad9 returned the following error while collecting performance data for counter : Double-Take Target : The network path was not found.

2016/01/19 08:56:24 Info > Completed performance collection | Elapsed Time 00:05:16.0610000 
2016/01/19 08:56:28 Info > Completed data upload process.0 netflows.420 performancecounters. = Total Elapsed Time: 00:01:14.3630000
2016/01/19 09:26:24 Info > Starting workload performance collection
2016/01/19 09:28:44 Error > 2607:f480:111:1520:1c67:edaa:40ac:5ad9 returned the following error while collecting performance data for counter : Processor : The network path was not found.

2016/01/19 09:28:59 Error > 2607:f480:111:1520:1c67:edaa:40ac:5ad9 returned the following error while collecting performance data for counter : Memory : The network path was not found.

2016/01/19 09:29:27 Error > 2607:f480:111:1520:1c67:edaa:40ac:5ad9 returned the following error while collecting performance data for counter : LogicalDisk : The network path was not found.

2016/01/19 09:29:45 Error > 2607:f480:111:1520:1c67:edaa:40ac:5ad9 returned the following error while collecting performance data for counter : PhysicalDisk : The network path was not found.

2016/01/19 09:30:17 Error > 2607:f480:111:1520:1c67:edaa:40ac:5ad9 returned the following error while collecting performance data for counter : Network Interface : The network path was not found.

2016/01/19 09:30:34 Error > 2607:f480:111:1520:1c67:edaa:40ac:5ad9 returned the following error while collecting performance data for counter : Double-Take Connection : The network path was not found.

2016/01/19 09:31:10 Error > 2607:f480:111:1520:1c67:edaa:40ac:5ad9 returned the following error while collecting performance data for counter : Double-Take Kernel : The network path was not found.

2016/01/19 09:31:27 Error > 2607:f480:111:1520:1c67:edaa:40ac:5ad9 returned the following error while collecting performance data for counter : Double-Take Source : The network path was not found.

2016/01/19 09:31:59 Error > 2607:f480:111:1520:1c67:edaa:40ac:5ad9 returned the following error while collecting performance data for counter : Double-Take Target : The network path was not found.

2016/01/19 09:31:59 Info > Completed performance collection | Elapsed Time 00:05:34.7000000 
2016/01/19 09:43:37 Info > Staring platform inventory process
2016/01/19 09:43:37 Info > Started data mirroring process for Dimension Data : NA9
2016/01/19 09:43:47 Info > Completed data mirroring process for Dimension Data : NA9.0 new workloads.0 updated platform networks.4 updated workloads.0 removed workloads. = Total Execute Time: 00:00:09.2910000
2016/01/19 09:43:47 Info > Completed data mirroring process.0 new platforms, 1 updated platforms = total elapsed time: 00:00:09.5060000
2016/01/19 09:56:28 Info > Staring data upload process
2016/01/19 09:57:06 Info > Completed data upload process.0 netflows.210 performancecounters. = Total Elapsed Time: 00:00:37.3310000
2016/01/19 10:01:59 Info > Starting workload performance collection
2016/01/19 10:04:13 Error > 2607:f480:111:1520:1c67:edaa:40ac:5ad9 returned the following error while collecting performance data for counter : Processor : The network path was not found.

2016/01/19 10:04:32 Error > 2607:f480:111:1520:1c67:edaa:40ac:5ad9 returned the following error while collecting performance data for counter : Memory : The network path was not found.

2016/01/19 10:05:04 Error > 2607:f480:111:1520:1c67:edaa:40ac:5ad9 returned the following error while collecting performance data for counter : LogicalDisk : The network path was not found.

2016/01/19 10:05:23 Error > 2607:f480:111:1520:1c67:edaa:40ac:5ad9 returned the following error while collecting performance data for counter : PhysicalDisk : The network path was not found.

2016/01/19 10:06:01 Error > 2607:f480:111:1520:1c67:edaa:40ac:5ad9 returned the following error while collecting performance data for counter : Network Interface : The network path was not found.

2016/01/19 10:06:16 Error > 2607:f480:111:1520:1c67:edaa:40ac:5ad9 returned the following error while collecting performance data for counter : Double-Take Connection : The network path was not found.

2016/01/19 10:06:49 Error > 2607:f480:111:1520:1c67:edaa:40ac:5ad9 returned the following error while collecting performance data for counter : Double-Take Kernel : The network path was not found.

2016/01/19 10:07:08 Error > 2607:f480:111:1520:1c67:edaa:40ac:5ad9 returned the following error while collecting performance data for counter : Double-Take Source : The network path was not found.

2016/01/19 10:07:44 Error > 2607:f480:111:1520:1c67:edaa:40ac:5ad9 returned the following error while collecting performance data for counter : Double-Take Target : The network path was not found.

2016/01/19 10:07:44 Info > Completed performance collection | Elapsed Time 00:05:44.9740000 
2016/01/19 10:37:44 Info > Starting workload performance collection
2016/01/19 10:40:03 Error > 2607:f480:111:1520:1c67:edaa:40ac:5ad9 returned the following error while collecting performance data for counter : Processor : The network path was not found.

2016/01/19 10:40:20 Error > 2607:f480:111:1520:1c67:edaa:40ac:5ad9 returned the following error while collecting performance data for counter : Memory : The network path was not found.

2016/01/19 10:40:51 Error > 2607:f480:111:1520:1c67:edaa:40ac:5ad9 returned the following error while collecting performance data for counter : LogicalDisk : The network path was not found.

2016/01/19 10:41:08 Error > 2607:f480:111:1520:1c67:edaa:40ac:5ad9 returned the following error while collecting performance data for counter : PhysicalDisk : The network path was not found.

2016/01/19 10:41:41 Error > 2607:f480:111:1520:1c67:edaa:40ac:5ad9 returned the following error while collecting performance data for counter : Network Interface : The network path was not found.

2016/01/19 10:41:59 Error > 2607:f480:111:1520:1c67:edaa:40ac:5ad9 returned the following error while collecting performance data for counter : Double-Take Connection : The network path was not found.

2016/01/19 10:42:31 Error > 2607:f480:111:1520:1c67:edaa:40ac:5ad9 returned the following error while collecting performance data for counter : Double-Take Kernel : The network path was not found.

2016/01/19 10:42:50 Error > 2607:f480:111:1520:1c67:edaa:40ac:5ad9 returned the following error while collecting performance data for counter : Double-Take Source : The network path was not found.

2016/01/19 10:43:25 Error > 2607:f480:111:1520:1c67:edaa:40ac:5ad9 returned the following error while collecting performance data for counter : Double-Take Target : The network path was not found.

2016/01/19 10:43:26 Info > Completed performance collection | Elapsed Time 00:05:41.6390000 
2016/01/19 10:43:47 Info > Staring platform inventory process
2016/01/19 10:43:47 Info > Started data mirroring process for Dimension Data : NA9
2016/01/19 10:43:56 Info > Completed data mirroring process for Dimension Data : NA9.0 new workloads.0 updated platform networks.4 updated workloads.0 removed workloads. = Total Execute Time: 00:00:09.6010000
2016/01/19 10:43:56 Info > Completed data mirroring process.0 new platforms, 1 updated platforms = total elapsed time: 00:00:09.8070000
2016/01/19 10:57:06 Info > Staring data upload process
2016/01/19 10:58:25 Info > Completed data upload process.0 netflows.420 performancecounters. = Total Elapsed Time: 00:01:19.7180000
2016/01/19 11:12:25 Info > Starting workload performance collection
2016/01/19 11:14:45 Error > 2607:f480:111:1520:1c67:edaa:40ac:5ad9 returned the following error while collecting performance data for counter : Processor : The network path was not found.

2016/01/19 11:15:02 Error > 2607:f480:111:1520:1c67:edaa:40ac:5ad9 returned the following error while collecting performance data for counter : Memory : The network path was not found.

2016/01/19 11:15:36 Error > 2607:f480:111:1520:1c67:edaa:40ac:5ad9 returned the following error while collecting performance data for counter : LogicalDisk : The network path was not found.

2016/01/19 11:15:53 Error > 2607:f480:111:1520:1c67:edaa:40ac:5ad9 returned the following error while collecting performance data for counter : PhysicalDisk : The network path was not found.

2016/01/19 11:16:26 Error > 2607:f480:111:1520:1c67:edaa:40ac:5ad9 returned the following error while collecting performance data for counter : Network Interface : The network path was not found.

2016/01/19 11:16:44 Error > 2607:f480:111:1520:1c67:edaa:40ac:5ad9 returned the following error while collecting performance data for counter : Double-Take Connection : The network path was not found.

2016/01/19 11:17:19 Error > 2607:f480:111:1520:1c67:edaa:40ac:5ad9 returned the following error while collecting performance data for counter : Double-Take Kernel : The network path was not found.

2016/01/19 11:17:35 Error > 2607:f480:111:1520:1c67:edaa:40ac:5ad9 returned the following error while collecting performance data for counter : Double-Take Source : The network path was not found.

2016/01/19 11:18:07 Error > 2607:f480:111:1520:1c67:edaa:40ac:5ad9 returned the following error while collecting performance data for counter : Double-Take Target : The network path was not found.

2016/01/19 11:18:07 Info > Completed performance collection | Elapsed Time 00:05:41.8740000 
2016/01/19 11:42:56 Info > Staring platform inventory process
2016/01/19 11:42:56 Info > Started data mirroring process for Dimension Data : NA9
2016/01/19 11:43:06 Info > Completed data mirroring process for Dimension Data : NA9.0 new workloads.0 updated platform networks.4 updated workloads.0 removed workloads. = Total Execute Time: 00:00:09.5240000
2016/01/19 11:43:06 Info > Completed data mirroring process.0 new platforms, 1 updated platforms = total elapsed time: 00:00:09.7650000
2016/01/19 11:48:07 Info > Starting workload performance collection
2016/01/19 11:50:26 Error > 2607:f480:111:1520:1c67:edaa:40ac:5ad9 returned the following error while collecting performance data for counter : Processor : The network path was not found.

2016/01/19 11:50:44 Error > 2607:f480:111:1520:1c67:edaa:40ac:5ad9 returned the following error while collecting performance data for counter : Memory : The network path was not found.

2016/01/19 11:51:14 Error > 2607:f480:111:1520:1c67:edaa:40ac:5ad9 returned the following error while collecting performance data for counter : LogicalDisk : The network path was not found.

2016/01/19 11:51:31 Error > 2607:f480:111:1520:1c67:edaa:40ac:5ad9 returned the following error while collecting performance data for counter : PhysicalDisk : The network path was not found.

2016/01/19 11:52:05 Error > 2607:f480:111:1520:1c67:edaa:40ac:5ad9 returned the following error while collecting performance data for counter : Network Interface : The network path was not found.

2016/01/19 11:52:23 Error > 2607:f480:111:1520:1c67:edaa:40ac:5ad9 returned the following error while collecting performance data for counter : Double-Take Connection : The network path was not found.

2016/01/19 11:52:54 Error > 2607:f480:111:1520:1c67:edaa:40ac:5ad9 returned the following error while collecting performance data for counter : Double-Take Kernel : The network path was not found.

2016/01/19 11:53:12 Error > 2607:f480:111:1520:1c67:edaa:40ac:5ad9 returned the following error while collecting performance data for counter : Double-Take Source : The network path was not found.

2016/01/19 11:53:47 Error > 2607:f480:111:1520:1c67:edaa:40ac:5ad9 returned the following error while collecting performance data for counter : Double-Take Target : The network path was not found.

2016/01/19 11:53:47 Info > Completed performance collection | Elapsed Time 00:05:39.9360000 
2016/01/19 11:57:25 Info > Staring data upload process
2016/01/19 11:58:40 Info > Completed data upload process.0 netflows.420 performancecounters. = Total Elapsed Time: 00:01:14.7150000
2016/01/19 12:23:47 Info > Starting workload performance collection
2016/01/19 12:26:18 Error > 2607:f480:111:1520:1c67:edaa:40ac:5ad9 returned the following error while collecting performance data for counter : Processor : The network path was not found.

2016/01/19 12:26:35 Error > 2607:f480:111:1520:1c67:edaa:40ac:5ad9 returned the following error while collecting performance data for counter : Memory : The network path was not found.

2016/01/19 12:27:08 Error > 2607:f480:111:1520:1c67:edaa:40ac:5ad9 returned the following error while collecting performance data for counter : LogicalDisk : The network path was not found.

2016/01/19 12:27:26 Error > 2607:f480:111:1520:1c67:edaa:40ac:5ad9 returned the following error while collecting performance data for counter : PhysicalDisk : The network path was not found.

2016/01/19 12:27:57 Error > 2607:f480:111:1520:1c67:edaa:40ac:5ad9 returned the following error while collecting performance data for counter : Network Interface : The network path was not found.

2016/01/19 12:28:16 Error > 2607:f480:111:1520:1c67:edaa:40ac:5ad9 returned the following error while collecting performance data for counter : Double-Take Connection : The network path was not found.

2016/01/19 12:28:52 Error > 2607:f480:111:1520:1c67:edaa:40ac:5ad9 returned the following error while collecting performance data for counter : Double-Take Kernel : The network path was not found.

2016/01/19 12:29:10 Error > 2607:f480:111:1520:1c67:edaa:40ac:5ad9 returned the following error while collecting performance data for counter : Double-Take Source : The network path was not found.

2016/01/19 12:29:44 Error > 2607:f480:111:1520:1c67:edaa:40ac:5ad9 returned the following error while collecting performance data for counter : Double-Take Target : The network path was not found.

2016/01/19 12:29:44 Info > Completed performance collection | Elapsed Time 00:05:56.6060000 
2016/01/19 12:43:06 Info > Staring platform inventory process
2016/01/19 12:43:06 Info > Started data mirroring process for Dimension Data : NA9
2016/01/19 12:43:16 Info > Completed data mirroring process for Dimension Data : NA9.0 new workloads.0 updated platform networks.4 updated workloads.0 removed workloads. = Total Execute Time: 00:00:10.0140000
2016/01/19 12:43:16 Info > Completed data mirroring process.0 new platforms, 1 updated platforms = total elapsed time: 00:00:10.2190000
2016/01/19 12:58:40 Info > Staring data upload process
2016/01/19 12:59:28 Info > Completed data upload process.0 netflows.210 performancecounters. = Total Elapsed Time: 00:00:48.1970000
2016/01/19 12:59:44 Info > Starting workload performance collection
2016/01/19 01:02:15 Error > 2607:f480:111:1520:1c67:edaa:40ac:5ad9 returned the following error while collecting performance data for counter : Processor : The network path was not found.

2016/01/19 01:02:32 Error > 2607:f480:111:1520:1c67:edaa:40ac:5ad9 returned the following error while collecting performance data for counter : Memory : The network path was not found.

2016/01/19 01:03:05 Error > 2607:f480:111:1520:1c67:edaa:40ac:5ad9 returned the following error while collecting performance data for counter : LogicalDisk : The network path was not found.

2016/01/19 01:03:23 Error > 2607:f480:111:1520:1c67:edaa:40ac:5ad9 returned the following error while collecting performance data for counter : PhysicalDisk : The network path was not found.

2016/01/19 01:03:56 Error > 2607:f480:111:1520:1c67:edaa:40ac:5ad9 returned the following error while collecting performance data for counter : Network Interface : The network path was not found.

2016/01/19 01:04:15 Error > 2607:f480:111:1520:1c67:edaa:40ac:5ad9 returned the following error while collecting performance data for counter : Double-Take Connection : The network path was not found.

2016/01/19 01:04:42 Error > 2607:f480:111:1520:1c67:edaa:40ac:5ad9 returned the following error while collecting performance data for counter : Double-Take Kernel : The network path was not found.

2016/01/19 01:04:58 Error > 2607:f480:111:1520:1c67:edaa:40ac:5ad9 returned the following error while collecting performance data for counter : Double-Take Source : The network path was not found.

2016/01/19 01:05:16 Error > 2607:f480:111:1520:1c67:edaa:40ac:5ad9 returned the following error while collecting performance data for counter : Double-Take Target : The network path was not found.

2016/01/19 01:05:16 Info > Completed performance collection | Elapsed Time 00:05:31.8870000 
2016/01/19 01:35:16 Info > Starting workload performance collection
2016/01/19 01:37:52 Error > 2607:f480:111:1520:1c67:edaa:40ac:5ad9 returned the following error while collecting performance data for counter : Processor : The network path was not found.

2016/01/19 01:38:10 Error > 2607:f480:111:1520:1c67:edaa:40ac:5ad9 returned the following error while collecting performance data for counter : Memory : The network path was not found.

2016/01/19 01:38:41 Error > 2607:f480:111:1520:1c67:edaa:40ac:5ad9 returned the following error while collecting performance data for counter : LogicalDisk : The network path was not found.

2016/01/19 01:38:59 Error > 2607:f480:111:1520:1c67:edaa:40ac:5ad9 returned the following error while collecting performance data for counter : PhysicalDisk : The network path was not found.

2016/01/19 01:39:33 Error > 2607:f480:111:1520:1c67:edaa:40ac:5ad9 returned the following error while collecting performance data for counter : Network Interface : The network path was not found.

2016/01/19 01:39:50 Error > 2607:f480:111:1520:1c67:edaa:40ac:5ad9 returned the following error while collecting performance data for counter : Double-Take Connection : The network path was not found.

2016/01/19 01:40:22 Error > 2607:f480:111:1520:1c67:edaa:40ac:5ad9 returned the following error while collecting performance data for counter : Double-Take Kernel : The network path was not found.

2016/01/19 01:40:40 Error > 2607:f480:111:1520:1c67:edaa:40ac:5ad9 returned the following error while collecting performance data for counter : Double-Take Source : The network path was not found.

2016/01/19 01:41:12 Error > 2607:f480:111:1520:1c67:edaa:40ac:5ad9 returned the following error while collecting performance data for counter : Double-Take Target : The network path was not found.

2016/01/19 01:41:13 Info > Completed performance collection | Elapsed Time 00:05:56.7840000 
2016/01/19 01:43:16 Info > Staring platform inventory process
2016/01/19 01:43:16 Info > Started data mirroring process for Dimension Data : NA9
2016/01/19 01:43:26 Info > Completed data mirroring process for Dimension Data : NA9.0 new workloads.0 updated platform networks.4 updated workloads.0 removed workloads. = Total Execute Time: 00:00:09.2790000
2016/01/19 01:43:26 Info > Completed data mirroring process.0 new platforms, 1 updated platforms = total elapsed time: 00:00:09.5120000
2016/01/19 01:59:28 Info > Staring data upload process
2016/01/19 02:00:46 Info > Completed data upload process.0 netflows.420 performancecounters. = Total Elapsed Time: 00:01:17.4810000
2016/01/19 02:11:13 Info > Starting workload performance collection
2016/01/19 02:13:49 Error > 2607:f480:111:1520:1c67:edaa:40ac:5ad9 returned the following error while collecting performance data for counter : Processor : The network path was not found.

2016/01/19 02:14:06 Error > 2607:f480:111:1520:1c67:edaa:40ac:5ad9 returned the following error while collecting performance data for counter : Memory : The network path was not found.

2016/01/19 02:14:39 Error > 2607:f480:111:1520:1c67:edaa:40ac:5ad9 returned the following error while collecting performance data for counter : LogicalDisk : The network path was not found.

2016/01/19 02:14:57 Error > 2607:f480:111:1520:1c67:edaa:40ac:5ad9 returned the following error while collecting performance data for counter : PhysicalDisk : The network path was not found.

2016/01/19 02:15:27 Error > 2607:f480:111:1520:1c67:edaa:40ac:5ad9 returned the following error while collecting performance data for counter : Network Interface : The network path was not found.

2016/01/19 02:15:46 Error > 2607:f480:111:1520:1c67:edaa:40ac:5ad9 returned the following error while collecting performance data for counter : Double-Take Connection : The network path was not found.

2016/01/19 02:16:19 Error > 2607:f480:111:1520:1c67:edaa:40ac:5ad9 returned the following error while collecting performance data for counter : Double-Take Kernel : The network path was not found.

2016/01/19 02:16:36 Error > 2607:f480:111:1520:1c67:edaa:40ac:5ad9 returned the following error while collecting performance data for counter : Double-Take Source : The network path was not found.

2016/01/19 02:17:12 Error > 2607:f480:111:1520:1c67:edaa:40ac:5ad9 returned the following error while collecting performance data for counter : Double-Take Target : The network path was not found.

2016/01/19 02:17:12 Info > Completed performance collection | Elapsed Time 00:05:59.6840000 
2016/01/19 02:43:26 Info > Staring platform inventory process
2016/01/19 02:43:26 Info > Started data mirroring process for Dimension Data : NA9
2016/01/19 02:43:38 Info > Completed data mirroring process for Dimension Data : NA9.0 new workloads.0 updated platform networks.4 updated workloads.0 removed workloads. = Total Execute Time: 00:00:11.7910000
2016/01/19 02:43:38 Info > Completed data mirroring process.0 new platforms, 1 updated platforms = total elapsed time: 00:00:12.0960000
2016/01/19 02:47:12 Info > Starting workload performance collection
2016/01/19 02:49:48 Error > 2607:f480:111:1520:1c67:edaa:40ac:5ad9 returned the following error while collecting performance data for counter : Processor : The network path was not found.

2016/01/19 02:50:05 Error > 2607:f480:111:1520:1c67:edaa:40ac:5ad9 returned the following error while collecting performance data for counter : Memory : The network path was not found.

2016/01/19 02:50:34 Error > 2607:f480:111:1520:1c67:edaa:40ac:5ad9 returned the following error while collecting performance data for counter : LogicalDisk : The network path was not found.

2016/01/19 02:50:52 Error > 2607:f480:111:1520:1c67:edaa:40ac:5ad9 returned the following error while collecting performance data for counter : PhysicalDisk : The network path was not found.

2016/01/19 02:51:26 Error > 2607:f480:111:1520:1c67:edaa:40ac:5ad9 returned the following error while collecting performance data for counter : Network Interface : The network path was not found.

2016/01/19 02:51:43 Error > 2607:f480:111:1520:1c67:edaa:40ac:5ad9 returned the following error while collecting performance data for counter : Double-Take Connection : The network path was not found.

2016/01/19 02:52:19 Error > 2607:f480:111:1520:1c67:edaa:40ac:5ad9 returned the following error while collecting performance data for counter : Double-Take Kernel : The network path was not found.

2016/01/19 02:52:35 Error > 2607:f480:111:1520:1c67:edaa:40ac:5ad9 returned the following error while collecting performance data for counter : Double-Take Source : The network path was not found.

2016/01/19 02:53:06 Error > 2607:f480:111:1520:1c67:edaa:40ac:5ad9 returned the following error while collecting performance data for counter : Double-Take Target : The network path was not found.

2016/01/19 02:53:09 Info > Completed performance collection | Elapsed Time 00:05:56.3480000 
2016/01/19 03:00:46 Info > Staring data upload process
2016/01/19 03:02:05 Info > Completed data upload process.0 netflows.420 performancecounters. = Total Elapsed Time: 00:01:18.9900000
2016/01/19 03:23:09 Info > Starting workload performance collection
2016/01/19 03:26:04 Error > 2607:f480:111:1520:1c67:edaa:40ac:5ad9 returned the following error while collecting performance data for counter : Processor : The network path was not found.

2016/01/19 03:26:23 Error > 2607:f480:111:1520:1c67:edaa:40ac:5ad9 returned the following error while collecting performance data for counter : Memory : The network path was not found.

2016/01/19 03:26:54 Error > 2607:f480:111:1520:1c67:edaa:40ac:5ad9 returned the following error while collecting performance data for counter : LogicalDisk : The network path was not found.

2016/01/19 03:27:08 Error > 2607:f480:111:1520:1c67:edaa:40ac:5ad9 returned the following error while collecting performance data for counter : PhysicalDisk : The network path was not found.

2016/01/19 03:27:40 Error > 2607:f480:111:1520:1c67:edaa:40ac:5ad9 returned the following error while collecting performance data for counter : Network Interface : The network path was not found.

2016/01/19 03:27:55 Error > 2607:f480:111:1520:1c67:edaa:40ac:5ad9 returned the following error while collecting performance data for counter : Double-Take Connection : The network path was not found.

2016/01/19 03:28:09 Error > 2607:f480:111:1520:1c67:edaa:40ac:5ad9 returned the following error while collecting performance data for counter : Double-Take Kernel : The network path was not found.

2016/01/19 03:28:42 Error > 2607:f480:111:1520:1c67:edaa:40ac:5ad9 returned the following error while collecting performance data for counter : Double-Take Source : The network path was not found.

2016/01/19 03:28:55 Error > 2607:f480:111:1520:1c67:edaa:40ac:5ad9 returned the following error while collecting performance data for counter : Double-Take Target : The network path was not found.

2016/01/19 03:28:56 Info > Completed performance collection | Elapsed Time 00:05:46.8860000 
2016/01/19 03:43:38 Info > Staring platform inventory process
2016/01/19 03:43:38 Info > Started data mirroring process for Dimension Data : NA9
2016/01/19 03:43:48 Info > Completed data mirroring process for Dimension Data : NA9.0 new workloads.0 updated platform networks.4 updated workloads.0 removed workloads. = Total Execute Time: 00:00:10.1480000
2016/01/19 03:43:48 Info > Completed data mirroring process.0 new platforms, 1 updated platforms = total elapsed time: 00:00:10.4670000
2016/01/19 03:58:56 Info > Starting workload performance collection
2016/01/19 04:01:44 Error > 2607:f480:111:1520:1c67:edaa:40ac:5ad9 returned the following error while collecting performance data for counter : Processor : The network path was not found.

2016/01/19 04:02:02 Error > 2607:f480:111:1520:1c67:edaa:40ac:5ad9 returned the following error while collecting performance data for counter : Memory : The network path was not found.

2016/01/19 04:02:05 Info > Staring data upload process
2016/01/19 04:02:35 Error > 2607:f480:111:1520:1c67:edaa:40ac:5ad9 returned the following error while collecting performance data for counter : LogicalDisk : The network path was not found.

2016/01/19 04:02:50 Error > 2607:f480:111:1520:1c67:edaa:40ac:5ad9 returned the following error while collecting performance data for counter : PhysicalDisk : The network path was not found.

2016/01/19 04:03:18 Info > Completed data upload process.0 netflows.420 performancecounters. = Total Elapsed Time: 00:01:13.5830000
2016/01/19 04:03:20 Error > 2607:f480:111:1520:1c67:edaa:40ac:5ad9 returned the following error while collecting performance data for counter : Network Interface : The network path was not found.

2016/01/19 04:03:37 Error > 2607:f480:111:1520:1c67:edaa:40ac:5ad9 returned the following error while collecting performance data for counter : Double-Take Connection : The network path was not found.

2016/01/19 04:04:11 Error > 2607:f480:111:1520:1c67:edaa:40ac:5ad9 returned the following error while collecting performance data for counter : Double-Take Kernel : The network path was not found.

2016/01/19 04:04:30 Error > 2607:f480:111:1520:1c67:edaa:40ac:5ad9 returned the following error while collecting performance data for counter : Double-Take Source : The network path was not found.

2016/01/19 04:05:04 Error > 2607:f480:111:1520:1c67:edaa:40ac:5ad9 returned the following error while collecting performance data for counter : Double-Take Target : The network path was not found.

2016/01/19 04:05:05 Info > Completed performance collection | Elapsed Time 00:06:09.0240000 
2016/01/19 04:35:05 Info > Starting workload performance collection
2016/01/19 04:37:57 Error > 2607:f480:111:1520:1c67:edaa:40ac:5ad9 returned the following error while collecting performance data for counter : Processor : The network path was not found.

2016/01/19 04:38:15 Error > 2607:f480:111:1520:1c67:edaa:40ac:5ad9 returned the following error while collecting performance data for counter : Memory : The network path was not found.

2016/01/19 04:38:44 Error > 2607:f480:111:1520:1c67:edaa:40ac:5ad9 returned the following error while collecting performance data for counter : LogicalDisk : The network path was not found.

2016/01/19 04:39:02 Error > 2607:f480:111:1520:1c67:edaa:40ac:5ad9 returned the following error while collecting performance data for counter : PhysicalDisk : The network path was not found.

2016/01/19 04:39:35 Error > 2607:f480:111:1520:1c67:edaa:40ac:5ad9 returned the following error while collecting performance data for counter : Network Interface : The network path was not found.

2016/01/19 04:39:50 Error > 2607:f480:111:1520:1c67:edaa:40ac:5ad9 returned the following error while collecting performance data for counter : Double-Take Connection : The network path was not found.

2016/01/19 04:40:22 Error > 2607:f480:111:1520:1c67:edaa:40ac:5ad9 returned the following error while collecting performance data for counter : Double-Take Kernel : The network path was not found.

2016/01/19 04:40:40 Error > 2607:f480:111:1520:1c67:edaa:40ac:5ad9 returned the following error while collecting performance data for counter : Double-Take Source : The network path was not found.

2016/01/19 04:41:15 Error > 2607:f480:111:1520:1c67:edaa:40ac:5ad9 returned the following error while collecting performance data for counter : Double-Take Target : The network path was not found.

2016/01/19 04:41:15 Info > Completed performance collection | Elapsed Time 00:06:10.2020000 
2016/01/19 04:43:48 Info > Staring platform inventory process
2016/01/19 04:43:49 Info > Started data mirroring process for Dimension Data : NA9
2016/01/19 04:43:59 Info > Completed data mirroring process for Dimension Data : NA9.0 new workloads.0 updated platform networks.4 updated workloads.0 removed workloads. = Total Execute Time: 00:00:10.5290000
2016/01/19 04:43:59 Info > Completed data mirroring process.0 new platforms, 1 updated platforms = total elapsed time: 00:00:10.7440000
2016/01/19 05:03:18 Info > Staring data upload process
2016/01/19 05:03:55 Info > Completed data upload process.0 netflows.210 performancecounters. = Total Elapsed Time: 00:00:36.2570000
2016/01/19 05:11:15 Info > Starting workload performance collection
2016/01/19 05:14:14 Error > 2607:f480:111:1520:1c67:edaa:40ac:5ad9 returned the following error while collecting performance data for counter : Processor : The network path was not found.

2016/01/19 05:14:28 Error > 2607:f480:111:1520:1c67:edaa:40ac:5ad9 returned the following error while collecting performance data for counter : Memory : The network path was not found.

2016/01/19 05:14:42 Error > 2607:f480:111:1520:1c67:edaa:40ac:5ad9 returned the following error while collecting performance data for counter : LogicalDisk : The network path was not found.

2016/01/19 05:15:16 Error > 2607:f480:111:1520:1c67:edaa:40ac:5ad9 returned the following error while collecting performance data for counter : PhysicalDisk : The network path was not found.

2016/01/19 05:15:32 Error > 2607:f480:111:1520:1c67:edaa:40ac:5ad9 returned the following error while collecting performance data for counter : Network Interface : The network path was not found.

2016/01/19 05:16:06 Error > 2607:f480:111:1520:1c67:edaa:40ac:5ad9 returned the following error while collecting performance data for counter : Double-Take Connection : The network path was not found.

2016/01/19 05:16:25 Error > 2607:f480:111:1520:1c67:edaa:40ac:5ad9 returned the following error while collecting performance data for counter : Double-Take Kernel : The network path was not found.

2016/01/19 05:16:57 Error > 2607:f480:111:1520:1c67:edaa:40ac:5ad9 returned the following error while collecting performance data for counter : Double-Take Source : The network path was not found.

2016/01/19 05:17:16 Error > 2607:f480:111:1520:1c67:edaa:40ac:5ad9 returned the following error while collecting performance data for counter : Double-Take Target : The network path was not found.

2016/01/19 05:17:16 Info > Completed performance collection | Elapsed Time 00:06:00.9760000 
2016/01/19 05:43:59 Info > Staring platform inventory process
2016/01/19 05:44:02 Info > Started data mirroring process for Dimension Data : NA9
2016/01/19 05:44:12 Info > Completed data mirroring process for Dimension Data : NA9.0 new workloads.0 updated platform networks.4 updated workloads.0 removed workloads. = Total Execute Time: 00:00:09.7020000
2016/01/19 05:44:12 Info > Completed data mirroring process.0 new platforms, 1 updated platforms = total elapsed time: 00:00:12.7430000
2016/01/19 05:47:16 Info > Starting workload performance collection
2016/01/19 05:50:01 Error > 2607:f480:111:1520:1c67:edaa:40ac:5ad9 returned the following error while collecting performance data for counter : Processor : The network path was not found.

2016/01/19 05:50:16 Error > 2607:f480:111:1520:1c67:edaa:40ac:5ad9 returned the following error while collecting performance data for counter : Memory : The network path was not found.

2016/01/19 05:50:34 Error > 2607:f480:111:1520:1c67:edaa:40ac:5ad9 returned the following error while collecting performance data for counter : LogicalDisk : The network path was not found.

2016/01/19 05:51:08 Error > 2607:f480:111:1520:1c67:edaa:40ac:5ad9 returned the following error while collecting performance data for counter : PhysicalDisk : The network path was not found.

2016/01/19 05:51:25 Error > 2607:f480:111:1520:1c67:edaa:40ac:5ad9 returned the following error while collecting performance data for counter : Network Interface : The network path was not found.

2016/01/19 05:52:02 Error > 2607:f480:111:1520:1c67:edaa:40ac:5ad9 returned the following error while collecting performance data for counter : Double-Take Connection : The network path was not found.

2016/01/19 05:52:17 Error > 2607:f480:111:1520:1c67:edaa:40ac:5ad9 returned the following error while collecting performance data for counter : Double-Take Kernel : The network path was not found.

2016/01/19 05:52:48 Error > 2607:f480:111:1520:1c67:edaa:40ac:5ad9 returned the following error while collecting performance data for counter : Double-Take Source : The network path was not found.

2016/01/19 05:53:06 Error > 2607:f480:111:1520:1c67:edaa:40ac:5ad9 returned the following error while collecting performance data for counter : Double-Take Target : The network path was not found.

2016/01/19 05:53:06 Info > Completed performance collection | Elapsed Time 00:05:50.1700000 
2016/01/19 06:03:55 Info > Staring data upload process
2016/01/19 06:05:47 Info > Completed data upload process.0 netflows.420 performancecounters. = Total Elapsed Time: 00:01:51.6810000
2016/01/19 06:23:06 Info > Starting workload performance collection
2016/01/19 06:26:15 Error > 2607:f480:111:1520:1c67:edaa:40ac:5ad9 returned the following error while collecting performance data for counter : Processor : The network path was not found.

2016/01/19 06:26:34 Error > 2607:f480:111:1520:1c67:edaa:40ac:5ad9 returned the following error while collecting performance data for counter : Memory : The network path was not found.

2016/01/19 06:27:07 Error > 2607:f480:111:1520:1c67:edaa:40ac:5ad9 returned the following error while collecting performance data for counter : LogicalDisk : The network path was not found.

2016/01/19 06:27:26 Error > 2607:f480:111:1520:1c67:edaa:40ac:5ad9 returned the following error while collecting performance data for counter : PhysicalDisk : The network path was not found.

2016/01/19 06:27:57 Error > 2607:f480:111:1520:1c67:edaa:40ac:5ad9 returned the following error while collecting performance data for counter : Network Interface : The network path was not found.

2016/01/19 06:28:15 Error > 2607:f480:111:1520:1c67:edaa:40ac:5ad9 returned the following error while collecting performance data for counter : Double-Take Connection : The network path was not found.

2016/01/19 06:28:49 Error > 2607:f480:111:1520:1c67:edaa:40ac:5ad9 returned the following error while collecting performance data for counter : Double-Take Kernel : The network path was not found.

2016/01/19 06:29:04 Error > 2607:f480:111:1520:1c67:edaa:40ac:5ad9 returned the following error while collecting performance data for counter : Double-Take Source : The network path was not found.

2016/01/19 06:29:40 Error > 2607:f480:111:1520:1c67:edaa:40ac:5ad9 returned the following error while collecting performance data for counter : Double-Take Target : The network path was not found.

2016/01/19 06:29:40 Info > Completed performance collection | Elapsed Time 00:06:33.6620000 
2016/01/19 06:44:12 Info > Staring platform inventory process
2016/01/19 06:44:12 Info > Started data mirroring process for Dimension Data : NA9
2016/01/19 06:44:22 Info > Completed data mirroring process for Dimension Data : NA9.0 new workloads.0 updated platform networks.4 updated workloads.0 removed workloads. = Total Execute Time: 00:00:09.8760000
2016/01/19 06:44:22 Info > Completed data mirroring process.0 new platforms, 1 updated platforms = total elapsed time: 00:00:10.1120000
2016/01/19 06:59:40 Info > Starting workload performance collection
2016/01/19 07:02:18 Error > 2607:f480:111:1520:1c67:edaa:40ac:5ad9 returned the following error while collecting performance data for counter : Processor : The network path was not found.

2016/01/19 07:02:36 Error > 2607:f480:111:1520:1c67:edaa:40ac:5ad9 returned the following error while collecting performance data for counter : Memory : The network path was not found.

2016/01/19 07:03:07 Error > 2607:f480:111:1520:1c67:edaa:40ac:5ad9 returned the following error while collecting performance data for counter : LogicalDisk : The network path was not found.

2016/01/19 07:03:24 Error > 2607:f480:111:1520:1c67:edaa:40ac:5ad9 returned the following error while collecting performance data for counter : PhysicalDisk : The network path was not found.

2016/01/19 07:04:01 Error > 2607:f480:111:1520:1c67:edaa:40ac:5ad9 returned the following error while collecting performance data for counter : Network Interface : The network path was not found.

2016/01/19 07:04:18 Error > 2607:f480:111:1520:1c67:edaa:40ac:5ad9 returned the following error while collecting performance data for counter : Double-Take Connection : The network path was not found.

2016/01/19 07:04:50 Error > 2607:f480:111:1520:1c67:edaa:40ac:5ad9 returned the following error while collecting performance data for counter : Double-Take Kernel : The network path was not found.

2016/01/19 07:05:07 Error > 2607:f480:111:1520:1c67:edaa:40ac:5ad9 returned the following error while collecting performance data for counter : Double-Take Source : The network path was not found.

2016/01/19 07:05:41 Error > 2607:f480:111:1520:1c67:edaa:40ac:5ad9 returned the following error while collecting performance data for counter : Double-Take Target : The network path was not found.

2016/01/19 07:05:41 Info > Completed performance collection | Elapsed Time 00:06:01.1800000 
2016/01/19 07:05:47 Info > Staring data upload process
2016/01/19 07:06:59 Info > Completed data upload process.0 netflows.420 performancecounters. = Total Elapsed Time: 00:01:12.0750000
2016/01/19 07:35:41 Info > Starting workload performance collection
2016/01/19 07:38:59 Error > 2607:f480:111:1520:1c67:edaa:40ac:5ad9 returned the following error while collecting performance data for counter : Processor : The network path was not found.

2016/01/19 07:39:18 Error > 2607:f480:111:1520:1c67:edaa:40ac:5ad9 returned the following error while collecting performance data for counter : Memory : The network path was not found.

2016/01/19 07:39:49 Error > 2607:f480:111:1520:1c67:edaa:40ac:5ad9 returned the following error while collecting performance data for counter : LogicalDisk : The network path was not found.

2016/01/19 07:40:06 Error > 2607:f480:111:1520:1c67:edaa:40ac:5ad9 returned the following error while collecting performance data for counter : PhysicalDisk : The network path was not found.

2016/01/19 07:40:38 Error > 2607:f480:111:1520:1c67:edaa:40ac:5ad9 returned the following error while collecting performance data for counter : Network Interface : The network path was not found.

2016/01/19 07:40:56 Error > 2607:f480:111:1520:1c67:edaa:40ac:5ad9 returned the following error while collecting performance data for counter : Double-Take Connection : The network path was not found.

2016/01/19 07:41:29 Error > 2607:f480:111:1520:1c67:edaa:40ac:5ad9 returned the following error while collecting performance data for counter : Double-Take Kernel : The network path was not found.

2016/01/19 07:41:48 Error > 2607:f480:111:1520:1c67:edaa:40ac:5ad9 returned the following error while collecting performance data for counter : Double-Take Source : The network path was not found.

2016/01/19 07:42:23 Error > 2607:f480:111:1520:1c67:edaa:40ac:5ad9 returned the following error while collecting performance data for counter : Double-Take Target : The network path was not found.

2016/01/19 07:42:23 Info > Completed performance collection | Elapsed Time 00:06:42.6550000 
2016/01/19 07:44:22 Info > Staring platform inventory process
2016/01/19 07:44:22 Info > Started data mirroring process for Dimension Data : NA9
2016/01/19 07:44:37 Info > Completed data mirroring process for Dimension Data : NA9.0 new workloads.0 updated platform networks.4 updated workloads.0 removed workloads. = Total Execute Time: 00:00:14.7450000
2016/01/19 07:44:37 Info > Completed data mirroring process.0 new platforms, 1 updated platforms = total elapsed time: 00:00:15.0050000
2016/01/19 08:06:59 Info > Staring data upload process
2016/01/19 08:07:36 Info > Completed data upload process.0 netflows.210 performancecounters. = Total Elapsed Time: 00:00:36.8950000
2016/01/19 08:12:23 Info > Starting workload performance collection
2016/01/19 08:14:54 Error > 2607:f480:111:1520:1c67:edaa:40ac:5ad9 returned the following error while collecting performance data for counter : Processor : The network path was not found.

2016/01/19 08:15:11 Error > 2607:f480:111:1520:1c67:edaa:40ac:5ad9 returned the following error while collecting performance data for counter : Memory : The network path was not found.

2016/01/19 08:15:42 Error > 2607:f480:111:1520:1c67:edaa:40ac:5ad9 returned the following error while collecting performance data for counter : LogicalDisk : The network path was not found.

2016/01/19 08:15:58 Error > 2607:f480:111:1520:1c67:edaa:40ac:5ad9 returned the following error while collecting performance data for counter : PhysicalDisk : The network path was not found.

2016/01/19 08:16:32 Error > 2607:f480:111:1520:1c67:edaa:40ac:5ad9 returned the following error while collecting performance data for counter : Network Interface : The network path was not found.

2016/01/19 08:16:49 Error > 2607:f480:111:1520:1c67:edaa:40ac:5ad9 returned the following error while collecting performance data for counter : Double-Take Connection : The network path was not found.

2016/01/19 08:17:24 Error > 2607:f480:111:1520:1c67:edaa:40ac:5ad9 returned the following error while collecting performance data for counter : Double-Take Kernel : The network path was not found.

2016/01/19 08:17:41 Error > 2607:f480:111:1520:1c67:edaa:40ac:5ad9 returned the following error while collecting performance data for counter : Double-Take Source : The network path was not found.

2016/01/19 08:18:13 Error > 2607:f480:111:1520:1c67:edaa:40ac:5ad9 returned the following error while collecting performance data for counter : Double-Take Target : The network path was not found.

2016/01/19 08:18:13 Info > Completed performance collection | Elapsed Time 00:05:49.6640000 
2016/01/19 08:44:37 Info > Staring platform inventory process
2016/01/19 08:44:37 Info > Started data mirroring process for Dimension Data : NA9
2016/01/19 08:44:47 Info > Completed data mirroring process for Dimension Data : NA9.0 new workloads.0 updated platform networks.4 updated workloads.0 removed workloads. = Total Execute Time: 00:00:10.0160000
2016/01/19 08:44:47 Info > Completed data mirroring process.0 new platforms, 1 updated platforms = total elapsed time: 00:00:10.2750000
2016/01/19 08:48:13 Info > Starting workload performance collection
2016/01/19 08:50:48 Error > 2607:f480:111:1520:1c67:edaa:40ac:5ad9 returned the following error while collecting performance data for counter : Processor : The network path was not found.

2016/01/19 08:51:05 Error > 2607:f480:111:1520:1c67:edaa:40ac:5ad9 returned the following error while collecting performance data for counter : Memory : The network path was not found.

2016/01/19 08:51:36 Error > 2607:f480:111:1520:1c67:edaa:40ac:5ad9 returned the following error while collecting performance data for counter : LogicalDisk : The network path was not found.

2016/01/19 08:51:54 Error > 2607:f480:111:1520:1c67:edaa:40ac:5ad9 returned the following error while collecting performance data for counter : PhysicalDisk : The network path was not found.

2016/01/19 08:52:28 Error > 2607:f480:111:1520:1c67:edaa:40ac:5ad9 returned the following error while collecting performance data for counter : Network Interface : The network path was not found.

2016/01/19 08:52:43 Error > 2607:f480:111:1520:1c67:edaa:40ac:5ad9 returned the following error while collecting performance data for counter : Double-Take Connection : The network path was not found.

2016/01/19 08:53:15 Error > 2607:f480:111:1520:1c67:edaa:40ac:5ad9 returned the following error while collecting performance data for counter : Double-Take Kernel : The network path was not found.

2016/01/19 08:53:34 Error > 2607:f480:111:1520:1c67:edaa:40ac:5ad9 returned the following error while collecting performance data for counter : Double-Take Source : The network path was not found.

2016/01/19 08:54:07 Error > 2607:f480:111:1520:1c67:edaa:40ac:5ad9 returned the following error while collecting performance data for counter : Double-Take Target : The network path was not found.

2016/01/19 08:54:07 Info > Completed performance collection | Elapsed Time 00:05:54.1870000 
2016/01/19 09:07:36 Info > Staring data upload process
2016/01/19 09:08:50 Info > Completed data upload process.0 netflows.420 performancecounters. = Total Elapsed Time: 00:01:14.5000000
2016/01/19 09:24:07 Info > Starting workload performance collection
2016/01/19 09:27:17 Error > 2607:f480:111:1520:1c67:edaa:40ac:5ad9 returned the following error while collecting performance data for counter : Processor : The network path was not found.

2016/01/19 09:27:33 Error > 2607:f480:111:1520:1c67:edaa:40ac:5ad9 returned the following error while collecting performance data for counter : Memory : The network path was not found.

2016/01/19 09:28:04 Error > 2607:f480:111:1520:1c67:edaa:40ac:5ad9 returned the following error while collecting performance data for counter : LogicalDisk : The network path was not found.

2016/01/19 09:28:22 Error > 2607:f480:111:1520:1c67:edaa:40ac:5ad9 returned the following error while collecting performance data for counter : PhysicalDisk : The network path was not found.

2016/01/19 09:28:56 Error > 2607:f480:111:1520:1c67:edaa:40ac:5ad9 returned the following error while collecting performance data for counter : Network Interface : The network path was not found.

2016/01/19 09:29:14 Error > 2607:f480:111:1520:1c67:edaa:40ac:5ad9 returned the following error while collecting performance data for counter : Double-Take Connection : The network path was not found.

2016/01/19 09:29:48 Error > 2607:f480:111:1520:1c67:edaa:40ac:5ad9 returned the following error while collecting performance data for counter : Double-Take Kernel : The network path was not found.

2016/01/19 09:30:05 Error > 2607:f480:111:1520:1c67:edaa:40ac:5ad9 returned the following error while collecting performance data for counter : Double-Take Source : The network path was not found.

2016/01/19 09:30:38 Error > 2607:f480:111:1520:1c67:edaa:40ac:5ad9 returned the following error while collecting performance data for counter : Double-Take Target : The network path was not found.

2016/01/19 09:30:38 Info > Completed performance collection | Elapsed Time 00:06:31.0660000 
2016/01/19 09:44:47 Info > Staring platform inventory process
2016/01/19 09:44:47 Info > Started data mirroring process for Dimension Data : NA9
2016/01/19 09:44:58 Info > Completed data mirroring process for Dimension Data : NA9.0 new workloads.0 updated platform networks.4 updated workloads.0 removed workloads. = Total Execute Time: 00:00:10.1660000
2016/01/19 09:44:58 Info > Completed data mirroring process.0 new platforms, 1 updated platforms = total elapsed time: 00:00:10.3620000
2016/01/19 10:00:38 Info > Starting workload performance collection
2016/01/19 10:03:34 Error > 2607:f480:111:1520:1c67:edaa:40ac:5ad9 returned the following error while collecting performance data for counter : Processor : The network path was not found.

2016/01/19 10:03:51 Error > 2607:f480:111:1520:1c67:edaa:40ac:5ad9 returned the following error while collecting performance data for counter : Memory : The network path was not found.

2016/01/19 10:04:22 Error > 2607:f480:111:1520:1c67:edaa:40ac:5ad9 returned the following error while collecting performance data for counter : LogicalDisk : The network path was not found.

2016/01/19 10:04:36 Error > 2607:f480:111:1520:1c67:edaa:40ac:5ad9 returned the following error while collecting performance data for counter : PhysicalDisk : The network path was not found.

2016/01/19 10:04:54 Error > 2607:f480:111:1520:1c67:edaa:40ac:5ad9 returned the following error while collecting performance data for counter : Network Interface : The network path was not found.

2016/01/19 10:05:26 Error > 2607:f480:111:1520:1c67:edaa:40ac:5ad9 returned the following error while collecting performance data for counter : Double-Take Connection : The network path was not found.

2016/01/19 10:05:43 Error > 2607:f480:111:1520:1c67:edaa:40ac:5ad9 returned the following error while collecting performance data for counter : Double-Take Kernel : The network path was not found.

2016/01/19 10:06:13 Error > 2607:f480:111:1520:1c67:edaa:40ac:5ad9 returned the following error while collecting performance data for counter : Double-Take Source : The network path was not found.

2016/01/19 10:06:31 Error > 2607:f480:111:1520:1c67:edaa:40ac:5ad9 returned the following error while collecting performance data for counter : Double-Take Target : The network path was not found.

2016/01/19 10:06:32 Info > Completed performance collection | Elapsed Time 00:05:53.1600000 
2016/01/19 10:08:50 Info > Staring data upload process
2016/01/19 10:10:06 Info > Completed data upload process.0 netflows.420 performancecounters. = Total Elapsed Time: 00:01:15.4920000
2016/01/19 10:36:32 Info > Starting workload performance collection
2016/01/19 10:39:09 Error > 2607:f480:111:1520:1c67:edaa:40ac:5ad9 returned the following error while collecting performance data for counter : Processor : The network path was not found.

2016/01/19 10:39:28 Error > 2607:f480:111:1520:1c67:edaa:40ac:5ad9 returned the following error while collecting performance data for counter : Memory : The network path was not found.

2016/01/19 10:39:57 Error > 2607:f480:111:1520:1c67:edaa:40ac:5ad9 returned the following error while collecting performance data for counter : LogicalDisk : The network path was not found.

2016/01/19 10:40:18 Error > 2607:f480:111:1520:1c67:edaa:40ac:5ad9 returned the following error while collecting performance data for counter : PhysicalDisk : The network path was not found.

2016/01/19 10:40:51 Error > 2607:f480:111:1520:1c67:edaa:40ac:5ad9 returned the following error while collecting performance data for counter : Network Interface : The network path was not found.

2016/01/19 10:41:10 Error > 2607:f480:111:1520:1c67:edaa:40ac:5ad9 returned the following error while collecting performance data for counter : Double-Take Connection : The network path was not found.

2016/01/19 10:41:42 Error > 2607:f480:111:1520:1c67:edaa:40ac:5ad9 returned the following error while collecting performance data for counter : Double-Take Kernel : The network path was not found.

2016/01/19 10:42:02 Error > 2607:f480:111:1520:1c67:edaa:40ac:5ad9 returned the following error while collecting performance data for counter : Double-Take Source : The network path was not found.

2016/01/19 10:42:17 Info > Staring operating system inventory process
2016/01/19 10:42:37 Error > 2607:f480:111:1520:1c67:edaa:40ac:5ad9 returned the following error while collecting performance data for counter : Double-Take Target : The network path was not found.

2016/01/19 10:42:37 Info > Completed performance collection | Elapsed Time 00:06:05.4310000 
2016/01/19 10:42:50 Error > Error connecting to WMI : dbserver01 : 2607-f480-111-1520-1c67-edaa-40ac-5ad9.ipv6-literal.net [The RPC server is unavailable. (Exception from HRESULT: 0x800706BA)]
2016/01/19 10:43:17 Info > Completed operating system inventory. [updated workloads.0] = Total Execute Time: 00:00:59.3250000
2016/01/19 10:44:58 Info > Staring platform inventory process
2016/01/19 10:44:58 Info > Started data mirroring process for Dimension Data : NA9
2016/01/19 10:45:08 Info > Completed data mirroring process for Dimension Data : NA9.0 new workloads.0 updated platform networks.4 updated workloads.0 removed workloads. = Total Execute Time: 00:00:10.1100000
2016/01/19 10:45:08 Info > Completed data mirroring process.0 new platforms, 1 updated platforms = total elapsed time: 00:00:10.3140000
2016/01/19 11:10:06 Info > Staring data upload process
2016/01/19 11:10:44 Info > Completed data upload process.0 netflows.210 performancecounters. = Total Elapsed Time: 00:00:38.8260000
2016/01/19 11:12:37 Info > Starting workload performance collection
2016/01/19 11:15:18 Error > 2607:f480:111:1520:1c67:edaa:40ac:5ad9 returned the following error while collecting performance data for counter : Processor : The network path was not found.

2016/01/19 11:15:36 Error > 2607:f480:111:1520:1c67:edaa:40ac:5ad9 returned the following error while collecting performance data for counter : Memory : The network path was not found.

2016/01/19 11:16:06 Error > 2607:f480:111:1520:1c67:edaa:40ac:5ad9 returned the following error while collecting performance data for counter : LogicalDisk : The network path was not found.

2016/01/19 11:16:25 Error > 2607:f480:111:1520:1c67:edaa:40ac:5ad9 returned the following error while collecting performance data for counter : PhysicalDisk : The network path was not found.

2016/01/19 11:17:00 Error > 2607:f480:111:1520:1c67:edaa:40ac:5ad9 returned the following error while collecting performance data for counter : Network Interface : The network path was not found.

2016/01/19 11:17:14 Error > 2607:f480:111:1520:1c67:edaa:40ac:5ad9 returned the following error while collecting performance data for counter : Double-Take Connection : The network path was not found.

2016/01/19 11:17:47 Error > 2607:f480:111:1520:1c67:edaa:40ac:5ad9 returned the following error while collecting performance data for counter : Double-Take Kernel : The network path was not found.

2016/01/19 11:18:05 Error > 2607:f480:111:1520:1c67:edaa:40ac:5ad9 returned the following error while collecting performance data for counter : Double-Take Source : The network path was not found.

2016/01/19 11:18:38 Error > 2607:f480:111:1520:1c67:edaa:40ac:5ad9 returned the following error while collecting performance data for counter : Double-Take Target : The network path was not found.

2016/01/19 11:18:38 Info > Completed performance collection | Elapsed Time 00:06:00.9230000 
2016/01/19 11:45:08 Info > Staring platform inventory process
2016/01/19 11:45:08 Info > Started data mirroring process for Dimension Data : NA9
2016/01/19 11:45:17 Info > Completed data mirroring process for Dimension Data : NA9.0 new workloads.0 updated platform networks.4 updated workloads.0 removed workloads. = Total Execute Time: 00:00:09.2260000
2016/01/19 11:45:17 Info > Completed data mirroring process.0 new platforms, 1 updated platforms = total elapsed time: 00:00:09.4480000
2016/01/19 11:48:38 Info > Starting workload performance collection
2016/01/19 11:51:03 Error > 2607:f480:111:1520:1c67:edaa:40ac:5ad9 returned the following error while collecting performance data for counter : Processor : The network path was not found.

2016/01/19 11:51:21 Error > 2607:f480:111:1520:1c67:edaa:40ac:5ad9 returned the following error while collecting performance data for counter : Memory : The network path was not found.

2016/01/19 11:52:00 Error > 2607:f480:111:1520:1c67:edaa:40ac:5ad9 returned the following error while collecting performance data for counter : LogicalDisk : The network path was not found.

2016/01/19 11:52:21 Error > 2607:f480:111:1520:1c67:edaa:40ac:5ad9 returned the following error while collecting performance data for counter : PhysicalDisk : The network path was not found.

2016/01/19 11:52:51 Error > 2607:f480:111:1520:1c67:edaa:40ac:5ad9 returned the following error while collecting performance data for counter : Network Interface : The network path was not found.

2016/01/19 11:53:09 Error > 2607:f480:111:1520:1c67:edaa:40ac:5ad9 returned the following error while collecting performance data for counter : Double-Take Connection : The network path was not found.

2016/01/19 11:53:43 Error > 2607:f480:111:1520:1c67:edaa:40ac:5ad9 returned the following error while collecting performance data for counter : Double-Take Kernel : The network path was not found.

2016/01/19 11:54:02 Error > 2607:f480:111:1520:1c67:edaa:40ac:5ad9 returned the following error while collecting performance data for counter : Double-Take Source : The network path was not found.

2016/01/19 11:54:38 Error > 2607:f480:111:1520:1c67:edaa:40ac:5ad9 returned the following error while collecting performance data for counter : Double-Take Target : The network path was not found.

2016/01/19 11:54:41 Info > Completed performance collection | Elapsed Time 00:06:03.0480000 
