2016/01/21 12:15:05 Info > Starting workload performance collection
2016/01/21 12:17:25 Info > Completed performance collection | Elapsed Time 00:02:19.8950000 
2016/01/21 12:30:08 Info > Staring platform inventory process
2016/01/21 12:30:08 Info > Started data mirroring process for Dimension Data : NA9
2016/01/21 12:30:17 Info > Completed data mirroring process for Dimension Data : NA9.0 new workloads.0 updated platform networks.4 updated workloads.0 removed workloads. = Total Execute Time: 00:00:08.9630000
2016/01/21 12:30:17 Info > Completed data mirroring process.0 new platforms, 1 updated platforms = total elapsed time: 00:00:09.2330000
2016/01/21 12:33:48 Info > Staring data upload process
2016/01/21 12:36:15 Info > Completed data upload process.0 netflows.624 performancecounters. = Total Elapsed Time: 00:02:27.1490000
2016/01/21 12:47:25 Info > Starting workload performance collection
2016/01/21 12:49:48 Info > Completed performance collection | Elapsed Time 00:02:23.0800000 
2016/01/21 01:18:46 Info > Starting workload performance collection
2016/01/21 01:21:10 Info > Completed performance collection | Elapsed Time 00:02:23.7000000 
2016/01/21 01:29:16 Info > Staring platform inventory process
2016/01/21 01:29:16 Info > Started data mirroring process for Dimension Data : NA9
2016/01/21 01:29:25 Info > Completed data mirroring process for Dimension Data : NA9.0 new workloads.0 updated platform networks.4 updated workloads.0 removed workloads. = Total Execute Time: 00:00:08.5840000
2016/01/21 01:29:25 Info > Completed data mirroring process.0 new platforms, 1 updated platforms = total elapsed time: 00:00:08.8550000
2016/01/21 01:35:14 Info > Staring data upload process
2016/01/21 01:37:06 Info > Completed data upload process.0 netflows.624 performancecounters. = Total Elapsed Time: 00:01:51.5590000
2016/01/21 01:51:10 Info > Starting workload performance collection
2016/01/21 01:53:39 Info > Completed performance collection | Elapsed Time 00:02:28.4490000 
2016/01/21 02:23:39 Info > Starting workload performance collection
2016/01/21 02:26:20 Info > Completed performance collection | Elapsed Time 00:02:40.9980000 
2016/01/21 02:29:25 Info > Staring platform inventory process
2016/01/21 02:29:25 Info > Started data mirroring process for Dimension Data : NA9
2016/01/21 02:29:35 Info > Completed data mirroring process for Dimension Data : NA9.0 new workloads.0 updated platform networks.4 updated workloads.0 removed workloads. = Total Execute Time: 00:00:09.6410000
2016/01/21 02:29:35 Info > Completed data mirroring process.0 new platforms, 1 updated platforms = total elapsed time: 00:00:09.8650000
2016/01/21 02:37:06 Info > Staring data upload process
2016/01/21 02:38:57 Info > Completed data upload process.0 netflows.624 performancecounters. = Total Elapsed Time: 00:01:51.2930000
2016/01/21 02:56:20 Info > Starting workload performance collection
2016/01/21 02:58:46 Info > Completed performance collection | Elapsed Time 00:02:26.8690000 
2016/01/21 03:28:46 Info > Starting workload performance collection
2016/01/21 03:29:35 Info > Staring platform inventory process
2016/01/21 03:29:35 Info > Started data mirroring process for Dimension Data : NA9
2016/01/21 03:29:45 Info > Completed data mirroring process for Dimension Data : NA9.0 new workloads.0 updated platform networks.4 updated workloads.0 removed workloads. = Total Execute Time: 00:00:09.7650000
2016/01/21 03:29:45 Info > Completed data mirroring process.0 new platforms, 1 updated platforms = total elapsed time: 00:00:09.9460000
2016/01/21 03:31:14 Info > Completed performance collection | Elapsed Time 00:02:27.0500000 
2016/01/21 03:38:57 Info > Staring data upload process
2016/01/21 03:41:18 Info > Completed data upload process.0 netflows.624 performancecounters. = Total Elapsed Time: 00:02:21.0750000
2016/01/21 04:01:14 Info > Starting workload performance collection
2016/01/21 04:03:40 Info > Completed performance collection | Elapsed Time 00:02:26.8360000 
2016/01/21 04:29:45 Info > Staring platform inventory process
2016/01/21 04:29:45 Info > Started data mirroring process for Dimension Data : NA9
2016/01/21 04:29:58 Info > Completed data mirroring process for Dimension Data : NA9.0 new workloads.0 updated platform networks.4 updated workloads.0 removed workloads. = Total Execute Time: 00:00:13.0100000
2016/01/21 04:29:58 Info > Completed data mirroring process.0 new platforms, 1 updated platforms = total elapsed time: 00:00:13.2250000
2016/01/21 04:33:40 Info > Starting workload performance collection
2016/01/21 04:36:12 Info > Completed performance collection | Elapsed Time 00:02:31.2250000 
2016/01/21 04:41:18 Info > Staring data upload process
2016/01/21 04:43:19 Info > Completed data upload process.0 netflows.624 performancecounters. = Total Elapsed Time: 00:02:00.3970000
2016/01/21 05:06:12 Info > Starting workload performance collection
2016/01/21 05:08:41 Info > Completed performance collection | Elapsed Time 00:02:29.3660000 
2016/01/21 05:29:58 Info > Staring platform inventory process
2016/01/21 05:29:59 Info > Started data mirroring process for Dimension Data : NA9
2016/01/21 05:30:07 Info > Completed data mirroring process for Dimension Data : NA9.0 new workloads.0 updated platform networks.4 updated workloads.0 removed workloads. = Total Execute Time: 00:00:08.4500000
2016/01/21 05:30:07 Info > Completed data mirroring process.0 new platforms, 1 updated platforms = total elapsed time: 00:00:08.9220000
2016/01/21 05:38:41 Info > Starting workload performance collection
2016/01/21 05:41:12 Info > Completed performance collection | Elapsed Time 00:02:30.5460000 
2016/01/21 05:43:19 Info > Staring data upload process
2016/01/21 05:45:11 Info > Completed data upload process.0 netflows.624 performancecounters. = Total Elapsed Time: 00:01:52.1320000
2016/01/21 06:11:12 Info > Starting workload performance collection
2016/01/21 06:13:40 Info > Completed performance collection | Elapsed Time 00:02:28.7390000 
2016/01/21 06:30:07 Info > Staring platform inventory process
2016/01/21 06:30:07 Info > Started data mirroring process for Dimension Data : NA9
2016/01/21 06:30:19 Info > Completed data mirroring process for Dimension Data : NA9.0 new workloads.0 updated platform networks.4 updated workloads.0 removed workloads. = Total Execute Time: 00:00:11.8480000
2016/01/21 06:30:19 Info > Completed data mirroring process.0 new platforms, 1 updated platforms = total elapsed time: 00:00:12.1190000
2016/01/21 06:43:40 Info > Starting workload performance collection
2016/01/21 06:45:11 Info > Staring data upload process
2016/01/21 06:46:23 Info > Completed performance collection | Elapsed Time 00:02:43.1530000 
2016/01/21 06:46:46 Info > Completed data upload process.0 netflows.495 performancecounters. = Total Elapsed Time: 00:01:35.4060000
2016/01/21 07:16:23 Info > Starting workload performance collection
2016/01/21 07:18:54 Info > Completed performance collection | Elapsed Time 00:02:30.4410000 
2016/01/21 07:30:19 Info > Staring platform inventory process
2016/01/21 07:30:19 Info > Started data mirroring process for Dimension Data : NA9
2016/01/21 07:30:28 Info > Completed data mirroring process for Dimension Data : NA9.0 new workloads.0 updated platform networks.4 updated workloads.0 removed workloads. = Total Execute Time: 00:00:08.9980000
2016/01/21 07:30:28 Info > Completed data mirroring process.0 new platforms, 1 updated platforms = total elapsed time: 00:00:09.2080000
2016/01/21 07:46:46 Info > Staring data upload process
2016/01/21 07:48:12 Info > Completed data upload process.0 netflows.441 performancecounters. = Total Elapsed Time: 00:01:25.3460000
2016/01/21 07:48:54 Info > Starting workload performance collection
2016/01/21 07:51:29 Info > Completed performance collection | Elapsed Time 00:02:35.1610000 
2016/01/21 08:21:29 Info > Starting workload performance collection
2016/01/21 08:24:02 Info > Completed performance collection | Elapsed Time 00:02:33.1240000 
2016/01/21 08:30:28 Info > Staring platform inventory process
2016/01/21 08:30:29 Info > Started data mirroring process for Dimension Data : NA9
2016/01/21 08:30:37 Info > Completed data mirroring process for Dimension Data : NA9.0 new workloads.0 updated platform networks.4 updated workloads.0 removed workloads. = Total Execute Time: 00:00:08.5400000
2016/01/21 08:30:37 Info > Completed data mirroring process.0 new platforms, 1 updated platforms = total elapsed time: 00:00:09.1790000
2016/01/21 08:48:12 Info > Staring data upload process
2016/01/21 08:50:05 Info > Completed data upload process.0 netflows.624 performancecounters. = Total Elapsed Time: 00:01:53.0480000
2016/01/21 08:54:02 Info > Starting workload performance collection
2016/01/21 08:56:36 Info > Completed performance collection | Elapsed Time 00:02:34.1190000 
2016/01/21 09:26:36 Info > Starting workload performance collection
2016/01/21 09:29:11 Info > Completed performance collection | Elapsed Time 00:02:34.8990000 
2016/01/21 09:30:37 Info > Staring platform inventory process
2016/01/21 09:30:38 Info > Started data mirroring process for Dimension Data : NA9
2016/01/21 09:30:46 Info > Completed data mirroring process for Dimension Data : NA9.0 new workloads.0 updated platform networks.4 updated workloads.0 removed workloads. = Total Execute Time: 00:00:08.7680000
2016/01/21 09:30:46 Info > Completed data mirroring process.0 new platforms, 1 updated platforms = total elapsed time: 00:00:08.9930000
2016/01/21 09:50:05 Info > Staring data upload process
2016/01/21 09:51:59 Info > Completed data upload process.0 netflows.624 performancecounters. = Total Elapsed Time: 00:01:53.7720000
2016/01/21 09:59:11 Info > Starting workload performance collection
2016/01/21 10:01:49 Info > Completed performance collection | Elapsed Time 00:02:37.9330000 
2016/01/21 10:30:46 Info > Staring platform inventory process
2016/01/21 10:30:47 Info > Started data mirroring process for Dimension Data : NA9
2016/01/21 10:30:55 Info > Completed data mirroring process for Dimension Data : NA9.0 new workloads.0 updated platform networks.4 updated workloads.0 removed workloads. = Total Execute Time: 00:00:08.5970000
2016/01/21 10:30:55 Info > Completed data mirroring process.0 new platforms, 1 updated platforms = total elapsed time: 00:00:08.8140000
2016/01/21 10:31:49 Info > Starting workload performance collection
2016/01/21 10:34:26 Info > Completed performance collection | Elapsed Time 00:02:36.9950000 
2016/01/21 10:51:59 Info > Staring data upload process
2016/01/21 10:54:38 Info > Completed data upload process.0 netflows.624 performancecounters. = Total Elapsed Time: 00:02:39
2016/01/21 11:04:26 Info > Starting workload performance collection
2016/01/21 11:07:05 Info > Completed performance collection | Elapsed Time 00:02:39.0200000 
2016/01/21 11:30:55 Info > Staring platform inventory process
2016/01/21 11:30:56 Info > Started data mirroring process for Dimension Data : NA9
2016/01/21 11:31:05 Info > Completed data mirroring process for Dimension Data : NA9.0 new workloads.0 updated platform networks.4 updated workloads.0 removed workloads. = Total Execute Time: 00:00:09.4970000
2016/01/21 11:31:05 Info > Completed data mirroring process.0 new platforms, 1 updated platforms = total elapsed time: 00:00:09.7570000
2016/01/21 11:37:05 Info > Starting workload performance collection
2016/01/21 11:39:42 Info > Completed performance collection | Elapsed Time 00:02:36.4480000 
2016/01/21 11:54:38 Info > Staring data upload process
2016/01/21 11:56:34 Info > Completed data upload process.0 netflows.624 performancecounters. = Total Elapsed Time: 00:01:56.3400000
2016/01/21 12:09:42 Info > Starting workload performance collection
2016/01/21 12:12:19 Info > Completed performance collection | Elapsed Time 00:02:37.0320000 
2016/01/21 12:31:05 Info > Staring platform inventory process
2016/01/21 12:31:05 Info > Started data mirroring process for Dimension Data : NA9
2016/01/21 12:31:14 Info > Completed data mirroring process for Dimension Data : NA9.0 new workloads.0 updated platform networks.4 updated workloads.0 removed workloads. = Total Execute Time: 00:00:08.6520000
2016/01/21 12:31:14 Info > Completed data mirroring process.0 new platforms, 1 updated platforms = total elapsed time: 00:00:08.8820000
2016/01/21 12:42:19 Info > Starting workload performance collection
2016/01/21 12:44:54 Info > Completed performance collection | Elapsed Time 00:02:35.4270000 
2016/01/21 12:56:34 Info > Staring data upload process
2016/01/21 12:58:27 Info > Completed data upload process.0 netflows.624 performancecounters. = Total Elapsed Time: 00:01:52.6760000
2016/01/21 01:14:54 Info > Starting workload performance collection
2016/01/21 01:17:37 Info > Completed performance collection | Elapsed Time 00:02:42.4570000 
2016/01/21 01:31:14 Info > Staring platform inventory process
2016/01/21 01:31:14 Info > Started data mirroring process for Dimension Data : NA9
2016/01/21 01:31:23 Info > Completed data mirroring process for Dimension Data : NA9.0 new workloads.0 updated platform networks.4 updated workloads.0 removed workloads. = Total Execute Time: 00:00:08.6310000
2016/01/21 01:31:23 Info > Completed data mirroring process.0 new platforms, 1 updated platforms = total elapsed time: 00:00:09.0410000
2016/01/21 01:47:37 Info > Starting workload performance collection
2016/01/21 01:50:15 Info > Completed performance collection | Elapsed Time 00:02:37.9950000 
2016/01/21 01:58:27 Info > Staring data upload process
2016/01/21 02:00:34 Info > Completed data upload process.0 netflows.624 performancecounters. = Total Elapsed Time: 00:02:07.4390000
2016/01/21 02:20:15 Info > Starting workload performance collection
2016/01/21 02:22:56 Info > Completed performance collection | Elapsed Time 00:02:40.9610000 
2016/01/21 02:31:23 Info > Staring platform inventory process
2016/01/21 02:31:23 Info > Started data mirroring process for Dimension Data : NA9
2016/01/21 02:31:32 Info > Completed data mirroring process for Dimension Data : NA9.0 new workloads.0 updated platform networks.4 updated workloads.0 removed workloads. = Total Execute Time: 00:00:08.8440000
2016/01/21 02:31:32 Info > Completed data mirroring process.0 new platforms, 1 updated platforms = total elapsed time: 00:00:09.1160000
2016/01/21 02:52:56 Info > Starting workload performance collection
2016/01/21 02:55:35 Info > Completed performance collection | Elapsed Time 00:02:39.4040000 
2016/01/21 03:00:34 Info > Staring data upload process
2016/01/21 03:02:53 Info > Completed data upload process.0 netflows.624 performancecounters. = Total Elapsed Time: 00:02:18.6090000
2016/01/21 03:25:35 Info > Starting workload performance collection
2016/01/21 03:28:18 Info > Completed performance collection | Elapsed Time 00:02:42.6360000 
2016/01/21 03:31:32 Info > Staring platform inventory process
2016/01/21 03:31:32 Info > Started data mirroring process for Dimension Data : NA9
2016/01/21 03:31:41 Info > Completed data mirroring process for Dimension Data : NA9.0 new workloads.0 updated platform networks.4 updated workloads.0 removed workloads. = Total Execute Time: 00:00:08.6840000
2016/01/21 03:31:41 Info > Completed data mirroring process.0 new platforms, 1 updated platforms = total elapsed time: 00:00:08.8820000
2016/01/21 03:58:18 Info > Starting workload performance collection
2016/01/21 04:01:26 Info > Completed performance collection | Elapsed Time 00:03:08.2740000 
2016/01/21 04:02:53 Info > Staring data upload process
2016/01/21 04:04:48 Info > Completed data upload process.0 netflows.624 performancecounters. = Total Elapsed Time: 00:01:54.8940000
2016/01/21 04:31:26 Info > Starting workload performance collection
2016/01/21 04:31:41 Info > Staring platform inventory process
2016/01/21 04:31:41 Info > Started data mirroring process for Dimension Data : NA9
2016/01/21 04:31:54 Info > Completed data mirroring process for Dimension Data : NA9.0 new workloads.0 updated platform networks.4 updated workloads.0 removed workloads. = Total Execute Time: 00:00:12.7350000
2016/01/21 04:31:54 Info > Completed data mirroring process.0 new platforms, 1 updated platforms = total elapsed time: 00:00:12.9450000
2016/01/21 04:34:59 Info > Completed performance collection | Elapsed Time 00:03:33.1490000 
2016/01/21 05:04:48 Info > Staring data upload process
2016/01/21 05:04:59 Info > Starting workload performance collection
2016/01/21 05:05:48 Info > Completed data upload process.0 netflows.312 performancecounters. = Total Elapsed Time: 00:00:59.9760000
2016/01/21 05:08:26 Info > Completed performance collection | Elapsed Time 00:03:27.4950000 
2016/01/21 05:31:54 Info > Staring platform inventory process
2016/01/21 05:31:54 Info > Started data mirroring process for Dimension Data : NA9
2016/01/21 05:32:04 Info > Completed data mirroring process for Dimension Data : NA9.0 new workloads.0 updated platform networks.4 updated workloads.0 removed workloads. = Total Execute Time: 00:00:09.8770000
2016/01/21 05:32:04 Info > Completed data mirroring process.0 new platforms, 1 updated platforms = total elapsed time: 00:00:10.0880000
2016/01/21 05:38:26 Info > Starting workload performance collection
2016/01/21 05:41:47 Info > Completed performance collection | Elapsed Time 00:03:20.3360000 
2016/01/21 06:05:48 Info > Staring data upload process
2016/01/21 06:07:47 Info > Completed data upload process.0 netflows.624 performancecounters. = Total Elapsed Time: 00:01:59.7200000
2016/01/21 06:11:47 Info > Starting workload performance collection
2016/01/21 06:14:50 Info > Completed performance collection | Elapsed Time 00:03:03.6070000 
2016/01/21 06:32:04 Info > Staring platform inventory process
2016/01/21 06:32:04 Info > Started data mirroring process for Dimension Data : NA9
2016/01/21 06:32:13 Info > Completed data mirroring process for Dimension Data : NA9.0 new workloads.0 updated platform networks.4 updated workloads.0 removed workloads. = Total Execute Time: 00:00:09.2400000
2016/01/21 06:32:13 Info > Completed data mirroring process.0 new platforms, 1 updated platforms = total elapsed time: 00:00:09.4240000
2016/01/21 06:44:50 Info > Starting workload performance collection
2016/01/21 06:48:07 Info > Completed performance collection | Elapsed Time 00:03:16.5830000 
2016/01/21 07:07:47 Info > Staring data upload process
2016/01/21 07:09:42 Info > Completed data upload process.0 netflows.624 performancecounters. = Total Elapsed Time: 00:01:54.5130000
2016/01/21 07:18:07 Info > Starting workload performance collection
2016/01/21 07:21:39 Info > Completed performance collection | Elapsed Time 00:03:32.1670000 
2016/01/21 07:32:13 Info > Staring platform inventory process
2016/01/21 07:32:14 Info > Started data mirroring process for Dimension Data : NA9
2016/01/21 07:32:24 Info > Completed data mirroring process for Dimension Data : NA9.0 new workloads.0 updated platform networks.4 updated workloads.0 removed workloads. = Total Execute Time: 00:00:09.8280000
2016/01/21 07:32:24 Info > Completed data mirroring process.0 new platforms, 1 updated platforms = total elapsed time: 00:00:10.0820000
2016/01/21 07:51:39 Info > Starting workload performance collection
2016/01/21 07:55:45 Info > Completed performance collection | Elapsed Time 00:04:05.7260000 
2016/01/21 08:08:41 Info > Staring data upload process
2016/01/21 08:10:49 Info > Completed data upload process.0 netflows.624 performancecounters. = Total Elapsed Time: 00:02:08.4940000
2016/01/21 08:24:44 Info > Starting workload performance collection
2016/01/21 08:28:10 Info > Completed performance collection | Elapsed Time 00:03:26.2640000 
2016/01/21 08:31:23 Info > Staring platform inventory process
2016/01/21 08:31:23 Info > Started data mirroring process for Dimension Data : NA9
2016/01/21 08:31:33 Info > Completed data mirroring process for Dimension Data : NA9.0 new workloads.0 updated platform networks.4 updated workloads.0 removed workloads. = Total Execute Time: 00:00:09.8330000
2016/01/21 08:31:33 Info > Completed data mirroring process.0 new platforms, 1 updated platforms = total elapsed time: 00:00:10.0400000
2016/01/21 08:58:10 Info > Starting workload performance collection
2016/01/21 09:01:58 Info > Completed performance collection | Elapsed Time 00:03:48.2470000 
2016/01/21 09:10:49 Info > Staring data upload process
2016/01/21 09:12:56 Info > Completed data upload process.0 netflows.624 performancecounters. = Total Elapsed Time: 00:02:06.1450000
2016/01/21 09:28:54 Info > Staring operating system inventory process
2016/01/21 09:29:47 Info > Completed operating system inventory. [updated workloads.0] = Total Execute Time: 00:00:52.9520000
2016/01/21 09:31:33 Info > Staring platform inventory process
2016/01/21 09:31:33 Info > Started data mirroring process for Dimension Data : NA9
2016/01/21 09:31:42 Info > Completed data mirroring process for Dimension Data : NA9.0 new workloads.0 updated platform networks.4 updated workloads.0 removed workloads. = Total Execute Time: 00:00:08.8690000
2016/01/21 09:31:42 Info > Completed data mirroring process.0 new platforms, 1 updated platforms = total elapsed time: 00:00:09.0660000
2016/01/21 09:31:58 Info > Starting workload performance collection
2016/01/21 09:35:28 Info > Completed performance collection | Elapsed Time 00:03:30.0480000 
2016/01/21 10:05:28 Info > Starting workload performance collection
2016/01/21 10:09:05 Info > Completed performance collection | Elapsed Time 00:03:37.0560000 
2016/01/21 10:12:56 Info > Staring data upload process
2016/01/21 10:14:58 Info > Completed data upload process.0 netflows.624 performancecounters. = Total Elapsed Time: 00:02:02.0500000
2016/01/21 10:31:42 Info > Staring platform inventory process
2016/01/21 10:31:42 Info > Started data mirroring process for Dimension Data : NA9
2016/01/21 10:31:50 Info > Completed data mirroring process for Dimension Data : NA9.0 new workloads.0 updated platform networks.4 updated workloads.0 removed workloads. = Total Execute Time: 00:00:08.6640000
2016/01/21 10:31:50 Info > Completed data mirroring process.0 new platforms, 1 updated platforms = total elapsed time: 00:00:08.8360000
2016/01/21 10:39:05 Info > Starting workload performance collection
2016/01/21 10:42:09 Info > Completed performance collection | Elapsed Time 00:03:03.7260000 
2016/01/21 11:12:09 Info > Starting workload performance collection
2016/01/21 11:14:58 Info > Staring data upload process
2016/01/21 11:15:48 Info > Completed performance collection | Elapsed Time 00:03:38.8760000 
2016/01/21 11:16:47 Info > Completed data upload process.0 netflows.546 performancecounters. = Total Elapsed Time: 00:01:49.2500000
2016/01/21 11:31:50 Info > Staring platform inventory process
2016/01/21 11:31:51 Info > Started data mirroring process for Dimension Data : NA9
2016/01/21 11:31:59 Info > Completed data mirroring process for Dimension Data : NA9.0 new workloads.0 updated platform networks.4 updated workloads.0 removed workloads. = Total Execute Time: 00:00:08.5710000
2016/01/21 11:31:59 Info > Completed data mirroring process.0 new platforms, 1 updated platforms = total elapsed time: 00:00:08.8390000
2016/01/21 11:45:48 Info > Starting workload performance collection
2016/01/21 11:48:43 Info > Completed performance collection | Elapsed Time 00:02:55.2470000 
