01/09 05:53Error> Error connecting to: 2607-f480-111-1520-1c67-edaa-40ac-5ad9.ipv6-literal.net[System.Runtime.InteropServices.COMException (0x800706BA): The RPC server is unavailable. (Exception from HRESULT: 0x800706BA)
   at System.Runtime.InteropServices.Marshal.ThrowExceptionForHRInternal(Int32 errorCode, IntPtr errorInfo)
   at System.Management.ManagementScope.InitializeGuts(Object o)
   at System.Management.ManagementScope.Initialize()
   at CloudMoveyWorkerService.Portal.Classes.OSInventoryWorker.ConnectionScope(String machineName, ConnectionOptions options) in C:\Users\Phillip Spies\Documents\GitHubVisualStudio\CloudMoveyWorkerService\CloudMoveyWorkerService\CloudMoveyWorkerService\Classes\Background Classes\OSInventoryWorker.cs:line 279
   at CloudMoveyWorkerService.Portal.Classes.OSInventoryWorker.Start() in C:\Users\Phillip Spies\Documents\GitHubVisualStudio\CloudMoveyWorkerService\CloudMoveyWorkerService\CloudMoveyWorkerService\Classes\Background Classes\OSInventoryWorker.cs:line 51]
01/09 05:54Info> Completed operating system inventory. [updated workloads.0] = Total Execute Time: 00:01:00.9110000
01/09 06:07Debug> Starting WCF Service

Platforms: 1
Workloads: 5
Credentials: 2
Performance Counters: 270
Network Flows: 0

01/09 06:07Debug> organization id: 7b6865d87b824b4a97d563ae5e5d35e7
01/09 06:07Debug> Starting Scheduler Thread
01/09 06:07Debug> Starting Mirror Thread
01/09 06:07Debug> Starting Performance Collection Thread
01/09 06:07Info> Staring platform inventory process
01/09 06:07Debug> Starting Netflow v5 Collection Thread
01/09 06:07Debug> Starting Data Upload Thread
01/09 06:08Debug> Starting OS Inventory Thread
01/09 06:08Info> Staring data upload process
01/09 06:08Info> Started data mirroring process for Dimension Data : NA9
01/09 06:08Error> Error connecting to: 2607-f480-111-1520-1c67-edaa-40ac-5ad9.ipv6-literal.net[System.Runtime.InteropServices.COMException (0x800706BA): The RPC server is unavailable. (Exception from HRESULT: 0x800706BA)
   at System.Runtime.InteropServices.Marshal.ThrowExceptionForHRInternal(Int32 errorCode, IntPtr errorInfo)
   at System.Management.ManagementScope.InitializeGuts(Object o)
   at System.Management.ManagementScope.Initialize()
   at CloudMoveyWorkerService.Portal.Classes.OSInventoryWorker.ConnectionScope(String machineName, ConnectionOptions options) in C:\Users\Phillip Spies\Documents\GitHubVisualStudio\CloudMoveyWorkerService\CloudMoveyWorkerService\CloudMoveyWorkerService\Classes\Background Classes\OSInventoryWorker.cs:line 279
   at CloudMoveyWorkerService.Portal.Classes.OSInventoryWorker.Start() in C:\Users\Phillip Spies\Documents\GitHubVisualStudio\CloudMoveyWorkerService\CloudMoveyWorkerService\CloudMoveyWorkerService\Classes\Background Classes\OSInventoryWorker.cs:line 51]
01/09 06:08Info> Completed data mirroring process for Dimension Data : NA9.
0 new workloads.
0 updated platform networks.
4 updated workloads.
0 removed workloads.

Total Execute Time: 00:00:28.6080000
01/09 06:08Info> Completed data mirroring process.
0 new platforms.
1 updated platforms.

00:00:29.4400000 total elapsed time
01/09 06:08Info> Completed operating system inventory. [updated workloads.0] = Total Execute Time: 00:00:59.3150000
