2016/04/20 12:11:13 Error > Failed to start the MRP Controller Service The type initializer for 'MRMPService.Global' threw an exception.
2016/04/20 12:11:29 Info > Debug Enabled!
2016/04/20 12:11:29 Info > MRP Manager ID:9539656e4ba04a0394217fb0a240a331
2016/04/20 12:11:32 Debug > Platforms: 1, Workloads: 8, Credentials: 1, Performance Counters: 0, Network Flows: 0, Netstat Flows: 0
2016/04/20 12:11:32 Debug > Starting WCF Service
2016/04/20 12:11:34 Debug > organization id: 7b6865d87b824b4a97d563ae5e5d35e7
2016/04/20 12:11:34 Debug > Starting Scheduler Thread
2016/04/20 12:11:34 Debug > Starting Mirror Thread
2016/04/20 12:11:34 Debug > Starting Performance Collection Thread
2016/04/20 12:11:34 Debug > Starting Netflow v5 Collection Thread
2016/04/20 12:11:34 Info > Staring platform inventory process
2016/04/20 12:11:34 Debug > Starting Data Upload Thread
2016/04/20 12:11:34 Info > Staring performance collection process with 10 threads
2016/04/20 12:11:34 Debug > Starting OS Inventory Thread
2016/04/20 12:11:34 Info > Staring data upload process
2016/04/20 12:11:34 Debug > Starting OS Netstat Thread
2016/04/20 12:11:34 Info > Staring operating system inventory process with 10 threads
2016/04/20 12:11:34 Info > Netstat: Staring netstat collection process with 10 threads
2016/04/20 12:11:34 Info > Performance: Start performance collection for server02 using 2607:f480:111:1359:7f7e:61a5:36c2:345b
2016/04/20 12:11:34 Info > Performance: Start performance collection for server04 using 2607:f480:111:1359:dda:e8fe:c7f2:9e7e
2016/04/20 12:11:34 Info > Performance: Start performance collection for server03 using 2607:f480:111:1359:14a4:ac63:1ae:a393
2016/04/20 12:11:34 Info > Performance: Start performance collection for server01 using 2607:f480:111:1359:492b:1740:ea0a:5f9c
2016/04/20 12:11:34 Info > Started inventory process for Standalone Platform
2016/04/20 12:11:34 Info > Inventory: Started inventory collection for server02 : 2607-f480-111-1359-7f7e-61a5-36c2-345b.ipv6-literal.net
2016/04/20 12:11:34 Info > Completed data upload process.0 netflows.0 performancecounters. 0 netstats. = Total Elapsed Time: 00:00:00.5710000
2016/04/20 12:11:34 Info > Netstat: Started netstat collection for server01 : 2607-f480-111-1359-492b-1740-ea0a-5f9c.ipv6-literal.net
2016/04/20 12:11:35 Info > Inventory: Started inventory collection for server01 : 2607-f480-111-1359-492b-1740-ea0a-5f9c.ipv6-literal.net
2016/04/20 12:11:36 Info > Netstat: Started netstat collection for server02 : 2607-f480-111-1359-7f7e-61a5-36c2-345b.ipv6-literal.net
2016/04/20 12:11:41 Error > Failed to start the MRP Controller Service The type initializer for 'MRMPService.Global' threw an exception.
2016/04/20 12:12:08 Error > Failed to start the MRP Controller Service The type initializer for 'MRMPService.Global' threw an exception.
2016/04/20 12:14:10 Info > Debug Enabled!
2016/04/20 12:14:10 Info > MRP Manager ID:9539656e4ba04a0394217fb0a240a331
2016/04/20 12:14:12 Debug > Platforms: 1, Workloads: 8, Credentials: 1, Performance Counters: 0, Network Flows: 0, Netstat Flows: 0
2016/04/20 12:14:12 Debug > Starting WCF Service
2016/04/20 12:14:12 Debug > organization id: 7b6865d87b824b4a97d563ae5e5d35e7
2016/04/20 12:14:12 Debug > Starting Scheduler Thread
2016/04/20 12:14:12 Debug > Starting Mirror Thread
2016/04/20 12:14:12 Info > Staring platform inventory process
2016/04/20 12:14:12 Debug > Starting Performance Collection Thread
2016/04/20 12:14:12 Debug > Starting Netflow v5 Collection Thread
2016/04/20 12:14:12 Debug > Starting Data Upload Thread
2016/04/20 12:14:12 Info > Staring performance collection process with 10 threads
2016/04/20 12:14:12 Debug > Starting OS Inventory Thread
2016/04/20 12:14:12 Info > Staring data upload process
2016/04/20 12:14:12 Info > Staring operating system inventory process with 10 threads
2016/04/20 12:14:12 Debug > Starting OS Netstat Thread
2016/04/20 12:14:12 Info > Netstat: Staring netstat collection process with 10 threads
2016/04/20 12:14:12 Info > Performance: Start performance collection for server01 using 2607:f480:111:1359:492b:1740:ea0a:5f9c
2016/04/20 12:14:12 Info > Performance: Start performance collection for server02 using 2607:f480:111:1359:7f7e:61a5:36c2:345b
2016/04/20 12:14:12 Info > Netstat: Started netstat collection for server01 : 2607-f480-111-1359-492b-1740-ea0a-5f9c.ipv6-literal.net
2016/04/20 12:14:12 Info > Completed data upload process.0 netflows.0 performancecounters. 0 netstats. = Total Elapsed Time: 00:00:00.2090000
2016/04/20 12:14:12 Info > Inventory: Started inventory collection for server01 : 2607-f480-111-1359-492b-1740-ea0a-5f9c.ipv6-literal.net
2016/04/20 12:14:12 Info > Inventory: Started inventory collection for server03 : 2607-f480-111-1359-14a4-ac63-1ae-a393.ipv6-literal.net
2016/04/20 12:14:12 Info > Inventory: Started inventory collection for server04 : 2607-f480-111-1359-dda-e8fe-c7f2-9e7e.ipv6-literal.net
2016/04/20 12:14:12 Info > Started inventory process for Standalone Platform
2016/04/20 12:14:12 Info > Inventory: Started inventory collection for server02 : 2607-f480-111-1359-7f7e-61a5-36c2-345b.ipv6-literal.net
2016/04/20 12:14:13 Info > Netstat: Started netstat collection for server02 : 2607-f480-111-1359-7f7e-61a5-36c2-345b.ipv6-literal.net
2016/04/20 12:14:13 Info > Performance: Start performance collection for server03 using 2607:f480:111:1359:14a4:ac63:1ae:a393
