2016/06/01 06:17:14 Debug > Starting Manager Service
2016/06/01 06:17:16 Info > Verifying database
2016/06/01 06:17:16 Info > Compacting database
2016/06/01 06:17:17 Debug > Starting WCF Service
2016/06/01 06:17:17 Info > Debug Enabled!
2016/06/01 06:17:17 Info > MRP Manager ID:9539656e4ba04a0394217fb0a240a331
2016/06/01 06:17:18 Debug > organization id: 7b6865d87b824b4a97d563ae5e5d35e7
2016/06/01 06:17:18 Debug > Starting Scheduler Thread
2016/06/01 06:17:18 Debug > Starting Mirror Thread
2016/06/01 06:17:18 Debug > Starting Performance Collection Thread
2016/06/01 06:17:18 Info > Staring platform inventory process with 10 threads
2016/06/01 06:17:18 Debug > Starting Netflow v5 Collection Thread
2016/06/01 06:17:18 Debug > Starting Data Upload Thread
2016/06/01 06:17:18 Info > Staring performance collection process with 10 threads
2016/06/01 06:17:18 Debug > Starting OS Inventory Thread
2016/06/01 06:17:18 Debug > Starting OS Netstat Thread
2016/06/01 06:17:18 Info > Staring data upload process
2016/06/01 06:17:18 Debug > Starting DT Polling Thread
2016/06/01 06:17:18 Info > Staring operating system inventory process with 10 threads
2016/06/01 06:17:18 Debug > Starting Performance Upload Thread
2016/06/01 06:17:18 Info > Netstat: Staring netstat collection process with 10 threads
2016/06/01 06:17:18 Info > Staring Double-Take collection process with 10 threads
2016/06/01 06:17:18 Debug > Starting Netstat Upload Thread
2016/06/01 06:17:18 Debug > Starting Netflow Upload Thread
2016/06/01 06:17:18 Info > Started inventory process for dimension_data : NA9
2016/06/01 06:17:18 Info > Started inventory process for vmware : datacenter-2
2016/06/01 06:17:18 Info > Completed Double-Take collection for 0 jobs in 00:00:00.2570000 [next run at 6/1/2016 6:27:18 PM]
2016/06/01 06:17:20 Debug > Took 00:00:00.0010000 to delete 0 netflow records
2016/06/01 06:17:20 Debug > Completed Netflow Upload Thread in 00:00:01.2930000
2016/06/01 06:17:20 Debug > Deleting uploaded Netstat records: 0
2016/06/01 06:17:20 Debug > Took 00:00:00 to delete 0 performance records
2016/06/01 06:17:20 Debug > Completed Nestat Upload Thread in 00:00:01.3360000
2016/06/01 06:17:20 Debug > Deleting uploaded performance records: 0
2016/06/01 06:17:20 Debug > Took 00:00:00 to delete 0 performance records
2016/06/01 06:17:20 Debug > Completed Performance Upload Thread in 00:00:01.9680000
2016/06/01 06:17:20 Info > Completed data upload process. Total Elapsed Time: 00:00:02.1130000
2016/06/01 06:17:30 Error > Netstat: Error collecting netstat information from DC01 with error System.ArgumentException: Error finding contactable IP for workload 44da80272f482811b8fbf2423e9a5920931bcdd8 DC01   at MRMPService.MRMPAPI.Classes.WorkloadNetstat.WorkloadNetstatDo(MRPWorkloadType workload) in C:\Users\phillip.spies\Documents\Visual Studio 2015\Projects\MRMPManager\MRMPService\MRPService\Classes\Background Tasks\NetstatInventory\WorkloadNetstatDo.cs:line 40   at MRMPService.MRMPAPI.Classes.WorkloadNetstatThread.<>c.<Start>b__0_0(MRPWorkloadType workload) in C:\Users\phillip.spies\Documents\Visual Studio 2015\Projects\MRMPManager\MRMPService\MRPService\Classes\Background Tasks\NetstatInventory\WorkloadNetstatThread.cs:line 35
2016/06/01 06:17:31 Error > Error collecting inventory information from DC01 with error System.ArgumentException: Error finding contactable IP   at MRMPService.MRMPAPI.Classes.WorkloadInventory.WorkloadInventoryWindowsDo(MRPWorkloadType _workload) in C:\Users\phillip.spies\Documents\Visual Studio 2015\Projects\MRMPManager\MRMPService\MRPService\Classes\Background Tasks\WorkloadInventory\WorkloadInventoryWindowsDo.cs:line 37   at MRMPService.MRMPAPI.Classes.WorkloadInventoryThread.<>c.<Start>b__1_0(MRPWorkloadType workload) in C:\Users\phillip.spies\Documents\Visual Studio 2015\Projects\MRMPManager\MRMPService\MRPService\Classes\Background Tasks\WorkloadInventory\WorkloadInventoryThread.cs:line 42
2016/06/01 06:17:32 Error > Error collecting performance information from DC01 with error System.ArgumentException: Error finding contactable IP   at MRMPService.PerformanceCollection.WorkloadPerformance.WorkloadPerformanceDo(SyncronisedList`1 _workload_counters, SyncronisedList`1 _available_counters, MRPWorkloadType workload) in C:\Users\phillip.spies\Documents\Visual Studio 2015\Projects\MRMPManager\MRMPService\MRPService\Classes\Background Tasks\WorkloadPerformance\WorkloadPerformanceDo.cs:line 39   at MRMPService.PerformanceCollection.WorkloadPerformanceThread.<>c.<Start>b__2_0(MRPWorkloadType workload) in C:\Users\phillip.spies\Documents\Visual Studio 2015\Projects\MRMPManager\MRMPService\MRPService\Classes\Background Tasks\WorkloadPerformance\WorkloadPerformanceThread.cs:line 94
2016/06/01 06:17:35 Info > UpdateMCPWorkload: Inventory for appserver01 in NA9 
2016/06/01 06:17:35 Info > UpdateMCPWorkload: Inventory for appserver02 in NA9 
2016/06/01 06:17:36 Info > UpdateMCPWorkload: Inventory for appserver03 in NA9 
2016/06/01 06:17:36 Info > UpdateMCPWorkload: Inventory for appserver04 in NA9 
2016/06/01 06:17:36 Info > Completed inventory process for dimension_data : NA9 - 0 new workloads - 0 updated platform networks - 0 updated workloads - 0 removed workloads = Total Execute Time: 00:00:17.9300000
2016/06/01 06:17:48 Error > Error collecting inventory information from 10-0-0-10 with error System.ArgumentException: Error finding contactable IP   at MRMPService.MRMPAPI.Classes.WorkloadInventory.WorkloadInventoryWindowsDo(MRPWorkloadType _workload) in C:\Users\phillip.spies\Documents\Visual Studio 2015\Projects\MRMPManager\MRMPService\MRPService\Classes\Background Tasks\WorkloadInventory\WorkloadInventoryWindowsDo.cs:line 37   at MRMPService.MRMPAPI.Classes.WorkloadInventoryThread.<>c.<Start>b__1_0(MRPWorkloadType workload) in C:\Users\phillip.spies\Documents\Visual Studio 2015\Projects\MRMPManager\MRMPService\MRPService\Classes\Background Tasks\WorkloadInventory\WorkloadInventoryThread.cs:line 42
2016/06/01 06:17:48 Error > Error collecting performance information from 10-0-0-10 with error System.ArgumentException: Error finding contactable IP   at MRMPService.PerformanceCollection.WorkloadPerformance.WorkloadPerformanceDo(SyncronisedList`1 _workload_counters, SyncronisedList`1 _available_counters, MRPWorkloadType workload) in C:\Users\phillip.spies\Documents\Visual Studio 2015\Projects\MRMPManager\MRMPService\MRPService\Classes\Background Tasks\WorkloadPerformance\WorkloadPerformanceDo.cs:line 39   at MRMPService.PerformanceCollection.WorkloadPerformanceThread.<>c.<Start>b__2_0(MRPWorkloadType workload) in C:\Users\phillip.spies\Documents\Visual Studio 2015\Projects\MRMPManager\MRMPService\MRPService\Classes\Background Tasks\WorkloadPerformance\WorkloadPerformanceThread.cs:line 94
2016/06/01 06:17:48 Error > Error collecting inventory information from 10-0-0-11 with error System.ArgumentException: Error finding contactable IP   at MRMPService.MRMPAPI.Classes.WorkloadInventory.WorkloadInventoryWindowsDo(MRPWorkloadType _workload) in C:\Users\phillip.spies\Documents\Visual Studio 2015\Projects\MRMPManager\MRMPService\MRPService\Classes\Background Tasks\WorkloadInventory\WorkloadInventoryWindowsDo.cs:line 37   at MRMPService.MRMPAPI.Classes.WorkloadInventoryThread.<>c.<Start>b__1_0(MRPWorkloadType workload) in C:\Users\phillip.spies\Documents\Visual Studio 2015\Projects\MRMPManager\MRMPService\MRPService\Classes\Background Tasks\WorkloadInventory\WorkloadInventoryThread.cs:line 42
2016/06/01 06:17:48 Error > Netstat: Error collecting netstat information from 10-0-0-10 with error System.ArgumentException: Error finding contactable IP for workload 12fb62e1b693d84ffb499d6434aabcc9133e1590 10-0-0-10   at MRMPService.MRMPAPI.Classes.WorkloadNetstat.WorkloadNetstatDo(MRPWorkloadType workload) in C:\Users\phillip.spies\Documents\Visual Studio 2015\Projects\MRMPManager\MRMPService\MRPService\Classes\Background Tasks\NetstatInventory\WorkloadNetstatDo.cs:line 40   at MRMPService.MRMPAPI.Classes.WorkloadNetstatThread.<>c.<Start>b__0_0(MRPWorkloadType workload) in C:\Users\phillip.spies\Documents\Visual Studio 2015\Projects\MRMPManager\MRMPService\MRPService\Classes\Background Tasks\NetstatInventory\WorkloadNetstatThread.cs:line 35
2016/06/01 06:17:48 Error > Error collecting inventory information from 10-0-0-8 with error System.ArgumentException: Error finding contactable IP   at MRMPService.MRMPAPI.Classes.WorkloadInventory.WorkloadInventoryWindowsDo(MRPWorkloadType _workload) in C:\Users\phillip.spies\Documents\Visual Studio 2015\Projects\MRMPManager\MRMPService\MRPService\Classes\Background Tasks\WorkloadInventory\WorkloadInventoryWindowsDo.cs:line 37   at MRMPService.MRMPAPI.Classes.WorkloadInventoryThread.<>c.<Start>b__1_0(MRPWorkloadType workload) in C:\Users\phillip.spies\Documents\Visual Studio 2015\Projects\MRMPManager\MRMPService\MRPService\Classes\Background Tasks\WorkloadInventory\WorkloadInventoryThread.cs:line 42
2016/06/01 06:17:54 Error > Error collecting inventory information from 10-0-0-9 with error System.ArgumentException: Error finding contactable IP   at MRMPService.MRMPAPI.Classes.WorkloadInventory.WorkloadInventoryWindowsDo(MRPWorkloadType _workload) in C:\Users\phillip.spies\Documents\Visual Studio 2015\Projects\MRMPManager\MRMPService\MRPService\Classes\Background Tasks\WorkloadInventory\WorkloadInventoryWindowsDo.cs:line 37   at MRMPService.MRMPAPI.Classes.WorkloadInventoryThread.<>c.<Start>b__1_0(MRPWorkloadType workload) in C:\Users\phillip.spies\Documents\Visual Studio 2015\Projects\MRMPManager\MRMPService\MRPService\Classes\Background Tasks\WorkloadInventory\WorkloadInventoryThread.cs:line 42
2016/06/01 06:17:54 Info > Completed operating system inventory for 5 workloads in 00:00:35.5900000 [next run at 6/2/2016 6:17:18 PM]
2016/06/01 06:17:55 Error > Error collecting performance information from 10-0-0-11 with error System.ArgumentException: Error finding contactable IP   at MRMPService.PerformanceCollection.WorkloadPerformance.WorkloadPerformanceDo(SyncronisedList`1 _workload_counters, SyncronisedList`1 _available_counters, MRPWorkloadType workload) in C:\Users\phillip.spies\Documents\Visual Studio 2015\Projects\MRMPManager\MRMPService\MRPService\Classes\Background Tasks\WorkloadPerformance\WorkloadPerformanceDo.cs:line 39   at MRMPService.PerformanceCollection.WorkloadPerformanceThread.<>c.<Start>b__2_0(MRPWorkloadType workload) in C:\Users\phillip.spies\Documents\Visual Studio 2015\Projects\MRMPManager\MRMPService\MRPService\Classes\Background Tasks\WorkloadPerformance\WorkloadPerformanceThread.cs:line 94
2016/06/01 06:17:56 Error > Netstat: Error collecting netstat information from 10-0-0-11 with error System.ArgumentException: Error finding contactable IP for workload 6222ffae94de1b69347fae3b164020330de0f7e7 10-0-0-11   at MRMPService.MRMPAPI.Classes.WorkloadNetstat.WorkloadNetstatDo(MRPWorkloadType workload) in C:\Users\phillip.spies\Documents\Visual Studio 2015\Projects\MRMPManager\MRMPService\MRPService\Classes\Background Tasks\NetstatInventory\WorkloadNetstatDo.cs:line 40   at MRMPService.MRMPAPI.Classes.WorkloadNetstatThread.<>c.<Start>b__0_0(MRPWorkloadType workload) in C:\Users\phillip.spies\Documents\Visual Studio 2015\Projects\MRMPManager\MRMPService\MRPService\Classes\Background Tasks\NetstatInventory\WorkloadNetstatThread.cs:line 35
2016/06/01 06:17:57 Error > Error collecting performance information from 10-0-0-8 with error System.ArgumentException: Error finding contactable IP   at MRMPService.PerformanceCollection.WorkloadPerformance.WorkloadPerformanceDo(SyncronisedList`1 _workload_counters, SyncronisedList`1 _available_counters, MRPWorkloadType workload) in C:\Users\phillip.spies\Documents\Visual Studio 2015\Projects\MRMPManager\MRMPService\MRPService\Classes\Background Tasks\WorkloadPerformance\WorkloadPerformanceDo.cs:line 39   at MRMPService.PerformanceCollection.WorkloadPerformanceThread.<>c.<Start>b__2_0(MRPWorkloadType workload) in C:\Users\phillip.spies\Documents\Visual Studio 2015\Projects\MRMPManager\MRMPService\MRPService\Classes\Background Tasks\WorkloadPerformance\WorkloadPerformanceThread.cs:line 94
2016/06/01 06:17:58 Error > Error collecting performance information from 10-0-0-9 with error System.ArgumentException: Error finding contactable IP   at MRMPService.PerformanceCollection.WorkloadPerformance.WorkloadPerformanceDo(SyncronisedList`1 _workload_counters, SyncronisedList`1 _available_counters, MRPWorkloadType workload) in C:\Users\phillip.spies\Documents\Visual Studio 2015\Projects\MRMPManager\MRMPService\MRPService\Classes\Background Tasks\WorkloadPerformance\WorkloadPerformanceDo.cs:line 39   at MRMPService.PerformanceCollection.WorkloadPerformanceThread.<>c.<Start>b__2_0(MRPWorkloadType workload) in C:\Users\phillip.spies\Documents\Visual Studio 2015\Projects\MRMPManager\MRMPService\MRPService\Classes\Background Tasks\WorkloadPerformance\WorkloadPerformanceThread.cs:line 94
2016/06/01 06:17:58 Info > Completed performance collection for 5 workloads in 00:00:40.2130000 [next run at 6/1/2016 7:17:18 PM]
2016/06/01 06:17:59 Error > Netstat: Error collecting netstat information from 10-0-0-8 with error System.ArgumentException: Error finding contactable IP for workload ada5f28d6b0300f03445d1207560686753867810 10-0-0-8   at MRMPService.MRMPAPI.Classes.WorkloadNetstat.WorkloadNetstatDo(MRPWorkloadType workload) in C:\Users\phillip.spies\Documents\Visual Studio 2015\Projects\MRMPManager\MRMPService\MRPService\Classes\Background Tasks\NetstatInventory\WorkloadNetstatDo.cs:line 40   at MRMPService.MRMPAPI.Classes.WorkloadNetstatThread.<>c.<Start>b__0_0(MRPWorkloadType workload) in C:\Users\phillip.spies\Documents\Visual Studio 2015\Projects\MRMPManager\MRMPService\MRPService\Classes\Background Tasks\NetstatInventory\WorkloadNetstatThread.cs:line 35
2016/06/01 06:18:00 Error > Netstat: Error collecting netstat information from 10-0-0-9 with error System.ArgumentException: Error finding contactable IP for workload f98ef10e308f0fa81e1fb558e3974ad1c11d08f2 10-0-0-9   at MRMPService.MRMPAPI.Classes.WorkloadNetstat.WorkloadNetstatDo(MRPWorkloadType workload) in C:\Users\phillip.spies\Documents\Visual Studio 2015\Projects\MRMPManager\MRMPService\MRPService\Classes\Background Tasks\NetstatInventory\WorkloadNetstatDo.cs:line 40   at MRMPService.MRMPAPI.Classes.WorkloadNetstatThread.<>c.<Start>b__0_0(MRPWorkloadType workload) in C:\Users\phillip.spies\Documents\Visual Studio 2015\Projects\MRMPManager\MRMPService\MRPService\Classes\Background Tasks\NetstatInventory\WorkloadNetstatThread.cs:line 35
2016/06/01 06:18:00 Info > Netstat: Completed netstat collection for 5 workloads in 00:00:42.0060000 [next run at 6/1/2016 6:47:18 PM]
2016/06/01 06:18:04 Error > Error in inventory process for vmware : datacenter-2 System.Net.WebException: Unable to connect to the remote server ---> System.Net.Sockets.SocketException: A connection attempt failed because the connected party did not properly respond after a period of time, or established connection failed because connected host has failed to respond 192.168.0.152:443   at System.Net.Sockets.Socket.DoConnect(EndPoint endPointSnapshot, SocketAddress socketAddress)   at System.Net.ServicePoint.ConnectSocketInternal(Boolean connectFailure, Socket s4, Socket s6, Socket& socket, IPAddress& address, ConnectSocketState state, IAsyncResult asyncResult, Exception& exception)   --- End of inner exception stack trace ---   at System.Net.HttpWebRequest.GetRequestStream(TransportContext& context)   at System.Net.HttpWebRequest.GetRequestStream()   at System.Web.Services.Protocols.SoapHttpClientProtocol.Invoke(String methodName, Object[] parameters)   at VimApi_60.VimService.RetrieveServiceContent(ManagedObjectReference _this)   at VMware.Vim.ServiceInstance.RetrieveServiceContent()   at VMware.Vim.VimClientImpl.Connect()   at MRMPService.VMWare.Core..ctor(VimApiClient _api_client) in C:\Users\phillip.spies\Documents\Visual Studio 2015\Projects\MRMPManager\MRMPService\VMWare\Core.cs:line 13   at MRMPService.VMWare.Datacenters..ctor(VimApiClient _virtualcenter) in C:\Users\phillip.spies\Documents\Visual Studio 2015\Projects\MRMPManager\MRMPService\VMWare\Datacenters.cs:line 9   at MRMPService.VMWare.VimApiClient.datacenter() in C:\Users\phillip.spies\Documents\Visual Studio 2015\Projects\MRMPManager\MRMPService\VMWare\VimApiClient.cs:line 22   at MRMPService.PlatformInventory.PlatformVMwareInventoryDo.UpdateVMwarePlatform(MRPPlatformType _platform, Boolean full) in C:\Users\phillip.spies\Documents\Visual Studio 2015\Projects\MRMPManager\MRMPService\MRPService\Classes\Background Tasks\PlatformInventory\VMWare\UpdateVMwarePlatform.cs:line 34   at MRMPService.PlatformInventory.PlatformDoInventory.PlatformInventoryDo(MRPPlatformType _platform, Boolean full) in C:\Users\phillip.spies\Documents\Visual Studio 2015\Projects\MRMPManager\MRMPService\MRPService\Classes\Background Tasks\PlatformInventory\PlatformInventoryDo.cs:line 19
2016/06/01 06:18:04 Info > Completed platform inventory for 0 platforms in 00:00:45.6680000 [next run at 6/2/2016 6:17:18 PM]
2016/06/01 06:19:57 Debug > Starting Manager Service
2016/06/01 06:19:58 Info > Verifying database
2016/06/01 06:19:58 Info > Compacting database
2016/06/01 06:19:58 Debug > Starting WCF Service
2016/06/01 06:19:58 Info > Debug Enabled!
2016/06/01 06:19:58 Info > MRP Manager ID:9539656e4ba04a0394217fb0a240a331
2016/06/01 06:19:59 Debug > organization id: 7b6865d87b824b4a97d563ae5e5d35e7
2016/06/01 06:19:59 Debug > Starting Scheduler Thread
2016/06/01 06:19:59 Debug > Starting Mirror Thread
2016/06/01 06:19:59 Debug > Starting Performance Collection Thread
2016/06/01 06:19:59 Info > Staring platform inventory process with 10 threads
2016/06/01 06:19:59 Debug > Starting Netflow v5 Collection Thread
2016/06/01 06:19:59 Info > Staring performance collection process with 10 threads
2016/06/01 06:19:59 Debug > Starting Data Upload Thread
2016/06/01 06:19:59 Debug > Starting OS Inventory Thread
2016/06/01 06:19:59 Info > Staring data upload process
2016/06/01 06:19:59 Debug > Starting OS Netstat Thread
2016/06/01 06:19:59 Info > Staring operating system inventory process with 10 threads
2016/06/01 06:19:59 Debug > Starting DT Polling Thread
2016/06/01 06:19:59 Info > Netstat: Staring netstat collection process with 10 threads
2016/06/01 06:19:59 Debug > Starting Netflow Upload Thread
2016/06/01 06:19:59 Debug > Starting Netstat Upload Thread
2016/06/01 06:19:59 Info > Staring Double-Take collection process with 10 threads
2016/06/01 06:19:59 Debug > Starting Performance Upload Thread
2016/06/01 06:19:59 Info > Started inventory process for vmware : datacenter-2
2016/06/01 06:19:59 Info > Started inventory process for dimension_data : NA9
2016/06/01 06:19:59 Info > Inventory: Started inventory collection for 10-0-0-10 : 2607-f480-111-1359-14a4-ac63-1ae-a393.ipv6-literal.net
2016/06/01 06:19:59 Info > Completed Double-Take collection for 0 jobs in 00:00:00.3300000 [next run at 6/1/2016 6:29:59 PM]
2016/06/01 06:20:00 Info > Performance: Start performance collection for 10-0-0-10 using 2607:f480:111:1359:14a4:ac63:1ae:a393
2016/06/01 06:20:00 Debug > Took 00:00:00.0010000 to delete 0 netflow records
2016/06/01 06:20:00 Debug > Completed Netflow Upload Thread in 00:00:00.9580000
2016/06/01 06:20:00 Debug > Deleting uploaded Netstat records: 0
2016/06/01 06:20:00 Debug > Took 00:00:00 to delete 0 performance records
2016/06/01 06:20:00 Debug > Completed Nestat Upload Thread in 00:00:00.9840000
2016/06/01 06:20:00 Debug > Deleting uploaded performance records: 0
2016/06/01 06:20:00 Debug > Took 00:00:00 to delete 0 performance records
2016/06/01 06:20:00 Debug > Completed Performance Upload Thread in 00:00:01.0420000
2016/06/01 06:20:00 Info > Completed data upload process. Total Elapsed Time: 00:00:01.1550000
2016/06/01 06:20:00 Info > Netstat: Started netstat collection for 10-0-0-11 : 2607-f480-111-1359-dda-e8fe-c7f2-9e7e.ipv6-literal.net
2016/06/01 06:20:01 Info > Performance: Start performance collection for 10-0-0-11 using 2607:f480:111:1359:dda:e8fe:c7f2:9e7e
2016/06/01 06:20:02 Info > Inventory: Started inventory collection for 10-0-0-11 : 2607-f480-111-1359-dda-e8fe-c7f2-9e7e.ipv6-literal.net
2016/06/01 06:20:03 Info > Netstat: Started netstat collection for 10-0-0-8 : 2607-f480-111-1359-492b-1740-ea0a-5f9c.ipv6-literal.net
2016/06/01 06:20:04 Info > Netstat: Started netstat collection for 10-0-0-10 : 2607-f480-111-1359-14a4-ac63-1ae-a393.ipv6-literal.net
2016/06/01 06:20:04 Info > Netstat: Started netstat collection for 10-0-0-9 : 2607-f480-111-1359-7f7e-61a5-36c2-345b.ipv6-literal.net
2016/06/01 06:20:05 Info > Performance: Start performance collection for 10-0-0-8 using 2607:f480:111:1359:492b:1740:ea0a:5f9c
2016/06/01 06:20:06 Info > Inventory: Started inventory collection for 10-0-0-8 : 2607-f480-111-1359-492b-1740-ea0a-5f9c.ipv6-literal.net
2016/06/01 06:20:07 Info > Performance: Start performance collection for 10-0-0-9 using 2607:f480:111:1359:7f7e:61a5:36c2:345b
2016/06/01 06:20:08 Info > Inventory: Completed netstat collection for 10-0-0-11 : 2607-f480-111-1359-dda-e8fe-c7f2-9e7e.ipv6-literal.net
2016/06/01 06:20:08 Info > Inventory: Started inventory collection for 10-0-0-9 : 2607-f480-111-1359-7f7e-61a5-36c2-345b.ipv6-literal.net
2016/06/01 06:20:08 Error > Error collecting performance information from DC01 with error System.ArgumentException: Error finding contactable IP   at MRMPService.PerformanceCollection.WorkloadPerformance.WorkloadPerformanceDo(SyncronisedList`1 _workload_counters, SyncronisedList`1 _available_counters, MRPWorkloadType workload) in C:\Users\phillip.spies\Documents\Visual Studio 2015\Projects\MRMPManager\MRMPService\MRPService\Classes\Background Tasks\WorkloadPerformance\WorkloadPerformanceDo.cs:line 39   at MRMPService.PerformanceCollection.WorkloadPerformanceThread.<>c.<Start>b__2_0(MRPWorkloadType workload) in C:\Users\phillip.spies\Documents\Visual Studio 2015\Projects\MRMPManager\MRMPService\MRPService\Classes\Background Tasks\WorkloadPerformance\WorkloadPerformanceThread.cs:line 94
2016/06/01 06:20:10 Info > Inventory: Completed netstat collection for 10-0-0-10 : 2607-f480-111-1359-14a4-ac63-1ae-a393.ipv6-literal.net
2016/06/01 06:20:10 Error > Netstat: Error collecting netstat information from DC01 with error System.ArgumentException: Error finding contactable IP for workload 44da80272f482811b8fbf2423e9a5920931bcdd8 DC01   at MRMPService.MRMPAPI.Classes.WorkloadNetstat.WorkloadNetstatDo(MRPWorkloadType workload) in C:\Users\phillip.spies\Documents\Visual Studio 2015\Projects\MRMPManager\MRMPService\MRPService\Classes\Background Tasks\NetstatInventory\WorkloadNetstatDo.cs:line 40   at MRMPService.MRMPAPI.Classes.WorkloadNetstatThread.<>c.<Start>b__0_0(MRPWorkloadType workload) in C:\Users\phillip.spies\Documents\Visual Studio 2015\Projects\MRMPManager\MRMPService\MRPService\Classes\Background Tasks\NetstatInventory\WorkloadNetstatThread.cs:line 35
2016/06/01 06:20:10 Info > Inventory: Completed netstat collection for 10-0-0-8 : 2607-f480-111-1359-492b-1740-ea0a-5f9c.ipv6-literal.net
2016/06/01 06:20:11 Info > UpdateMCPWorkload: Inventory for appserver01 in NA9 
2016/06/01 06:20:12 Info > UpdateMCPWorkload: Inventory for appserver02 in NA9 
2016/06/01 06:20:12 Error > Error collecting inventory information from DC01 with error System.ArgumentException: Error finding contactable IP   at MRMPService.MRMPAPI.Classes.WorkloadInventory.WorkloadInventoryWindowsDo(MRPWorkloadType _workload) in C:\Users\phillip.spies\Documents\Visual Studio 2015\Projects\MRMPManager\MRMPService\MRPService\Classes\Background Tasks\WorkloadInventory\WorkloadInventoryWindowsDo.cs:line 37   at MRMPService.MRMPAPI.Classes.WorkloadInventoryThread.<>c.<Start>b__1_0(MRPWorkloadType workload) in C:\Users\phillip.spies\Documents\Visual Studio 2015\Projects\MRMPManager\MRMPService\MRPService\Classes\Background Tasks\WorkloadInventory\WorkloadInventoryThread.cs:line 42
2016/06/01 06:20:13 Info > Inventory: Completed inventory collection for 10-0-0-10 : 2607-f480-111-1359-14a4-ac63-1ae-a393.ipv6-literal.net
2016/06/01 06:20:13 Info > Inventory: Completed netstat collection for 10-0-0-9 : 2607-f480-111-1359-7f7e-61a5-36c2-345b.ipv6-literal.net
2016/06/01 06:20:13 Info > Netstat: Completed netstat collection for 5 workloads in 00:00:13.5070000 [next run at 6/1/2016 6:49:59 PM]
2016/06/01 06:20:13 Info > UpdateMCPWorkload: Inventory for appserver03 in NA9 
2016/06/01 06:20:13 Info > UpdateMCPWorkload: Inventory for appserver04 in NA9 
2016/06/01 06:20:13 Info > Completed inventory process for dimension_data : NA9 - 0 new workloads - 0 updated platform networks - 0 updated workloads - 0 removed workloads = Total Execute Time: 00:00:13.8240000
2016/06/01 06:20:15 Info > Inventory: Completed inventory collection for 10-0-0-11 : 2607-f480-111-1359-dda-e8fe-c7f2-9e7e.ipv6-literal.net
2016/06/01 06:20:16 Info > Inventory: Completed inventory collection for 10-0-0-8 : 2607-f480-111-1359-492b-1740-ea0a-5f9c.ipv6-literal.net
2016/06/01 06:20:18 Info > Inventory: Completed inventory collection for 10-0-0-9 : 2607-f480-111-1359-7f7e-61a5-36c2-345b.ipv6-literal.net
2016/06/01 06:20:18 Info > Completed operating system inventory for 5 workloads in 00:00:19.2570000 [next run at 6/2/2016 6:19:59 PM]
2016/06/01 06:20:38 Info > Performance: Completed performance collection for 10-0-0-8 using 2607:f480:111:1359:492b:1740:ea0a:5f9c
2016/06/01 06:20:44 Error > Error in inventory process for vmware : datacenter-2 System.Net.WebException: Unable to connect to the remote server ---> System.Net.Sockets.SocketException: A connection attempt failed because the connected party did not properly respond after a period of time, or established connection failed because connected host has failed to respond 192.168.0.152:443   at System.Net.Sockets.Socket.DoConnect(EndPoint endPointSnapshot, SocketAddress socketAddress)   at System.Net.ServicePoint.ConnectSocketInternal(Boolean connectFailure, Socket s4, Socket s6, Socket& socket, IPAddress& address, ConnectSocketState state, IAsyncResult asyncResult, Exception& exception)   --- End of inner exception stack trace ---   at System.Net.HttpWebRequest.GetRequestStream(TransportContext& context)   at System.Net.HttpWebRequest.GetRequestStream()   at System.Web.Services.Protocols.SoapHttpClientProtocol.Invoke(String methodName, Object[] parameters)   at VimApi_60.VimService.RetrieveServiceContent(ManagedObjectReference _this)   at VMware.Vim.ServiceInstance.RetrieveServiceContent()   at VMware.Vim.VimClientImpl.Connect()   at MRMPService.VMWare.Core..ctor(VimApiClient _api_client) in C:\Users\phillip.spies\Documents\Visual Studio 2015\Projects\MRMPManager\MRMPService\VMWare\Core.cs:line 13   at MRMPService.VMWare.Datacenters..ctor(VimApiClient _virtualcenter) in C:\Users\phillip.spies\Documents\Visual Studio 2015\Projects\MRMPManager\MRMPService\VMWare\Datacenters.cs:line 9   at MRMPService.VMWare.VimApiClient.datacenter() in C:\Users\phillip.spies\Documents\Visual Studio 2015\Projects\MRMPManager\MRMPService\VMWare\VimApiClient.cs:line 22   at MRMPService.PlatformInventory.PlatformVMwareInventoryDo.UpdateVMwarePlatform(MRPPlatformType _platform, Boolean full) in C:\Users\phillip.spies\Documents\Visual Studio 2015\Projects\MRMPManager\MRMPService\MRPService\Classes\Background Tasks\PlatformInventory\VMWare\UpdateVMwarePlatform.cs:line 34   at MRMPService.PlatformInventory.PlatformDoInventory.PlatformInventoryDo(MRPPlatformType _platform, Boolean full) in C:\Users\phillip.spies\Documents\Visual Studio 2015\Projects\MRMPManager\MRMPService\MRPService\Classes\Background Tasks\PlatformInventory\PlatformInventoryDo.cs:line 19
2016/06/01 06:20:44 Info > Completed platform inventory for 0 platforms in 00:00:44.5430000 [next run at 6/2/2016 6:19:59 PM]
2016/06/01 06:20:57 Info > Performance: Completed performance collection for 10-0-0-9 using 2607:f480:111:1359:7f7e:61a5:36c2:345b
2016/06/01 06:21:01 Info > Performance: Completed performance collection for 10-0-0-10 using 2607:f480:111:1359:14a4:ac63:1ae:a393
2016/06/01 06:21:08 Info > Performance: Completed performance collection for 10-0-0-11 using 2607:f480:111:1359:dda:e8fe:c7f2:9e7e
2016/06/01 06:21:08 Info > Completed performance collection for 5 workloads in 00:01:09.2920000 [next run at 6/1/2016 7:19:59 PM]
2016/06/01 06:25:00 Info > Staring data upload process
2016/06/01 06:25:00 Debug > Starting Performance Upload Thread
2016/06/01 06:25:00 Debug > Starting Netstat Upload Thread
2016/06/01 06:25:00 Debug > Starting Netflow Upload Thread
2016/06/01 06:25:01 Debug > Took 00:00:00 to delete 0 netflow records
2016/06/01 06:25:01 Debug > Completed Netflow Upload Thread in 00:00:00.0350000
2016/06/01 06:25:01 Debug > Deleting uploaded Netstat records: 22
2016/06/01 06:25:01 Debug > Took 00:00:00.0900000 to delete 22 performance records
2016/06/01 06:25:01 Debug > Completed Nestat Upload Thread in 00:00:00.3260000
2016/06/01 06:25:03 Debug > Deleting uploaded performance records: 521
2016/06/01 06:25:03 Debug > Took 00:00:00.2450000 to delete 521 performance records
2016/06/01 06:25:03 Debug > Completed Performance Upload Thread in 00:00:02.6680000
2016/06/01 06:25:03 Info > Completed data upload process. Total Elapsed Time: 00:00:02.7060000
2016/06/01 06:30:00 Info > Staring Double-Take collection process with 10 threads
2016/06/01 06:30:00 Info > Completed Double-Take collection for 0 jobs in 00:00:00.0600000 [next run at 6/1/2016 6:40:00 PM]
2016/06/01 06:30:03 Info > Staring data upload process
2016/06/01 06:30:03 Debug > Starting Performance Upload Thread
2016/06/01 06:30:03 Debug > Starting Netstat Upload Thread
2016/06/01 06:30:03 Debug > Starting Netflow Upload Thread
2016/06/01 06:30:03 Debug > Took 00:00:00 to delete 0 netflow records
2016/06/01 06:30:03 Debug > Completed Netflow Upload Thread in 00:00:00.0370000
2016/06/01 06:30:03 Debug > Deleting uploaded Netstat records: 0
2016/06/01 06:30:03 Debug > Took 00:00:00 to delete 0 performance records
2016/06/01 06:30:03 Debug > Completed Nestat Upload Thread in 00:00:00.0730000
2016/06/01 06:30:04 Debug > Deleting uploaded performance records: 0
2016/06/01 06:30:04 Debug > Took 00:00:00 to delete 0 performance records
2016/06/01 06:30:04 Debug > Completed Performance Upload Thread in 00:00:00.3560000
2016/06/01 06:30:04 Info > Completed data upload process. Total Elapsed Time: 00:00:00.4020000
2016/06/01 06:35:04 Info > Staring data upload process
2016/06/01 06:35:04 Debug > Starting Performance Upload Thread
2016/06/01 06:35:04 Debug > Starting Netstat Upload Thread
2016/06/01 06:35:04 Debug > Starting Netflow Upload Thread
2016/06/01 06:35:04 Debug > Deleting uploaded Netstat records: 0
2016/06/01 06:35:04 Debug > Took 00:00:00 to delete 0 performance records
2016/06/01 06:35:04 Debug > Completed Nestat Upload Thread in 00:00:00.1240000
2016/06/01 06:35:04 Debug > Took 00:00:00 to delete 0 netflow records
2016/06/01 06:35:04 Debug > Completed Netflow Upload Thread in 00:00:00.0980000
2016/06/01 06:35:04 Debug > Deleting uploaded performance records: 0
2016/06/01 06:35:04 Debug > Took 00:00:00 to delete 0 performance records
2016/06/01 06:35:04 Debug > Completed Performance Upload Thread in 00:00:00.4840000
2016/06/01 06:35:04 Info > Completed data upload process. Total Elapsed Time: 00:00:00.5200000
