2016/10/07 07:18:14 Debug > Starting Manager Service
2016/10/07 07:18:14 Info > Verifying database
2016/10/07 07:18:14 Info > Compacting database
2016/10/07 07:18:15 Info > Maximum allowed threads on this workload: [worker threads: 32767] [port threads: 1000]
2016/10/07 07:18:15 Debug > Starting WCF Service
2016/10/07 07:24:42 Debug > Starting Manager Service
2016/10/07 07:24:42 Info > Verifying database
2016/10/07 07:24:42 Info > Compacting database
2016/10/07 07:24:42 Info > Maximum allowed threads on this workload: [worker threads: 32767] [port threads: 1000]
2016/10/07 07:24:43 Debug > Starting WCF Service
2016/10/07 07:24:44 Info > Debug Enabled!
2016/10/07 07:24:44 Info > MRP Manager ID:9539656e4ba04a0394217fb0a240a332
2016/10/07 07:24:44 Debug > organization id: 67f0cd4f8e324767be01d02c68ffc72a41b01dbd
2016/10/07 07:24:44 Debug > Starting Scheduler Thread
2016/10/07 07:24:44 Debug > Starting Mirror Thread
2016/10/07 07:24:44 Debug > Starting Performance Collection Thread
2016/10/07 07:24:44 Info > Staring platform inventory process with 10 threads
2016/10/07 07:24:44 Debug > Starting Netflow v5 Collection Thread
2016/10/07 07:24:44 Debug > Starting Data Upload Worker
2016/10/07 07:24:44 Debug > Starting OS Inventory Thread
2016/10/07 07:24:44 Info > Staring performance collection process with 10 threads
2016/10/07 07:24:44 Info > Staring data upload process
2016/10/07 07:24:44 Debug > Starting OS Netstat Thread
2016/10/07 07:24:44 Info > Staring operating system inventory process with 10 threads
2016/10/07 07:24:44 Debug > Starting Netstat Upload Thread
2016/10/07 07:24:44 Debug > Starting DT Job Polling Thread
2016/10/07 07:24:44 Debug > Starting Performance Upload Thread
2016/10/07 07:24:44 Debug > Starting DT Event Polling Thread
2016/10/07 07:24:44 Info > Netstat: Staring netstat collection process with 10 threads
2016/10/07 07:24:44 Info > Staring Double-Take collection process with 10 threads
2016/10/07 07:24:44 Debug > Starting Netflow Upload Thread
2016/10/07 07:24:44 Info > Staring Double-Take Event collection process with 5 threads
2016/10/07 07:24:45 Info > Completed platform inventory for 0 platforms in 00:00:00.3060000 [next run at 10/8/2016 7:24:44 AM]
2016/10/07 07:24:45 Info > Completed performance collection for 0 workloads in 00:00:00.4670000 [next run at 10/7/2016 8:24:44 AM]
2016/10/07 07:24:45 Info > Completed operating system inventory for 0 workloads in 00:00:00.4220000 [next run at 10/8/2016 7:24:44 AM]
2016/10/07 07:24:45 Info > Completed Double-Take Event collection for 0 workloads in 00:00:00.5340000 [next run at 10/7/2016 7:34:44 AM]
2016/10/07 07:24:45 Info > Netstat: Completed netstat collection for 0 workloads in 00:00:00.5710000 [next run at 10/7/2016 7:54:44 AM]
2016/10/07 07:24:45 Info > Completed Double-Take collection for 0 jobs in 00:00:00.6950000 [next run at 10/7/2016 7:29:44 AM]
2016/10/07 07:24:45 Debug > Completed Netflow Upload Thread in 00:00:00.7620000
2016/10/07 07:24:46 Debug > Took 00:00:00.0620000 to delete 0 netstat records
2016/10/07 07:24:46 Debug > Completed Netstat Upload Thread in 00:00:01.2220000
2016/10/07 07:25:11 Debug > Took 00:00:00.2650000 to delete 372 performance records
2016/10/07 07:25:37 Debug > Took 00:00:00.3310000 to delete 0 performance records
2016/10/07 07:25:37 Debug > Completed Performance Upload Thread in 00:00:52.5290000
2016/10/07 07:25:37 Info > Completed data upload process. Total Elapsed Time: 00:00:52.5880000
2016/10/07 07:28:18 Info > Started inventory process for dimension_data : AF3
2016/10/07 07:29:26 Info > UpdateMCPWorkload: Inventory for appserver01 in AF3 
2016/10/07 07:29:46 Info > Staring data upload process
2016/10/07 07:29:46 Info > Staring Double-Take collection process with 10 threads
2016/10/07 07:29:47 Info > Completed Double-Take collection for 0 jobs in 00:00:00.9020000 [next run at 10/7/2016 7:34:46 AM]
2016/10/07 07:29:47 Debug > Starting Performance Upload Thread
2016/10/07 07:29:48 Debug > Starting Netflow Upload Thread
2016/10/07 07:29:48 Debug > Starting Netstat Upload Thread
2016/10/07 07:29:49 Debug > Completed Netstat Upload Thread in 00:00:00.0020000
2016/10/07 07:29:50 Debug > Completed Netflow Upload Thread in 00:00:01.9400000
2016/10/07 07:29:50 Debug > Completed Performance Upload Thread in 00:00:02.8790000
2016/10/07 07:29:51 Info > Completed data upload process. Total Elapsed Time: 00:00:04.7560000
2016/10/07 07:30:26 Info > UpdateMCPWorkload: Inventory for appserver02 in AF3 
2016/10/07 07:30:27 Info > UpdateMCPWorkload: Inventory for appserver03 in AF3 
2016/10/07 07:30:27 Info > UpdateMCPWorkload: Inventory for appserver04 in AF3 
2016/10/07 07:30:28 Info > UpdateMCPWorkload: Inventory for repository01 in AF3 
2016/10/07 07:30:29 Info > UpdateMCPWorkload: Inventory for appserver05 in AF3 
2016/10/07 07:30:29 Info > UpdateMCPWorkload: Inventory for appserver06 in AF3 
2016/10/07 07:30:30 Info > UpdateMCPWorkload: Inventory for new_linux_workload in AF3 
2016/10/07 07:30:30 Info > UpdateMCPWorkload: Inventory for new_linux_workload in AF3 
2016/10/07 07:30:32 Info > UpdateMCPWorkload: Inventory for new_linux_workload in AF3 
2016/10/07 07:30:32 Info > UpdateMCPWorkload: Inventory for Appserver01 in AF3 
2016/10/07 07:30:32 Info > UpdateMCPWorkload: Inventory for 10-10-20-7_migrate in AF3 
2016/10/07 07:30:33 Info > Completed inventory process for dimension_data : AF3 - 0 new workloads - 0 updated platform networks - 0 updated workloads - 0 removed workloads = Total Execute Time: 00:02:15.3360000
2016/10/07 07:31:33 Info > Started inventory process for dimension_data : AF3
2016/10/07 07:31:42 Info > UpdateMCPWorkload: Inventory for appserver01 in AF3 
2016/10/07 07:31:43 Info > UpdateMCPWorkload: Inventory for appserver02 in AF3 
2016/10/07 07:31:44 Info > UpdateMCPWorkload: Inventory for appserver03 in AF3 
2016/10/07 07:31:47 Info > UpdateMCPWorkload: Inventory for appserver04 in AF3 
2016/10/07 07:31:49 Info > UpdateMCPWorkload: Inventory for repository01 in AF3 
2016/10/07 07:31:49 Info > UpdateMCPWorkload: Inventory for appserver05 in AF3 
2016/10/07 07:31:50 Info > UpdateMCPWorkload: Inventory for appserver06 in AF3 
2016/10/07 07:31:51 Info > UpdateMCPWorkload: Inventory for new_linux_workload in AF3 
2016/10/07 07:31:51 Info > UpdateMCPWorkload: Inventory for new_linux_workload in AF3 
2016/10/07 07:31:52 Info > UpdateMCPWorkload: Inventory for new_linux_workload in AF3 
2016/10/07 07:31:52 Info > UpdateMCPWorkload: Inventory for Appserver01 in AF3 
2016/10/07 07:31:53 Info > UpdateMCPWorkload: Inventory for 10-10-20-7_migrate in AF3 
2016/10/07 07:31:53 Info > Completed inventory process for dimension_data : AF3 - 0 new workloads - 0 updated platform networks - 0 updated workloads - 0 removed workloads = Total Execute Time: 00:00:20.6690000
2016/10/07 07:33:11 Info > Started inventory process for dimension_data : AF3
2016/10/07 07:33:46 Info > UpdateMCPWorkload: Inventory for appserver01 in AF3 
2016/10/07 07:33:47 Info > UpdateMCPWorkload: Inventory for appserver02 in AF3 
2016/10/07 07:33:47 Info > UpdateMCPWorkload: Inventory for appserver03 in AF3 
2016/10/07 07:33:50 Info > UpdateMCPWorkload: Inventory for appserver04 in AF3 
2016/10/07 07:33:51 Info > UpdateMCPWorkload: Inventory for repository01 in AF3 
2016/10/07 07:33:54 Info > UpdateMCPWorkload: Inventory for appserver05 in AF3 
2016/10/07 07:33:56 Info > UpdateMCPWorkload: Inventory for appserver06 in AF3 
2016/10/07 07:33:57 Info > UpdateMCPWorkload: Inventory for new_linux_workload in AF3 
2016/10/07 07:34:00 Info > UpdateMCPWorkload: Inventory for new_linux_workload in AF3 
2016/10/07 07:34:01 Info > UpdateMCPWorkload: Inventory for new_linux_workload in AF3 
2016/10/07 07:34:02 Info > UpdateMCPWorkload: Inventory for Appserver01 in AF3 
2016/10/07 07:34:05 Info > UpdateMCPWorkload: Inventory for 10-10-20-7_migrate in AF3 
2016/10/07 07:34:05 Info > Completed inventory process for dimension_data : AF3 - 0 new workloads - 0 updated platform networks - 0 updated workloads - 0 removed workloads = Total Execute Time: 00:00:54.3870000
2016/10/07 07:34:48 Info > Staring data upload process
2016/10/07 07:34:48 Info > Staring Double-Take Event collection process with 5 threads
2016/10/07 07:34:48 Info > Staring Double-Take collection process with 10 threads
2016/10/07 07:34:48 Debug > Starting Netstat Upload Thread
2016/10/07 07:34:48 Debug > Starting Netflow Upload Thread
2016/10/07 07:34:48 Debug > Starting Performance Upload Thread
2016/10/07 07:34:48 Debug > Completed Performance Upload Thread in 00:00:00.0480000
2016/10/07 07:34:48 Debug > Completed Netflow Upload Thread in 00:00:00.0650000
2016/10/07 07:34:48 Debug > Completed Netstat Upload Thread in 00:00:00.0770000
2016/10/07 07:34:48 Info > Completed data upload process. Total Elapsed Time: 00:00:00.1460000
2016/10/07 07:34:48 Info > Completed Double-Take Event collection for 0 workloads in 00:00:00.2450000 [next run at 10/7/2016 7:44:48 AM]
2016/10/07 07:34:48 Info > Completed Double-Take collection for 0 jobs in 00:00:00.2450000 [next run at 10/7/2016 7:39:48 AM]
2016/10/07 07:38:45 Error > Unexpected error connecting to http://10.0.74.3:3000/api/v1/tasks/list.json with error (The operation has timed out)
2016/10/07 07:39:48 Info > Staring data upload process
2016/10/07 07:39:48 Debug > Starting Performance Upload Thread
2016/10/07 07:39:48 Debug > Starting Netstat Upload Thread
2016/10/07 07:39:48 Debug > Starting Netflow Upload Thread
2016/10/07 07:39:48 Debug > Completed Performance Upload Thread in 00:00:00.0580000
2016/10/07 07:39:48 Debug > Completed Netflow Upload Thread in 00:00:00.0410000
2016/10/07 07:39:48 Debug > Completed Netstat Upload Thread in 00:00:00.0630000
2016/10/07 07:39:48 Info > Staring Double-Take collection process with 10 threads
2016/10/07 07:39:48 Info > Completed data upload process. Total Elapsed Time: 00:00:00.1160000
2016/10/07 07:39:48 Info > Completed Double-Take collection for 0 jobs in 00:00:00.0780000 [next run at 10/7/2016 7:44:48 AM]
2016/10/07 07:44:48 Info > Staring Double-Take Event collection process with 5 threads
2016/10/07 07:44:48 Info > Staring data upload process
2016/10/07 07:44:48 Info > Completed Double-Take Event collection for 0 workloads in 00:00:00.1140000 [next run at 10/7/2016 7:54:48 AM]
2016/10/07 07:44:48 Info > Staring Double-Take collection process with 10 threads
2016/10/07 07:44:48 Debug > Starting Performance Upload Thread
2016/10/07 07:44:48 Debug > Starting Netstat Upload Thread
2016/10/07 07:44:48 Debug > Starting Netflow Upload Thread
2016/10/07 07:44:48 Info > Completed Double-Take collection for 0 jobs in 00:00:00.2280000 [next run at 10/7/2016 7:49:48 AM]
2016/10/07 07:44:49 Debug > Completed Performance Upload Thread in 00:00:00.0490000
2016/10/07 07:44:49 Debug > Completed Netstat Upload Thread in 00:00:00.0580000
2016/10/07 07:44:49 Debug > Completed Netflow Upload Thread in 00:00:00.0630000
2016/10/07 07:44:49 Info > Completed data upload process. Total Elapsed Time: 00:00:00.8370000
2016/10/07 07:49:49 Info > Staring Double-Take collection process with 10 threads
2016/10/07 07:49:49 Info > Completed Double-Take collection for 0 jobs in 00:00:00.0860000 [next run at 10/7/2016 7:54:49 AM]
2016/10/07 07:49:49 Info > Staring data upload process
2016/10/07 07:49:49 Debug > Starting Performance Upload Thread
2016/10/07 07:49:49 Debug > Starting Netstat Upload Thread
2016/10/07 07:49:49 Debug > Starting Netflow Upload Thread
2016/10/07 07:49:49 Debug > Completed Netstat Upload Thread in 00:00:00.0990000
2016/10/07 07:49:49 Debug > Completed Performance Upload Thread in 00:00:00.1310000
2016/10/07 07:49:49 Debug > Completed Netflow Upload Thread in 00:00:00.0860000
2016/10/07 07:49:50 Info > Completed data upload process. Total Elapsed Time: 00:00:00.6920000
2016/10/07 07:54:48 Info > Netstat: Staring netstat collection process with 10 threads
2016/10/07 07:54:48 Info > Netstat: Completed netstat collection for 0 workloads in 00:00:00.1090000 [next run at 10/7/2016 8:24:48 AM]
2016/10/07 07:54:48 Info > Staring Double-Take Event collection process with 5 threads
2016/10/07 07:54:48 Info > Completed Double-Take Event collection for 0 workloads in 00:00:00.1260000 [next run at 10/7/2016 8:04:48 AM]
2016/10/07 07:54:49 Info > Staring Double-Take collection process with 10 threads
2016/10/07 07:54:49 Info > Completed Double-Take collection for 0 jobs in 00:00:00.0930000 [next run at 10/7/2016 7:59:49 AM]
2016/10/07 07:54:50 Info > Staring data upload process
2016/10/07 07:54:50 Debug > Starting Performance Upload Thread
2016/10/07 07:54:50 Debug > Starting Netstat Upload Thread
2016/10/07 07:54:50 Debug > Starting Netflow Upload Thread
2016/10/07 07:54:50 Debug > Completed Netstat Upload Thread in 00:00:00.0260000
2016/10/07 07:54:50 Debug > Completed Performance Upload Thread in 00:00:00.0350000
2016/10/07 07:54:50 Debug > Completed Netflow Upload Thread in 00:00:00.0420000
2016/10/07 07:54:50 Info > Completed data upload process. Total Elapsed Time: 00:00:00.0690000
2016/10/07 07:59:49 Info > Staring Double-Take collection process with 10 threads
2016/10/07 07:59:49 Info > Completed Double-Take collection for 0 jobs in 00:00:00.1560000 [next run at 10/7/2016 8:04:49 AM]
2016/10/07 07:59:50 Info > Staring data upload process
2016/10/07 07:59:50 Debug > Starting Performance Upload Thread
2016/10/07 07:59:50 Debug > Starting Netstat Upload Thread
2016/10/07 07:59:50 Debug > Starting Netflow Upload Thread
2016/10/07 07:59:50 Debug > Completed Netstat Upload Thread in 00:00:00.0390000
2016/10/07 07:59:50 Debug > Completed Netflow Upload Thread in 00:00:00.0360000
2016/10/07 07:59:50 Debug > Completed Performance Upload Thread in 00:00:00.1150000
2016/10/07 07:59:50 Info > Completed data upload process. Total Elapsed Time: 00:00:00.1320000
2016/10/07 08:04:48 Info > Staring Double-Take Event collection process with 5 threads
2016/10/07 08:04:48 Info > Completed Double-Take Event collection for 0 workloads in 00:00:00.1560000 [next run at 10/7/2016 8:14:48 AM]
2016/10/07 08:04:49 Info > Staring Double-Take collection process with 10 threads
2016/10/07 08:04:49 Info > Completed Double-Take collection for 0 jobs in 00:00:00.1160000 [next run at 10/7/2016 8:09:49 AM]
2016/10/07 08:04:50 Info > Staring data upload process
2016/10/07 08:04:50 Debug > Starting Performance Upload Thread
2016/10/07 08:04:50 Debug > Starting Netstat Upload Thread
2016/10/07 08:04:50 Debug > Starting Netflow Upload Thread
2016/10/07 08:04:50 Debug > Completed Netstat Upload Thread in 00:00:00.0290000
2016/10/07 08:04:50 Debug > Completed Netflow Upload Thread in 00:00:00.0510000
2016/10/07 08:04:50 Debug > Completed Performance Upload Thread in 00:00:00.0720000
2016/10/07 08:04:50 Info > Completed data upload process. Total Elapsed Time: 00:00:00.0880000
2016/10/07 08:09:49 Info > Staring Double-Take collection process with 10 threads
2016/10/07 08:09:50 Info > Completed Double-Take collection for 0 jobs in 00:00:00.2100000 [next run at 10/7/2016 8:14:49 AM]
2016/10/07 08:09:50 Info > Staring data upload process
2016/10/07 08:09:50 Debug > Starting Performance Upload Thread
2016/10/07 08:09:50 Debug > Starting Netstat Upload Thread
2016/10/07 08:09:50 Debug > Starting Netflow Upload Thread
2016/10/07 08:09:50 Debug > Completed Performance Upload Thread in 00:00:00.0490000
2016/10/07 08:09:50 Debug > Completed Netstat Upload Thread in 00:00:00.0370000
2016/10/07 08:09:50 Debug > Completed Netflow Upload Thread in 00:00:00.0370000
2016/10/07 08:09:50 Info > Completed data upload process. Total Elapsed Time: 00:00:00.0860000
2016/10/07 08:14:48 Info > Staring Double-Take Event collection process with 5 threads
2016/10/07 08:14:49 Info > Completed Double-Take Event collection for 0 workloads in 00:00:00.1250000 [next run at 10/7/2016 8:24:48 AM]
2016/10/07 08:14:50 Info > Staring Double-Take collection process with 10 threads
2016/10/07 08:14:50 Info > Completed Double-Take collection for 0 jobs in 00:00:00.0740000 [next run at 10/7/2016 8:19:50 AM]
2016/10/07 08:14:50 Info > Staring data upload process
2016/10/07 08:14:50 Debug > Starting Performance Upload Thread
2016/10/07 08:14:50 Debug > Starting Netstat Upload Thread
2016/10/07 08:14:50 Debug > Starting Netflow Upload Thread
2016/10/07 08:14:50 Debug > Completed Netstat Upload Thread in 00:00:00.0220000
2016/10/07 08:14:50 Debug > Completed Netflow Upload Thread in 00:00:00.0220000
2016/10/07 08:14:50 Debug > Completed Performance Upload Thread in 00:00:00.0740000
2016/10/07 08:14:50 Info > Completed data upload process. Total Elapsed Time: 00:00:00.0910000
2016/10/07 08:19:50 Info > Staring Double-Take collection process with 10 threads
2016/10/07 08:19:50 Info > Completed Double-Take collection for 0 jobs in 00:00:00.1060000 [next run at 10/7/2016 8:24:50 AM]
2016/10/07 08:19:50 Info > Staring data upload process
2016/10/07 08:19:50 Debug > Starting Performance Upload Thread
2016/10/07 08:19:50 Debug > Starting Netstat Upload Thread
2016/10/07 08:19:50 Debug > Starting Netflow Upload Thread
2016/10/07 08:19:50 Debug > Completed Netflow Upload Thread in 00:00:00.0050000
2016/10/07 08:19:50 Debug > Completed Performance Upload Thread in 00:00:00.0570000
2016/10/07 08:19:50 Debug > Completed Netstat Upload Thread in 00:00:00.0350000
2016/10/07 08:19:50 Info > Completed data upload process. Total Elapsed Time: 00:00:00.0810000
2016/10/07 08:24:48 Info > Staring performance collection process with 10 threads
2016/10/07 08:24:48 Info > Netstat: Staring netstat collection process with 10 threads
2016/10/07 08:24:48 Info > Completed performance collection for 0 workloads in 00:00:00.2710000 [next run at 10/7/2016 9:24:48 AM]
2016/10/07 08:24:48 Info > Netstat: Completed netstat collection for 0 workloads in 00:00:00.2760000 [next run at 10/7/2016 8:54:48 AM]
2016/10/07 08:24:49 Info > Staring Double-Take Event collection process with 5 threads
2016/10/07 08:24:49 Info > Completed Double-Take Event collection for 0 workloads in 00:00:00.1090000 [next run at 10/7/2016 8:34:49 AM]
2016/10/07 08:24:50 Info > Staring Double-Take collection process with 10 threads
2016/10/07 08:24:50 Info > Completed Double-Take collection for 0 jobs in 00:00:00.2030000 [next run at 10/7/2016 8:29:50 AM]
2016/10/07 08:24:50 Info > Staring data upload process
2016/10/07 08:24:50 Debug > Starting Performance Upload Thread
2016/10/07 08:24:50 Debug > Starting Netstat Upload Thread
2016/10/07 08:24:50 Debug > Starting Netflow Upload Thread
2016/10/07 08:24:50 Debug > Completed Performance Upload Thread in 00:00:00.0450000
2016/10/07 08:24:50 Debug > Completed Netflow Upload Thread in 00:00:00.0200000
2016/10/07 08:24:50 Debug > Completed Netstat Upload Thread in 00:00:00.0580000
2016/10/07 08:24:50 Info > Completed data upload process. Total Elapsed Time: 00:00:00.0990000
2016/10/07 08:29:50 Info > Staring Double-Take collection process with 10 threads
2016/10/07 08:29:50 Info > Completed Double-Take collection for 0 jobs in 00:00:00.1990000 [next run at 10/7/2016 8:34:50 AM]
2016/10/07 08:29:50 Info > Staring data upload process
2016/10/07 08:29:50 Debug > Starting Performance Upload Thread
2016/10/07 08:29:50 Debug > Starting Netstat Upload Thread
2016/10/07 08:29:50 Debug > Starting Netflow Upload Thread
2016/10/07 08:29:50 Debug > Completed Netstat Upload Thread in 00:00:00.0100000
2016/10/07 08:29:50 Debug > Completed Netflow Upload Thread in 00:00:00.0050000
2016/10/07 08:29:50 Debug > Completed Performance Upload Thread in 00:00:00.0680000
2016/10/07 08:29:50 Info > Completed data upload process. Total Elapsed Time: 00:00:00.0800000
2016/10/07 08:34:49 Info > Staring Double-Take Event collection process with 5 threads
2016/10/07 08:34:49 Info > Completed Double-Take Event collection for 0 workloads in 00:00:00.0710000 [next run at 10/7/2016 8:44:49 AM]
2016/10/07 08:34:50 Info > Staring Double-Take collection process with 10 threads
2016/10/07 08:34:50 Info > Completed Double-Take collection for 0 jobs in 00:00:00.0790000 [next run at 10/7/2016 8:39:50 AM]
2016/10/07 08:34:51 Info > Staring data upload process
2016/10/07 08:34:51 Debug > Starting Performance Upload Thread
2016/10/07 08:34:51 Debug > Starting Netstat Upload Thread
2016/10/07 08:34:51 Debug > Starting Netflow Upload Thread
2016/10/07 08:34:51 Debug > Completed Performance Upload Thread in 00:00:00.0310000
2016/10/07 08:34:51 Debug > Completed Netstat Upload Thread in 00:00:00.0370000
2016/10/07 08:34:51 Debug > Completed Netflow Upload Thread in 00:00:00.0410000
2016/10/07 08:34:51 Info > Completed data upload process. Total Elapsed Time: 00:00:00.0740000
2016/10/07 08:39:50 Info > Staring Double-Take collection process with 10 threads
2016/10/07 08:39:51 Info > Staring data upload process
2016/10/07 08:39:51 Debug > Starting Performance Upload Thread
2016/10/07 08:39:51 Debug > Starting Netstat Upload Thread
2016/10/07 08:39:51 Debug > Starting Netflow Upload Thread
2016/10/07 08:39:51 Debug > Completed Netstat Upload Thread in 00:00:00.0280000
2016/10/07 08:39:51 Info > Completed Double-Take collection for 0 jobs in 00:00:00.3320000 [next run at 10/7/2016 8:44:50 AM]
2016/10/07 08:39:51 Debug > Completed Performance Upload Thread in 00:00:00.0430000
2016/10/07 08:39:51 Debug > Completed Netflow Upload Thread in 00:00:00.0470000
2016/10/07 08:39:51 Info > Completed data upload process. Total Elapsed Time: 00:00:00.0680000
2016/10/07 08:44:49 Info > Staring Double-Take Event collection process with 5 threads
2016/10/07 08:44:49 Info > Completed Double-Take Event collection for 0 workloads in 00:00:00.1810000 [next run at 10/7/2016 8:54:49 AM]
2016/10/07 08:44:51 Info > Staring Double-Take collection process with 10 threads
2016/10/07 08:44:51 Info > Staring data upload process
2016/10/07 08:44:51 Debug > Starting Performance Upload Thread
2016/10/07 08:44:51 Debug > Starting Netstat Upload Thread
2016/10/07 08:44:51 Debug > Starting Netflow Upload Thread
2016/10/07 08:44:51 Info > Completed Double-Take collection for 0 jobs in 00:00:00.0930000 [next run at 10/7/2016 8:49:51 AM]
2016/10/07 08:44:51 Debug > Completed Netstat Upload Thread in 00:00:00.0640000
2016/10/07 08:44:51 Debug > Completed Netflow Upload Thread in 00:00:00.0400000
2016/10/07 08:44:51 Debug > Completed Performance Upload Thread in 00:00:00.0930000
2016/10/07 08:44:51 Info > Completed data upload process. Total Elapsed Time: 00:00:00.1040000
2016/10/07 08:49:51 Info > Staring Double-Take collection process with 10 threads
2016/10/07 08:49:51 Info > Staring data upload process
2016/10/07 08:49:51 Debug > Starting Performance Upload Thread
2016/10/07 08:49:51 Debug > Starting Netstat Upload Thread
2016/10/07 08:49:51 Debug > Starting Netflow Upload Thread
2016/10/07 08:49:51 Debug > Completed Performance Upload Thread in 00:00:00.0570000
2016/10/07 08:49:51 Debug > Completed Netstat Upload Thread in 00:00:00.0200000
2016/10/07 08:49:51 Debug > Completed Netflow Upload Thread in 00:00:00.0260000
2016/10/07 08:49:51 Info > Completed data upload process. Total Elapsed Time: 00:00:00.1050000
2016/10/07 08:49:51 Info > Completed Double-Take collection for 0 jobs in 00:00:00.2230000 [next run at 10/7/2016 8:54:51 AM]
2016/10/07 08:54:48 Info > Netstat: Staring netstat collection process with 10 threads
2016/10/07 08:54:48 Info > Netstat: Completed netstat collection for 0 workloads in 00:00:00.1130000 [next run at 10/7/2016 9:24:48 AM]
2016/10/07 08:54:49 Info > Staring Double-Take Event collection process with 5 threads
2016/10/07 08:54:49 Info > Completed Double-Take Event collection for 0 workloads in 00:00:00.1910000 [next run at 10/7/2016 9:04:49 AM]
2016/10/07 08:54:51 Info > Staring data upload process
2016/10/07 08:54:51 Debug > Starting Performance Upload Thread
2016/10/07 08:54:51 Debug > Starting Netstat Upload Thread
2016/10/07 08:54:51 Debug > Starting Netflow Upload Thread
2016/10/07 08:54:51 Debug > Completed Netstat Upload Thread in 00:00:00.0210000
2016/10/07 08:54:51 Debug > Completed Netflow Upload Thread in 00:00:00.0140000
2016/10/07 08:54:51 Debug > Completed Performance Upload Thread in 00:00:00.0730000
2016/10/07 08:54:51 Info > Completed data upload process. Total Elapsed Time: 00:00:00.0870000
2016/10/07 08:54:51 Info > Staring Double-Take collection process with 10 threads
2016/10/07 08:54:51 Info > Completed Double-Take collection for 0 jobs in 00:00:00.1900000 [next run at 10/7/2016 8:59:51 AM]
2016/10/07 08:59:51 Info > Staring data upload process
2016/10/07 08:59:51 Debug > Starting Performance Upload Thread
2016/10/07 08:59:51 Debug > Starting Netstat Upload Thread
2016/10/07 08:59:51 Debug > Starting Netflow Upload Thread
2016/10/07 08:59:51 Debug > Completed Performance Upload Thread in 00:00:00.0450000
2016/10/07 08:59:51 Debug > Completed Netstat Upload Thread in 00:00:00.0250000
2016/10/07 08:59:51 Debug > Completed Netflow Upload Thread in 00:00:00.0290000
2016/10/07 08:59:51 Info > Completed data upload process. Total Elapsed Time: 00:00:00.0930000
2016/10/07 08:59:51 Info > Staring Double-Take collection process with 10 threads
2016/10/07 08:59:52 Info > Completed Double-Take collection for 0 jobs in 00:00:00.3600000 [next run at 10/7/2016 9:04:51 AM]
2016/10/07 09:04:49 Info > Staring Double-Take Event collection process with 5 threads
2016/10/07 09:04:51 Info > Staring data upload process
2016/10/07 09:04:51 Debug > Starting Performance Upload Thread
2016/10/07 09:04:51 Debug > Starting Netstat Upload Thread
2016/10/07 09:04:51 Debug > Starting Netflow Upload Thread
2016/10/07 09:04:51 Debug > Completed Netstat Upload Thread in 00:00:00.0270000
2016/10/07 09:04:51 Debug > Completed Performance Upload Thread in 00:00:00.0460000
2016/10/07 09:04:51 Debug > Completed Netflow Upload Thread in 00:00:00.0320000
2016/10/07 09:04:51 Info > Completed data upload process. Total Elapsed Time: 00:00:00.0700000
2016/10/07 09:04:51 Info > Completed Double-Take Event collection for 0 workloads in 00:00:01.8860000 [next run at 10/7/2016 9:14:49 AM]
2016/10/07 09:04:52 Info > Staring Double-Take collection process with 10 threads
2016/10/07 09:04:53 Info > Completed Double-Take collection for 0 jobs in 00:00:01.2540000 [next run at 10/7/2016 9:09:52 AM]
2016/10/07 09:09:51 Info > Staring data upload process
2016/10/07 09:09:51 Debug > Starting Performance Upload Thread
2016/10/07 09:09:51 Debug > Starting Netstat Upload Thread
2016/10/07 09:09:51 Debug > Starting Netflow Upload Thread
2016/10/07 09:09:51 Debug > Completed Netflow Upload Thread in 00:00:00.0050000
2016/10/07 09:09:51 Debug > Completed Netstat Upload Thread in 00:00:00.0400000
2016/10/07 09:09:51 Debug > Completed Performance Upload Thread in 00:00:00.0840000
2016/10/07 09:09:51 Info > Completed data upload process. Total Elapsed Time: 00:00:00.1320000
2016/10/07 09:09:53 Info > Staring Double-Take collection process with 10 threads
2016/10/07 09:09:53 Info > Completed Double-Take collection for 0 jobs in 00:00:00.0750000 [next run at 10/7/2016 9:14:53 AM]
2016/10/07 09:14:51 Info > Staring Double-Take Event collection process with 5 threads
2016/10/07 09:14:51 Info > Staring data upload process
2016/10/07 09:14:51 Debug > Starting Performance Upload Thread
2016/10/07 09:14:51 Debug > Starting Netstat Upload Thread
2016/10/07 09:14:51 Debug > Starting Netflow Upload Thread
2016/10/07 09:14:51 Debug > Completed Performance Upload Thread in 00:00:00.0420000
2016/10/07 09:14:51 Debug > Completed Netflow Upload Thread in 00:00:00.0290000
2016/10/07 09:14:52 Debug > Completed Netstat Upload Thread in 00:00:00.0450000
2016/10/07 09:14:52 Info > Completed data upload process. Total Elapsed Time: 00:00:00.0860000
2016/10/07 09:14:52 Info > Completed Double-Take Event collection for 0 workloads in 00:00:00.2030000 [next run at 10/7/2016 9:24:51 AM]
2016/10/07 09:14:53 Info > Staring Double-Take collection process with 10 threads
2016/10/07 09:14:53 Info > Completed Double-Take collection for 0 jobs in 00:00:00.1240000 [next run at 10/7/2016 9:19:53 AM]
2016/10/07 09:19:52 Info > Staring data upload process
2016/10/07 09:19:52 Debug > Starting Performance Upload Thread
2016/10/07 09:19:52 Debug > Starting Netstat Upload Thread
2016/10/07 09:19:52 Debug > Completed Performance Upload Thread in 00:00:00.0740000
2016/10/07 09:19:52 Debug > Starting Netflow Upload Thread
2016/10/07 09:19:52 Debug > Completed Netstat Upload Thread in 00:00:00.0550000
2016/10/07 09:19:52 Debug > Completed Netflow Upload Thread in 00:00:00.0540000
2016/10/07 09:19:52 Info > Completed data upload process. Total Elapsed Time: 00:00:00.1870000
2016/10/07 09:19:53 Info > Staring Double-Take collection process with 10 threads
2016/10/07 09:19:53 Info > Completed Double-Take collection for 0 jobs in 00:00:00.2600000 [next run at 10/7/2016 9:24:53 AM]
2016/10/07 09:24:48 Info > Staring performance collection process with 10 threads
2016/10/07 09:24:48 Info > Netstat: Staring netstat collection process with 10 threads
2016/10/07 09:24:49 Info > Completed performance collection for 0 workloads in 00:00:00.3020000 [next run at 10/7/2016 10:24:48 AM]
2016/10/07 09:24:49 Info > Netstat: Completed netstat collection for 0 workloads in 00:00:00.5770000 [next run at 10/7/2016 9:54:48 AM]
2016/10/07 09:24:52 Info > Staring Double-Take Event collection process with 5 threads
2016/10/07 09:24:52 Info > Staring data upload process
2016/10/07 09:24:52 Debug > Starting Performance Upload Thread
2016/10/07 09:24:52 Info > Completed Double-Take Event collection for 0 workloads in 00:00:00.1920000 [next run at 10/7/2016 9:34:52 AM]
2016/10/07 09:24:52 Debug > Starting Netstat Upload Thread
2016/10/07 09:24:52 Debug > Starting Netflow Upload Thread
2016/10/07 09:24:52 Debug > Completed Performance Upload Thread in 00:00:00.0430000
2016/10/07 09:24:52 Debug > Completed Netflow Upload Thread in 00:00:00.0200000
2016/10/07 09:24:52 Debug > Completed Netstat Upload Thread in 00:00:00.0430000
2016/10/07 09:24:52 Info > Completed data upload process. Total Elapsed Time: 00:00:00.0750000
2016/10/07 09:24:53 Info > Staring Double-Take collection process with 10 threads
2016/10/07 09:24:54 Info > Completed Double-Take collection for 0 jobs in 00:00:00.2300000 [next run at 10/7/2016 9:29:53 AM]
2016/10/07 09:29:52 Info > Staring data upload process
2016/10/07 09:29:52 Debug > Starting Performance Upload Thread
2016/10/07 09:29:52 Debug > Starting Netstat Upload Thread
2016/10/07 09:29:52 Debug > Starting Netflow Upload Thread
2016/10/07 09:29:52 Debug > Completed Performance Upload Thread in 00:00:00.0890000
2016/10/07 09:29:52 Debug > Completed Netflow Upload Thread in 00:00:00.0120000
2016/10/07 09:29:52 Debug > Completed Netstat Upload Thread in 00:00:00.0470000
2016/10/07 09:29:52 Info > Completed data upload process. Total Elapsed Time: 00:00:00.1600000
2016/10/07 09:29:54 Info > Staring Double-Take collection process with 10 threads
2016/10/07 09:29:55 Info > Completed Double-Take collection for 0 jobs in 00:00:00.8580000 [next run at 10/7/2016 9:34:54 AM]
2016/10/07 09:34:52 Info > Staring Double-Take Event collection process with 5 threads
2016/10/07 09:34:52 Info > Staring data upload process
2016/10/07 09:34:52 Debug > Starting Performance Upload Thread
2016/10/07 09:34:52 Debug > Starting Netstat Upload Thread
2016/10/07 09:34:52 Debug > Starting Netflow Upload Thread
2016/10/07 09:34:52 Debug > Completed Performance Upload Thread in 00:00:00.0420000
2016/10/07 09:34:52 Debug > Completed Netstat Upload Thread in 00:00:00.0350000
2016/10/07 09:34:52 Debug > Completed Netflow Upload Thread in 00:00:00.0450000
2016/10/07 09:34:52 Info > Completed data upload process. Total Elapsed Time: 00:00:00.0730000
2016/10/07 09:34:53 Info > Completed Double-Take Event collection for 0 workloads in 00:00:01.6500000 [next run at 10/7/2016 9:44:52 AM]
2016/10/07 09:34:55 Info > Staring Double-Take collection process with 10 threads
2016/10/07 09:34:55 Info > Completed Double-Take collection for 0 jobs in 00:00:00.1190000 [next run at 10/7/2016 9:39:55 AM]
2016/10/07 10:12:14 Info > Netstat: Staring netstat collection process with 10 threads
2016/10/07 10:12:14 Info > Staring data upload process
2016/10/07 10:12:14 Info > Staring Double-Take Event collection process with 5 threads
2016/10/07 10:12:14 Info > Staring Double-Take collection process with 10 threads
2016/10/07 10:12:19 Debug > Starting Performance Upload Thread
2016/10/07 10:12:19 Debug > Starting Netstat Upload Thread
2016/10/07 10:12:19 Debug > Completed Netstat Upload Thread in 00:00:00.0170000
2016/10/07 10:12:19 Debug > Completed Performance Upload Thread in 00:00:00.1140000
2016/10/07 10:12:19 Debug > Starting Netflow Upload Thread
2016/10/07 10:12:19 Debug > Completed Netflow Upload Thread in 00:00:00.0970000
2016/10/07 10:12:19 Info > Completed data upload process. Total Elapsed Time: 00:00:00.8390000
2016/10/07 10:12:29 Error > Unexpected error connecting to http://10.0.74.3:3000/api/v1/workloads/list_dt_installed.json with error (The operation has timed out)
2016/10/07 10:12:29 Error > Unexpected error connecting to http://10.0.74.3:3000/api/v1/workloads/list.json with error (The operation has timed out)
2016/10/07 10:12:29 Error > Unexpected error connecting to http://10.0.74.3:3000/api/v1/managementobjects/list.json with error (The operation has timed out)
2016/10/07 10:12:29 Error > Unexpected error connecting to http://10.0.74.3:3000/api/v1/tasks/list.json with error (The operation has timed out)
2016/10/07 10:13:09 Error > Unexpected error connecting to http://10.0.74.3:3000/api/v1/workloads/list.json with error (The operation has timed out)
2016/10/07 10:13:09 Error > Unexpected error connecting to http://10.0.74.3:3000/api/v1/managementobjects/list.json with error (The operation has timed out)
2016/10/07 10:13:09 Error > Unexpected error connecting to http://10.0.74.3:3000/api/v1/workloads/list_dt_installed.json with error (The operation has timed out)
2016/10/07 10:13:09 Error > Unexpected error connecting to http://10.0.74.3:3000/api/v1/tasks/list.json with error (The operation has timed out)
2016/10/07 10:14:44 Error > Unexpected error connecting to http://10.0.74.3:3000/api/v1/managementobjects/list.json with error (The operation has timed out)
2016/10/07 10:14:44 Error > Unexpected error connecting to http://10.0.74.3:3000/api/v1/workloads/list.json with error (The operation has timed out)
2016/10/07 10:14:44 Error > Unexpected error connecting to http://10.0.74.3:3000/api/v1/workloads/list_dt_installed.json with error (The operation has timed out)
2016/10/07 10:14:47 Error > Unexpected error connecting to http://10.0.74.3:3000/api/v1/tasks/list.json with error (The operation has timed out)
2016/10/07 10:15:24 Error > Unexpected error connecting to http://10.0.74.3:3000/api/v1/managementobjects/list.json with error (The operation has timed out)
2016/10/07 10:15:25 Error > Unexpected error connecting to http://10.0.74.3:3000/api/v1/workloads/list_dt_installed.json with error (The operation has timed out)
2016/10/07 10:15:25 Error > Unexpected error connecting to http://10.0.74.3:3000/api/v1/workloads/list.json with error (The operation has timed out)
2016/10/07 10:15:27 Error > Unexpected error connecting to http://10.0.74.3:3000/api/v1/tasks/list.json with error (The operation has timed out)
