2016/07/11 03:27:27 Debug > Starting Manager Service
2016/07/11 03:27:27 Info > Verifying database
2016/07/11 03:27:27 Info > Compacting database
2016/07/11 03:27:28 Debug > Starting WCF Service
2016/07/11 03:27:28 Info > Debug Enabled!
2016/07/11 03:27:28 Info > MRP Manager ID:9539656e4ba04a0394217fb0a240a331
2016/07/11 03:28:13 Debug > Starting Manager Service
2016/07/11 03:28:13 Info > Verifying database
2016/07/11 03:28:13 Info > Compacting database
2016/07/11 03:28:13 Debug > Starting WCF Service
2016/07/11 03:28:13 Info > Debug Enabled!
2016/07/11 03:28:13 Info > MRP Manager ID:9539656e4ba04a0394217fb0a240a331
2016/07/11 03:28:14 Debug > organization id: 7b6865d87b824b4a97d563ae5e5d35e7
2016/07/11 03:28:14 Debug > Starting Scheduler Thread
2016/07/11 03:28:14 Debug > Starting Mirror Thread
2016/07/11 03:28:14 Debug > Starting Performance Collection Thread
2016/07/11 03:28:14 Info > Staring platform inventory process with 10 threads
2016/07/11 03:28:14 Debug > Starting Netflow v5 Collection Thread
2016/07/11 03:28:14 Debug > Starting Data Upload Thread
2016/07/11 03:28:14 Info > Staring data upload process
2016/07/11 03:28:14 Debug > Starting OS Inventory Thread
2016/07/11 03:28:14 Debug > Starting Performance Upload Thread
2016/07/11 03:28:14 Info > Staring operating system inventory process with 10 threads
2016/07/11 03:28:14 Debug > Starting Netflow Upload Thread
2016/07/11 03:28:14 Info > Staring performance collection process with 10 threads
2016/07/11 03:28:14 Debug > Starting Netstat Upload Thread
2016/07/11 03:28:14 Debug > Starting OS Netstat Thread
2016/07/11 03:28:14 Info > Netstat: Staring netstat collection process with 10 threads
2016/07/11 03:28:14 Info > Completed platform inventory for 0 platforms in 00:00:00.2230000 [next run at 7/12/2016 3:28:14 PM]
2016/07/11 03:28:14 Debug > Starting DT Polling Thread
2016/07/11 03:28:14 Info > Staring Double-Take collection process with 10 threads
2016/07/11 03:28:14 Info > Inventory: Started inventory collection for phillip-System-Asus : 192.168.0.100
2016/07/11 03:28:14 Info > Performance: Start performance collection for phillip-System-Asus using 192.168.0.100
2016/07/11 03:28:14 Info > Completed Double-Take collection for 0 jobs in 00:00:00.0810000 [next run at 7/11/2016 3:38:14 PM]
2016/07/11 03:28:14 Info > Netstat: Started netstat collection for phillip-System-Asus : 192.168.0.100
2016/07/11 03:28:15 Debug > Deleting uploaded Netstat records: 0
2016/07/11 03:28:15 Debug > Took 00:00:00 to delete 0 performance records
2016/07/11 03:28:15 Debug > Completed Nestat Upload Thread in 00:00:01.3700000
2016/07/11 03:28:15 Debug > Took 00:00:00 to delete 0 netflow records
2016/07/11 03:28:15 Debug > Completed Netflow Upload Thread in 00:00:01.4840000
2016/07/11 03:28:15 Debug > Deleting uploaded performance records: 0
2016/07/11 03:28:15 Debug > Took 00:00:00 to delete 0 performance records
2016/07/11 03:28:15 Debug > Completed Performance Upload Thread in 00:00:01.5600000
2016/07/11 03:28:15 Info > Completed data upload process. Total Elapsed Time: 00:00:01.5930000
2016/07/11 03:28:15 Info > Inventory: Completed netstat collection for phillip-System-Asus : 192.168.0.100
2016/07/11 03:28:15 Info > Netstat: Completed netstat collection for 1 workloads in 00:00:01.4160000 [next run at 7/11/2016 3:58:14 PM]
2016/07/11 03:28:15 Info > Inventory: Completed inventory collection for phillip-System-Asus : 192.168.0.100
2016/07/11 03:28:16 Info > Completed operating system inventory for 1 workloads in 00:00:01.8070000 [next run at 7/12/2016 3:28:14 PM]
2016/07/11 03:29:37 Info > Performance: Completed performance collection for phillip-System-Asus using 192.168.0.100
2016/07/11 03:29:37 Info > Completed performance collection for 1 workloads in 00:01:23.7030000 [next run at 7/11/2016 4:28:14 PM]
2016/07/11 03:30:09 Info > Shutdown initiated, waiting from threads to stops
2016/07/11 03:30:09 Info > Shutdown complete!
2016/07/11 03:31:14 Debug > Starting Manager Service
2016/07/11 03:31:15 Info > Verifying database
2016/07/11 03:31:15 Info > Compacting database
2016/07/11 03:31:15 Debug > Starting WCF Service
2016/07/11 03:31:15 Info > Debug Enabled!
2016/07/11 03:31:15 Info > MRP Manager ID:9539656e4ba04a0394217fb0a240a331
2016/07/11 03:31:15 Debug > organization id: 7b6865d87b824b4a97d563ae5e5d35e7
2016/07/11 03:31:15 Debug > Starting Scheduler Thread
2016/07/11 03:31:15 Debug > Starting Mirror Thread
2016/07/11 03:31:15 Info > Staring platform inventory process with 10 threads
2016/07/11 03:31:15 Debug > Starting Performance Collection Thread
2016/07/11 03:31:15 Debug > Starting Netflow v5 Collection Thread
2016/07/11 03:31:15 Info > Staring performance collection process with 10 threads
2016/07/11 03:31:16 Debug > Starting Data Upload Thread
2016/07/11 03:31:16 Info > Staring data upload process
2016/07/11 03:31:16 Debug > Starting OS Inventory Thread
2016/07/11 03:31:16 Info > Staring operating system inventory process with 10 threads
2016/07/11 03:31:16 Debug > Starting Performance Upload Thread
2016/07/11 03:31:16 Info > Completed platform inventory for 0 platforms in 00:00:00.1900000 [next run at 7/12/2016 3:31:15 PM]
2016/07/11 03:31:16 Debug > Starting OS Netstat Thread
2016/07/11 03:31:16 Debug > Starting Netflow Upload Thread
2016/07/11 03:31:16 Debug > Starting Netstat Upload Thread
2016/07/11 03:31:16 Info > Performance: Start performance collection for phillip-System-Asus using 192.168.0.100
2016/07/11 03:31:16 Info > Inventory: Started inventory collection for phillip-System-Asus : 192.168.0.100
2016/07/11 03:31:16 Debug > Starting DT Polling Thread
2016/07/11 03:31:16 Info > Netstat: Staring netstat collection process with 10 threads
2016/07/11 03:31:16 Info > Staring Double-Take collection process with 10 threads
2016/07/11 03:31:16 Info > Completed Double-Take collection for 0 jobs in 00:00:00.1110000 [next run at 7/11/2016 3:41:16 PM]
2016/07/11 03:31:16 Info > Netstat: Started netstat collection for phillip-System-Asus : 192.168.0.100
2016/07/11 03:31:17 Info > Performance: Completed performance collection for phillip-System-Asus using 192.168.0.100
2016/07/11 03:31:17 Debug > Took 00:00:00 to delete 0 netflow records
2016/07/11 03:31:17 Debug > Completed Netflow Upload Thread in 00:00:01.0410000
2016/07/11 03:31:17 Info > Completed performance collection for 1 workloads in 00:00:01.3740000 [next run at 7/11/2016 4:31:15 PM]
2016/07/11 03:31:17 Debug > Deleting uploaded Netstat records: 9
2016/07/11 03:31:17 Info > Inventory: Completed inventory collection for phillip-System-Asus : 192.168.0.100
2016/07/11 03:31:17 Info > Completed operating system inventory for 1 workloads in 00:00:01.4240000 [next run at 7/12/2016 3:31:16 PM]
2016/07/11 03:31:17 Info > Inventory: Completed netstat collection for phillip-System-Asus : 192.168.0.100
2016/07/11 03:31:17 Info > Netstat: Completed netstat collection for 1 workloads in 00:00:01.2920000 [next run at 7/11/2016 4:01:16 PM]
2016/07/11 03:31:17 Debug > Took 00:00:00.0910000 to delete 9 performance records
2016/07/11 03:31:17 Debug > Completed Nestat Upload Thread in 00:00:01.2760000
2016/07/11 03:31:23 Debug > Deleting uploaded performance records: 1819
2016/07/11 03:31:24 Debug > Took 00:00:01.1260000 to delete 1819 performance records
2016/07/11 03:31:24 Debug > Completed Performance Upload Thread in 00:00:08.7880000
2016/07/11 03:31:24 Info > Completed data upload process. Total Elapsed Time: 00:00:08.9180000
2016/07/11 03:36:20 Info > Staring data upload process
2016/07/11 03:36:20 Debug > Starting Performance Upload Thread
2016/07/11 03:36:20 Debug > Starting Netstat Upload Thread
2016/07/11 03:36:20 Debug > Starting Netflow Upload Thread
2016/07/11 03:36:20 Debug > Took 00:00:00 to delete 0 netflow records
2016/07/11 03:36:20 Debug > Completed Netflow Upload Thread in 00:00:00.0630000
2016/07/11 03:36:20 Debug > Deleting uploaded Netstat records: 9
2016/07/11 03:36:20 Debug > Took 00:00:00.0210000 to delete 9 performance records
2016/07/11 03:36:20 Debug > Completed Nestat Upload Thread in 00:00:00.1600000
2016/07/11 03:36:20 Debug > Deleting uploaded performance records: 0
2016/07/11 03:36:20 Debug > Took 00:00:00 to delete 0 performance records
2016/07/11 03:36:20 Debug > Completed Performance Upload Thread in 00:00:00.2680000
2016/07/11 03:36:20 Info > Completed data upload process. Total Elapsed Time: 00:00:00.2800000
2016/07/11 03:41:16 Info > Staring Double-Take collection process with 10 threads
2016/07/11 03:41:16 Info > Completed Double-Take collection for 0 jobs in 00:00:00.0590000 [next run at 7/11/2016 3:51:16 PM]
2016/07/11 03:41:20 Info > Staring data upload process
2016/07/11 03:41:20 Debug > Starting Performance Upload Thread
2016/07/11 03:41:20 Debug > Starting Netstat Upload Thread
2016/07/11 03:41:20 Debug > Starting Netflow Upload Thread
2016/07/11 03:41:20 Debug > Took 00:00:00 to delete 0 netflow records
2016/07/11 03:41:20 Debug > Completed Netflow Upload Thread in 00:00:00.0240000
2016/07/11 03:41:20 Debug > Deleting uploaded Netstat records: 0
2016/07/11 03:41:20 Debug > Took 00:00:00 to delete 0 performance records
2016/07/11 03:41:20 Debug > Completed Nestat Upload Thread in 00:00:00.0460000
2016/07/11 03:41:20 Debug > Deleting uploaded performance records: 0
2016/07/11 03:41:20 Debug > Took 00:00:00 to delete 0 performance records
2016/07/11 03:41:20 Debug > Completed Performance Upload Thread in 00:00:00.1640000
2016/07/11 03:41:20 Info > Completed data upload process. Total Elapsed Time: 00:00:00.1730000
2016/07/11 03:46:20 Info > Staring data upload process
2016/07/11 03:46:20 Debug > Starting Performance Upload Thread
2016/07/11 03:46:20 Debug > Starting Netstat Upload Thread
2016/07/11 03:46:20 Debug > Starting Netflow Upload Thread
2016/07/11 03:46:20 Debug > Deleting uploaded Netstat records: 0
2016/07/11 03:46:20 Debug > Took 00:00:00 to delete 0 performance records
2016/07/11 03:46:20 Debug > Completed Nestat Upload Thread in 00:00:00.0690000
2016/07/11 03:46:20 Debug > Took 00:00:00 to delete 0 netflow records
2016/07/11 03:46:20 Debug > Completed Netflow Upload Thread in 00:00:00.0830000
2016/07/11 03:46:20 Debug > Deleting uploaded performance records: 0
2016/07/11 03:46:20 Debug > Took 00:00:00 to delete 0 performance records
2016/07/11 03:46:20 Debug > Completed Performance Upload Thread in 00:00:00.1400000
2016/07/11 03:46:20 Info > Completed data upload process. Total Elapsed Time: 00:00:00.1500000
2016/07/11 03:51:16 Info > Staring Double-Take collection process with 10 threads
2016/07/11 03:51:16 Info > Completed Double-Take collection for 0 jobs in 00:00:00.0580000 [next run at 7/11/2016 4:01:16 PM]
2016/07/11 03:51:20 Info > Staring data upload process
2016/07/11 03:51:20 Debug > Starting Performance Upload Thread
2016/07/11 03:51:20 Debug > Starting Netflow Upload Thread
2016/07/11 03:51:20 Debug > Starting Netstat Upload Thread
2016/07/11 03:51:20 Debug > Deleting uploaded Netstat records: 0
2016/07/11 03:51:20 Debug > Took 00:00:00 to delete 0 performance records
2016/07/11 03:51:20 Debug > Completed Nestat Upload Thread in 00:00:00.0320000
2016/07/11 03:51:20 Debug > Took 00:00:00 to delete 0 netflow records
2016/07/11 03:51:20 Debug > Completed Netflow Upload Thread in 00:00:00.0530000
2016/07/11 03:51:20 Debug > Deleting uploaded performance records: 0
2016/07/11 03:51:20 Debug > Took 00:00:00 to delete 0 performance records
2016/07/11 03:51:20 Debug > Completed Performance Upload Thread in 00:00:00.1830000
2016/07/11 03:51:20 Info > Completed data upload process. Total Elapsed Time: 00:00:00.1940000
2016/07/11 03:56:20 Info > Staring data upload process
2016/07/11 03:56:20 Debug > Starting Performance Upload Thread
2016/07/11 03:56:20 Debug > Starting Netstat Upload Thread
2016/07/11 03:56:20 Debug > Starting Netflow Upload Thread
2016/07/11 03:56:21 Debug > Took 00:00:00 to delete 0 netflow records
2016/07/11 03:56:21 Debug > Completed Netflow Upload Thread in 00:00:00.0310000
2016/07/11 03:56:21 Debug > Deleting uploaded Netstat records: 0
2016/07/11 03:56:21 Debug > Took 00:00:00 to delete 0 performance records
2016/07/11 03:56:21 Debug > Completed Nestat Upload Thread in 00:00:00.0700000
2016/07/11 03:56:21 Debug > Deleting uploaded performance records: 0
2016/07/11 03:56:21 Debug > Took 00:00:00 to delete 0 performance records
2016/07/11 03:56:21 Debug > Completed Performance Upload Thread in 00:00:00.1710000
2016/07/11 03:56:21 Info > Completed data upload process. Total Elapsed Time: 00:00:00.1850000
2016/07/11 04:01:16 Info > Staring Double-Take collection process with 10 threads
2016/07/11 04:01:16 Info > Completed Double-Take collection for 0 jobs in 00:00:00.0550000 [next run at 7/11/2016 4:11:16 PM]
2016/07/11 04:01:17 Info > Netstat: Staring netstat collection process with 10 threads
2016/07/11 04:01:17 Info > Netstat: Started netstat collection for phillip-System-Asus : 192.168.0.100
2016/07/11 04:01:18 Info > Inventory: Completed netstat collection for phillip-System-Asus : 192.168.0.100
2016/07/11 04:01:18 Info > Netstat: Completed netstat collection for 1 workloads in 00:00:00.8880000 [next run at 7/11/2016 4:31:17 PM]
2016/07/11 04:01:21 Info > Staring data upload process
2016/07/11 04:01:21 Debug > Starting Performance Upload Thread
2016/07/11 04:01:21 Debug > Starting Netstat Upload Thread
2016/07/11 04:01:21 Debug > Starting Netflow Upload Thread
2016/07/11 04:01:21 Debug > Took 00:00:00 to delete 0 netflow records
2016/07/11 04:01:21 Debug > Completed Netflow Upload Thread in 00:00:00.0870000
2016/07/11 04:01:21 Debug > Deleting uploaded performance records: 0
2016/07/11 04:01:21 Debug > Took 00:00:00 to delete 0 performance records
2016/07/11 04:01:21 Debug > Completed Performance Upload Thread in 00:00:00.1550000
2016/07/11 04:01:21 Debug > Deleting uploaded Netstat records: 9
2016/07/11 04:01:21 Debug > Took 00:00:00.0180000 to delete 9 performance records
2016/07/11 04:01:21 Debug > Completed Nestat Upload Thread in 00:00:00.2260000
2016/07/11 04:01:21 Info > Completed data upload process. Total Elapsed Time: 00:00:00.2490000
2016/07/11 04:06:21 Info > Staring data upload process
2016/07/11 04:06:21 Debug > Starting Performance Upload Thread
2016/07/11 04:06:21 Debug > Starting Netstat Upload Thread
2016/07/11 04:06:21 Debug > Starting Netflow Upload Thread
2016/07/11 04:06:21 Debug > Took 00:00:00 to delete 0 netflow records
2016/07/11 04:06:21 Debug > Completed Netflow Upload Thread in 00:00:00.0780000
2016/07/11 04:06:21 Debug > Deleting uploaded Netstat records: 0
2016/07/11 04:06:21 Debug > Took 00:00:00 to delete 0 performance records
2016/07/11 04:06:21 Debug > Completed Nestat Upload Thread in 00:00:00.1000000
2016/07/11 04:06:21 Debug > Deleting uploaded performance records: 0
2016/07/11 04:06:21 Debug > Took 00:00:00 to delete 0 performance records
2016/07/11 04:06:21 Debug > Completed Performance Upload Thread in 00:00:00.1690000
2016/07/11 04:06:21 Info > Completed data upload process. Total Elapsed Time: 00:00:00.1790000
2016/07/11 04:11:16 Info > Staring Double-Take collection process with 10 threads
2016/07/11 04:11:16 Info > Completed Double-Take collection for 0 jobs in 00:00:00.0610000 [next run at 7/11/2016 4:21:16 PM]
2016/07/11 04:11:21 Info > Staring data upload process
2016/07/11 04:11:21 Debug > Starting Performance Upload Thread
2016/07/11 04:11:21 Debug > Starting Netstat Upload Thread
2016/07/11 04:11:21 Debug > Starting Netflow Upload Thread
2016/07/11 04:11:21 Debug > Took 00:00:00 to delete 0 netflow records
2016/07/11 04:11:21 Debug > Completed Netflow Upload Thread in 00:00:00.0300000
2016/07/11 04:11:21 Debug > Deleting uploaded Netstat records: 0
2016/07/11 04:11:21 Debug > Took 00:00:00 to delete 0 performance records
2016/07/11 04:11:21 Debug > Completed Nestat Upload Thread in 00:00:00.0580000
2016/07/11 04:11:21 Debug > Deleting uploaded performance records: 0
2016/07/11 04:11:21 Debug > Took 00:00:00 to delete 0 performance records
2016/07/11 04:11:21 Debug > Completed Performance Upload Thread in 00:00:00.1800000
2016/07/11 04:11:21 Info > Completed data upload process. Total Elapsed Time: 00:00:00.1920000
2016/07/11 04:16:21 Info > Staring data upload process
2016/07/11 04:16:21 Debug > Starting Performance Upload Thread
2016/07/11 04:16:21 Debug > Starting Netstat Upload Thread
2016/07/11 04:16:21 Debug > Starting Netflow Upload Thread
2016/07/11 04:16:21 Debug > Took 00:00:00 to delete 0 netflow records
2016/07/11 04:16:21 Debug > Completed Netflow Upload Thread in 00:00:00.0350000
2016/07/11 04:16:21 Debug > Deleting uploaded Netstat records: 0
2016/07/11 04:16:21 Debug > Took 00:00:00 to delete 0 performance records
2016/07/11 04:16:22 Debug > Completed Nestat Upload Thread in 00:00:00.0620000
2016/07/11 04:16:22 Debug > Deleting uploaded performance records: 0
2016/07/11 04:16:22 Debug > Took 00:00:00 to delete 0 performance records
2016/07/11 04:16:22 Debug > Completed Performance Upload Thread in 00:00:00.1920000
2016/07/11 04:16:22 Info > Completed data upload process. Total Elapsed Time: 00:00:00.2010000
2016/07/11 04:21:16 Info > Staring Double-Take collection process with 10 threads
2016/07/11 04:21:17 Info > Completed Double-Take collection for 0 jobs in 00:00:00.0580000 [next run at 7/11/2016 4:31:16 PM]
2016/07/11 04:21:22 Info > Staring data upload process
2016/07/11 04:21:22 Debug > Starting Performance Upload Thread
2016/07/11 04:21:22 Debug > Starting Netflow Upload Thread
2016/07/11 04:21:22 Debug > Starting Netstat Upload Thread
2016/07/11 04:21:22 Debug > Deleting uploaded Netstat records: 0
2016/07/11 04:21:22 Debug > Took 00:00:00 to delete 0 performance records
2016/07/11 04:21:22 Debug > Completed Nestat Upload Thread in 00:00:00.0280000
2016/07/11 04:21:22 Debug > Took 00:00:00 to delete 0 netflow records
2016/07/11 04:21:22 Debug > Completed Netflow Upload Thread in 00:00:00.0500000
2016/07/11 04:21:22 Debug > Deleting uploaded performance records: 0
2016/07/11 04:21:22 Debug > Took 00:00:00 to delete 0 performance records
2016/07/11 04:21:22 Debug > Completed Performance Upload Thread in 00:00:00.1930000
2016/07/11 04:21:22 Info > Completed data upload process. Total Elapsed Time: 00:00:00.2100000
2016/07/11 04:26:22 Info > Staring data upload process
2016/07/11 04:26:22 Debug > Starting Performance Upload Thread
2016/07/11 04:26:22 Debug > Starting Netflow Upload Thread
2016/07/11 04:26:22 Debug > Starting Netstat Upload Thread
2016/07/11 04:26:22 Debug > Deleting uploaded Netstat records: 0
2016/07/11 04:26:22 Debug > Took 00:00:00 to delete 0 performance records
2016/07/11 04:26:22 Debug > Completed Nestat Upload Thread in 00:00:00.0450000
2016/07/11 04:26:22 Debug > Took 00:00:00 to delete 0 netflow records
2016/07/11 04:26:22 Debug > Completed Netflow Upload Thread in 00:00:00.0740000
2016/07/11 04:26:22 Debug > Deleting uploaded performance records: 0
2016/07/11 04:26:22 Debug > Took 00:00:00 to delete 0 performance records
2016/07/11 04:26:22 Debug > Completed Performance Upload Thread in 00:00:00.1950000
2016/07/11 04:26:22 Info > Completed data upload process. Total Elapsed Time: 00:00:00.2120000
2016/07/11 04:31:17 Info > Staring Double-Take collection process with 10 threads
2016/07/11 04:31:17 Info > Completed Double-Take collection for 0 jobs in 00:00:00.1790000 [next run at 7/11/2016 4:41:17 PM]
2016/07/11 04:31:17 Info > Staring performance collection process with 10 threads
2016/07/11 04:31:17 Info > Performance: Start performance collection for phillip-System-Asus using 192.168.0.100
2016/07/11 04:31:18 Info > Netstat: Staring netstat collection process with 10 threads
2016/07/11 04:31:18 Info > Netstat: Started netstat collection for phillip-System-Asus : 192.168.0.100
2016/07/11 04:31:19 Info > Inventory: Completed netstat collection for phillip-System-Asus : 192.168.0.100
2016/07/11 04:31:19 Info > Netstat: Completed netstat collection for 1 workloads in 00:00:00.6020000 [next run at 7/11/2016 5:01:18 PM]
2016/07/11 04:31:21 Info > Performance: Completed performance collection for phillip-System-Asus using 192.168.0.100
2016/07/11 04:31:22 Info > Completed performance collection for 1 workloads in 00:00:04.4060000 [next run at 7/11/2016 5:31:17 PM]
2016/07/11 04:31:22 Info > Staring data upload process
2016/07/11 04:31:22 Debug > Starting Performance Upload Thread
2016/07/11 04:31:22 Debug > Starting Netstat Upload Thread
2016/07/11 04:31:22 Debug > Starting Netflow Upload Thread
2016/07/11 04:31:22 Debug > Took 00:00:00 to delete 0 netflow records
2016/07/11 04:31:22 Debug > Completed Netflow Upload Thread in 00:00:00.0260000
2016/07/11 04:31:22 Debug > Deleting uploaded Netstat records: 9
2016/07/11 04:31:23 Debug > Took 00:00:00.0530000 to delete 9 performance records
2016/07/11 04:31:23 Debug > Completed Nestat Upload Thread in 00:00:00.3880000
2016/07/11 04:31:23 Debug > Deleting uploaded performance records: 107
2016/07/11 04:31:23 Debug > Took 00:00:00.0490000 to delete 107 performance records
2016/07/11 04:31:23 Debug > Completed Performance Upload Thread in 00:00:00.6400000
2016/07/11 04:31:23 Info > Completed data upload process. Total Elapsed Time: 00:00:00.6540000
2016/07/11 04:36:23 Info > Staring data upload process
2016/07/11 04:36:23 Debug > Starting Performance Upload Thread
2016/07/11 04:36:23 Debug > Starting Netstat Upload Thread
2016/07/11 04:36:23 Debug > Starting Netflow Upload Thread
2016/07/11 04:36:23 Debug > Deleting uploaded Netstat records: 0
2016/07/11 04:36:23 Debug > Took 00:00:00 to delete 0 performance records
2016/07/11 04:36:23 Debug > Took 00:00:00 to delete 0 netflow records
2016/07/11 04:36:23 Debug > Completed Netflow Upload Thread in 00:00:00.0540000
2016/07/11 04:36:23 Debug > Completed Nestat Upload Thread in 00:00:00.0530000
2016/07/11 04:36:23 Debug > Deleting uploaded performance records: 0
2016/07/11 04:36:23 Debug > Took 00:00:00 to delete 0 performance records
2016/07/11 04:36:23 Debug > Completed Performance Upload Thread in 00:00:00.1930000
2016/07/11 04:36:23 Info > Completed data upload process. Total Elapsed Time: 00:00:00.2090000
2016/07/11 04:41:17 Info > Staring Double-Take collection process with 10 threads
2016/07/11 04:41:18 Info > Completed Double-Take collection for 0 jobs in 00:00:00.8710000 [next run at 7/11/2016 4:51:17 PM]
2016/07/11 04:41:23 Info > Staring data upload process
2016/07/11 04:41:23 Debug > Starting Performance Upload Thread
2016/07/11 04:41:23 Debug > Starting Netstat Upload Thread
2016/07/11 04:41:23 Debug > Starting Netflow Upload Thread
2016/07/11 04:41:23 Debug > Deleting uploaded Netstat records: 0
2016/07/11 04:41:23 Debug > Took 00:00:00 to delete 0 performance records
2016/07/11 04:41:23 Debug > Completed Nestat Upload Thread in 00:00:00.0430000
2016/07/11 04:41:23 Debug > Took 00:00:00 to delete 0 netflow records
2016/07/11 04:41:23 Debug > Completed Netflow Upload Thread in 00:00:00.0540000
2016/07/11 04:41:23 Debug > Deleting uploaded performance records: 0
2016/07/11 04:41:23 Debug > Took 00:00:00 to delete 0 performance records
2016/07/11 04:41:23 Debug > Completed Performance Upload Thread in 00:00:00.1890000
2016/07/11 04:41:23 Info > Completed data upload process. Total Elapsed Time: 00:00:00.2010000
2016/07/11 04:46:23 Info > Staring data upload process
2016/07/11 04:46:23 Debug > Starting Performance Upload Thread
2016/07/11 04:46:23 Debug > Starting Netflow Upload Thread
2016/07/11 04:46:23 Debug > Starting Netstat Upload Thread
2016/07/11 04:46:23 Debug > Deleting uploaded Netstat records: 0
2016/07/11 04:46:23 Debug > Took 00:00:00 to delete 0 performance records
2016/07/11 04:46:23 Debug > Took 00:00:00 to delete 0 netflow records
2016/07/11 04:46:23 Debug > Completed Netflow Upload Thread in 00:00:00.0630000
2016/07/11 04:46:23 Debug > Completed Nestat Upload Thread in 00:00:00.0460000
2016/07/11 04:46:24 Debug > Deleting uploaded performance records: 0
2016/07/11 04:46:24 Debug > Took 00:00:00 to delete 0 performance records
2016/07/11 04:46:24 Debug > Completed Performance Upload Thread in 00:00:00.4990000
2016/07/11 04:46:24 Info > Completed data upload process. Total Elapsed Time: 00:00:00.5160000
2016/07/11 04:51:18 Info > Staring Double-Take collection process with 10 threads
2016/07/11 04:51:18 Info > Completed Double-Take collection for 0 jobs in 00:00:00.0620000 [next run at 7/11/2016 5:01:18 PM]
2016/07/11 04:51:24 Info > Staring data upload process
2016/07/11 04:51:24 Debug > Starting Performance Upload Thread
2016/07/11 04:51:24 Debug > Starting Netstat Upload Thread
2016/07/11 04:51:24 Debug > Starting Netflow Upload Thread
2016/07/11 04:51:24 Debug > Took 00:00:00 to delete 0 netflow records
2016/07/11 04:51:24 Debug > Completed Netflow Upload Thread in 00:00:00.0490000
2016/07/11 04:51:24 Debug > Deleting uploaded Netstat records: 0
2016/07/11 04:51:24 Debug > Took 00:00:00 to delete 0 performance records
2016/07/11 04:51:24 Debug > Completed Nestat Upload Thread in 00:00:00.0960000
2016/07/11 04:51:24 Debug > Deleting uploaded performance records: 0
2016/07/11 04:51:24 Debug > Took 00:00:00 to delete 0 performance records
2016/07/11 04:51:24 Debug > Completed Performance Upload Thread in 00:00:00.1680000
2016/07/11 04:51:24 Info > Completed data upload process. Total Elapsed Time: 00:00:00.1840000
2016/07/11 04:56:24 Info > Staring data upload process
2016/07/11 04:56:24 Debug > Starting Performance Upload Thread
2016/07/11 04:56:24 Debug > Starting Netstat Upload Thread
2016/07/11 04:56:24 Debug > Starting Netflow Upload Thread
2016/07/11 04:56:24 Debug > Took 00:00:00 to delete 0 netflow records
2016/07/11 04:56:24 Debug > Completed Netflow Upload Thread in 00:00:00.0760000
2016/07/11 04:56:24 Debug > Deleting uploaded Netstat records: 0
2016/07/11 04:56:24 Debug > Took 00:00:00 to delete 0 performance records
2016/07/11 04:56:24 Debug > Completed Nestat Upload Thread in 00:00:00.1160000
2016/07/11 04:56:24 Debug > Deleting uploaded performance records: 0
2016/07/11 04:56:24 Debug > Took 00:00:00 to delete 0 performance records
2016/07/11 04:56:24 Debug > Completed Performance Upload Thread in 00:00:00.2190000
2016/07/11 04:56:24 Info > Completed data upload process. Total Elapsed Time: 00:00:00.2480000
2016/07/11 05:01:18 Info > Staring Double-Take collection process with 10 threads
2016/07/11 05:01:18 Info > Completed Double-Take collection for 0 jobs in 00:00:00.0570000 [next run at 7/11/2016 5:11:18 PM]
2016/07/11 05:01:19 Info > Netstat: Staring netstat collection process with 10 threads
2016/07/11 05:01:19 Info > Netstat: Started netstat collection for phillip-System-Asus : 192.168.0.100
2016/07/11 05:01:20 Info > Inventory: Completed netstat collection for phillip-System-Asus : 192.168.0.100
2016/07/11 05:01:20 Info > Netstat: Completed netstat collection for 1 workloads in 00:00:00.9360000 [next run at 7/11/2016 5:31:19 PM]
2016/07/11 05:01:24 Info > Staring data upload process
2016/07/11 05:01:24 Debug > Starting Performance Upload Thread
2016/07/11 05:01:24 Debug > Starting Netstat Upload Thread
2016/07/11 05:01:24 Debug > Starting Netflow Upload Thread
2016/07/11 05:01:24 Debug > Took 00:00:00 to delete 0 netflow records
2016/07/11 05:01:24 Debug > Completed Netflow Upload Thread in 00:00:00.0250000
2016/07/11 05:01:24 Debug > Deleting uploaded Netstat records: 9
2016/07/11 05:01:24 Debug > Deleting uploaded performance records: 0
2016/07/11 05:01:25 Debug > Took 00:00:00 to delete 0 performance records
2016/07/11 05:01:25 Debug > Completed Performance Upload Thread in 00:00:00.1660000
2016/07/11 05:01:25 Debug > Took 00:00:00.0390000 to delete 9 performance records
2016/07/11 05:01:25 Debug > Completed Nestat Upload Thread in 00:00:00.1780000
2016/07/11 05:01:25 Info > Completed data upload process. Total Elapsed Time: 00:00:00.2010000
2016/07/11 05:06:25 Info > Staring data upload process
2016/07/11 05:06:25 Debug > Starting Performance Upload Thread
2016/07/11 05:06:25 Debug > Starting Netflow Upload Thread
2016/07/11 05:06:25 Debug > Starting Netstat Upload Thread
2016/07/11 05:06:25 Debug > Deleting uploaded Netstat records: 0
2016/07/11 05:06:25 Debug > Took 00:00:00 to delete 0 performance records
2016/07/11 05:06:25 Debug > Completed Nestat Upload Thread in 00:00:00.0640000
2016/07/11 05:06:25 Debug > Took 00:00:00 to delete 0 netflow records
2016/07/11 05:06:25 Debug > Completed Netflow Upload Thread in 00:00:00.0920000
2016/07/11 05:06:25 Debug > Deleting uploaded performance records: 0
2016/07/11 05:06:25 Debug > Took 00:00:00 to delete 0 performance records
2016/07/11 05:06:25 Debug > Completed Performance Upload Thread in 00:00:00.2120000
2016/07/11 05:06:25 Info > Completed data upload process. Total Elapsed Time: 00:00:00.2230000
2016/07/11 05:11:18 Info > Staring Double-Take collection process with 10 threads
2016/07/11 05:11:18 Info > Completed Double-Take collection for 0 jobs in 00:00:00.0640000 [next run at 7/11/2016 5:21:18 PM]
2016/07/11 05:11:25 Info > Staring data upload process
2016/07/11 05:11:25 Debug > Starting Performance Upload Thread
2016/07/11 05:11:25 Debug > Starting Netflow Upload Thread
2016/07/11 05:11:25 Debug > Starting Netstat Upload Thread
2016/07/11 05:11:25 Debug > Took 00:00:00 to delete 0 netflow records
2016/07/11 05:11:25 Debug > Completed Netflow Upload Thread in 00:00:00.0390000
2016/07/11 05:11:25 Debug > Deleting uploaded Netstat records: 0
2016/07/11 05:11:25 Debug > Took 00:00:00 to delete 0 performance records
2016/07/11 05:11:25 Debug > Completed Nestat Upload Thread in 00:00:00.0520000
2016/07/11 05:11:25 Debug > Deleting uploaded performance records: 0
2016/07/11 05:11:25 Debug > Took 00:00:00 to delete 0 performance records
2016/07/11 05:11:25 Debug > Completed Performance Upload Thread in 00:00:00.1720000
2016/07/11 05:11:25 Info > Completed data upload process. Total Elapsed Time: 00:00:00.1870000
2016/07/11 05:16:25 Info > Staring data upload process
2016/07/11 05:16:25 Debug > Starting Performance Upload Thread
2016/07/11 05:16:25 Debug > Starting Netstat Upload Thread
2016/07/11 05:16:25 Debug > Starting Netflow Upload Thread
2016/07/11 05:16:25 Debug > Deleting uploaded Netstat records: 0
2016/07/11 05:16:25 Debug > Took 00:00:00 to delete 0 performance records
2016/07/11 05:16:25 Debug > Completed Nestat Upload Thread in 00:00:00.0720000
2016/07/11 05:16:25 Debug > Took 00:00:00 to delete 0 netflow records
2016/07/11 05:16:25 Debug > Completed Netflow Upload Thread in 00:00:00.0810000
2016/07/11 05:16:25 Debug > Deleting uploaded performance records: 0
2016/07/11 05:16:25 Debug > Took 00:00:00 to delete 0 performance records
2016/07/11 05:16:25 Debug > Completed Performance Upload Thread in 00:00:00.2070000
2016/07/11 05:16:25 Info > Completed data upload process. Total Elapsed Time: 00:00:00.2190000
2016/07/11 05:21:18 Info > Staring Double-Take collection process with 10 threads
2016/07/11 05:21:18 Info > Completed Double-Take collection for 0 jobs in 00:00:00.0560000 [next run at 7/11/2016 5:31:18 PM]
2016/07/11 05:21:25 Info > Staring data upload process
2016/07/11 05:21:25 Debug > Starting Performance Upload Thread
2016/07/11 05:21:25 Debug > Starting Netstat Upload Thread
2016/07/11 05:21:25 Debug > Starting Netflow Upload Thread
2016/07/11 05:21:25 Debug > Took 00:00:00 to delete 0 netflow records
2016/07/11 05:21:25 Debug > Completed Netflow Upload Thread in 00:00:00.0420000
2016/07/11 05:21:25 Debug > Deleting uploaded Netstat records: 0
2016/07/11 05:21:25 Debug > Took 00:00:00 to delete 0 performance records
2016/07/11 05:21:25 Debug > Completed Nestat Upload Thread in 00:00:00.0860000
2016/07/11 05:21:25 Debug > Deleting uploaded performance records: 0
2016/07/11 05:21:25 Debug > Took 00:00:00 to delete 0 performance records
2016/07/11 05:21:25 Debug > Completed Performance Upload Thread in 00:00:00.1480000
2016/07/11 05:21:25 Info > Completed data upload process. Total Elapsed Time: 00:00:00.1610000
2016/07/11 05:26:25 Info > Staring data upload process
2016/07/11 05:26:25 Debug > Starting Performance Upload Thread
2016/07/11 05:26:25 Debug > Starting Netflow Upload Thread
2016/07/11 05:26:25 Debug > Starting Netstat Upload Thread
2016/07/11 05:26:26 Debug > Took 00:00:00 to delete 0 netflow records
2016/07/11 05:26:26 Debug > Completed Netflow Upload Thread in 00:00:00.0930000
2016/07/11 05:26:26 Debug > Deleting uploaded Netstat records: 0
2016/07/11 05:26:26 Debug > Took 00:00:00 to delete 0 performance records
2016/07/11 05:26:26 Debug > Completed Nestat Upload Thread in 00:00:00.1100000
2016/07/11 05:26:26 Debug > Deleting uploaded performance records: 0
2016/07/11 05:26:26 Debug > Took 00:00:00 to delete 0 performance records
2016/07/11 05:26:26 Debug > Completed Performance Upload Thread in 00:00:00.1720000
2016/07/11 05:26:26 Info > Completed data upload process. Total Elapsed Time: 00:00:00.1920000
2016/07/11 05:31:18 Info > Staring Double-Take collection process with 10 threads
2016/07/11 05:31:18 Info > Completed Double-Take collection for 0 jobs in 00:00:00.1200000 [next run at 7/11/2016 5:41:18 PM]
2016/07/11 05:31:21 Info > Netstat: Staring netstat collection process with 10 threads
2016/07/11 05:31:21 Info > Netstat: Started netstat collection for phillip-System-Asus : 192.168.0.100
2016/07/11 05:31:22 Info > Inventory: Completed netstat collection for phillip-System-Asus : 192.168.0.100
2016/07/11 05:31:22 Info > Netstat: Completed netstat collection for 1 workloads in 00:00:01.0210000 [next run at 7/11/2016 6:01:21 PM]
2016/07/11 05:31:22 Info > Staring performance collection process with 10 threads
2016/07/11 05:31:22 Info > Performance: Start performance collection for phillip-System-Asus using 192.168.0.100
2016/07/11 05:31:26 Info > Staring data upload process
2016/07/11 05:31:26 Debug > Starting Performance Upload Thread
2016/07/11 05:31:26 Debug > Starting Netstat Upload Thread
2016/07/11 05:31:26 Debug > Starting Netflow Upload Thread
2016/07/11 05:31:26 Debug > Took 00:00:00 to delete 0 netflow records
2016/07/11 05:31:26 Debug > Completed Netflow Upload Thread in 00:00:00.0530000
2016/07/11 05:31:26 Debug > Deleting uploaded Netstat records: 9
2016/07/11 05:31:26 Debug > Took 00:00:00.0200000 to delete 9 performance records
2016/07/11 05:31:26 Debug > Completed Nestat Upload Thread in 00:00:00.2020000
2016/07/11 05:31:26 Debug > Deleting uploaded performance records: 78
2016/07/11 05:31:26 Debug > Took 00:00:00.0600000 to delete 78 performance records
2016/07/11 05:31:26 Debug > Completed Performance Upload Thread in 00:00:00.5100000
2016/07/11 05:31:27 Info > Completed data upload process. Total Elapsed Time: 00:00:00.5980000
2016/07/11 05:31:27 Info > Performance: Completed performance collection for phillip-System-Asus using 192.168.0.100
2016/07/11 05:31:27 Info > Completed performance collection for 1 workloads in 00:00:05.4760000 [next run at 7/11/2016 6:31:22 PM]
2016/07/11 05:36:27 Info > Staring data upload process
2016/07/11 05:36:27 Debug > Starting Performance Upload Thread
2016/07/11 05:36:27 Debug > Starting Netflow Upload Thread
2016/07/11 05:36:27 Debug > Starting Netstat Upload Thread
2016/07/11 05:36:27 Debug > Took 00:00:00 to delete 0 netflow records
2016/07/11 05:36:27 Debug > Completed Netflow Upload Thread in 00:00:00.0660000
2016/07/11 05:36:27 Debug > Deleting uploaded Netstat records: 0
2016/07/11 05:36:27 Debug > Took 00:00:00 to delete 0 performance records
2016/07/11 05:36:27 Debug > Completed Nestat Upload Thread in 00:00:00.0790000
2016/07/11 05:36:27 Debug > Deleting uploaded performance records: 29
2016/07/11 05:36:27 Debug > Took 00:00:00.0360000 to delete 29 performance records
2016/07/11 05:36:27 Debug > Completed Performance Upload Thread in 00:00:00.3630000
2016/07/11 05:36:27 Info > Completed data upload process. Total Elapsed Time: 00:00:00.3840000
2016/07/11 05:41:19 Info > Staring Double-Take collection process with 10 threads
2016/07/11 05:41:19 Info > Completed Double-Take collection for 0 jobs in 00:00:00.0540000 [next run at 7/11/2016 5:51:19 PM]
2016/07/11 05:41:27 Info > Staring data upload process
2016/07/11 05:41:27 Debug > Starting Performance Upload Thread
2016/07/11 05:41:27 Debug > Starting Netflow Upload Thread
2016/07/11 05:41:27 Debug > Starting Netstat Upload Thread
2016/07/11 05:41:27 Debug > Deleting uploaded Netstat records: 0
2016/07/11 05:41:27 Debug > Took 00:00:00 to delete 0 performance records
2016/07/11 05:41:27 Debug > Completed Nestat Upload Thread in 00:00:00.0440000
2016/07/11 05:41:27 Debug > Took 00:00:00 to delete 0 netflow records
2016/07/11 05:41:27 Debug > Completed Netflow Upload Thread in 00:00:00.0720000
2016/07/11 05:41:27 Debug > Deleting uploaded performance records: 0
2016/07/11 05:41:27 Debug > Took 00:00:00 to delete 0 performance records
2016/07/11 05:41:27 Debug > Completed Performance Upload Thread in 00:00:00.1610000
2016/07/11 05:41:27 Info > Completed data upload process. Total Elapsed Time: 00:00:00.1760000
2016/07/11 05:46:27 Info > Staring data upload process
2016/07/11 05:46:27 Debug > Starting Performance Upload Thread
2016/07/11 05:46:27 Debug > Starting Netflow Upload Thread
2016/07/11 05:46:27 Debug > Starting Netstat Upload Thread
2016/07/11 05:46:27 Debug > Deleting uploaded Netstat records: 0
2016/07/11 05:46:27 Debug > Took 00:00:00 to delete 0 performance records
2016/07/11 05:46:27 Debug > Completed Nestat Upload Thread in 00:00:00.0540000
2016/07/11 05:46:27 Debug > Took 00:00:00 to delete 0 netflow records
2016/07/11 05:46:27 Debug > Completed Netflow Upload Thread in 00:00:00.0770000
2016/07/11 05:46:27 Debug > Deleting uploaded performance records: 0
2016/07/11 05:46:27 Debug > Took 00:00:00 to delete 0 performance records
2016/07/11 05:46:27 Debug > Completed Performance Upload Thread in 00:00:00.1940000
2016/07/11 05:46:27 Info > Completed data upload process. Total Elapsed Time: 00:00:00.2130000
2016/07/11 05:51:19 Info > Staring Double-Take collection process with 10 threads
2016/07/11 05:51:19 Info > Completed Double-Take collection for 0 jobs in 00:00:00.3120000 [next run at 7/11/2016 6:01:19 PM]
2016/07/11 05:51:28 Info > Staring data upload process
2016/07/11 05:51:28 Debug > Starting Performance Upload Thread
2016/07/11 05:51:28 Debug > Starting Netstat Upload Thread
2016/07/11 05:51:28 Debug > Starting Netflow Upload Thread
2016/07/11 05:51:28 Debug > Took 00:00:00 to delete 0 netflow records
2016/07/11 05:51:28 Debug > Completed Netflow Upload Thread in 00:00:00.0490000
2016/07/11 05:51:28 Debug > Deleting uploaded Netstat records: 0
2016/07/11 05:51:28 Debug > Took 00:00:00 to delete 0 performance records
2016/07/11 05:51:28 Debug > Completed Nestat Upload Thread in 00:00:00.0770000
2016/07/11 05:51:28 Debug > Deleting uploaded performance records: 0
2016/07/11 05:51:28 Debug > Took 00:00:00 to delete 0 performance records
2016/07/11 05:51:28 Debug > Completed Performance Upload Thread in 00:00:00.1860000
2016/07/11 05:51:28 Info > Completed data upload process. Total Elapsed Time: 00:00:00.2060000
2016/07/11 05:56:28 Info > Staring data upload process
2016/07/11 05:56:28 Debug > Starting Performance Upload Thread
2016/07/11 05:56:28 Debug > Starting Netstat Upload Thread
2016/07/11 05:56:28 Debug > Starting Netflow Upload Thread
2016/07/11 05:56:28 Debug > Took 00:00:00 to delete 0 netflow records
2016/07/11 05:56:28 Debug > Completed Netflow Upload Thread in 00:00:00.0370000
2016/07/11 05:56:28 Debug > Deleting uploaded Netstat records: 0
2016/07/11 05:56:28 Debug > Took 00:00:00 to delete 0 performance records
2016/07/11 05:56:28 Debug > Completed Nestat Upload Thread in 00:00:00.0850000
2016/07/11 05:56:28 Debug > Deleting uploaded performance records: 0
2016/07/11 05:56:28 Debug > Took 00:00:00 to delete 0 performance records
2016/07/11 05:56:28 Debug > Completed Performance Upload Thread in 00:00:00.1820000
2016/07/11 05:56:28 Info > Completed data upload process. Total Elapsed Time: 00:00:00.1980000
2016/07/11 06:01:19 Info > Staring Double-Take collection process with 10 threads
2016/07/11 06:01:19 Info > Completed Double-Take collection for 0 jobs in 00:00:00.0620000 [next run at 7/11/2016 6:11:19 PM]
2016/07/11 06:01:22 Info > Netstat: Staring netstat collection process with 10 threads
2016/07/11 06:01:22 Info > Netstat: Started netstat collection for phillip-System-Asus : 192.168.0.100
2016/07/11 06:01:23 Info > Inventory: Completed netstat collection for phillip-System-Asus : 192.168.0.100
2016/07/11 06:01:23 Info > Netstat: Completed netstat collection for 1 workloads in 00:00:01.0600000 [next run at 7/11/2016 6:31:22 PM]
2016/07/11 06:01:28 Info > Staring data upload process
2016/07/11 06:01:28 Debug > Starting Performance Upload Thread
2016/07/11 06:01:28 Debug > Starting Netstat Upload Thread
2016/07/11 06:01:28 Debug > Starting Netflow Upload Thread
2016/07/11 06:01:28 Debug > Took 00:00:00 to delete 0 netflow records
2016/07/11 06:01:28 Debug > Completed Netflow Upload Thread in 00:00:00.0270000
2016/07/11 06:01:28 Debug > Deleting uploaded Netstat records: 9
2016/07/11 06:01:28 Debug > Deleting uploaded performance records: 0
2016/07/11 06:01:28 Debug > Took 00:00:00 to delete 0 performance records
2016/07/11 06:01:28 Debug > Completed Performance Upload Thread in 00:00:00.1940000
2016/07/11 06:01:28 Debug > Took 00:00:00.0550000 to delete 9 performance records
2016/07/11 06:01:28 Debug > Completed Nestat Upload Thread in 00:00:00.2050000
2016/07/11 06:01:28 Info > Completed data upload process. Total Elapsed Time: 00:00:00.2270000
2016/07/11 06:06:28 Info > Staring data upload process
2016/07/11 06:06:28 Debug > Starting Performance Upload Thread
2016/07/11 06:06:28 Debug > Starting Netstat Upload Thread
2016/07/11 06:06:28 Debug > Starting Netflow Upload Thread
2016/07/11 06:06:28 Debug > Deleting uploaded Netstat records: 0
2016/07/11 06:06:28 Debug > Took 00:00:00 to delete 0 performance records
2016/07/11 06:06:28 Debug > Completed Nestat Upload Thread in 00:00:00.0530000
2016/07/11 06:06:28 Debug > Took 00:00:00 to delete 0 netflow records
2016/07/11 06:06:28 Debug > Completed Netflow Upload Thread in 00:00:00.0750000
2016/07/11 06:06:28 Debug > Deleting uploaded performance records: 0
2016/07/11 06:06:28 Debug > Took 00:00:00 to delete 0 performance records
2016/07/11 06:06:28 Debug > Completed Performance Upload Thread in 00:00:00.2040000
2016/07/11 06:06:28 Info > Completed data upload process. Total Elapsed Time: 00:00:00.2230000
2016/07/11 06:11:19 Info > Staring Double-Take collection process with 10 threads
2016/07/11 06:11:19 Info > Completed Double-Take collection for 0 jobs in 00:00:00.0550000 [next run at 7/11/2016 6:21:19 PM]
2016/07/11 06:11:28 Info > Staring data upload process
2016/07/11 06:11:28 Debug > Starting Performance Upload Thread
2016/07/11 06:11:28 Debug > Starting Netstat Upload Thread
2016/07/11 06:11:28 Debug > Starting Netflow Upload Thread
2016/07/11 06:11:29 Debug > Took 00:00:00 to delete 0 netflow records
2016/07/11 06:11:29 Debug > Completed Netflow Upload Thread in 00:00:00.0440000
2016/07/11 06:11:29 Debug > Deleting uploaded Netstat records: 0
2016/07/11 06:11:29 Debug > Took 00:00:00.0010000 to delete 0 performance records
2016/07/11 06:11:29 Debug > Completed Nestat Upload Thread in 00:00:00.0980000
2016/07/11 06:11:29 Debug > Deleting uploaded performance records: 0
2016/07/11 06:11:29 Debug > Took 00:00:00 to delete 0 performance records
2016/07/11 06:11:29 Debug > Completed Performance Upload Thread in 00:00:00.1610000
2016/07/11 06:11:29 Info > Completed data upload process. Total Elapsed Time: 00:00:00.1800000
2016/07/11 06:16:29 Info > Staring data upload process
2016/07/11 06:16:29 Debug > Starting Performance Upload Thread
2016/07/11 06:16:29 Debug > Starting Netstat Upload Thread
2016/07/11 06:16:29 Debug > Starting Netflow Upload Thread
2016/07/11 06:16:29 Debug > Took 00:00:00 to delete 0 netflow records
2016/07/11 06:16:29 Debug > Completed Netflow Upload Thread in 00:00:00.0450000
2016/07/11 06:16:29 Debug > Deleting uploaded Netstat records: 0
2016/07/11 06:16:29 Debug > Took 00:00:00 to delete 0 performance records
2016/07/11 06:16:29 Debug > Completed Nestat Upload Thread in 00:00:00.0880000
2016/07/11 06:16:29 Debug > Deleting uploaded performance records: 0
2016/07/11 06:16:29 Debug > Took 00:00:00 to delete 0 performance records
2016/07/11 06:16:29 Debug > Completed Performance Upload Thread in 00:00:00.2160000
2016/07/11 06:16:29 Info > Completed data upload process. Total Elapsed Time: 00:00:00.2300000
2016/07/11 06:21:19 Info > Staring Double-Take collection process with 10 threads
2016/07/11 06:21:19 Info > Completed Double-Take collection for 0 jobs in 00:00:00.0610000 [next run at 7/11/2016 6:31:19 PM]
2016/07/11 06:21:29 Info > Staring data upload process
2016/07/11 06:21:29 Debug > Starting Performance Upload Thread
2016/07/11 06:21:29 Debug > Starting Netstat Upload Thread
2016/07/11 06:21:29 Debug > Starting Netflow Upload Thread
2016/07/11 06:21:29 Debug > Took 00:00:00 to delete 0 netflow records
2016/07/11 06:21:29 Debug > Completed Netflow Upload Thread in 00:00:00.0310000
2016/07/11 06:21:29 Debug > Deleting uploaded Netstat records: 0
2016/07/11 06:21:29 Debug > Took 00:00:00 to delete 0 performance records
2016/07/11 06:21:29 Debug > Completed Nestat Upload Thread in 00:00:00.0640000
2016/07/11 06:21:29 Debug > Deleting uploaded performance records: 0
2016/07/11 06:21:29 Debug > Took 00:00:00 to delete 0 performance records
2016/07/11 06:21:29 Debug > Completed Performance Upload Thread in 00:00:00.2840000
2016/07/11 06:21:29 Info > Completed data upload process. Total Elapsed Time: 00:00:00.3020000
2016/07/11 06:26:29 Info > Staring data upload process
2016/07/11 06:26:29 Debug > Starting Performance Upload Thread
2016/07/11 06:26:29 Debug > Starting Netstat Upload Thread
2016/07/11 06:26:29 Debug > Starting Netflow Upload Thread
2016/07/11 06:26:29 Debug > Took 00:00:00 to delete 0 netflow records
2016/07/11 06:26:29 Debug > Completed Netflow Upload Thread in 00:00:00.0330000
2016/07/11 06:26:29 Debug > Deleting uploaded Netstat records: 0
2016/07/11 06:26:29 Debug > Took 00:00:00 to delete 0 performance records
2016/07/11 06:26:29 Debug > Completed Nestat Upload Thread in 00:00:00.0680000
2016/07/11 06:26:29 Debug > Deleting uploaded performance records: 0
2016/07/11 06:26:29 Debug > Took 00:00:00 to delete 0 performance records
2016/07/11 06:26:29 Debug > Completed Performance Upload Thread in 00:00:00.1550000
2016/07/11 06:26:29 Info > Completed data upload process. Total Elapsed Time: 00:00:00.1710000
2016/07/11 06:31:19 Info > Staring Double-Take collection process with 10 threads
2016/07/11 06:31:19 Info > Completed Double-Take collection for 0 jobs in 00:00:00.0570000 [next run at 7/11/2016 6:41:19 PM]
2016/07/11 06:31:23 Info > Staring performance collection process with 10 threads
2016/07/11 06:31:23 Info > Performance: Start performance collection for phillip-System-Asus using 192.168.0.100
2016/07/11 06:31:23 Info > Netstat: Staring netstat collection process with 10 threads
2016/07/11 06:31:23 Info > Netstat: Started netstat collection for phillip-System-Asus : 192.168.0.100
2016/07/11 06:31:24 Info > Inventory: Completed netstat collection for phillip-System-Asus : 192.168.0.100
2016/07/11 06:31:24 Info > Netstat: Completed netstat collection for 1 workloads in 00:00:00.5950000 [next run at 7/11/2016 7:01:23 PM]
2016/07/11 06:31:29 Info > Performance: Completed performance collection for phillip-System-Asus using 192.168.0.100
2016/07/11 06:31:29 Info > Completed performance collection for 1 workloads in 00:00:06.2900000 [next run at 7/11/2016 7:31:23 PM]
2016/07/11 06:31:29 Info > Staring data upload process
2016/07/11 06:31:29 Debug > Starting Performance Upload Thread
2016/07/11 06:31:29 Debug > Starting Netstat Upload Thread
2016/07/11 06:31:29 Debug > Starting Netflow Upload Thread
2016/07/11 06:31:30 Debug > Took 00:00:00 to delete 0 netflow records
2016/07/11 06:31:30 Debug > Completed Netflow Upload Thread in 00:00:00.0260000
2016/07/11 06:31:30 Debug > Deleting uploaded Netstat records: 9
2016/07/11 06:31:30 Debug > Took 00:00:00.0560000 to delete 9 performance records
2016/07/11 06:31:30 Debug > Completed Nestat Upload Thread in 00:00:00.1830000
2016/07/11 06:31:30 Debug > Deleting uploaded performance records: 112
2016/07/11 06:31:30 Debug > Took 00:00:00.0790000 to delete 112 performance records
2016/07/11 06:31:30 Debug > Completed Performance Upload Thread in 00:00:00.7040000
2016/07/11 06:31:30 Info > Completed data upload process. Total Elapsed Time: 00:00:00.7170000
2016/07/11 06:36:30 Info > Staring data upload process
2016/07/11 06:36:30 Debug > Starting Performance Upload Thread
2016/07/11 06:36:30 Debug > Starting Netflow Upload Thread
2016/07/11 06:36:30 Debug > Starting Netstat Upload Thread
2016/07/11 06:36:30 Debug > Took 00:00:00 to delete 0 netflow records
2016/07/11 06:36:30 Debug > Completed Netflow Upload Thread in 00:00:00.0480000
2016/07/11 06:36:30 Debug > Deleting uploaded Netstat records: 0
2016/07/11 06:36:30 Debug > Took 00:00:00 to delete 0 performance records
2016/07/11 06:36:30 Debug > Completed Nestat Upload Thread in 00:00:00.0620000
2016/07/11 06:36:30 Debug > Deleting uploaded performance records: 0
2016/07/11 06:36:30 Debug > Took 00:00:00 to delete 0 performance records
2016/07/11 06:36:30 Debug > Completed Performance Upload Thread in 00:00:00.2590000
2016/07/11 06:36:31 Info > Completed data upload process. Total Elapsed Time: 00:00:00.2800000
2016/07/11 06:41:20 Info > Staring Double-Take collection process with 10 threads
2016/07/11 06:41:20 Info > Completed Double-Take collection for 0 jobs in 00:00:00.0660000 [next run at 7/11/2016 6:51:20 PM]
2016/07/11 06:41:31 Info > Staring data upload process
2016/07/11 06:41:31 Debug > Starting Performance Upload Thread
2016/07/11 06:41:31 Debug > Starting Netstat Upload Thread
2016/07/11 06:41:31 Debug > Starting Netflow Upload Thread
2016/07/11 06:41:31 Debug > Took 00:00:00 to delete 0 netflow records
2016/07/11 06:41:31 Debug > Completed Netflow Upload Thread in 00:00:00.0270000
2016/07/11 06:41:31 Debug > Deleting uploaded Netstat records: 0
2016/07/11 06:41:31 Debug > Took 00:00:00 to delete 0 performance records
2016/07/11 06:41:31 Debug > Completed Nestat Upload Thread in 00:00:00.0700000
2016/07/11 06:41:31 Debug > Deleting uploaded performance records: 0
2016/07/11 06:41:31 Debug > Took 00:00:00 to delete 0 performance records
2016/07/11 06:41:31 Debug > Completed Performance Upload Thread in 00:00:00.1630000
2016/07/11 06:41:31 Info > Completed data upload process. Total Elapsed Time: 00:00:00.1770000
2016/07/11 06:46:31 Info > Staring data upload process
2016/07/11 06:46:31 Debug > Starting Performance Upload Thread
2016/07/11 06:46:31 Debug > Starting Netstat Upload Thread
2016/07/11 06:46:31 Debug > Starting Netflow Upload Thread
2016/07/11 06:46:31 Debug > Took 00:00:00 to delete 0 netflow records
2016/07/11 06:46:31 Debug > Completed Netflow Upload Thread in 00:00:00.0450000
2016/07/11 06:46:31 Debug > Deleting uploaded Netstat records: 0
2016/07/11 06:46:31 Debug > Took 00:00:00 to delete 0 performance records
2016/07/11 06:46:31 Debug > Completed Nestat Upload Thread in 00:00:00.1050000
2016/07/11 06:46:31 Debug > Deleting uploaded performance records: 0
2016/07/11 06:46:31 Debug > Took 00:00:00 to delete 0 performance records
2016/07/11 06:46:31 Debug > Completed Performance Upload Thread in 00:00:00.1840000
2016/07/11 06:46:31 Info > Completed data upload process. Total Elapsed Time: 00:00:00.1970000
2016/07/11 06:48:53 Info > Shutdown initiated, waiting from threads to stops
2016/07/11 06:48:53 Info > Shutdown complete!
