2016/04/22 11:17:21 Debug > Starting WCF Service
2016/04/22 11:17:23 Info > Debug Enabled!
2016/04/22 11:17:23 Info > MRP Manager ID:9539656e4ba04a0394217fb0a240a331
2016/04/22 11:17:24 Debug > organization id: 7b6865d87b824b4a97d563ae5e5d35e7
2016/04/22 11:17:24 Debug > Starting Scheduler Thread
2016/04/22 11:17:24 Debug > Starting Mirror Thread
2016/04/22 11:17:24 Debug > Starting Performance Collection Thread
2016/04/22 11:17:24 Info > Staring platform inventory process with 10 threads
2016/04/22 11:17:24 Debug > Starting Netflow v5 Collection Thread
2016/04/22 11:17:25 Info > Staring performance collection process with 10 threads
2016/04/22 11:17:25 Debug > Starting Data Upload Thread
2016/04/22 11:17:25 Debug > Starting OS Inventory Thread
2016/04/22 11:17:25 Info > Staring data upload process
2016/04/22 11:17:25 Debug > Starting OS Netstat Thread
2016/04/22 11:17:25 Info > Staring operating system inventory process with 10 threads
2016/04/22 11:17:25 Info > Netstat: Staring netstat collection process with 10 threads
2016/04/22 11:19:17 Debug > Starting WCF Service
2016/04/22 11:19:19 Info > Debug Enabled!
2016/04/22 11:19:19 Info > MRP Manager ID:9539656e4ba04a0394217fb0a240a331
2016/04/22 11:19:20 Debug > organization id: 7b6865d87b824b4a97d563ae5e5d35e7
2016/04/22 11:19:20 Debug > Starting Scheduler Thread
2016/04/22 11:19:20 Debug > Starting Mirror Thread
2016/04/22 11:19:20 Debug > Starting Performance Collection Thread
2016/04/22 11:19:20 Debug > Starting Netflow v5 Collection Thread
2016/04/22 11:19:20 Info > Staring platform inventory process with 10 threads
2016/04/22 11:19:20 Debug > Starting Data Upload Thread
2016/04/22 11:19:20 Debug > Starting OS Inventory Thread
2016/04/22 11:19:20 Info > Staring performance collection process with 10 threads
2016/04/22 11:19:20 Debug > Starting OS Netstat Thread
2016/04/22 11:19:20 Info > Staring data upload process
2016/04/22 11:19:20 Info > Staring operating system inventory process with 10 threads
2016/04/22 11:19:20 Info > Netstat: Staring netstat collection process with 10 threads
