2016/04/20 11:39:03 Debug > Starting WCF Service
2016/04/20 11:39:03 Info > Debug Enabled!
2016/04/20 11:39:03 Info > MRP Manager ID:9539656e4ba04a0394217fb0a240a331
2016/04/20 11:39:04 Debug > organization id: 7b6865d87b824b4a97d563ae5e5d35e7
2016/04/20 11:39:04 Debug > Starting Scheduler Thread
2016/04/20 11:39:04 Debug > Starting Mirror Thread
2016/04/20 11:39:04 Debug > Starting Performance Collection Thread
2016/04/20 11:39:04 Info > Staring platform inventory process
2016/04/20 11:39:04 Debug > Starting Netflow v5 Collection Thread
2016/04/20 11:39:04 Debug > Starting Data Upload Thread
2016/04/20 11:39:04 Info > Staring performance collection process with 10 threads
2016/04/20 11:39:04 Debug > Starting OS Inventory Thread
2016/04/20 11:39:04 Debug > Starting OS Netstat Thread
2016/04/20 11:39:04 Info > Staring operating system inventory process with 10 threads
2016/04/20 11:39:04 Info > Staring data upload process
2016/04/20 11:39:04 Info > Netstat: Staring netstat collection process with 10 threads
2016/04/20 11:39:05 Info > Completed operating system inventory for 0 workloads in 00:00:01.0230000 [next run at 4/21/2016 11:39:04 AM]
2016/04/20 11:39:05 Info > Netstat: Completed netstat collection for 0 workloads in 00:00:01.0130000 [next run at 4/20/2016 12:09:04 PM]
2016/04/20 11:39:05 Info > Completed data mirroring process.0 new platforms, 0 updated platforms = total elapsed time: 00:00:01.1040000
2016/04/20 11:39:05 Info > Completed performance collection for 0 workloads in 00:00:01.0910000 [next run at 4/20/2016 12:39:04 PM]
2016/04/20 11:39:05 Info > Completed data upload process.0 netflows.0 performancecounters. 0 netstats. = Total Elapsed Time: 00:00:00.2000000
2016/04/20 12:12:01 Debug > Starting WCF Service
2016/04/20 12:12:01 Error > Failed to start the MRP Controller Service System.ArgumentException: MessageVersion 'Soap11 (http://schemas.xmlsoap.org/soap/envelope/) AddressingNone (http://schemas.microsoft.com/ws/2005/05/addressing/none)' is not supported in this scenario.  Only MessageVersion 'EnvelopeNone (http://schemas.microsoft.com/ws/2005/05/envelope/none) AddressingNone (http://schemas.microsoft.com/ws/2005/05/addressing/none)' is supported.   at System.ServiceModel.Description.ServiceMetadataBehavior.set_HttpGetBinding(Binding value)   at MRMPService.MRPSvc.OnStart(String[] args) in C:\Users\phillip.spies\Documents\Visual Studio 2015\Projects\MRMPManager\MRMPService\MRPSvc.cs:line 68
2016/04/20 12:20:48 Debug > Starting WCF Service
2016/04/20 12:20:48 Info > Debug Enabled!
2016/04/20 12:20:48 Info > MRP Manager ID:9539656e4ba04a0394217fb0a240a331
2016/04/20 12:20:49 Debug > organization id: 7b6865d87b824b4a97d563ae5e5d35e7
2016/04/20 12:20:49 Debug > Starting Scheduler Thread
2016/04/20 12:20:49 Debug > Starting Mirror Thread
2016/04/20 12:20:49 Debug > Starting Performance Collection Thread
2016/04/20 12:20:49 Info > Staring platform inventory process
2016/04/20 12:20:49 Debug > Starting Netflow v5 Collection Thread
2016/04/20 12:20:49 Debug > Starting Data Upload Thread
2016/04/20 12:20:49 Info > Staring performance collection process with 10 threads
2016/04/20 12:20:49 Debug > Starting OS Inventory Thread
2016/04/20 12:20:49 Debug > Starting OS Netstat Thread
2016/04/20 12:20:49 Info > Staring data upload process
2016/04/20 12:20:49 Info > Staring operating system inventory process with 10 threads
2016/04/20 12:20:49 Info > Netstat: Staring netstat collection process with 10 threads
2016/04/20 12:20:50 Info > Completed operating system inventory for 0 workloads in 00:00:00.8290000 [next run at 4/21/2016 12:20:49 PM]
2016/04/20 12:20:50 Info > Netstat: Completed netstat collection for 0 workloads in 00:00:00.8130000 [next run at 4/20/2016 12:50:49 PM]
2016/04/20 12:20:50 Info > Completed performance collection for 0 workloads in 00:00:00.9150000 [next run at 4/20/2016 1:20:49 PM]
2016/04/20 12:20:50 Info > Started inventory process for Standalone Platform
2016/04/20 12:20:50 Info > Completed data upload process.0 netflows.0 performancecounters. 0 netstats. = Total Elapsed Time: 00:00:00.2750000
2016/04/20 12:21:48 Info > Completed inventory process for Standalone Platform = Total Execute Time: 00:00:58.2480000
2016/04/20 12:21:48 Info > Completed platform inventory for  in 00:00:58.2870000
2016/04/20 12:21:48 Info > Completed data mirroring process.1 new platforms, 0 updated platforms = total elapsed time: 00:00:59.3710000
2016/04/20 12:23:39 Debug > Starting WCF Service
2016/04/20 12:23:39 Error > Failed to start the MRP Controller Service System.ArgumentException: MessageVersion 'Soap11 (http://schemas.xmlsoap.org/soap/envelope/) AddressingNone (http://schemas.microsoft.com/ws/2005/05/addressing/none)' is not supported in this scenario.  Only MessageVersion 'EnvelopeNone (http://schemas.microsoft.com/ws/2005/05/envelope/none) AddressingNone (http://schemas.microsoft.com/ws/2005/05/addressing/none)' is supported.   at System.ServiceModel.Description.ServiceMetadataBehavior.set_HttpGetBinding(Binding value)   at MRMPService.MRPSvc.OnStart(String[] args) in C:\Users\phillip.spies\Documents\Visual Studio 2015\Projects\MRMPManager\MRMPService\MRPSvc.cs:line 70
2016/04/20 12:33:29 Debug > Starting WCF Service
2016/04/20 12:33:29 Error > Failed to start the MRP Controller Service System.ArgumentOutOfRangeException: This factory buffers messages, so the message sizes must be in the range of an integer value.Parameter name: bindingElement.MaxReceivedMessageSize   at System.ServiceModel.Channels.HttpChannelListener..ctor(HttpTransportBindingElement bindingElement, BindingContext context)   at System.ServiceModel.Channels.HttpChannelListener`1..ctor(HttpTransportBindingElement bindingElement, BindingContext context)   at System.ServiceModel.Channels.HttpTransportBindingElement.BuildChannelListener[TChannel](BindingContext context)   at System.ServiceModel.Channels.Binding.BuildChannelListener[TChannel](Uri listenUriBaseAddress, String listenUriRelativeAddress, ListenUriMode listenUriMode, BindingParameterCollection parameters)   at System.ServiceModel.Description.DispatcherBuilder.MaybeCreateListener(Boolean actuallyCreate, Type[] supportedChannels, Binding binding, BindingParameterCollection parameters, Uri listenUriBaseAddress, String listenUriRelativeAddress, ListenUriMode listenUriMode, ServiceThrottle throttle, IChannelListener& result, Boolean supportContextSession)   at System.ServiceModel.Description.DispatcherBuilder.BuildChannelListener(StuffPerListenUriInfo stuff, ServiceHostBase serviceHost, Uri listenUri, ListenUriMode listenUriMode, Boolean supportContextSession, IChannelListener& result)   at System.ServiceModel.Description.DispatcherBuilder.InitializeServiceHost(ServiceDescription description, ServiceHostBase serviceHost)   at System.ServiceModel.ServiceHostBase.InitializeRuntime()   at System.ServiceModel.ServiceHostBase.OnOpen(TimeSpan timeout)   at System.ServiceModel.Channels.CommunicationObject.Open(TimeSpan timeout)   at MRMPService.MRPSvc.OnStart(String[] args) in C:\Users\phillip.spies\Documents\Visual Studio 2015\Projects\MRMPManager\MRMPService\MRPSvc.cs:line 72
2016/04/20 12:34:49 Debug > Starting WCF Service
2016/04/20 12:34:49 Error > Failed to start the MRP Controller Service System.InvalidOperationException: The HttpGetEnabled property of ServiceMetadataBehavior is set to true and the HttpGetUrl property is a relative address, but there is no http base address.  Either supply an http base address or set HttpGetUrl to an absolute address.   at System.ServiceModel.Description.ServiceMetadataBehavior.CreateHttpGetEndpoints(ServiceDescription description, ServiceHostBase host, ServiceMetadataExtension mex)   at System.ServiceModel.Description.DispatcherBuilder.InitializeServiceHost(ServiceDescription description, ServiceHostBase serviceHost)   at System.ServiceModel.ServiceHostBase.InitializeRuntime()   at System.ServiceModel.ServiceHostBase.OnOpen(TimeSpan timeout)   at System.ServiceModel.Channels.CommunicationObject.Open(TimeSpan timeout)   at MRMPService.MRPSvc.OnStart(String[] args) in C:\Users\phillip.spies\Documents\Visual Studio 2015\Projects\MRMPManager\MRMPService\MRPSvc.cs:line 72
2016/04/20 12:39:17 Debug > Starting WCF Service
2016/04/20 12:39:17 Info > Debug Enabled!
2016/04/20 12:39:17 Info > MRP Manager ID:9539656e4ba04a0394217fb0a240a331
2016/04/20 12:39:18 Debug > organization id: 7b6865d87b824b4a97d563ae5e5d35e7
2016/04/20 12:39:18 Debug > Starting Scheduler Thread
2016/04/20 12:39:18 Debug > Starting Mirror Thread
2016/04/20 12:39:18 Debug > Starting Performance Collection Thread
2016/04/20 12:39:18 Info > Staring platform inventory process
2016/04/20 12:39:18 Debug > Starting Netflow v5 Collection Thread
2016/04/20 12:39:18 Debug > Starting Data Upload Thread
2016/04/20 12:39:18 Info > Staring performance collection process with 10 threads
2016/04/20 12:39:18 Debug > Starting OS Inventory Thread
2016/04/20 12:39:18 Info > Staring data upload process
2016/04/20 12:39:18 Debug > Starting OS Netstat Thread
2016/04/20 12:39:18 Info > Staring operating system inventory process with 10 threads
2016/04/20 12:39:18 Info > Netstat: Staring netstat collection process with 10 threads
2016/04/20 12:39:19 Info > Completed performance collection for 0 workloads in 00:00:00.7990000 [next run at 4/20/2016 1:39:18 PM]
2016/04/20 12:39:19 Info > Netstat: Completed netstat collection for 0 workloads in 00:00:00.7710000 [next run at 4/20/2016 1:09:18 PM]
2016/04/20 12:39:19 Info > Completed operating system inventory for 0 workloads in 00:00:00.7920000 [next run at 4/21/2016 12:39:18 PM]
2016/04/20 12:39:19 Info > Started inventory process for Standalone Platform
2016/04/20 12:39:19 Info > Completed data upload process.0 netflows.0 performancecounters. 0 netstats. = Total Elapsed Time: 00:00:00.3560000
2016/04/20 12:41:07 Info > Completed inventory process for Standalone Platform = Total Execute Time: 00:01:47.6290000
2016/04/20 12:41:07 Info > Completed platform inventory for na in 00:01:47.7390000
2016/04/20 12:41:07 Info > Completed data mirroring process.0 new platforms, 1 updated platforms = total elapsed time: 00:01:48.7550000
2016/04/20 12:41:45 Debug > Starting WCF Service
2016/04/20 12:41:45 Info > Debug Enabled!
2016/04/20 12:41:45 Info > MRP Manager ID:9539656e4ba04a0394217fb0a240a331
2016/04/20 12:41:46 Debug > organization id: 7b6865d87b824b4a97d563ae5e5d35e7
2016/04/20 12:41:46 Debug > Starting Scheduler Thread
2016/04/20 12:41:46 Debug > Starting Mirror Thread
2016/04/20 12:41:46 Debug > Starting Performance Collection Thread
2016/04/20 12:41:46 Info > Staring platform inventory process
2016/04/20 12:41:46 Debug > Starting Netflow v5 Collection Thread
2016/04/20 12:41:46 Debug > Starting Data Upload Thread
2016/04/20 12:41:46 Info > Staring performance collection process with 10 threads
2016/04/20 12:41:46 Debug > Starting OS Inventory Thread
2016/04/20 12:41:46 Info > Staring data upload process
2016/04/20 12:41:46 Info > Staring operating system inventory process with 10 threads
2016/04/20 12:41:46 Debug > Starting OS Netstat Thread
2016/04/20 12:41:46 Info > Netstat: Staring netstat collection process with 10 threads
2016/04/20 12:41:47 Info > Completed operating system inventory for 0 workloads in 00:00:00.5680000 [next run at 4/21/2016 12:41:46 PM]
2016/04/20 12:41:47 Info > Completed performance collection for 0 workloads in 00:00:00.6130000 [next run at 4/20/2016 1:41:46 PM]
2016/04/20 12:41:47 Info > Netstat: Completed netstat collection for 0 workloads in 00:00:00.5630000 [next run at 4/20/2016 1:11:46 PM]
2016/04/20 12:41:47 Info > Started inventory process for Standalone Platform
2016/04/20 12:41:47 Info > Completed data upload process.0 netflows.0 performancecounters. 0 netstats. = Total Elapsed Time: 00:00:00.2440000
2016/04/20 12:43:35 Info > Completed inventory process for Standalone Platform = Total Execute Time: 00:01:48.6060000
2016/04/20 12:43:35 Info > Completed platform inventory for na in 00:01:48.7020000
2016/04/20 12:43:35 Info > Completed data mirroring process.0 new platforms, 1 updated platforms = total elapsed time: 00:01:49.4840000
2016/04/20 12:46:47 Info > Staring data upload process
2016/04/20 12:46:47 Info > Completed data upload process.0 netflows.0 performancecounters. 0 netstats. = Total Elapsed Time: 00:00:00.1730000
2016/04/20 12:51:47 Info > Staring data upload process
2016/04/20 12:51:47 Info > Completed data upload process.0 netflows.0 performancecounters. 0 netstats. = Total Elapsed Time: 00:00:00.1880000
2016/04/20 12:56:47 Info > Staring data upload process
2016/04/20 12:56:48 Info > Completed data upload process.0 netflows.0 performancecounters. 0 netstats. = Total Elapsed Time: 00:00:00.1830000
2016/04/20 01:01:48 Info > Staring data upload process
2016/04/20 01:01:48 Info > Completed data upload process.0 netflows.0 performancecounters. 0 netstats. = Total Elapsed Time: 00:00:00.1830000
2016/04/20 01:06:48 Info > Staring data upload process
2016/04/20 01:06:48 Info > Completed data upload process.0 netflows.0 performancecounters. 0 netstats. = Total Elapsed Time: 00:00:00.1840000
2016/04/20 01:11:47 Info > Netstat: Staring netstat collection process with 10 threads
2016/04/20 01:11:47 Info > Netstat: Completed netstat collection for 0 workloads in 00:00:00.0590000 [next run at 4/20/2016 1:41:47 PM]
2016/04/20 01:11:50 Info > Staring data upload process
2016/04/20 01:11:50 Info > Completed data upload process.0 netflows.0 performancecounters. 0 netstats. = Total Elapsed Time: 00:00:00.1670000
2016/04/20 01:16:50 Info > Staring data upload process
2016/04/20 01:16:51 Info > Completed data upload process.0 netflows.0 performancecounters. 0 netstats. = Total Elapsed Time: 00:00:00.2070000
2016/04/20 01:21:51 Info > Staring data upload process
2016/04/20 01:21:51 Info > Completed data upload process.0 netflows.0 performancecounters. 0 netstats. = Total Elapsed Time: 00:00:00.2210000
2016/04/20 01:26:51 Info > Staring data upload process
2016/04/20 01:26:51 Info > Completed data upload process.0 netflows.0 performancecounters. 0 netstats. = Total Elapsed Time: 00:00:00.1740000
2016/04/20 01:31:51 Info > Staring data upload process
2016/04/20 01:31:52 Info > Completed data upload process.0 netflows.0 performancecounters. 0 netstats. = Total Elapsed Time: 00:00:00.1930000
2016/04/20 01:36:52 Info > Staring data upload process
2016/04/20 01:36:52 Info > Completed data upload process.0 netflows.0 performancecounters. 0 netstats. = Total Elapsed Time: 00:00:00.1990000
2016/04/20 01:41:47 Info > Staring performance collection process with 10 threads
2016/04/20 01:41:47 Info > Completed performance collection for 0 workloads in 00:00:00.0500000 [next run at 4/20/2016 2:41:47 PM]
2016/04/20 01:41:47 Info > Netstat: Staring netstat collection process with 10 threads
2016/04/20 01:41:47 Info > Netstat: Completed netstat collection for 0 workloads in 00:00:00.0480000 [next run at 4/20/2016 2:11:47 PM]
2016/04/20 01:41:52 Info > Staring data upload process
2016/04/20 01:41:52 Info > Completed data upload process.0 netflows.0 performancecounters. 0 netstats. = Total Elapsed Time: 00:00:00.1740000
2016/04/20 01:43:35 Info > Staring platform inventory process
2016/04/20 01:43:36 Info > Started inventory process for Standalone Platform
2016/04/20 01:45:25 Info > Completed inventory process for Standalone Platform = Total Execute Time: 00:01:48.8560000
2016/04/20 01:45:25 Info > Completed platform inventory for na in 00:01:48.9530000
2016/04/20 01:45:25 Info > Completed data mirroring process.0 new platforms, 1 updated platforms = total elapsed time: 00:01:49.1080000
2016/04/20 01:46:52 Info > Staring data upload process
2016/04/20 01:46:52 Info > Completed data upload process.0 netflows.0 performancecounters. 0 netstats. = Total Elapsed Time: 00:00:00.1860000
2016/04/20 01:51:52 Info > Staring data upload process
2016/04/20 01:51:53 Info > Completed data upload process.0 netflows.0 performancecounters. 0 netstats. = Total Elapsed Time: 00:00:00.1900000
2016/04/20 01:56:53 Info > Staring data upload process
2016/04/20 01:56:53 Info > Completed data upload process.0 netflows.0 performancecounters. 0 netstats. = Total Elapsed Time: 00:00:00.2000000
2016/04/20 02:01:53 Info > Staring data upload process
2016/04/20 02:01:53 Info > Completed data upload process.0 netflows.0 performancecounters. 0 netstats. = Total Elapsed Time: 00:00:00.1730000
2016/04/20 02:06:53 Info > Staring data upload process
2016/04/20 02:06:53 Info > Completed data upload process.0 netflows.0 performancecounters. 0 netstats. = Total Elapsed Time: 00:00:00.1990000
2016/04/20 02:11:47 Info > Netstat: Staring netstat collection process with 10 threads
2016/04/20 02:11:47 Info > Netstat: Completed netstat collection for 0 workloads in 00:00:00.1930000 [next run at 4/20/2016 2:41:47 PM]
2016/04/20 02:11:53 Info > Staring data upload process
2016/04/20 02:11:54 Info > Completed data upload process.0 netflows.0 performancecounters. 0 netstats. = Total Elapsed Time: 00:00:00.2150000
2016/04/20 02:16:54 Info > Staring data upload process
2016/04/20 02:16:54 Info > Completed data upload process.0 netflows.0 performancecounters. 0 netstats. = Total Elapsed Time: 00:00:00.2130000
2016/04/20 02:21:54 Info > Staring data upload process
2016/04/20 02:21:54 Info > Completed data upload process.0 netflows.0 performancecounters. 0 netstats. = Total Elapsed Time: 00:00:00.2630000
2016/04/20 02:26:54 Info > Staring data upload process
2016/04/20 02:26:55 Info > Completed data upload process.0 netflows.0 performancecounters. 0 netstats. = Total Elapsed Time: 00:00:00.1980000
2016/04/20 02:31:55 Info > Staring data upload process
2016/04/20 02:31:55 Info > Completed data upload process.0 netflows.0 performancecounters. 0 netstats. = Total Elapsed Time: 00:00:00.2020000
2016/04/20 02:36:55 Info > Staring data upload process
2016/04/20 02:36:55 Info > Completed data upload process.0 netflows.0 performancecounters. 0 netstats. = Total Elapsed Time: 00:00:00.3130000
2016/04/20 02:41:47 Info > Staring performance collection process with 10 threads
2016/04/20 02:41:47 Info > Completed performance collection for 0 workloads in 00:00:00.0440000 [next run at 4/20/2016 3:41:47 PM]
2016/04/20 02:41:48 Info > Netstat: Staring netstat collection process with 10 threads
2016/04/20 02:41:48 Info > Netstat: Completed netstat collection for 0 workloads in 00:00:00.0430000 [next run at 4/20/2016 3:11:48 PM]
2016/04/20 02:41:56 Info > Staring data upload process
2016/04/20 02:41:56 Info > Completed data upload process.0 netflows.0 performancecounters. 0 netstats. = Total Elapsed Time: 00:00:00.2620000
2016/04/20 02:45:25 Info > Staring platform inventory process
2016/04/20 02:45:25 Info > Started inventory process for Standalone Platform
2016/04/20 02:46:56 Info > Staring data upload process
2016/04/20 02:46:56 Info > Completed data upload process.0 netflows.0 performancecounters. 0 netstats. = Total Elapsed Time: 00:00:00.0800000
2016/04/20 02:47:12 Info > Completed inventory process for Standalone Platform = Total Execute Time: 00:01:47.4020000
2016/04/20 02:47:12 Info > Completed platform inventory for na in 00:01:47.5080000
2016/04/20 02:47:12 Info > Completed data mirroring process.0 new platforms, 1 updated platforms = total elapsed time: 00:01:47.7260000
2016/04/20 02:51:56 Info > Staring data upload process
2016/04/20 02:51:56 Info > Completed data upload process.0 netflows.0 performancecounters. 0 netstats. = Total Elapsed Time: 00:00:00.2350000
2016/04/20 02:56:56 Info > Staring data upload process
2016/04/20 02:56:57 Info > Completed data upload process.0 netflows.0 performancecounters. 0 netstats. = Total Elapsed Time: 00:00:00.2100000
2016/04/20 03:01:57 Info > Staring data upload process
2016/04/20 03:01:57 Info > Completed data upload process.0 netflows.0 performancecounters. 0 netstats. = Total Elapsed Time: 00:00:00.2020000
2016/04/20 03:06:57 Info > Staring data upload process
2016/04/20 03:06:57 Info > Completed data upload process.0 netflows.0 performancecounters. 0 netstats. = Total Elapsed Time: 00:00:00.1990000
2016/04/20 03:11:48 Info > Netstat: Staring netstat collection process with 10 threads
2016/04/20 03:11:48 Info > Netstat: Completed netstat collection for 0 workloads in 00:00:00.0410000 [next run at 4/20/2016 3:41:48 PM]
2016/04/20 03:11:57 Info > Staring data upload process
2016/04/20 03:11:58 Info > Completed data upload process.0 netflows.0 performancecounters. 0 netstats. = Total Elapsed Time: 00:00:00.1790000
2016/04/20 03:16:58 Info > Staring data upload process
2016/04/20 03:16:58 Info > Completed data upload process.0 netflows.0 performancecounters. 0 netstats. = Total Elapsed Time: 00:00:00.2080000
2016/04/20 03:21:58 Info > Staring data upload process
2016/04/20 03:21:58 Info > Completed data upload process.0 netflows.0 performancecounters. 0 netstats. = Total Elapsed Time: 00:00:00.2210000
2016/04/20 03:26:58 Info > Staring data upload process
2016/04/20 03:26:59 Info > Completed data upload process.0 netflows.0 performancecounters. 0 netstats. = Total Elapsed Time: 00:00:00.2070000
2016/04/20 03:31:59 Info > Staring data upload process
2016/04/20 03:31:59 Info > Completed data upload process.0 netflows.0 performancecounters. 0 netstats. = Total Elapsed Time: 00:00:00.2050000
2016/04/20 03:36:59 Info > Staring data upload process
2016/04/20 03:36:59 Info > Completed data upload process.0 netflows.0 performancecounters. 0 netstats. = Total Elapsed Time: 00:00:00.1980000
2016/04/20 03:41:47 Info > Staring performance collection process with 10 threads
2016/04/20 03:41:47 Info > Completed performance collection for 0 workloads in 00:00:00.0650000 [next run at 4/20/2016 4:41:47 PM]
2016/04/20 03:41:48 Info > Netstat: Staring netstat collection process with 10 threads
2016/04/20 03:41:48 Info > Netstat: Completed netstat collection for 0 workloads in 00:00:00.0530000 [next run at 4/20/2016 4:11:48 PM]
2016/04/20 03:41:59 Info > Staring data upload process
2016/04/20 03:41:59 Info > Completed data upload process.0 netflows.0 performancecounters. 0 netstats. = Total Elapsed Time: 00:00:00.1630000
2016/04/20 03:46:59 Info > Staring data upload process
2016/04/20 03:47:00 Info > Completed data upload process.0 netflows.0 performancecounters. 0 netstats. = Total Elapsed Time: 00:00:00.1800000
2016/04/20 03:47:12 Info > Staring platform inventory process
2016/04/20 03:47:13 Info > Started inventory process for Standalone Platform
2016/04/20 03:48:59 Info > Completed inventory process for Standalone Platform = Total Execute Time: 00:01:46.4010000
2016/04/20 03:48:59 Info > Completed platform inventory for na in 00:01:46.4840000
2016/04/20 03:48:59 Info > Completed data mirroring process.0 new platforms, 1 updated platforms = total elapsed time: 00:01:46.6480000
2016/04/20 03:52:00 Info > Staring data upload process
2016/04/20 03:52:00 Info > Completed data upload process.0 netflows.0 performancecounters. 0 netstats. = Total Elapsed Time: 00:00:00.1940000
2016/04/20 03:57:00 Info > Staring data upload process
2016/04/20 03:57:00 Info > Completed data upload process.0 netflows.0 performancecounters. 0 netstats. = Total Elapsed Time: 00:00:00.2090000
2016/04/20 04:02:00 Info > Staring data upload process
2016/04/20 04:02:00 Info > Completed data upload process.0 netflows.0 performancecounters. 0 netstats. = Total Elapsed Time: 00:00:00.2300000
2016/04/20 04:07:00 Info > Staring data upload process
2016/04/20 04:07:01 Info > Completed data upload process.0 netflows.0 performancecounters. 0 netstats. = Total Elapsed Time: 00:00:00.1900000
2016/04/20 04:11:48 Info > Netstat: Staring netstat collection process with 10 threads
2016/04/20 04:11:48 Info > Netstat: Completed netstat collection for 0 workloads in 00:00:00.0440000 [next run at 4/20/2016 4:41:48 PM]
2016/04/20 04:12:01 Info > Staring data upload process
2016/04/20 04:12:01 Info > Completed data upload process.0 netflows.0 performancecounters. 0 netstats. = Total Elapsed Time: 00:00:00.1860000
2016/04/20 04:17:01 Info > Staring data upload process
2016/04/20 04:17:01 Info > Completed data upload process.0 netflows.0 performancecounters. 0 netstats. = Total Elapsed Time: 00:00:00.1970000
2016/04/20 04:22:01 Info > Staring data upload process
2016/04/20 04:22:02 Info > Completed data upload process.0 netflows.0 performancecounters. 0 netstats. = Total Elapsed Time: 00:00:00.3320000
2016/04/20 04:27:02 Info > Staring data upload process
2016/04/20 04:27:02 Info > Completed data upload process.0 netflows.0 performancecounters. 0 netstats. = Total Elapsed Time: 00:00:00.1800000
2016/04/20 04:32:02 Info > Staring data upload process
2016/04/20 04:32:02 Info > Completed data upload process.0 netflows.0 performancecounters. 0 netstats. = Total Elapsed Time: 00:00:00.1940000
2016/04/20 04:37:02 Info > Staring data upload process
2016/04/20 04:37:02 Info > Completed data upload process.0 netflows.0 performancecounters. 0 netstats. = Total Elapsed Time: 00:00:00.2000000
2016/04/20 04:41:48 Info > Staring performance collection process with 10 threads
2016/04/20 04:41:54 Info > Netstat: Staring netstat collection process with 10 threads
2016/04/20 04:42:33 Debug > Starting WCF Service
2016/04/20 04:42:33 Info > Debug Enabled!
2016/04/20 04:42:33 Info > MRP Manager ID:9539656e4ba04a0394217fb0a240a331
2016/04/20 04:42:34 Debug > organization id: 7b6865d87b824b4a97d563ae5e5d35e7
2016/04/20 04:42:34 Debug > Starting Scheduler Thread
2016/04/20 04:42:34 Debug > Starting Mirror Thread
2016/04/20 04:42:34 Debug > Starting Performance Collection Thread
2016/04/20 04:42:34 Info > Staring platform inventory process with 10 threads
2016/04/20 04:42:34 Debug > Starting Netflow v5 Collection Thread
2016/04/20 04:42:34 Info > Staring performance collection process with 10 threads
2016/04/20 04:42:34 Debug > Starting Data Upload Thread
2016/04/20 04:42:34 Debug > Starting OS Inventory Thread
2016/04/20 04:42:34 Debug > Starting OS Netstat Thread
2016/04/20 04:42:34 Info > Staring operating system inventory process with 10 threads
2016/04/20 04:42:34 Info > Staring data upload process
2016/04/20 04:42:34 Info > Netstat: Staring netstat collection process with 10 threads
2016/04/20 04:42:35 Info > Completed performance collection for 0 workloads in 00:00:01.0960000 [next run at 4/20/2016 5:42:34 PM]
2016/04/20 04:42:35 Info > Completed operating system inventory for 0 workloads in 00:00:01.0720000 [next run at 4/21/2016 4:42:34 PM]
2016/04/20 04:42:35 Info > Netstat: Completed netstat collection for 0 workloads in 00:00:01.0630000 [next run at 4/20/2016 5:12:34 PM]
2016/04/20 04:42:35 Info > Completed data upload process.0 netflows.0 performancecounters. 0 netstats. = Total Elapsed Time: 00:00:00.2370000
2016/04/20 04:42:35 Error > Error collecting inventory information from platform Standalone Platform with error System.NullReferenceException: Object reference not set to an instance of an object.   at MRMPService.PlatformInventory.Inventory.PlatformInventoryDo(String platform_id, Boolean full) in C:\Users\phillip.spies\Documents\Visual Studio 2015\Projects\MRMPManager\MRMPService\MRPService\Classes\Background Tasks\PlatformInventory\PlatformInventoryDo.cs:line 15   at MRMPService.PlatformInventory.PlatformInventoryThread.<>c.<Start>b__0_2(MRPPlatformType platform) in C:\Users\phillip.spies\Documents\Visual Studio 2015\Projects\MRMPManager\MRMPService\MRPService\Classes\Background Tasks\PlatformInventory\PlatformInventoryThread.cs:line 72
2016/04/20 04:42:35 Error > Error collecting inventory information from platform Standalone Platform with error System.NullReferenceException: Object reference not set to an instance of an object.   at MRMPService.PlatformInventory.Inventory.PlatformInventoryDo(String platform_id, Boolean full) in C:\Users\phillip.spies\Documents\Visual Studio 2015\Projects\MRMPManager\MRMPService\MRPService\Classes\Background Tasks\PlatformInventory\PlatformInventoryDo.cs:line 15   at MRMPService.PlatformInventory.PlatformInventoryThread.<>c.<Start>b__0_2(MRPPlatformType platform) in C:\Users\phillip.spies\Documents\Visual Studio 2015\Projects\MRMPManager\MRMPService\MRPService\Classes\Background Tasks\PlatformInventory\PlatformInventoryThread.cs:line 72
2016/04/20 04:42:35 Error > Error collecting inventory information from platform Standalone Platform with error System.NullReferenceException: Object reference not set to an instance of an object.   at MRMPService.PlatformInventory.Inventory.PlatformInventoryDo(String platform_id, Boolean full) in C:\Users\phillip.spies\Documents\Visual Studio 2015\Projects\MRMPManager\MRMPService\MRPService\Classes\Background Tasks\PlatformInventory\PlatformInventoryDo.cs:line 15   at MRMPService.PlatformInventory.PlatformInventoryThread.<>c.<Start>b__0_2(MRPPlatformType platform) in C:\Users\phillip.spies\Documents\Visual Studio 2015\Projects\MRMPManager\MRMPService\MRPService\Classes\Background Tasks\PlatformInventory\PlatformInventoryThread.cs:line 72
2016/04/20 04:42:35 Info > Completed platform inventory for 0 platforms in 00:00:01.2650000 [next run at 4/21/2016 4:42:34 PM]
2016/04/20 04:44:40 Debug > Starting WCF Service
2016/04/20 04:44:40 Info > Debug Enabled!
2016/04/20 04:44:40 Info > MRP Manager ID:9539656e4ba04a0394217fb0a240a331
2016/04/20 04:44:40 Debug > organization id: 7b6865d87b824b4a97d563ae5e5d35e7
2016/04/20 04:44:40 Debug > Starting Scheduler Thread
2016/04/20 04:44:40 Debug > Starting Mirror Thread
2016/04/20 04:44:40 Debug > Starting Performance Collection Thread
2016/04/20 04:44:40 Debug > Starting Netflow v5 Collection Thread
2016/04/20 04:44:40 Info > Staring platform inventory process with 10 threads
2016/04/20 04:44:40 Debug > Starting Data Upload Thread
2016/04/20 04:44:40 Info > Staring performance collection process with 10 threads
2016/04/20 04:44:40 Debug > Starting OS Inventory Thread
2016/04/20 04:44:40 Info > Staring data upload process
2016/04/20 04:44:40 Debug > Starting OS Netstat Thread
2016/04/20 04:44:40 Info > Staring operating system inventory process with 10 threads
2016/04/20 04:44:40 Info > Netstat: Staring netstat collection process with 10 threads
2016/04/20 04:44:41 Error > Error collecting inventory information from platform Standalone Platform with error System.NullReferenceException: Object reference not set to an instance of an object.   at MRMPService.PlatformInventory.Inventory.PlatformInventoryDo(String platform_id, Boolean full) in C:\Users\phillip.spies\Documents\Visual Studio 2015\Projects\MRMPManager\MRMPService\MRPService\Classes\Background Tasks\PlatformInventory\PlatformInventoryDo.cs:line 15   at MRMPService.PlatformInventory.PlatformInventoryThread.<>c.<Start>b__0_2(MRPPlatformType platform) in C:\Users\phillip.spies\Documents\Visual Studio 2015\Projects\MRMPManager\MRMPService\MRPService\Classes\Background Tasks\PlatformInventory\PlatformInventoryThread.cs:line 72
2016/04/20 04:44:41 Error > Error collecting inventory information from server01 with error System.ArgumentException: Record does not exists   at MRMPService.API.Core.perform[type](Method _method, Object _object) in C:\Users\phillip.spies\Documents\Visual Studio 2015\Projects\MRMPManager\MRMPService\MRPService\Classes\Modules\MRPPortal\Core.cs:line 106   at MRMPService.API.MRPWorkload.getworkload(String _workload_id) in C:\Users\phillip.spies\Documents\Visual Studio 2015\Projects\MRMPManager\MRMPService\MRPService\Classes\Modules\MRPPortal\Workloads.cs:line 28   at MRMPService.API.Classes.WorkloadInventory.WorkloadInventoryDo(String workload_id) in C:\Users\phillip.spies\Documents\Visual Studio 2015\Projects\MRMPManager\MRMPService\MRPService\Classes\Background Tasks\WorkloadInventory\WorkloadInventoryDo.cs:line 21   at MRMPService.API.Classes.WorkloadInventoryThread.<>c.<Start>b__1_0(Workload workload) in C:\Users\phillip.spies\Documents\Visual Studio 2015\Projects\MRMPManager\MRMPService\MRPService\Classes\Background Tasks\WorkloadInventory\WorkloadInventoryThread.cs:line 38
2016/04/20 04:44:41 Info > Performance: Start performance collection for server01 using 2607:f480:111:1359:492b:1740:ea0a:5f9c
2016/04/20 04:44:41 Info > Netstat: Started netstat collection for server02 : 2607-f480-111-1359-7f7e-61a5-36c2-345b.ipv6-literal.net
2016/04/20 04:44:41 Info > Netstat: Started netstat collection for server01 : 2607-f480-111-1359-492b-1740-ea0a-5f9c.ipv6-literal.net
2016/04/20 04:44:41 Info > Performance: Start performance collection for server02 using 2607:f480:111:1359:7f7e:61a5:36c2:345b
2016/04/20 04:44:41 Info > Netstat: Started netstat collection for server03 : 2607-f480-111-1359-14a4-ac63-1ae-a393.ipv6-literal.net
2016/04/20 04:44:41 Info > Started inventory process for Standalone Platform
2016/04/20 04:44:42 Info > Completed data upload process.0 netflows.0 performancecounters. 0 netstats. = Total Elapsed Time: 00:00:00.3860000
2016/04/20 04:44:42 Error > Error collecting inventory information from server02 with error System.ArgumentException: Record does not exists   at MRMPService.API.Core.perform[type](Method _method, Object _object) in C:\Users\phillip.spies\Documents\Visual Studio 2015\Projects\MRMPManager\MRMPService\MRPService\Classes\Modules\MRPPortal\Core.cs:line 106   at MRMPService.API.MRPWorkload.getworkload(String _workload_id) in C:\Users\phillip.spies\Documents\Visual Studio 2015\Projects\MRMPManager\MRMPService\MRPService\Classes\Modules\MRPPortal\Workloads.cs:line 28   at MRMPService.API.Classes.WorkloadInventory.WorkloadInventoryDo(String workload_id) in C:\Users\phillip.spies\Documents\Visual Studio 2015\Projects\MRMPManager\MRMPService\MRPService\Classes\Background Tasks\WorkloadInventory\WorkloadInventoryDo.cs:line 21   at MRMPService.API.Classes.WorkloadInventoryThread.<>c.<Start>b__1_0(Workload workload) in C:\Users\phillip.spies\Documents\Visual Studio 2015\Projects\MRMPManager\MRMPService\MRPService\Classes\Background Tasks\WorkloadInventory\WorkloadInventoryThread.cs:line 38
2016/04/20 04:44:42 Error > Error collecting inventory information from server03 with error System.ArgumentException: Record does not exists   at MRMPService.API.Core.perform[type](Method _method, Object _object) in C:\Users\phillip.spies\Documents\Visual Studio 2015\Projects\MRMPManager\MRMPService\MRPService\Classes\Modules\MRPPortal\Core.cs:line 106   at MRMPService.API.MRPWorkload.getworkload(String _workload_id) in C:\Users\phillip.spies\Documents\Visual Studio 2015\Projects\MRMPManager\MRMPService\MRPService\Classes\Modules\MRPPortal\Workloads.cs:line 28   at MRMPService.API.Classes.WorkloadInventory.WorkloadInventoryDo(String workload_id) in C:\Users\phillip.spies\Documents\Visual Studio 2015\Projects\MRMPManager\MRMPService\MRPService\Classes\Background Tasks\WorkloadInventory\WorkloadInventoryDo.cs:line 21   at MRMPService.API.Classes.WorkloadInventoryThread.<>c.<Start>b__1_0(Workload workload) in C:\Users\phillip.spies\Documents\Visual Studio 2015\Projects\MRMPManager\MRMPService\MRPService\Classes\Background Tasks\WorkloadInventory\WorkloadInventoryThread.cs:line 38
2016/04/20 04:44:42 Error > Error collecting inventory information from server04 with error System.ArgumentException: Record does not exists   at MRMPService.API.Core.perform[type](Method _method, Object _object) in C:\Users\phillip.spies\Documents\Visual Studio 2015\Projects\MRMPManager\MRMPService\MRPService\Classes\Modules\MRPPortal\Core.cs:line 106   at MRMPService.API.MRPWorkload.getworkload(String _workload_id) in C:\Users\phillip.spies\Documents\Visual Studio 2015\Projects\MRMPManager\MRMPService\MRPService\Classes\Modules\MRPPortal\Workloads.cs:line 28   at MRMPService.API.Classes.WorkloadInventory.WorkloadInventoryDo(String workload_id) in C:\Users\phillip.spies\Documents\Visual Studio 2015\Projects\MRMPManager\MRMPService\MRPService\Classes\Background Tasks\WorkloadInventory\WorkloadInventoryDo.cs:line 21   at MRMPService.API.Classes.WorkloadInventoryThread.<>c.<Start>b__1_0(Workload workload) in C:\Users\phillip.spies\Documents\Visual Studio 2015\Projects\MRMPManager\MRMPService\MRPService\Classes\Background Tasks\WorkloadInventory\WorkloadInventoryThread.cs:line 38
2016/04/20 04:44:42 Info > Completed operating system inventory for 4 workloads in 00:00:01.4230000 [next run at 4/21/2016 4:44:40 PM]
2016/04/20 04:44:42 Error > Error collecting inventory information from platform Standalone Platform with error System.NullReferenceException: Object reference not set to an instance of an object.   at MRMPService.PlatformInventory.Inventory.PlatformInventoryDo(String platform_id, Boolean full) in C:\Users\phillip.spies\Documents\Visual Studio 2015\Projects\MRMPManager\MRMPService\MRPService\Classes\Background Tasks\PlatformInventory\PlatformInventoryDo.cs:line 15   at MRMPService.PlatformInventory.PlatformInventoryThread.<>c.<Start>b__0_2(MRPPlatformType platform) in C:\Users\phillip.spies\Documents\Visual Studio 2015\Projects\MRMPManager\MRMPService\MRPService\Classes\Background Tasks\PlatformInventory\PlatformInventoryThread.cs:line 72
2016/04/20 04:44:42 Error > Error collecting inventory information from platform Standalone Platform with error System.NullReferenceException: Object reference not set to an instance of an object.   at MRMPService.PlatformInventory.Inventory.PlatformInventoryDo(String platform_id, Boolean full) in C:\Users\phillip.spies\Documents\Visual Studio 2015\Projects\MRMPManager\MRMPService\MRPService\Classes\Background Tasks\PlatformInventory\PlatformInventoryDo.cs:line 15   at MRMPService.PlatformInventory.PlatformInventoryThread.<>c.<Start>b__0_2(MRPPlatformType platform) in C:\Users\phillip.spies\Documents\Visual Studio 2015\Projects\MRMPManager\MRMPService\MRPService\Classes\Background Tasks\PlatformInventory\PlatformInventoryThread.cs:line 72
2016/04/20 04:44:43 Info > Netstat: Started netstat collection for server04 : 2607-f480-111-1359-dda-e8fe-c7f2-9e7e.ipv6-literal.net
2016/04/20 04:44:46 Info > Inventory: Completed netstat collection for server02 : 2607-f480-111-1359-7f7e-61a5-36c2-345b.ipv6-literal.net
2016/04/20 04:44:46 Error > Error collecting performance information from server03 with error System.ArgumentException: Performance: Error finding contactable IP for workload e941a520bb726bce83ecf7e3b75aa5d3ea75f6ad server03   at MRMPService.PerformanceCollection.WorkloadPerformance.WorkloadPerformanceDo(SyncronisedList`1 _countertree, SyncronisedList`1 _counters, String workload_id) in C:\Users\phillip.spies\Documents\Visual Studio 2015\Projects\MRMPManager\MRMPService\MRPService\Classes\Background Tasks\WorkloadPerformance\WorkloadPerformanceDo.cs:line 61   at MRMPService.PerformanceCollection.WorkloadPerformanceThread.<>c.<Start>b__2_0(Workload workload) in C:\Users\phillip.spies\Documents\Visual Studio 2015\Projects\MRMPManager\MRMPService\MRPService\Classes\Background Tasks\WorkloadPerformance\WorkloadPerformanceThread.cs:line 92
2016/04/20 04:44:47 Error > Error collecting performance information from server04 with error System.ArgumentException: Performance: Error finding contactable IP for workload 4eba4e22d8b5f8cf180215a41914a9b85a0086de server04   at MRMPService.PerformanceCollection.WorkloadPerformance.WorkloadPerformanceDo(SyncronisedList`1 _countertree, SyncronisedList`1 _counters, String workload_id) in C:\Users\phillip.spies\Documents\Visual Studio 2015\Projects\MRMPManager\MRMPService\MRPService\Classes\Background Tasks\WorkloadPerformance\WorkloadPerformanceDo.cs:line 61   at MRMPService.PerformanceCollection.WorkloadPerformanceThread.<>c.<Start>b__2_0(Workload workload) in C:\Users\phillip.spies\Documents\Visual Studio 2015\Projects\MRMPManager\MRMPService\MRPService\Classes\Background Tasks\WorkloadPerformance\WorkloadPerformanceThread.cs:line 92
2016/04/20 04:44:48 Info > Completed inventory process for Standalone Platform = Total Execute Time: 00:00:06.0650000
2016/04/20 04:44:48 Info > Completed platform inventory for  in 00:00:06.1710000
2016/04/20 04:44:48 Info > Completed platform inventory for 1 platforms in 00:00:07.2430000 [next run at 4/21/2016 4:44:40 PM]
2016/04/20 04:44:48 Info > Inventory: Completed netstat collection for server03 : 2607-f480-111-1359-14a4-ac63-1ae-a393.ipv6-literal.net
2016/04/20 04:44:48 Info > Inventory: Completed netstat collection for server01 : 2607-f480-111-1359-492b-1740-ea0a-5f9c.ipv6-literal.net
2016/04/20 04:44:49 Info > Inventory: Completed netstat collection for server04 : 2607-f480-111-1359-dda-e8fe-c7f2-9e7e.ipv6-literal.net
2016/04/20 04:44:49 Info > Netstat: Completed netstat collection for 4 workloads in 00:00:08.8150000 [next run at 4/20/2016 5:14:40 PM]
2016/04/20 04:45:09 Info > Performance: Completed performance collection for server02 using 2607:f480:111:1359:7f7e:61a5:36c2:345b
2016/04/20 04:45:20 Info > Performance: Completed performance collection for server01 using 2607:f480:111:1359:492b:1740:ea0a:5f9c
2016/04/20 04:45:20 Info > Completed performance collection for 4 workloads in 00:00:40.0220000 [next run at 4/20/2016 5:44:40 PM]
2016/04/20 04:45:36 Debug > Starting WCF Service
2016/04/20 04:45:36 Info > Debug Enabled!
2016/04/20 04:45:36 Info > MRP Manager ID:9539656e4ba04a0394217fb0a240a331
2016/04/20 04:45:37 Debug > organization id: 7b6865d87b824b4a97d563ae5e5d35e7
2016/04/20 04:45:37 Debug > Starting Scheduler Thread
2016/04/20 04:45:37 Debug > Starting Mirror Thread
2016/04/20 04:45:37 Debug > Starting Performance Collection Thread
2016/04/20 04:45:37 Info > Staring platform inventory process with 10 threads
2016/04/20 04:45:37 Debug > Starting Netflow v5 Collection Thread
2016/04/20 04:45:37 Info > Staring performance collection process with 10 threads
2016/04/20 04:45:37 Debug > Starting Data Upload Thread
2016/04/20 04:45:37 Debug > Starting OS Inventory Thread
2016/04/20 04:45:37 Debug > Starting OS Netstat Thread
2016/04/20 04:45:37 Info > Staring operating system inventory process with 10 threads
2016/04/20 04:45:37 Info > Staring data upload process
2016/04/20 04:45:37 Info > Netstat: Staring netstat collection process with 10 threads
2016/04/20 04:45:38 Info > Netstat: Started netstat collection for server03 : 2607-f480-111-1359-14a4-ac63-1ae-a393.ipv6-literal.net
2016/04/20 04:45:38 Info > Performance: Start performance collection for server02 using 2607:f480:111:1359:7f7e:61a5:36c2:345b
2016/04/20 04:45:38 Info > Performance: Start performance collection for server01 using 2607:f480:111:1359:492b:1740:ea0a:5f9c
2016/04/20 04:45:38 Info > Netstat: Started netstat collection for server01 : 2607-f480-111-1359-492b-1740-ea0a-5f9c.ipv6-literal.net
2016/04/20 04:45:38 Error > Error collecting inventory information from platform Standalone Platform with error System.NullReferenceException: Object reference not set to an instance of an object.   at MRMPService.PlatformInventory.Inventory.PlatformInventoryDo(String platform_id, Boolean full) in C:\Users\phillip.spies\Documents\Visual Studio 2015\Projects\MRMPManager\MRMPService\MRPService\Classes\Background Tasks\PlatformInventory\PlatformInventoryDo.cs:line 15   at MRMPService.PlatformInventory.PlatformInventoryThread.<>c.<Start>b__0_2(MRPPlatformType platform) in C:\Users\phillip.spies\Documents\Visual Studio 2015\Projects\MRMPManager\MRMPService\MRPService\Classes\Background Tasks\PlatformInventory\PlatformInventoryThread.cs:line 72
2016/04/20 04:45:38 Info > Netstat: Started netstat collection for server02 : 2607-f480-111-1359-7f7e-61a5-36c2-345b.ipv6-literal.net
2016/04/20 04:45:38 Info > Inventory: Started inventory collection for server01 : 2607-f480-111-1359-492b-1740-ea0a-5f9c.ipv6-literal.net
2016/04/20 04:45:38 Info > Started inventory process for Standalone Platform
2016/04/20 04:45:38 Info > Inventory: Started inventory collection for server02 : 2607-f480-111-1359-7f7e-61a5-36c2-345b.ipv6-literal.net
2016/04/20 04:45:38 Error > Error collecting inventory information from platform Standalone Platform with error System.NullReferenceException: Object reference not set to an instance of an object.   at MRMPService.PlatformInventory.Inventory.PlatformInventoryDo(String platform_id, Boolean full) in C:\Users\phillip.spies\Documents\Visual Studio 2015\Projects\MRMPManager\MRMPService\MRPService\Classes\Background Tasks\PlatformInventory\PlatformInventoryDo.cs:line 15   at MRMPService.PlatformInventory.PlatformInventoryThread.<>c.<Start>b__0_2(MRPPlatformType platform) in C:\Users\phillip.spies\Documents\Visual Studio 2015\Projects\MRMPManager\MRMPService\MRPService\Classes\Background Tasks\PlatformInventory\PlatformInventoryThread.cs:line 72
2016/04/20 04:45:38 Error > Error collecting inventory information from platform Standalone Platform with error System.NullReferenceException: Object reference not set to an instance of an object.   at MRMPService.PlatformInventory.Inventory.PlatformInventoryDo(String platform_id, Boolean full) in C:\Users\phillip.spies\Documents\Visual Studio 2015\Projects\MRMPManager\MRMPService\MRPService\Classes\Background Tasks\PlatformInventory\PlatformInventoryDo.cs:line 15   at MRMPService.PlatformInventory.PlatformInventoryThread.<>c.<Start>b__0_2(MRPPlatformType platform) in C:\Users\phillip.spies\Documents\Visual Studio 2015\Projects\MRMPManager\MRMPService\MRPService\Classes\Background Tasks\PlatformInventory\PlatformInventoryThread.cs:line 72
2016/04/20 04:45:38 Info > Netstat: Started netstat collection for server04 : 2607-f480-111-1359-dda-e8fe-c7f2-9e7e.ipv6-literal.net
2016/04/20 04:45:39 Info > Performance: Start performance collection for server03 using 2607:f480:111:1359:14a4:ac63:1ae:a393
2016/04/20 04:45:40 Info > Performance: Start performance collection for server04 using 2607:f480:111:1359:dda:e8fe:c7f2:9e7e
2016/04/20 04:45:41 Info > Inventory: Started inventory collection for server03 : 2607-f480-111-1359-14a4-ac63-1ae-a393.ipv6-literal.net
2016/04/20 04:45:42 Info > Inventory: Started inventory collection for server04 : 2607-f480-111-1359-dda-e8fe-c7f2-9e7e.ipv6-literal.net
2016/04/20 04:45:43 Info > Inventory: Completed netstat collection for server02 : 2607-f480-111-1359-7f7e-61a5-36c2-345b.ipv6-literal.net
2016/04/20 04:45:43 Info > Inventory: Completed netstat collection for server04 : 2607-f480-111-1359-dda-e8fe-c7f2-9e7e.ipv6-literal.net
2016/04/20 04:45:43 Info > Inventory: Completed netstat collection for server01 : 2607-f480-111-1359-492b-1740-ea0a-5f9c.ipv6-literal.net
2016/04/20 04:45:43 Info > Inventory: Completed netstat collection for server03 : 2607-f480-111-1359-14a4-ac63-1ae-a393.ipv6-literal.net
2016/04/20 04:45:43 Info > Netstat: Completed netstat collection for 4 workloads in 00:00:06.7600000 [next run at 4/20/2016 5:15:37 PM]
2016/04/20 04:45:45 Info > Completed inventory process for Standalone Platform = Total Execute Time: 00:00:06.6370000
2016/04/20 04:45:45 Info > Completed platform inventory for na in 00:00:06.8060000
2016/04/20 04:45:45 Info > Completed platform inventory for 1 platforms in 00:00:07.9430000 [next run at 4/21/2016 4:45:37 PM]
2016/04/20 04:45:45 Error > Error collecting performance information from server03 with error System.InvalidOperationException: Mismatched counter types.   at System.Diagnostics.CounterSampleCalculator.ComputeCounterValue(CounterSample oldSample, CounterSample newSample)   at MRMPService.PerformanceCollection.WorkloadPerformance.WorkloadPerformanceDo(SyncronisedList`1 _countertree, SyncronisedList`1 _counters, String workload_id) in C:\Users\phillip.spies\Documents\Visual Studio 2015\Projects\MRMPManager\MRMPService\MRPService\Classes\Background Tasks\WorkloadPerformance\WorkloadPerformanceDo.cs:line 179   at MRMPService.PerformanceCollection.WorkloadPerformanceThread.<>c.<Start>b__2_0(Workload workload) in C:\Users\phillip.spies\Documents\Visual Studio 2015\Projects\MRMPManager\MRMPService\MRPService\Classes\Background Tasks\WorkloadPerformance\WorkloadPerformanceThread.cs:line 92
2016/04/20 04:45:46 Info > Inventory: Completed inventory collection for 10-0-0-9 : 2607-f480-111-1359-7f7e-61a5-36c2-345b.ipv6-literal.net
2016/04/20 04:45:46 Info > Inventory: Completed inventory collection for 10-0-0-8 : 2607-f480-111-1359-492b-1740-ea0a-5f9c.ipv6-literal.net
2016/04/20 04:45:49 Info > Inventory: Completed inventory collection for 10-0-0-10 : 2607-f480-111-1359-14a4-ac63-1ae-a393.ipv6-literal.net
2016/04/20 04:45:50 Info > Inventory: Completed inventory collection for 10-0-0-11 : 2607-f480-111-1359-dda-e8fe-c7f2-9e7e.ipv6-literal.net
2016/04/20 04:45:50 Info > Completed operating system inventory for 4 workloads in 00:00:12.8570000 [next run at 4/21/2016 4:45:37 PM]
2016/04/20 04:45:51 Info > Completed data upload process.0 netflows.196 performancecounters. 49 netstats. = Total Elapsed Time: 00:00:13.4660000
2016/04/20 04:46:04 Info > Performance: Completed performance collection for server02 using 2607:f480:111:1359:7f7e:61a5:36c2:345b
2016/04/20 04:46:08 Info > Performance: Completed performance collection for server04 using 2607:f480:111:1359:dda:e8fe:c7f2:9e7e
2016/04/20 04:46:14 Info > Performance: Completed performance collection for server01 using 2607:f480:111:1359:492b:1740:ea0a:5f9c
2016/04/20 04:46:14 Info > Completed performance collection for 4 workloads in 00:00:37.7280000 [next run at 4/20/2016 5:45:37 PM]
2016/04/20 04:48:51 Debug > Starting WCF Service
2016/04/20 04:48:51 Info > Debug Enabled!
2016/04/20 04:48:51 Info > MRP Manager ID:9539656e4ba04a0394217fb0a240a331
2016/04/20 04:48:51 Debug > organization id: 7b6865d87b824b4a97d563ae5e5d35e7
2016/04/20 04:48:51 Debug > Starting Scheduler Thread
2016/04/20 04:48:51 Debug > Starting Mirror Thread
2016/04/20 04:48:51 Debug > Starting Performance Collection Thread
2016/04/20 04:48:51 Info > Staring platform inventory process with 10 threads
2016/04/20 04:48:51 Debug > Starting Netflow v5 Collection Thread
2016/04/20 04:48:52 Info > Staring performance collection process with 10 threads
2016/04/20 04:48:52 Debug > Starting Data Upload Thread
2016/04/20 04:48:52 Debug > Starting OS Inventory Thread
2016/04/20 04:48:52 Info > Staring data upload process
2016/04/20 04:48:52 Info > Staring operating system inventory process with 10 threads
2016/04/20 04:48:52 Debug > Starting OS Netstat Thread
2016/04/20 04:48:52 Info > Netstat: Staring netstat collection process with 10 threads
2016/04/20 04:48:52 Info > Netstat: Started netstat collection for 10-0-0-8 : 2607-f480-111-1359-492b-1740-ea0a-5f9c.ipv6-literal.net
2016/04/20 04:48:52 Info > Netstat: Started netstat collection for 10-0-0-9 : 2607-f480-111-1359-7f7e-61a5-36c2-345b.ipv6-literal.net
2016/04/20 04:48:52 Info > Performance: Start performance collection for 10-0-0-9 using 2607:f480:111:1359:7f7e:61a5:36c2:345b
2016/04/20 04:48:52 Info > Performance: Start performance collection for 10-0-0-10 using 2607:f480:111:1359:14a4:ac63:1ae:a393
2016/04/20 04:48:52 Info > Performance: Start performance collection for 10-0-0-8 using 2607:f480:111:1359:492b:1740:ea0a:5f9c
2016/04/20 04:48:53 Error > Error collecting inventory information from platform Standalone Platform with error System.NullReferenceException: Object reference not set to an instance of an object.   at MRMPService.PlatformInventory.Inventory.PlatformInventoryDo(String platform_id, Boolean full) in C:\Users\phillip.spies\Documents\Visual Studio 2015\Projects\MRMPManager\MRMPService\MRPService\Classes\Background Tasks\PlatformInventory\PlatformInventoryDo.cs:line 15   at MRMPService.PlatformInventory.PlatformInventoryThread.<>c.<Start>b__0_2(MRPPlatformType platform) in C:\Users\phillip.spies\Documents\Visual Studio 2015\Projects\MRMPManager\MRMPService\MRPService\Classes\Background Tasks\PlatformInventory\PlatformInventoryThread.cs:line 72
2016/04/20 04:48:53 Info > Inventory: Started inventory collection for 10-0-0-9 : 2607-f480-111-1359-7f7e-61a5-36c2-345b.ipv6-literal.net
2016/04/20 04:48:53 Info > Started inventory process for Standalone Platform
2016/04/20 04:48:53 Info > Inventory: Started inventory collection for 10-0-0-8 : 2607-f480-111-1359-492b-1740-ea0a-5f9c.ipv6-literal.net
2016/04/20 04:48:54 Error > Error collecting inventory information from platform Standalone Platform with error System.NullReferenceException: Object reference not set to an instance of an object.   at MRMPService.PlatformInventory.Inventory.PlatformInventoryDo(String platform_id, Boolean full) in C:\Users\phillip.spies\Documents\Visual Studio 2015\Projects\MRMPManager\MRMPService\MRPService\Classes\Background Tasks\PlatformInventory\PlatformInventoryDo.cs:line 15   at MRMPService.PlatformInventory.PlatformInventoryThread.<>c.<Start>b__0_2(MRPPlatformType platform) in C:\Users\phillip.spies\Documents\Visual Studio 2015\Projects\MRMPManager\MRMPService\MRPService\Classes\Background Tasks\PlatformInventory\PlatformInventoryThread.cs:line 72
2016/04/20 04:48:54 Error > Error collecting inventory information from platform Standalone Platform with error System.NullReferenceException: Object reference not set to an instance of an object.   at MRMPService.PlatformInventory.Inventory.PlatformInventoryDo(String platform_id, Boolean full) in C:\Users\phillip.spies\Documents\Visual Studio 2015\Projects\MRMPManager\MRMPService\MRPService\Classes\Background Tasks\PlatformInventory\PlatformInventoryDo.cs:line 15   at MRMPService.PlatformInventory.PlatformInventoryThread.<>c.<Start>b__0_2(MRPPlatformType platform) in C:\Users\phillip.spies\Documents\Visual Studio 2015\Projects\MRMPManager\MRMPService\MRPService\Classes\Background Tasks\PlatformInventory\PlatformInventoryThread.cs:line 72
2016/04/20 04:48:54 Info > Performance: Start performance collection for 10-0-0-11 using 2607:f480:111:1359:dda:e8fe:c7f2:9e7e
2016/04/20 04:48:55 Info > Netstat: Started netstat collection for 10-0-0-10 : 2607-f480-111-1359-14a4-ac63-1ae-a393.ipv6-literal.net
2016/04/20 04:48:56 Info > Netstat: Started netstat collection for 10-0-0-11 : 2607-f480-111-1359-dda-e8fe-c7f2-9e7e.ipv6-literal.net
2016/04/20 04:48:56 Info > Inventory: Started inventory collection for 10-0-0-10 : 2607-f480-111-1359-14a4-ac63-1ae-a393.ipv6-literal.net
2016/04/20 04:48:57 Info > Inventory: Completed netstat collection for 10-0-0-9 : 2607-f480-111-1359-7f7e-61a5-36c2-345b.ipv6-literal.net
2016/04/20 04:48:57 Info > Inventory: Started inventory collection for 10-0-0-11 : 2607-f480-111-1359-dda-e8fe-c7f2-9e7e.ipv6-literal.net
2016/04/20 04:48:58 Info > Inventory: Completed netstat collection for 10-0-0-8 : 2607-f480-111-1359-492b-1740-ea0a-5f9c.ipv6-literal.net
2016/04/20 04:48:59 Info > Inventory: Completed netstat collection for 10-0-0-10 : 2607-f480-111-1359-14a4-ac63-1ae-a393.ipv6-literal.net
2016/04/20 04:48:59 Info > Completed inventory process for Standalone Platform = Total Execute Time: 00:00:06.5330000
2016/04/20 04:48:59 Info > Completed platform inventory for na in 00:00:06.6080000
2016/04/20 04:48:59 Info > Completed platform inventory for 1 platforms in 00:00:07.7840000 [next run at 4/21/2016 4:48:51 PM]
2016/04/20 04:49:00 Info > Inventory: Completed netstat collection for 10-0-0-11 : 2607-f480-111-1359-dda-e8fe-c7f2-9e7e.ipv6-literal.net
2016/04/20 04:49:00 Info > Netstat: Completed netstat collection for 4 workloads in 00:00:08.2070000 [next run at 4/20/2016 5:18:52 PM]
2016/04/20 04:49:00 Info > Inventory: Completed inventory collection for 10-0-0-9 : 2607-f480-111-1359-7f7e-61a5-36c2-345b.ipv6-literal.net
2016/04/20 04:49:00 Info > Inventory: Completed inventory collection for 10-0-0-8 : 2607-f480-111-1359-492b-1740-ea0a-5f9c.ipv6-literal.net
2016/04/20 04:49:03 Info > Inventory: Completed inventory collection for 10-0-0-10 : 2607-f480-111-1359-14a4-ac63-1ae-a393.ipv6-literal.net
2016/04/20 04:49:04 Info > Inventory: Completed inventory collection for 10-0-0-11 : 2607-f480-111-1359-dda-e8fe-c7f2-9e7e.ipv6-literal.net
2016/04/20 04:49:04 Info > Completed operating system inventory for 4 workloads in 00:00:12.5040000 [next run at 4/21/2016 4:48:52 PM]
2016/04/20 04:49:06 Info > Completed data upload process.0 netflows.285 performancecounters. 39 netstats. = Total Elapsed Time: 00:00:13.5160000
2016/04/20 04:49:18 Info > Performance: Completed performance collection for 10-0-0-9 using 2607:f480:111:1359:7f7e:61a5:36c2:345b
2016/04/20 04:49:19 Info > Performance: Completed performance collection for 10-0-0-11 using 2607:f480:111:1359:dda:e8fe:c7f2:9e7e
2016/04/20 04:49:28 Info > Performance: Completed performance collection for 10-0-0-8 using 2607:f480:111:1359:492b:1740:ea0a:5f9c
2016/04/20 04:49:30 Info > Performance: Completed performance collection for 10-0-0-10 using 2607:f480:111:1359:14a4:ac63:1ae:a393
2016/04/20 04:49:30 Info > Completed performance collection for 4 workloads in 00:00:38.2430000 [next run at 4/20/2016 5:48:52 PM]
2016/04/20 04:49:49 Debug > Starting WCF Service
2016/04/20 04:49:51 Info > Debug Enabled!
2016/04/20 04:49:51 Info > MRP Manager ID:9539656e4ba04a0394217fb0a240a331
2016/04/20 04:49:52 Debug > organization id: 7b6865d87b824b4a97d563ae5e5d35e7
2016/04/20 04:49:52 Debug > Starting Scheduler Thread
2016/04/20 04:49:52 Debug > Starting Mirror Thread
2016/04/20 04:49:52 Debug > Starting Performance Collection Thread
2016/04/20 04:49:52 Debug > Starting Netflow v5 Collection Thread
2016/04/20 04:49:52 Debug > Starting Data Upload Thread
2016/04/20 04:49:52 Info > Staring platform inventory process with 10 threads
2016/04/20 04:49:52 Debug > Starting OS Inventory Thread
2016/04/20 04:49:52 Info > Staring performance collection process with 10 threads
2016/04/20 04:49:52 Info > Staring operating system inventory process with 10 threads
2016/04/20 04:49:52 Info > Staring data upload process
2016/04/20 04:49:52 Debug > Starting OS Netstat Thread
2016/04/20 04:49:52 Info > Netstat: Staring netstat collection process with 10 threads
2016/04/20 04:50:03 Info > Performance: Start performance collection for 10-0-0-9 using 2607:f480:111:1359:7f7e:61a5:36c2:345b
2016/04/20 04:50:03 Info > Netstat: Started netstat collection for 10-0-0-8 : 2607-f480-111-1359-492b-1740-ea0a-5f9c.ipv6-literal.net
2016/04/20 04:50:03 Info > Performance: Start performance collection for 10-0-0-10 using 2607:f480:111:1359:14a4:ac63:1ae:a393
2016/04/20 04:50:03 Info > Inventory: Started inventory collection for 10-0-0-10 : 2607-f480-111-1359-14a4-ac63-1ae-a393.ipv6-literal.net
2016/04/20 04:50:03 Info > Inventory: Started inventory collection for 10-0-0-8 : 2607-f480-111-1359-492b-1740-ea0a-5f9c.ipv6-literal.net
2016/04/20 04:50:03 Info > Performance: Start performance collection for 10-0-0-8 using 2607:f480:111:1359:492b:1740:ea0a:5f9c
2016/04/20 04:50:30 Debug > Starting WCF Service
2016/04/20 04:50:31 Info > Debug Enabled!
2016/04/20 04:50:31 Info > MRP Manager ID:9539656e4ba04a0394217fb0a240a331
2016/04/20 04:50:32 Debug > organization id: 7b6865d87b824b4a97d563ae5e5d35e7
2016/04/20 04:50:32 Debug > Starting Scheduler Thread
2016/04/20 04:50:32 Debug > Starting Mirror Thread
2016/04/20 04:50:32 Debug > Starting Performance Collection Thread
2016/04/20 04:50:32 Debug > Starting Netflow v5 Collection Thread
2016/04/20 04:50:32 Info > Staring platform inventory process with 10 threads
2016/04/20 04:50:32 Info > Staring performance collection process with 10 threads
2016/04/20 04:50:32 Debug > Starting Data Upload Thread
2016/04/20 04:50:32 Info > Staring data upload process
2016/04/20 04:50:32 Debug > Starting OS Inventory Thread
2016/04/20 04:50:32 Debug > Starting OS Netstat Thread
2016/04/20 04:50:32 Info > Staring operating system inventory process with 10 threads
2016/04/20 04:50:32 Info > Netstat: Staring netstat collection process with 10 threads
2016/04/20 04:50:33 Info > Netstat: Started netstat collection for 10-0-0-8 : 2607-f480-111-1359-492b-1740-ea0a-5f9c.ipv6-literal.net
2016/04/20 04:50:33 Info > Netstat: Started netstat collection for 10-0-0-9 : 2607-f480-111-1359-7f7e-61a5-36c2-345b.ipv6-literal.net
2016/04/20 04:50:33 Info > Performance: Start performance collection for 10-0-0-8 using 2607:f480:111:1359:492b:1740:ea0a:5f9c
2016/04/20 04:50:33 Info > Netstat: Started netstat collection for 10-0-0-10 : 2607-f480-111-1359-14a4-ac63-1ae-a393.ipv6-literal.net
2016/04/20 04:50:39 Info > Performance: Start performance collection for 10-0-0-9 using 2607:f480:111:1359:7f7e:61a5:36c2:345b
2016/04/20 04:51:05 Info > Inventory: Started inventory collection for 10-0-0-8 : 2607-f480-111-1359-492b-1740-ea0a-5f9c.ipv6-literal.net
2016/04/20 04:51:05 Info > Inventory: Started inventory collection for 10-0-0-9 : 2607-f480-111-1359-7f7e-61a5-36c2-345b.ipv6-literal.net
2016/04/20 04:57:09 Debug > Starting WCF Service
2016/04/20 04:57:09 Info > Debug Enabled!
2016/04/20 04:57:09 Info > MRP Manager ID:9539656e4ba04a0394217fb0a240a331
2016/04/20 04:57:10 Debug > organization id: 7b6865d87b824b4a97d563ae5e5d35e7
2016/04/20 04:57:10 Debug > Starting Scheduler Thread
2016/04/20 04:57:10 Debug > Starting Mirror Thread
2016/04/20 04:57:10 Debug > Starting Performance Collection Thread
2016/04/20 04:57:10 Info > Staring platform inventory process with 10 threads
2016/04/20 04:57:10 Debug > Starting Netflow v5 Collection Thread
2016/04/20 04:57:10 Debug > Starting Data Upload Thread
2016/04/20 04:57:10 Info > Staring performance collection process with 10 threads
2016/04/20 04:57:10 Info > Staring data upload process
2016/04/20 04:57:10 Debug > Starting OS Inventory Thread
2016/04/20 04:57:10 Info > Staring operating system inventory process with 10 threads
2016/04/20 04:57:10 Debug > Starting OS Netstat Thread
2016/04/20 04:57:10 Info > Netstat: Staring netstat collection process with 10 threads
2016/04/20 04:57:11 Info > Performance: Start performance collection for 10-0-0-10 using 2607:f480:111:1359:14a4:ac63:1ae:a393
2016/04/20 04:57:11 Info > Netstat: Started netstat collection for 10-0-0-8 : 2607-f480-111-1359-492b-1740-ea0a-5f9c.ipv6-literal.net
2016/04/20 04:57:11 Info > Performance: Start performance collection for 10-0-0-9 using 2607:f480:111:1359:7f7e:61a5:36c2:345b
2016/04/20 04:57:11 Info > Performance: Start performance collection for 10-0-0-8 using 2607:f480:111:1359:492b:1740:ea0a:5f9c
2016/04/20 04:57:11 Error > Error collecting inventory information from platform Standalone Platform with error System.NullReferenceException: Object reference not set to an instance of an object.   at MRMPService.PlatformInventory.PlatformDoInventory.PlatformInventoryDo(String platform_id, Boolean full) in C:\Users\phillip.spies\Documents\Visual Studio 2015\Projects\MRMPManager\MRMPService\MRPService\Classes\Background Tasks\PlatformInventory\PlatformInventoryDo.cs:line 15   at MRMPService.PlatformInventory.PlatformInventoryThread.<>c.<Start>b__0_2(MRPPlatformType platform) in C:\Users\phillip.spies\Documents\Visual Studio 2015\Projects\MRMPManager\MRMPService\MRPService\Classes\Background Tasks\PlatformInventory\PlatformInventoryThread.cs:line 72
2016/04/20 04:57:11 Info > Inventory: Started inventory collection for 10-0-0-8 : 2607-f480-111-1359-492b-1740-ea0a-5f9c.ipv6-literal.net
2016/04/20 04:57:11 Info > Inventory: Started inventory collection for 10-0-0-9 : 2607-f480-111-1359-7f7e-61a5-36c2-345b.ipv6-literal.net
2016/04/20 04:57:11 Info > Started inventory process for Standalone Platform
2016/04/20 04:57:12 Error > Error collecting inventory information from platform Standalone Platform with error System.NullReferenceException: Object reference not set to an instance of an object.   at MRMPService.PlatformInventory.PlatformDoInventory.PlatformInventoryDo(String platform_id, Boolean full) in C:\Users\phillip.spies\Documents\Visual Studio 2015\Projects\MRMPManager\MRMPService\MRPService\Classes\Background Tasks\PlatformInventory\PlatformInventoryDo.cs:line 15   at MRMPService.PlatformInventory.PlatformInventoryThread.<>c.<Start>b__0_2(MRPPlatformType platform) in C:\Users\phillip.spies\Documents\Visual Studio 2015\Projects\MRMPManager\MRMPService\MRPService\Classes\Background Tasks\PlatformInventory\PlatformInventoryThread.cs:line 72
2016/04/20 04:57:12 Error > Error collecting inventory information from platform Standalone Platform with error System.NullReferenceException: Object reference not set to an instance of an object.   at MRMPService.PlatformInventory.PlatformDoInventory.PlatformInventoryDo(String platform_id, Boolean full) in C:\Users\phillip.spies\Documents\Visual Studio 2015\Projects\MRMPManager\MRMPService\MRPService\Classes\Background Tasks\PlatformInventory\PlatformInventoryDo.cs:line 15   at MRMPService.PlatformInventory.PlatformInventoryThread.<>c.<Start>b__0_2(MRPPlatformType platform) in C:\Users\phillip.spies\Documents\Visual Studio 2015\Projects\MRMPManager\MRMPService\MRPService\Classes\Background Tasks\PlatformInventory\PlatformInventoryThread.cs:line 72
2016/04/20 04:57:12 Info > Netstat: Started netstat collection for 10-0-0-10 : 2607-f480-111-1359-14a4-ac63-1ae-a393.ipv6-literal.net
2016/04/20 04:57:13 Info > Inventory: Started inventory collection for 10-0-0-10 : 2607-f480-111-1359-14a4-ac63-1ae-a393.ipv6-literal.net
2016/04/20 04:57:14 Info > Performance: Start performance collection for 10-0-0-11 using 2607:f480:111:1359:dda:e8fe:c7f2:9e7e
2016/04/20 04:57:16 Error > Netstat: Error collecting netstat information from 10-0-0-9 with error System.ArgumentNullException: Value cannot be null.Parameter name: ipString   at System.Net.IPAddress.InternalParse(String ipString, Boolean tryParse)   at MRMPService.Utilities.Connection.FindConnection(String iplist, Boolean literal) in C:\Users\phillip.spies\Documents\Visual Studio 2015\Projects\MRMPManager\MRMPService\MRPService\Classes\Utilities\Connection.cs:line 39   at MRMPService.API.Classes.WorkloadNetstat.WorkloadNetstatDo(String workload_id) in C:\Users\phillip.spies\Documents\Visual Studio 2015\Projects\MRMPManager\MRMPService\MRPService\Classes\Background Tasks\NetstatInventory\WorkloadNetstatDo.cs:line 40   at MRMPService.API.Classes.WorkloadNetstatThread.<>c.<Start>b__0_0(Workload workload) in C:\Users\phillip.spies\Documents\Visual Studio 2015\Projects\MRMPManager\MRMPService\MRPService\Classes\Background Tasks\NetstatInventory\WorkloadNetstatThread.cs:line 36
2016/04/20 04:57:16 Info > Netstat: Started netstat collection for 10-0-0-11 : 2607-f480-111-1359-dda-e8fe-c7f2-9e7e.ipv6-literal.net
2016/04/20 04:57:16 Error > Error collecting performance information from 10-0-0-8 with error System.InvalidOperationException: Mismatched counter types.   at System.Diagnostics.CounterSampleCalculator.ComputeCounterValue(CounterSample oldSample, CounterSample newSample)   at MRMPService.PerformanceCollection.WorkloadPerformance.WorkloadPerformanceDo(SyncronisedList`1 _countertree, SyncronisedList`1 _counters, String workload_id) in C:\Users\phillip.spies\Documents\Visual Studio 2015\Projects\MRMPManager\MRMPService\MRPService\Classes\Background Tasks\WorkloadPerformance\WorkloadPerformanceDo.cs:line 179   at MRMPService.PerformanceCollection.WorkloadPerformanceThread.<>c.<Start>b__2_0(Workload workload) in C:\Users\phillip.spies\Documents\Visual Studio 2015\Projects\MRMPManager\MRMPService\MRPService\Classes\Background Tasks\WorkloadPerformance\WorkloadPerformanceThread.cs:line 92
2016/04/20 04:57:18 Info > Inventory: Completed netstat collection for 10-0-0-8 : 2607-f480-111-1359-492b-1740-ea0a-5f9c.ipv6-literal.net
2016/04/20 04:57:18 Info > Inventory: Started inventory collection for 10-0-0-11 : 2607-f480-111-1359-dda-e8fe-c7f2-9e7e.ipv6-literal.net
2016/04/20 04:57:18 Info > Completed inventory process for Standalone Platform = Total Execute Time: 00:00:07.3640000
2016/04/20 04:57:18 Info > Completed platform inventory for na in 00:00:07.4160000
2016/04/20 04:57:18 Info > Completed platform inventory for 1 platforms in 00:00:08.5180000 [next run at 4/21/2016 4:57:10 PM]
2016/04/20 04:57:19 Info > Inventory: Completed inventory collection for 10-0-0-9 : 2607-f480-111-1359-7f7e-61a5-36c2-345b.ipv6-literal.net
2016/04/20 04:57:20 Info > Inventory: Completed netstat collection for 10-0-0-10 : 2607-f480-111-1359-14a4-ac63-1ae-a393.ipv6-literal.net
2016/04/20 04:57:21 Info > Inventory: Completed inventory collection for 10-0-0-8 : 2607-f480-111-1359-492b-1740-ea0a-5f9c.ipv6-literal.net
2016/04/20 04:57:22 Info > Inventory: Completed netstat collection for 10-0-0-11 : 2607-f480-111-1359-dda-e8fe-c7f2-9e7e.ipv6-literal.net
2016/04/20 04:57:22 Info > Netstat: Completed netstat collection for 4 workloads in 00:00:12.0350000 [next run at 4/20/2016 5:27:10 PM]
2016/04/20 04:57:23 Info > Inventory: Completed inventory collection for 10-0-0-10 : 2607-f480-111-1359-14a4-ac63-1ae-a393.ipv6-literal.net
2016/04/20 04:57:25 Info > Inventory: Completed inventory collection for 10-0-0-11 : 2607-f480-111-1359-dda-e8fe-c7f2-9e7e.ipv6-literal.net
2016/04/20 04:57:25 Info > Completed operating system inventory for 4 workloads in 00:00:15.3860000 [next run at 4/21/2016 4:57:10 PM]
2016/04/20 04:57:33 Info > Completed data upload process.0 netflows.408 performancecounters. 27 netstats. = Total Elapsed Time: 00:00:21.9000000
2016/04/20 04:57:46 Debug > Starting WCF Service
2016/04/20 04:57:51 Info > Debug Enabled!
2016/04/20 04:57:51 Info > MRP Manager ID:9539656e4ba04a0394217fb0a240a331
2016/04/20 04:57:52 Debug > organization id: 7b6865d87b824b4a97d563ae5e5d35e7
2016/04/20 04:57:52 Debug > Starting Scheduler Thread
2016/04/20 04:57:52 Debug > Starting Mirror Thread
2016/04/20 04:57:52 Debug > Starting Performance Collection Thread
2016/04/20 04:57:52 Debug > Starting Netflow v5 Collection Thread
2016/04/20 04:57:52 Info > Staring platform inventory process with 10 threads
2016/04/20 04:57:52 Debug > Starting Data Upload Thread
2016/04/20 04:57:52 Debug > Starting OS Inventory Thread
2016/04/20 04:57:52 Info > Staring performance collection process with 10 threads
2016/04/20 04:57:52 Debug > Starting OS Netstat Thread
2016/04/20 04:57:52 Info > Staring operating system inventory process with 10 threads
2016/04/20 04:57:52 Info > Staring data upload process
2016/04/20 04:57:52 Info > Netstat: Staring netstat collection process with 10 threads
2016/04/20 04:57:53 Info > Netstat: Started netstat collection for 10-0-0-8 : 2607-f480-111-1359-492b-1740-ea0a-5f9c.ipv6-literal.net
2016/04/20 04:57:53 Info > Performance: Start performance collection for 10-0-0-9 using 2607:f480:111:1359:7f7e:61a5:36c2:345b
2016/04/20 04:58:01 Info > Performance: Start performance collection for 10-0-0-8 using 2607:f480:111:1359:492b:1740:ea0a:5f9c
2016/04/20 04:58:02 Info > Inventory: Started inventory collection for 10-0-0-8 : 2607-f480-111-1359-492b-1740-ea0a-5f9c.ipv6-literal.net
2016/04/20 04:58:02 Info > Inventory: Started inventory collection for 10-0-0-10 : 2607-f480-111-1359-14a4-ac63-1ae-a393.ipv6-literal.net
2016/04/20 04:58:02 Info > Inventory: Started inventory collection for 10-0-0-9 : 2607-f480-111-1359-7f7e-61a5-36c2-345b.ipv6-literal.net
2016/04/20 04:58:01 Info > Netstat: Started netstat collection for 10-0-0-9 : 2607-f480-111-1359-7f7e-61a5-36c2-345b.ipv6-literal.net
2016/04/20 04:58:20 Error > Error collecting inventory information from platform Standalone Platform with error System.NullReferenceException: Object reference not set to an instance of an object.   at MRMPService.PlatformInventory.PlatformDoInventory.PlatformInventoryDo(String platform_id, Boolean full) in C:\Users\phillip.spies\Documents\Visual Studio 2015\Projects\MRMPManager\MRMPService\MRPService\Classes\Background Tasks\PlatformInventory\PlatformInventoryDo.cs:line 15   at MRMPService.PlatformInventory.PlatformInventoryThread.<>c.<Start>b__0_2(MRPPlatformType platform) in C:\Users\phillip.spies\Documents\Visual Studio 2015\Projects\MRMPManager\MRMPService\MRPService\Classes\Background Tasks\PlatformInventory\PlatformInventoryThread.cs:line 72
2016/04/20 04:58:21 Info > Started inventory process for Standalone Platform
2016/04/20 04:59:44 Debug > Starting WCF Service
2016/04/20 04:59:45 Info > Debug Enabled!
2016/04/20 04:59:45 Info > MRP Manager ID:9539656e4ba04a0394217fb0a240a331
2016/04/20 04:59:46 Debug > organization id: 7b6865d87b824b4a97d563ae5e5d35e7
2016/04/20 04:59:46 Debug > Starting Scheduler Thread
2016/04/20 04:59:46 Debug > Starting Mirror Thread
2016/04/20 04:59:46 Debug > Starting Performance Collection Thread
2016/04/20 04:59:46 Info > Staring platform inventory process with 10 threads
2016/04/20 04:59:46 Debug > Starting Netflow v5 Collection Thread
2016/04/20 04:59:46 Debug > Starting Data Upload Thread
2016/04/20 04:59:46 Debug > Starting OS Inventory Thread
2016/04/20 04:59:46 Info > Staring performance collection process with 10 threads
2016/04/20 04:59:46 Debug > Starting OS Netstat Thread
2016/04/20 04:59:46 Info > Staring data upload process
2016/04/20 04:59:46 Info > Staring operating system inventory process with 10 threads
2016/04/20 04:59:47 Info > Netstat: Staring netstat collection process with 10 threads
2016/04/20 04:59:47 Info > Performance: Start performance collection for 10-0-0-9 using 2607:f480:111:1359:7f7e:61a5:36c2:345b
2016/04/20 04:59:47 Info > Netstat: Started netstat collection for 10-0-0-10 : 2607-f480-111-1359-14a4-ac63-1ae-a393.ipv6-literal.net
2016/04/20 04:59:47 Info > Netstat: Started netstat collection for 10-0-0-9 : 2607-f480-111-1359-7f7e-61a5-36c2-345b.ipv6-literal.net
2016/04/20 04:59:50 Info > Inventory: Started inventory collection for 10-0-0-9 : 2607-f480-111-1359-7f7e-61a5-36c2-345b.ipv6-literal.net
2016/04/20 04:59:47 Info > Performance: Start performance collection for 10-0-0-8 using 2607:f480:111:1359:492b:1740:ea0a:5f9c
2016/04/20 04:59:51 Info > Inventory: Started inventory collection for 10-0-0-8 : 2607-f480-111-1359-492b-1740-ea0a-5f9c.ipv6-literal.net
2016/04/20 04:59:47 Info > Netstat: Started netstat collection for 10-0-0-8 : 2607-f480-111-1359-492b-1740-ea0a-5f9c.ipv6-literal.net
2016/04/20 05:00:02 Error > Error collecting inventory information from platform Standalone Platform with error System.NullReferenceException: Object reference not set to an instance of an object.   at MRMPService.PlatformInventory.PlatformDoInventory.PlatformInventoryDo(String platform_id, Boolean full) in C:\Users\phillip.spies\Documents\Visual Studio 2015\Projects\MRMPManager\MRMPService\MRPService\Classes\Background Tasks\PlatformInventory\PlatformInventoryDo.cs:line 15   at MRMPService.PlatformInventory.PlatformInventoryThread.<>c.<Start>b__0_2(MRPPlatformType platform) in C:\Users\phillip.spies\Documents\Visual Studio 2015\Projects\MRMPManager\MRMPService\MRPService\Classes\Background Tasks\PlatformInventory\PlatformInventoryThread.cs:line 72
2016/04/20 05:00:23 Debug > Starting WCF Service
2016/04/20 05:00:26 Info > Debug Enabled!
2016/04/20 05:00:26 Info > MRP Manager ID:9539656e4ba04a0394217fb0a240a331
2016/04/20 05:00:27 Debug > organization id: 7b6865d87b824b4a97d563ae5e5d35e7
2016/04/20 05:00:27 Debug > Starting Scheduler Thread
2016/04/20 05:00:27 Debug > Starting Mirror Thread
2016/04/20 05:00:27 Debug > Starting Performance Collection Thread
2016/04/20 05:00:27 Debug > Starting Netflow v5 Collection Thread
2016/04/20 05:00:27 Info > Staring platform inventory process with 10 threads
2016/04/20 05:00:27 Debug > Starting Data Upload Thread
2016/04/20 05:00:27 Debug > Starting OS Inventory Thread
2016/04/20 05:00:27 Info > Staring performance collection process with 10 threads
2016/04/20 05:00:27 Debug > Starting OS Netstat Thread
2016/04/20 05:00:27 Info > Staring operating system inventory process with 10 threads
2016/04/20 05:00:27 Info > Staring data upload process
2016/04/20 05:00:27 Info > Netstat: Staring netstat collection process with 10 threads
2016/04/20 05:00:31 Info > Netstat: Started netstat collection for 10-0-0-11 : 2607-f480-111-1359-dda-e8fe-c7f2-9e7e.ipv6-literal.net
2016/04/20 05:00:31 Info > Netstat: Started netstat collection for 10-0-0-10 : 2607-f480-111-1359-14a4-ac63-1ae-a393.ipv6-literal.net
2016/04/20 05:00:31 Info > Netstat: Started netstat collection for 10-0-0-8 : 2607-f480-111-1359-492b-1740-ea0a-5f9c.ipv6-literal.net
2016/04/20 05:00:32 Info > Netstat: Started netstat collection for 10-0-0-9 : 2607-f480-111-1359-7f7e-61a5-36c2-345b.ipv6-literal.net
2016/04/20 05:00:33 Info > Performance: Start performance collection for 10-0-0-8 using 2607:f480:111:1359:492b:1740:ea0a:5f9c
2016/04/20 05:00:35 Info > Inventory: Started inventory collection for 10-0-0-8 : 2607-f480-111-1359-492b-1740-ea0a-5f9c.ipv6-literal.net
2016/04/20 05:00:44 Info > Started inventory process for Standalone Platform
2016/04/20 05:00:44 Info > Inventory: Started inventory collection for 10-0-0-9 : 2607-f480-111-1359-7f7e-61a5-36c2-345b.ipv6-literal.net
2016/04/20 05:00:44 Error > Error collecting inventory information from platform Standalone Platform with error System.NullReferenceException: Object reference not set to an instance of an object.   at MRMPService.PlatformInventory.PlatformDoInventory.PlatformInventoryDo(String platform_id, Boolean full) in C:\Users\phillip.spies\Documents\Visual Studio 2015\Projects\MRMPManager\MRMPService\MRPService\Classes\Background Tasks\PlatformInventory\PlatformInventoryDo.cs:line 17   at MRMPService.PlatformInventory.PlatformInventoryThread.<>c.<Start>b__0_2(MRPPlatformType platform) in C:\Users\phillip.spies\Documents\Visual Studio 2015\Projects\MRMPManager\MRMPService\MRPService\Classes\Background Tasks\PlatformInventory\PlatformInventoryThread.cs:line 72
2016/04/20 05:01:33 Debug > Starting WCF Service
2016/04/20 05:01:36 Info > Debug Enabled!
2016/04/20 05:01:36 Info > MRP Manager ID:9539656e4ba04a0394217fb0a240a331
2016/04/20 05:01:36 Debug > organization id: 7b6865d87b824b4a97d563ae5e5d35e7
2016/04/20 05:01:36 Debug > Starting Scheduler Thread
2016/04/20 05:01:36 Debug > Starting Mirror Thread
2016/04/20 05:01:36 Debug > Starting Performance Collection Thread
2016/04/20 05:01:36 Debug > Starting Netflow v5 Collection Thread
2016/04/20 05:01:36 Debug > Starting Data Upload Thread
2016/04/20 05:01:36 Debug > Starting OS Inventory Thread
2016/04/20 05:01:36 Info > Staring platform inventory process with 10 threads
2016/04/20 05:01:37 Info > Staring performance collection process with 10 threads
2016/04/20 05:01:37 Info > Staring operating system inventory process with 10 threads
2016/04/20 05:01:37 Debug > Starting OS Netstat Thread
2016/04/20 05:01:37 Info > Staring data upload process
2016/04/20 05:01:37 Info > Netstat: Staring netstat collection process with 10 threads
2016/04/20 05:01:37 Info > Netstat: Started netstat collection for 10-0-0-8 : 2607-f480-111-1359-492b-1740-ea0a-5f9c.ipv6-literal.net
2016/04/20 05:01:37 Info > Performance: Start performance collection for 10-0-0-8 using 2607:f480:111:1359:492b:1740:ea0a:5f9c
2016/04/20 05:01:37 Info > Netstat: Started netstat collection for 10-0-0-9 : 2607-f480-111-1359-7f7e-61a5-36c2-345b.ipv6-literal.net
2016/04/20 05:01:38 Info > Performance: Start performance collection for 10-0-0-9 using 2607:f480:111:1359:7f7e:61a5:36c2:345b
2016/04/20 05:01:38 Info > Inventory: Started inventory collection for 10-0-0-8 : 2607-f480-111-1359-492b-1740-ea0a-5f9c.ipv6-literal.net
2016/04/20 05:01:38 Info > Inventory: Started inventory collection for 10-0-0-10 : 2607-f480-111-1359-14a4-ac63-1ae-a393.ipv6-literal.net
2016/04/20 05:01:38 Info > Inventory: Started inventory collection for 10-0-0-9 : 2607-f480-111-1359-7f7e-61a5-36c2-345b.ipv6-literal.net
2016/04/20 05:01:38 Error > Error collecting inventory information from platform Standalone Platform with error System.NullReferenceException: Object reference not set to an instance of an object.   at MRMPService.PlatformInventory.PlatformDoInventory.PlatformInventoryDo(String platform_id, Boolean full) in C:\Users\phillip.spies\Documents\Visual Studio 2015\Projects\MRMPManager\MRMPService\MRPService\Classes\Background Tasks\PlatformInventory\PlatformInventoryDo.cs:line 17   at MRMPService.PlatformInventory.PlatformInventoryThread.<>c.<Start>b__0_2(MRPPlatformType platform) in C:\Users\phillip.spies\Documents\Visual Studio 2015\Projects\MRMPManager\MRMPService\MRPService\Classes\Background Tasks\PlatformInventory\PlatformInventoryThread.cs:line 72
2016/04/20 05:01:38 Info > Started inventory process for Standalone Platform
2016/04/20 05:01:39 Error > Error collecting inventory information from platform Standalone Platform with error System.NullReferenceException: Object reference not set to an instance of an object.   at MRMPService.PlatformInventory.PlatformDoInventory.PlatformInventoryDo(String platform_id, Boolean full) in C:\Users\phillip.spies\Documents\Visual Studio 2015\Projects\MRMPManager\MRMPService\MRPService\Classes\Background Tasks\PlatformInventory\PlatformInventoryDo.cs:line 17   at MRMPService.PlatformInventory.PlatformInventoryThread.<>c.<Start>b__0_2(MRPPlatformType platform) in C:\Users\phillip.spies\Documents\Visual Studio 2015\Projects\MRMPManager\MRMPService\MRPService\Classes\Background Tasks\PlatformInventory\PlatformInventoryThread.cs:line 72
2016/04/20 05:01:39 Error > Error collecting inventory information from platform Standalone Platform with error System.NullReferenceException: Object reference not set to an instance of an object.   at MRMPService.PlatformInventory.PlatformDoInventory.PlatformInventoryDo(String platform_id, Boolean full) in C:\Users\phillip.spies\Documents\Visual Studio 2015\Projects\MRMPManager\MRMPService\MRPService\Classes\Background Tasks\PlatformInventory\PlatformInventoryDo.cs:line 17   at MRMPService.PlatformInventory.PlatformInventoryThread.<>c.<Start>b__0_2(MRPPlatformType platform) in C:\Users\phillip.spies\Documents\Visual Studio 2015\Projects\MRMPManager\MRMPService\MRPService\Classes\Background Tasks\PlatformInventory\PlatformInventoryThread.cs:line 72
2016/04/20 05:01:39 Info > Netstat: Started netstat collection for 10-0-0-10 : 2607-f480-111-1359-14a4-ac63-1ae-a393.ipv6-literal.net
2016/04/20 05:01:40 Info > Inventory: Started inventory collection for 10-0-0-11 : 2607-f480-111-1359-dda-e8fe-c7f2-9e7e.ipv6-literal.net
2016/04/20 05:01:41 Info > Performance: Start performance collection for 10-0-0-10 using 2607:f480:111:1359:14a4:ac63:1ae:a393
2016/04/20 05:01:41 Info > Performance: Start performance collection for 10-0-0-11 using 2607:f480:111:1359:dda:e8fe:c7f2:9e7e
2016/04/20 05:01:42 Info > Netstat: Started netstat collection for 10-0-0-11 : 2607-f480-111-1359-dda-e8fe-c7f2-9e7e.ipv6-literal.net
2016/04/20 05:01:42 Info > Inventory: Completed netstat collection for 10-0-0-9 : 2607-f480-111-1359-7f7e-61a5-36c2-345b.ipv6-literal.net
2016/04/20 05:01:43 Info > Inventory: Completed netstat collection for 10-0-0-8 : 2607-f480-111-1359-492b-1740-ea0a-5f9c.ipv6-literal.net
2016/04/20 05:01:44 Info > Inventory: Completed netstat collection for 10-0-0-10 : 2607-f480-111-1359-14a4-ac63-1ae-a393.ipv6-literal.net
2016/04/20 05:01:45 Info > Completed inventory process for Standalone Platform = Total Execute Time: 00:00:07.1010000
2016/04/20 05:01:45 Info > Completed platform inventory for 1 platforms in 00:00:08.3820000 [next run at 4/21/2016 5:01:36 PM]
2016/04/20 05:01:46 Info > Inventory: Completed netstat collection for 10-0-0-11 : 2607-f480-111-1359-dda-e8fe-c7f2-9e7e.ipv6-literal.net
2016/04/20 05:01:46 Info > Netstat: Completed netstat collection for 4 workloads in 00:00:09.2430000 [next run at 4/20/2016 5:31:37 PM]
2016/04/20 05:01:46 Info > Inventory: Completed inventory collection for 10-0-0-10 : 2607-f480-111-1359-14a4-ac63-1ae-a393.ipv6-literal.net
2016/04/20 05:01:46 Info > Inventory: Completed inventory collection for 10-0-0-9 : 2607-f480-111-1359-7f7e-61a5-36c2-345b.ipv6-literal.net
2016/04/20 05:01:46 Info > Inventory: Completed inventory collection for 10-0-0-8 : 2607-f480-111-1359-492b-1740-ea0a-5f9c.ipv6-literal.net
2016/04/20 05:01:46 Info > Completed data upload process.0 netflows.190 performancecounters. 22 netstats. = Total Elapsed Time: 00:00:09.0590000
2016/04/20 05:01:48 Info > Inventory: Completed inventory collection for 10-0-0-11 : 2607-f480-111-1359-dda-e8fe-c7f2-9e7e.ipv6-literal.net
2016/04/20 05:01:48 Info > Completed operating system inventory for 4 workloads in 00:00:11.6130000 [next run at 4/21/2016 5:01:37 PM]
2016/04/20 05:05:30 Debug > Starting WCF Service
2016/04/20 05:05:31 Info > Debug Enabled!
2016/04/20 05:05:31 Info > MRP Manager ID:9539656e4ba04a0394217fb0a240a331
2016/04/20 05:05:32 Debug > organization id: 7b6865d87b824b4a97d563ae5e5d35e7
2016/04/20 05:05:32 Debug > Starting Scheduler Thread
2016/04/20 05:05:32 Debug > Starting Mirror Thread
2016/04/20 05:05:32 Debug > Starting Performance Collection Thread
2016/04/20 05:05:32 Debug > Starting Netflow v5 Collection Thread
2016/04/20 05:05:32 Info > Staring platform inventory process with 10 threads
2016/04/20 05:05:33 Debug > Starting Data Upload Thread
2016/04/20 05:05:32 Info > Staring performance collection process with 10 threads
2016/04/20 05:05:33 Info > Staring data upload process
2016/04/20 05:05:33 Debug > Starting OS Inventory Thread
2016/04/20 05:05:33 Debug > Starting OS Netstat Thread
2016/04/20 05:05:33 Info > Staring operating system inventory process with 10 threads
2016/04/20 05:05:33 Info > Netstat: Staring netstat collection process with 10 threads
2016/04/20 05:05:34 Info > Performance: Start performance collection for 10-0-0-8 using 2607:f480:111:1359:492b:1740:ea0a:5f9c
2016/04/20 05:05:34 Info > Netstat: Started netstat collection for 10-0-0-10 : 2607-f480-111-1359-14a4-ac63-1ae-a393.ipv6-literal.net
2016/04/20 05:05:34 Info > Netstat: Started netstat collection for 10-0-0-9 : 2607-f480-111-1359-7f7e-61a5-36c2-345b.ipv6-literal.net
2016/04/20 05:05:34 Info > Netstat: Started netstat collection for 10-0-0-8 : 2607-f480-111-1359-492b-1740-ea0a-5f9c.ipv6-literal.net
2016/04/20 05:05:34 Info > Started inventory process for Standalone Platform
2016/04/20 05:05:34 Info > Performance: Start performance collection for 10-0-0-9 using 2607:f480:111:1359:7f7e:61a5:36c2:345b
2016/04/20 05:05:34 Info > Inventory: Started inventory collection for 10-0-0-8 : 2607-f480-111-1359-492b-1740-ea0a-5f9c.ipv6-literal.net
2016/04/20 05:05:34 Info > Inventory: Started inventory collection for 10-0-0-9 : 2607-f480-111-1359-7f7e-61a5-36c2-345b.ipv6-literal.net
2016/04/20 05:05:35 Info > Performance: Start performance collection for 10-0-0-10 using 2607:f480:111:1359:14a4:ac63:1ae:a393
2016/04/20 05:05:35 Info > Inventory: Started inventory collection for 10-0-0-10 : 2607-f480-111-1359-14a4-ac63-1ae-a393.ipv6-literal.net
2016/04/20 05:05:36 Info > Inventory: Started inventory collection for 10-0-0-11 : 2607-f480-111-1359-dda-e8fe-c7f2-9e7e.ipv6-literal.net
2016/04/20 05:05:36 Info > Netstat: Started netstat collection for 10-0-0-11 : 2607-f480-111-1359-dda-e8fe-c7f2-9e7e.ipv6-literal.net
2016/04/20 05:05:37 Info > Performance: Start performance collection for 10-0-0-11 using 2607:f480:111:1359:dda:e8fe:c7f2:9e7e
2016/04/20 05:05:37 Info > Completed data upload process.0 netflows.72 performancecounters. 5 netstats. = Total Elapsed Time: 00:00:03.6820000
2016/04/20 05:05:38 Info > Inventory: Completed netstat collection for 10-0-0-9 : 2607-f480-111-1359-7f7e-61a5-36c2-345b.ipv6-literal.net
2016/04/20 05:05:40 Info > Inventory: Completed netstat collection for 10-0-0-10 : 2607-f480-111-1359-14a4-ac63-1ae-a393.ipv6-literal.net
2016/04/20 05:05:41 Info > Completed inventory process for Standalone Platform = Total Execute Time: 00:00:06.7970000
2016/04/20 05:05:41 Info > Completed platform inventory for 1 platforms in 00:00:08.1660000 [next run at 4/21/2016 5:05:32 PM]
2016/04/20 05:05:42 Info > Inventory: Completed netstat collection for 10-0-0-8 : 2607-f480-111-1359-492b-1740-ea0a-5f9c.ipv6-literal.net
2016/04/20 05:05:42 Info > Inventory: Completed inventory collection for 10-0-0-9 : 2607-f480-111-1359-7f7e-61a5-36c2-345b.ipv6-literal.net
2016/04/20 05:05:42 Info > Inventory: Completed netstat collection for 10-0-0-11 : 2607-f480-111-1359-dda-e8fe-c7f2-9e7e.ipv6-literal.net
2016/04/20 05:05:42 Info > Netstat: Completed netstat collection for 4 workloads in 00:00:09.5750000 [next run at 4/20/2016 5:35:33 PM]
2016/04/20 05:05:44 Info > Inventory: Completed inventory collection for 10-0-0-8 : 2607-f480-111-1359-492b-1740-ea0a-5f9c.ipv6-literal.net
2016/04/20 05:05:45 Info > Inventory: Completed inventory collection for 10-0-0-10 : 2607-f480-111-1359-14a4-ac63-1ae-a393.ipv6-literal.net
2016/04/20 05:05:45 Info > Inventory: Completed inventory collection for 10-0-0-11 : 2607-f480-111-1359-dda-e8fe-c7f2-9e7e.ipv6-literal.net
2016/04/20 05:05:45 Info > Completed operating system inventory for 4 workloads in 00:00:12.5980000 [next run at 4/21/2016 5:05:33 PM]
2016/04/20 05:05:50 Error > Error collecting performance information from 10-0-0-11 with error System.InvalidOperationException: Mismatched counter types.   at System.Diagnostics.CounterSampleCalculator.ComputeCounterValue(CounterSample oldSample, CounterSample newSample)   at MRMPService.PerformanceCollection.WorkloadPerformance.WorkloadPerformanceDo(SyncronisedList`1 _countertree, SyncronisedList`1 _counters, String workload_id) in C:\Users\phillip.spies\Documents\Visual Studio 2015\Projects\MRMPManager\MRMPService\MRPService\Classes\Background Tasks\WorkloadPerformance\WorkloadPerformanceDo.cs:line 179   at MRMPService.PerformanceCollection.WorkloadPerformanceThread.<>c.<Start>b__2_0(Workload workload) in C:\Users\phillip.spies\Documents\Visual Studio 2015\Projects\MRMPManager\MRMPService\MRPService\Classes\Background Tasks\WorkloadPerformance\WorkloadPerformanceThread.cs:line 92
2016/04/20 05:06:00 Info > Performance: Completed performance collection for 10-0-0-9 using 2607:f480:111:1359:7f7e:61a5:36c2:345b
2016/04/20 05:06:10 Info > Performance: Completed performance collection for 10-0-0-8 using 2607:f480:111:1359:492b:1740:ea0a:5f9c
2016/04/20 05:06:14 Info > Performance: Completed performance collection for 10-0-0-10 using 2607:f480:111:1359:14a4:ac63:1ae:a393
2016/04/20 05:06:14 Info > Completed performance collection for 4 workloads in 00:00:41.5720000 [next run at 4/20/2016 6:05:32 PM]
2016/04/20 05:07:12 Debug > Starting WCF Service
2016/04/20 05:07:12 Info > Debug Enabled!
2016/04/20 05:07:12 Info > MRP Manager ID:9539656e4ba04a0394217fb0a240a331
2016/04/20 05:07:13 Debug > organization id: 7b6865d87b824b4a97d563ae5e5d35e7
2016/04/20 05:07:13 Debug > Starting Scheduler Thread
2016/04/20 05:07:13 Debug > Starting Mirror Thread
2016/04/20 05:07:13 Debug > Starting Performance Collection Thread
2016/04/20 05:07:13 Info > Staring platform inventory process with 10 threads
2016/04/20 05:07:13 Debug > Starting Netflow v5 Collection Thread
2016/04/20 05:07:13 Debug > Starting Data Upload Thread
2016/04/20 05:07:13 Info > Staring performance collection process with 10 threads
2016/04/20 05:07:13 Debug > Starting OS Inventory Thread
2016/04/20 05:07:13 Info > Staring data upload process
2016/04/20 05:07:13 Info > Staring operating system inventory process with 10 threads
2016/04/20 05:07:13 Debug > Starting OS Netstat Thread
2016/04/20 05:07:13 Info > Netstat: Staring netstat collection process with 10 threads
2016/04/20 05:07:14 Info > Performance: Start performance collection for 10-0-0-9 using 2607:f480:111:1359:7f7e:61a5:36c2:345b
2016/04/20 05:07:14 Info > Performance: Start performance collection for 10-0-0-8 using 2607:f480:111:1359:492b:1740:ea0a:5f9c
2016/04/20 05:07:14 Info > Performance: Start performance collection for 10-0-0-10 using 2607:f480:111:1359:14a4:ac63:1ae:a393
2016/04/20 05:07:14 Info > Netstat: Started netstat collection for 10-0-0-9 : 2607-f480-111-1359-7f7e-61a5-36c2-345b.ipv6-literal.net
2016/04/20 05:07:14 Info > Netstat: Started netstat collection for 10-0-0-8 : 2607-f480-111-1359-492b-1740-ea0a-5f9c.ipv6-literal.net
2016/04/20 05:07:14 Info > Started inventory process for Standalone Platform
2016/04/20 05:07:14 Info > Inventory: Started inventory collection for 10-0-0-8 : 2607-f480-111-1359-492b-1740-ea0a-5f9c.ipv6-literal.net
2016/04/20 05:07:14 Info > Inventory: Started inventory collection for 10-0-0-9 : 2607-f480-111-1359-7f7e-61a5-36c2-345b.ipv6-literal.net
2016/04/20 05:07:14 Info > Netstat: Started netstat collection for 10-0-0-10 : 2607-f480-111-1359-14a4-ac63-1ae-a393.ipv6-literal.net
2016/04/20 05:07:15 Info > Inventory: Started inventory collection for 10-0-0-10 : 2607-f480-111-1359-14a4-ac63-1ae-a393.ipv6-literal.net
2016/04/20 05:07:16 Info > Performance: Start performance collection for 10-0-0-11 using 2607:f480:111:1359:dda:e8fe:c7f2:9e7e
2016/04/20 05:07:17 Info > Netstat: Started netstat collection for 10-0-0-11 : 2607-f480-111-1359-dda-e8fe-c7f2-9e7e.ipv6-literal.net
2016/04/20 05:07:18 Info > Inventory: Completed netstat collection for 10-0-0-9 : 2607-f480-111-1359-7f7e-61a5-36c2-345b.ipv6-literal.net
2016/04/20 05:07:18 Info > Inventory: Started inventory collection for 10-0-0-11 : 2607-f480-111-1359-dda-e8fe-c7f2-9e7e.ipv6-literal.net
2016/04/20 05:07:19 Info > Inventory: Completed netstat collection for 10-0-0-10 : 2607-f480-111-1359-14a4-ac63-1ae-a393.ipv6-literal.net
2016/04/20 05:07:19 Info > Inventory: Completed netstat collection for 10-0-0-8 : 2607-f480-111-1359-492b-1740-ea0a-5f9c.ipv6-literal.net
2016/04/20 05:07:20 Info > Completed inventory process for Standalone Platform = Total Execute Time: 00:00:06.6040000
2016/04/20 05:07:20 Info > Completed platform inventory for 1 platforms in 00:00:07.5300000 [next run at 4/21/2016 5:07:13 PM]
2016/04/20 05:07:21 Info > Inventory: Completed inventory collection for 10-0-0-9 : 2607-f480-111-1359-7f7e-61a5-36c2-345b.ipv6-literal.net
2016/04/20 05:07:21 Info > Inventory: Completed netstat collection for 10-0-0-11 : 2607-f480-111-1359-dda-e8fe-c7f2-9e7e.ipv6-literal.net
2016/04/20 05:07:21 Info > Netstat: Completed netstat collection for 4 workloads in 00:00:08.5730000 [next run at 4/20/2016 5:37:13 PM]
2016/04/20 05:07:22 Info > Inventory: Completed inventory collection for 10-0-0-8 : 2607-f480-111-1359-492b-1740-ea0a-5f9c.ipv6-literal.net
2016/04/20 05:07:22 Info > Inventory: Completed inventory collection for 10-0-0-10 : 2607-f480-111-1359-14a4-ac63-1ae-a393.ipv6-literal.net
2016/04/20 05:07:25 Info > Inventory: Completed inventory collection for 10-0-0-11 : 2607-f480-111-1359-dda-e8fe-c7f2-9e7e.ipv6-literal.net
2016/04/20 05:07:25 Info > Completed operating system inventory for 4 workloads in 00:00:12.6280000 [next run at 4/21/2016 5:07:13 PM]
2016/04/20 05:07:28 Info > Completed data upload process.0 netflows.360 performancecounters. 67 netstats. = Total Elapsed Time: 00:00:14.7640000
2016/04/20 05:07:39 Info > Performance: Completed performance collection for 10-0-0-9 using 2607:f480:111:1359:7f7e:61a5:36c2:345b
2016/04/20 05:07:42 Info > Performance: Completed performance collection for 10-0-0-11 using 2607:f480:111:1359:dda:e8fe:c7f2:9e7e
2016/04/20 05:07:50 Info > Performance: Completed performance collection for 10-0-0-8 using 2607:f480:111:1359:492b:1740:ea0a:5f9c
2016/04/20 05:07:52 Info > Performance: Completed performance collection for 10-0-0-10 using 2607:f480:111:1359:14a4:ac63:1ae:a393
2016/04/20 05:07:52 Info > Completed performance collection for 4 workloads in 00:00:39.1500000 [next run at 4/20/2016 6:07:13 PM]
2016/04/20 05:12:13 Info > Staring data upload process
2016/04/20 05:12:55 Info > Completed data upload process.0 netflows.408 performancecounters. 0 netstats. = Total Elapsed Time: 00:00:41.6590000
2016/04/20 05:17:15 Info > Staring data upload process
2016/04/20 05:17:15 Info > Completed data upload process.0 netflows.0 performancecounters. 0 netstats. = Total Elapsed Time: 00:00:00.2290000
