2016/04/29 09:02:17 Debug > Starting Manager Service
2016/04/29 09:02:19 Debug > Starting WCF Service
2016/04/29 09:02:20 Info > Debug Enabled!
2016/04/29 09:02:20 Info > MRP Manager ID:9539656e4ba04a0394217fb0a240a331
2016/04/29 09:02:21 Debug > organization id: 7b6865d87b824b4a97d563ae5e5d35e7
2016/04/29 09:02:21 Debug > Starting Scheduler Thread
2016/04/29 09:02:21 Debug > Starting Mirror Thread
2016/04/29 09:02:22 Debug > Starting Performance Collection Thread
2016/04/29 09:02:22 Debug > Starting Netflow v5 Collection Thread
2016/04/29 09:02:22 Info > Staring platform inventory process with 10 threads
2016/04/29 09:02:22 Debug > Starting Data Upload Thread
2016/04/29 09:02:22 Info > Staring performance collection process with 10 threads
2016/04/29 09:02:22 Debug > Starting OS Inventory Thread
2016/04/29 09:02:22 Debug > Starting OS Netstat Thread
2016/04/29 09:02:22 Info > Staring operating system inventory process with 10 threads
2016/04/29 09:02:22 Info > Staring data upload process
2016/04/29 09:02:22 Info > Netstat: Staring netstat collection process with 10 threads
2016/04/29 09:02:23 Info > Started inventory process for Standalone Platform
2016/04/29 09:02:23 Error > Error collecting inventory information from 10-0-0-10 with error System.ArgumentException: Record does not exists   at MRMPService.API.Core.perform[type](Method _method, Object _object) in C:\Users\phillip.spies\Documents\Visual Studio 2015\Projects\MRMPManager\MRMPService\MRPService\Classes\Modules\MRPPortal\Core.cs:line 107   at MRMPService.API.MRPWorkload.getworkload(String _workload_id) in C:\Users\phillip.spies\Documents\Visual Studio 2015\Projects\MRMPManager\MRMPService\MRPService\Classes\Modules\MRPPortal\Workloads.cs:line 28   at MRMPService.API.Classes.WorkloadInventory.WorkloadInventoryDo(String workload_id) in C:\Users\phillip.spies\Documents\Visual Studio 2015\Projects\MRMPManager\MRMPService\MRPService\Classes\Background Tasks\WorkloadInventory\WorkloadInventoryDo.cs:line 21   at MRMPService.API.Classes.WorkloadInventoryThread.<>c.<Start>b__1_0(Workload workload) in C:\Users\phillip.spies\Documents\Visual Studio 2015\Projects\MRMPManager\MRMPService\MRPService\Classes\Background Tasks\WorkloadInventory\WorkloadInventoryThread.cs:line 38
2016/04/29 09:02:23 Error > Error collecting inventory information from 10-0-0-8 with error System.ArgumentException: Record does not exists   at MRMPService.API.Core.perform[type](Method _method, Object _object) in C:\Users\phillip.spies\Documents\Visual Studio 2015\Projects\MRMPManager\MRMPService\MRPService\Classes\Modules\MRPPortal\Core.cs:line 107   at MRMPService.API.MRPWorkload.getworkload(String _workload_id) in C:\Users\phillip.spies\Documents\Visual Studio 2015\Projects\MRMPManager\MRMPService\MRPService\Classes\Modules\MRPPortal\Workloads.cs:line 28   at MRMPService.API.Classes.WorkloadInventory.WorkloadInventoryDo(String workload_id) in C:\Users\phillip.spies\Documents\Visual Studio 2015\Projects\MRMPManager\MRMPService\MRPService\Classes\Background Tasks\WorkloadInventory\WorkloadInventoryDo.cs:line 21   at MRMPService.API.Classes.WorkloadInventoryThread.<>c.<Start>b__1_0(Workload workload) in C:\Users\phillip.spies\Documents\Visual Studio 2015\Projects\MRMPManager\MRMPService\MRPService\Classes\Background Tasks\WorkloadInventory\WorkloadInventoryThread.cs:line 38
2016/04/29 09:02:23 Error > Error collecting inventory information from 10-0-0-9 with error System.ArgumentException: Record does not exists   at MRMPService.API.Core.perform[type](Method _method, Object _object) in C:\Users\phillip.spies\Documents\Visual Studio 2015\Projects\MRMPManager\MRMPService\MRPService\Classes\Modules\MRPPortal\Core.cs:line 107   at MRMPService.API.MRPWorkload.getworkload(String _workload_id) in C:\Users\phillip.spies\Documents\Visual Studio 2015\Projects\MRMPManager\MRMPService\MRPService\Classes\Modules\MRPPortal\Workloads.cs:line 28   at MRMPService.API.Classes.WorkloadInventory.WorkloadInventoryDo(String workload_id) in C:\Users\phillip.spies\Documents\Visual Studio 2015\Projects\MRMPManager\MRMPService\MRPService\Classes\Background Tasks\WorkloadInventory\WorkloadInventoryDo.cs:line 21   at MRMPService.API.Classes.WorkloadInventoryThread.<>c.<Start>b__1_0(Workload workload) in C:\Users\phillip.spies\Documents\Visual Studio 2015\Projects\MRMPManager\MRMPService\MRPService\Classes\Background Tasks\WorkloadInventory\WorkloadInventoryThread.cs:line 38
2016/04/29 09:02:24 Info > Netstat: Started netstat collection for 10-0-0-9 : 2607-f480-111-1359-7f7e-61a5-36c2-345b.ipv6-literal.net
2016/04/29 09:02:24 Info > Performance: Start performance collection for 10-0-0-9 using 2607:f480:111:1359:7f7e:61a5:36c2:345b
2016/04/29 09:02:24 Info > Netstat: Started netstat collection for 10-0-0-8 : 2607-f480-111-1359-492b-1740-ea0a-5f9c.ipv6-literal.net
2016/04/29 09:02:24 Info > Performance: Start performance collection for 10-0-0-8 using 2607:f480:111:1359:492b:1740:ea0a:5f9c
2016/04/29 09:02:24 Info > Performance: Start performance collection for 10-0-0-10 using 2607:f480:111:1359:14a4:ac63:1ae:a393
2016/04/29 09:02:24 Info > Netstat: Started netstat collection for 10-0-0-10 : 2607-f480-111-1359-14a4-ac63-1ae-a393.ipv6-literal.net
2016/04/29 09:02:25 Error > Error collecting inventory information from 10-0-0-11 with error System.ArgumentException: Record does not exists   at MRMPService.API.Core.perform[type](Method _method, Object _object) in C:\Users\phillip.spies\Documents\Visual Studio 2015\Projects\MRMPManager\MRMPService\MRPService\Classes\Modules\MRPPortal\Core.cs:line 107   at MRMPService.API.MRPWorkload.getworkload(String _workload_id) in C:\Users\phillip.spies\Documents\Visual Studio 2015\Projects\MRMPManager\MRMPService\MRPService\Classes\Modules\MRPPortal\Workloads.cs:line 28   at MRMPService.API.Classes.WorkloadInventory.WorkloadInventoryDo(String workload_id) in C:\Users\phillip.spies\Documents\Visual Studio 2015\Projects\MRMPManager\MRMPService\MRPService\Classes\Background Tasks\WorkloadInventory\WorkloadInventoryDo.cs:line 21   at MRMPService.API.Classes.WorkloadInventoryThread.<>c.<Start>b__1_0(Workload workload) in C:\Users\phillip.spies\Documents\Visual Studio 2015\Projects\MRMPManager\MRMPService\MRPService\Classes\Background Tasks\WorkloadInventory\WorkloadInventoryThread.cs:line 38
2016/04/29 09:02:25 Info > Completed operating system inventory for 4 workloads in 00:00:03.0930000 [next run at 4/30/2016 9:02:22 AM]
2016/04/29 09:02:26 Info > Netstat: Started netstat collection for 10-0-0-11 : 2607-f480-111-1359-dda-e8fe-c7f2-9e7e.ipv6-literal.net
2016/04/29 09:02:26 Info > Performance: Start performance collection for 10-0-0-11 using 2607:f480:111:1359:dda:e8fe:c7f2:9e7e
2016/04/29 09:02:29 Info > Completed inventory process for Standalone Platform = Total Execute Time: 00:00:05.2900000
2016/04/29 09:02:29 Info > Completed platform inventory for 1 platforms in 00:00:07.1330000 [next run at 4/30/2016 9:02:22 AM]
2016/04/29 09:02:30 Info > Inventory: Completed netstat collection for 10-0-0-9 : 2607-f480-111-1359-7f7e-61a5-36c2-345b.ipv6-literal.net
2016/04/29 09:02:31 Info > Inventory: Completed netstat collection for 10-0-0-8 : 2607-f480-111-1359-492b-1740-ea0a-5f9c.ipv6-literal.net
2016/04/29 09:02:31 Info > Inventory: Completed netstat collection for 10-0-0-10 : 2607-f480-111-1359-14a4-ac63-1ae-a393.ipv6-literal.net
2016/04/29 09:02:32 Info > Inventory: Completed netstat collection for 10-0-0-11 : 2607-f480-111-1359-dda-e8fe-c7f2-9e7e.ipv6-literal.net
2016/04/29 09:02:32 Info > Netstat: Completed netstat collection for 4 workloads in 00:00:10.7680000 [next run at 4/29/2016 9:32:22 AM]
2016/04/29 09:02:56 Info > Completed data upload process.0 netflows.326 performancecounters. 70 netstats. = Total Elapsed Time: 00:00:33.5460000
2016/04/29 09:03:11 Info > Performance: Completed performance collection for 10-0-0-9 using 2607:f480:111:1359:7f7e:61a5:36c2:345b
2016/04/29 09:03:11 Info > Performance: Completed performance collection for 10-0-0-8 using 2607:f480:111:1359:492b:1740:ea0a:5f9c
2016/04/29 09:03:14 Info > Performance: Completed performance collection for 10-0-0-10 using 2607:f480:111:1359:14a4:ac63:1ae:a393
2016/04/29 09:03:16 Info > Performance: Completed performance collection for 10-0-0-11 using 2607:f480:111:1359:dda:e8fe:c7f2:9e7e
2016/04/29 09:03:16 Info > Completed performance collection for 4 workloads in 00:00:54.1320000 [next run at 4/29/2016 10:02:22 AM]
2016/04/29 09:04:31 Debug > Starting Manager Service
2016/04/29 09:04:31 Debug > Starting WCF Service
2016/04/29 09:04:41 Debug > Starting Manager Service
2016/04/29 09:04:42 Debug > Starting WCF Service
2016/04/29 09:04:42 Info > Debug Enabled!
2016/04/29 09:04:42 Info > MRP Manager ID:9539656e4ba04a0394217fb0a240a331
2016/04/29 09:04:42 Debug > organization id: 7b6865d87b824b4a97d563ae5e5d35e7
2016/04/29 09:04:42 Debug > Starting Scheduler Thread
2016/04/29 09:04:42 Debug > Starting Mirror Thread
2016/04/29 09:04:42 Debug > Starting Performance Collection Thread
2016/04/29 09:04:42 Debug > Starting Netflow v5 Collection Thread
2016/04/29 09:04:42 Debug > Starting Data Upload Thread
2016/04/29 09:04:42 Info > Staring performance collection process with 10 threads
2016/04/29 09:04:42 Debug > Starting OS Inventory Thread
2016/04/29 09:04:42 Info > Staring platform inventory process with 10 threads
2016/04/29 09:04:42 Info > Staring data upload process
2016/04/29 09:04:42 Debug > Starting OS Netstat Thread
2016/04/29 09:04:42 Info > Staring operating system inventory process with 10 threads
2016/04/29 09:04:42 Info > Netstat: Staring netstat collection process with 10 threads
2016/04/29 09:04:43 Info > Started inventory process for Standalone Platform
2016/04/29 09:04:43 Info > Performance: Start performance collection for 10-0-0-8 using 2607:f480:111:1359:492b:1740:ea0a:5f9c
2016/04/29 09:04:43 Info > Performance: Start performance collection for 10-0-0-9 using 2607:f480:111:1359:7f7e:61a5:36c2:345b
2016/04/29 09:04:43 Info > Netstat: Started netstat collection for 10-0-0-8 : 2607-f480-111-1359-492b-1740-ea0a-5f9c.ipv6-literal.net
2016/04/29 09:04:43 Info > Netstat: Started netstat collection for 10-0-0-9 : 2607-f480-111-1359-7f7e-61a5-36c2-345b.ipv6-literal.net
2016/04/29 09:04:43 Info > Inventory: Started inventory collection for 10-0-0-8 : 2607-f480-111-1359-492b-1740-ea0a-5f9c.ipv6-literal.net
2016/04/29 09:04:43 Info > Inventory: Started inventory collection for 10-0-0-10 : 2607-f480-111-1359-14a4-ac63-1ae-a393.ipv6-literal.net
2016/04/29 09:04:44 Info > Netstat: Started netstat collection for 10-0-0-10 : 2607-f480-111-1359-14a4-ac63-1ae-a393.ipv6-literal.net
2016/04/29 09:04:44 Info > Inventory: Started inventory collection for 10-0-0-9 : 2607-f480-111-1359-7f7e-61a5-36c2-345b.ipv6-literal.net
2016/04/29 09:04:45 Info > Inventory: Started inventory collection for 10-0-0-11 : 2607-f480-111-1359-dda-e8fe-c7f2-9e7e.ipv6-literal.net
2016/04/29 09:04:46 Info > Performance: Start performance collection for 10-0-0-10 using 2607:f480:111:1359:14a4:ac63:1ae:a393
2016/04/29 09:04:47 Info > Netstat: Started netstat collection for 10-0-0-11 : 2607-f480-111-1359-dda-e8fe-c7f2-9e7e.ipv6-literal.net
2016/04/29 09:04:48 Info > Performance: Start performance collection for 10-0-0-11 using 2607:f480:111:1359:dda:e8fe:c7f2:9e7e
2016/04/29 09:04:49 Info > Inventory: Completed netstat collection for 10-0-0-8 : 2607-f480-111-1359-492b-1740-ea0a-5f9c.ipv6-literal.net
2016/04/29 09:04:49 Info > Completed inventory process for Standalone Platform = Total Execute Time: 00:00:05.5380000
2016/04/29 09:04:49 Info > Completed platform inventory for 1 platforms in 00:00:06.4570000 [next run at 4/30/2016 9:04:42 AM]
2016/04/29 09:04:50 Info > Inventory: Completed netstat collection for 10-0-0-9 : 2607-f480-111-1359-7f7e-61a5-36c2-345b.ipv6-literal.net
2016/04/29 09:04:51 Info > Inventory: Completed netstat collection for 10-0-0-10 : 2607-f480-111-1359-14a4-ac63-1ae-a393.ipv6-literal.net
2016/04/29 09:04:52 Info > Inventory: Completed netstat collection for 10-0-0-11 : 2607-f480-111-1359-dda-e8fe-c7f2-9e7e.ipv6-literal.net
2016/04/29 09:04:52 Info > Netstat: Completed netstat collection for 4 workloads in 00:00:09.7480000 [next run at 4/29/2016 9:34:42 AM]
2016/04/29 09:04:54 Info > Inventory: Completed inventory collection for 10-0-0-11 : 2607-f480-111-1359-dda-e8fe-c7f2-9e7e.ipv6-literal.net
2016/04/29 09:04:54 Info > Inventory: Completed inventory collection for 10-0-0-10 : 2607-f480-111-1359-14a4-ac63-1ae-a393.ipv6-literal.net
2016/04/29 09:04:57 Info > Inventory: Completed inventory collection for 10-0-0-8 : 2607-f480-111-1359-492b-1740-ea0a-5f9c.ipv6-literal.net
2016/04/29 09:04:58 Info > Inventory: Completed inventory collection for 10-0-0-9 : 2607-f480-111-1359-7f7e-61a5-36c2-345b.ipv6-literal.net
2016/04/29 09:04:58 Info > Completed operating system inventory for 4 workloads in 00:00:15.5730000 [next run at 4/30/2016 9:04:42 AM]
2016/04/29 09:05:32 Info > Completed data upload process.0 netflows.512 performancecounters. 44 netstats. = Total Elapsed Time: 00:00:48.7460000
2016/04/29 09:05:32 Info > Performance: Completed performance collection for 10-0-0-8 using 2607:f480:111:1359:492b:1740:ea0a:5f9c
2016/04/29 09:05:33 Info > Performance: Completed performance collection for 10-0-0-9 using 2607:f480:111:1359:7f7e:61a5:36c2:345b
2016/04/29 09:05:38 Info > Performance: Completed performance collection for 10-0-0-10 using 2607:f480:111:1359:14a4:ac63:1ae:a393
2016/04/29 09:05:39 Info > Performance: Completed performance collection for 10-0-0-11 using 2607:f480:111:1359:dda:e8fe:c7f2:9e7e
2016/04/29 09:05:39 Info > Completed performance collection for 4 workloads in 00:00:56.9390000 [next run at 4/29/2016 10:04:42 AM]
2016/04/29 09:09:47 Info > Staring data upload process
2016/04/29 09:14:44 Debug > Starting Manager Service
2016/04/29 09:14:44 Debug > Starting WCF Service
2016/04/29 09:14:44 Info > Debug Enabled!
2016/04/29 09:14:44 Info > MRP Manager ID:9539656e4ba04a0394217fb0a240a331
2016/04/29 09:14:45 Debug > organization id: 7b6865d87b824b4a97d563ae5e5d35e7
2016/04/29 09:14:45 Debug > Starting Scheduler Thread
2016/04/29 09:14:45 Debug > Starting Mirror Thread
2016/04/29 09:14:45 Debug > Starting Performance Collection Thread
2016/04/29 09:14:45 Debug > Starting Netflow v5 Collection Thread
2016/04/29 09:14:45 Info > Staring platform inventory process with 10 threads
2016/04/29 09:14:45 Info > Staring performance collection process with 10 threads
2016/04/29 09:14:45 Debug > Starting Data Upload Thread
2016/04/29 09:14:45 Debug > Starting OS Inventory Thread
2016/04/29 09:14:45 Info > Staring data upload process
2016/04/29 09:14:45 Info > Staring operating system inventory process with 10 threads
2016/04/29 09:14:45 Debug > Starting OS Netstat Thread
2016/04/29 09:14:45 Info > Netstat: Staring netstat collection process with 10 threads
2016/04/29 09:14:46 Info > Performance: Start performance collection for 10-0-0-9 using 2607:f480:111:1359:7f7e:61a5:36c2:345b
2016/04/29 09:14:46 Info > Netstat: Started netstat collection for 10-0-0-9 : 2607-f480-111-1359-7f7e-61a5-36c2-345b.ipv6-literal.net
2016/04/29 09:14:46 Info > Performance: Start performance collection for 10-0-0-8 using 2607:f480:111:1359:492b:1740:ea0a:5f9c
2016/04/29 09:14:46 Info > Netstat: Started netstat collection for 10-0-0-8 : 2607-f480-111-1359-492b-1740-ea0a-5f9c.ipv6-literal.net
2016/04/29 09:14:46 Info > Started inventory process for Standalone Platform
2016/04/29 09:14:46 Info > Netstat: Started netstat collection for 10-0-0-10 : 2607-f480-111-1359-14a4-ac63-1ae-a393.ipv6-literal.net
2016/04/29 09:14:46 Info > Inventory: Started inventory collection for 10-0-0-9 : 2607-f480-111-1359-7f7e-61a5-36c2-345b.ipv6-literal.net
2016/04/29 09:14:46 Info > Inventory: Started inventory collection for 10-0-0-8 : 2607-f480-111-1359-492b-1740-ea0a-5f9c.ipv6-literal.net
2016/04/29 09:14:47 Info > Performance: Start performance collection for 10-0-0-10 using 2607:f480:111:1359:14a4:ac63:1ae:a393
2016/04/29 09:14:48 Info > Netstat: Started netstat collection for 10-0-0-11 : 2607-f480-111-1359-dda-e8fe-c7f2-9e7e.ipv6-literal.net
2016/04/29 09:14:48 Info > Inventory: Started inventory collection for 10-0-0-10 : 2607-f480-111-1359-14a4-ac63-1ae-a393.ipv6-literal.net
2016/04/29 09:14:49 Info > Performance: Start performance collection for 10-0-0-11 using 2607:f480:111:1359:dda:e8fe:c7f2:9e7e
2016/04/29 09:14:49 Info > Inventory: Started inventory collection for 10-0-0-11 : 2607-f480-111-1359-dda-e8fe-c7f2-9e7e.ipv6-literal.net
2016/04/29 09:14:53 Info > Completed inventory process for Standalone Platform = Total Execute Time: 00:00:06.5820000
2016/04/29 09:14:53 Info > Completed platform inventory for 1 platforms in 00:00:07.8470000 [next run at 4/30/2016 9:14:45 AM]
2016/04/29 09:14:53 Info > Inventory: Completed netstat collection for 10-0-0-10 : 2607-f480-111-1359-14a4-ac63-1ae-a393.ipv6-literal.net
2016/04/29 09:14:54 Info > Inventory: Completed netstat collection for 10-0-0-9 : 2607-f480-111-1359-7f7e-61a5-36c2-345b.ipv6-literal.net
2016/04/29 09:14:55 Info > Inventory: Completed netstat collection for 10-0-0-8 : 2607-f480-111-1359-492b-1740-ea0a-5f9c.ipv6-literal.net
2016/04/29 09:14:55 Info > Inventory: Completed netstat collection for 10-0-0-11 : 2607-f480-111-1359-dda-e8fe-c7f2-9e7e.ipv6-literal.net
2016/04/29 09:14:55 Info > Netstat: Completed netstat collection for 4 workloads in 00:00:10.1600000 [next run at 4/29/2016 9:44:45 AM]
2016/04/29 09:14:56 Info > Inventory: Completed inventory collection for 10-0-0-9 : 2607-f480-111-1359-7f7e-61a5-36c2-345b.ipv6-literal.net
2016/04/29 09:14:56 Info > Inventory: Completed inventory collection for 10-0-0-8 : 2607-f480-111-1359-492b-1740-ea0a-5f9c.ipv6-literal.net
2016/04/29 09:14:58 Info > Inventory: Completed inventory collection for 10-0-0-10 : 2607-f480-111-1359-14a4-ac63-1ae-a393.ipv6-literal.net
2016/04/29 09:14:59 Info > Inventory: Completed inventory collection for 10-0-0-11 : 2607-f480-111-1359-dda-e8fe-c7f2-9e7e.ipv6-literal.net
2016/04/29 09:14:59 Info > Completed operating system inventory for 4 workloads in 00:00:14.2330000 [next run at 4/30/2016 9:14:45 AM]
2016/04/29 09:15:13 Info > Completed data upload process.0 netflows.395 performancecounters. 52 netstats. = Total Elapsed Time: 00:00:27.6140000
2016/04/29 09:15:36 Info > Performance: Completed performance collection for 10-0-0-8 using 2607:f480:111:1359:492b:1740:ea0a:5f9c
2016/04/29 09:15:37 Info > Performance: Completed performance collection for 10-0-0-9 using 2607:f480:111:1359:7f7e:61a5:36c2:345b
2016/04/29 09:15:40 Info > Performance: Completed performance collection for 10-0-0-10 using 2607:f480:111:1359:14a4:ac63:1ae:a393
2016/04/29 09:15:42 Info > Performance: Completed performance collection for 10-0-0-11 using 2607:f480:111:1359:dda:e8fe:c7f2:9e7e
2016/04/29 09:15:42 Info > Completed performance collection for 4 workloads in 00:00:57 [next run at 4/29/2016 10:14:45 AM]
2016/04/29 09:18:39 Debug > Starting Manager Service
2016/04/29 09:18:39 Debug > Starting WCF Service
2016/04/29 09:18:39 Info > Debug Enabled!
2016/04/29 09:18:39 Info > MRP Manager ID:9539656e4ba04a0394217fb0a240a331
2016/04/29 09:18:40 Debug > organization id: 7b6865d87b824b4a97d563ae5e5d35e7
2016/04/29 09:18:40 Debug > Starting Scheduler Thread
2016/04/29 09:18:40 Debug > Starting Mirror Thread
2016/04/29 09:18:40 Debug > Starting Performance Collection Thread
2016/04/29 09:18:40 Info > Staring platform inventory process with 10 threads
2016/04/29 09:18:40 Debug > Starting Netflow v5 Collection Thread
2016/04/29 09:18:40 Info > Staring performance collection process with 10 threads
2016/04/29 09:18:40 Debug > Starting Data Upload Thread
2016/04/29 09:18:40 Debug > Starting OS Inventory Thread
2016/04/29 09:18:40 Debug > Starting OS Netstat Thread
2016/04/29 09:18:40 Info > Staring operating system inventory process with 10 threads
2016/04/29 09:18:40 Info > Netstat: Staring netstat collection process with 10 threads
2016/04/29 09:18:40 Info > Staring data upload process
2016/04/29 09:18:41 Info > Started inventory process for Standalone Platform
2016/04/29 09:18:41 Info > Netstat: Started netstat collection for 10-0-0-9 : 2607-f480-111-1359-7f7e-61a5-36c2-345b.ipv6-literal.net
2016/04/29 09:18:41 Info > Performance: Start performance collection for 10-0-0-9 using 2607:f480:111:1359:7f7e:61a5:36c2:345b
2016/04/29 09:18:41 Info > Performance: Start performance collection for 10-0-0-8 using 2607:f480:111:1359:492b:1740:ea0a:5f9c
2016/04/29 09:18:41 Info > Netstat: Started netstat collection for 10-0-0-10 : 2607-f480-111-1359-14a4-ac63-1ae-a393.ipv6-literal.net
2016/04/29 09:18:41 Info > Netstat: Started netstat collection for 10-0-0-8 : 2607-f480-111-1359-492b-1740-ea0a-5f9c.ipv6-literal.net
2016/04/29 09:18:41 Info > Inventory: Started inventory collection for 10-0-0-8 : 2607-f480-111-1359-492b-1740-ea0a-5f9c.ipv6-literal.net
2016/04/29 09:18:41 Info > Inventory: Started inventory collection for 10-0-0-9 : 2607-f480-111-1359-7f7e-61a5-36c2-345b.ipv6-literal.net
2016/04/29 09:18:41 Info > Performance: Start performance collection for 10-0-0-10 using 2607:f480:111:1359:14a4:ac63:1ae:a393
2016/04/29 09:18:42 Info > Inventory: Started inventory collection for 10-0-0-10 : 2607-f480-111-1359-14a4-ac63-1ae-a393.ipv6-literal.net
2016/04/29 09:18:42 Info > Netstat: Started netstat collection for 10-0-0-11 : 2607-f480-111-1359-dda-e8fe-c7f2-9e7e.ipv6-literal.net
2016/04/29 09:18:43 Info > Performance: Start performance collection for 10-0-0-11 using 2607:f480:111:1359:dda:e8fe:c7f2:9e7e
2016/04/29 09:18:44 Info > Inventory: Started inventory collection for 10-0-0-11 : 2607-f480-111-1359-dda-e8fe-c7f2-9e7e.ipv6-literal.net
2016/04/29 09:18:47 Info > Completed inventory process for Standalone Platform = Total Execute Time: 00:00:06.4210000
2016/04/29 09:18:47 Info > Completed platform inventory for 1 platforms in 00:00:07.3550000 [next run at 4/30/2016 9:18:40 AM]
2016/04/29 09:18:47 Info > Inventory: Completed netstat collection for 10-0-0-10 : 2607-f480-111-1359-14a4-ac63-1ae-a393.ipv6-literal.net
2016/04/29 09:18:48 Info > Inventory: Completed netstat collection for 10-0-0-9 : 2607-f480-111-1359-7f7e-61a5-36c2-345b.ipv6-literal.net
2016/04/29 09:18:49 Info > Inventory: Completed netstat collection for 10-0-0-8 : 2607-f480-111-1359-492b-1740-ea0a-5f9c.ipv6-literal.net
2016/04/29 09:18:50 Info > Inventory: Completed netstat collection for 10-0-0-11 : 2607-f480-111-1359-dda-e8fe-c7f2-9e7e.ipv6-literal.net
2016/04/29 09:18:50 Info > Netstat: Completed netstat collection for 4 workloads in 00:00:09.7640000 [next run at 4/29/2016 9:48:40 AM]
2016/04/29 09:18:51 Info > Inventory: Completed inventory collection for 10-0-0-9 : 2607-f480-111-1359-7f7e-61a5-36c2-345b.ipv6-literal.net
2016/04/29 09:18:51 Info > Inventory: Completed inventory collection for 10-0-0-8 : 2607-f480-111-1359-492b-1740-ea0a-5f9c.ipv6-literal.net
2016/04/29 09:18:52 Info > Inventory: Completed inventory collection for 10-0-0-10 : 2607-f480-111-1359-14a4-ac63-1ae-a393.ipv6-literal.net
2016/04/29 09:18:54 Info > Inventory: Completed inventory collection for 10-0-0-11 : 2607-f480-111-1359-dda-e8fe-c7f2-9e7e.ipv6-literal.net
2016/04/29 09:18:54 Info > Completed operating system inventory for 4 workloads in 00:00:13.7600000 [next run at 4/30/2016 9:18:40 AM]
2016/04/29 09:19:20 Info > Completed data upload process.0 netflows.512 performancecounters. 46 netstats. = Total Elapsed Time: 00:00:39.3230000
2016/04/29 09:19:29 Info > Performance: Completed performance collection for 10-0-0-9 using 2607:f480:111:1359:7f7e:61a5:36c2:345b
2016/04/29 09:19:30 Info > Performance: Completed performance collection for 10-0-0-8 using 2607:f480:111:1359:492b:1740:ea0a:5f9c
2016/04/29 09:19:33 Info > Performance: Completed performance collection for 10-0-0-10 using 2607:f480:111:1359:14a4:ac63:1ae:a393
2016/04/29 09:19:35 Info > Performance: Completed performance collection for 10-0-0-11 using 2607:f480:111:1359:dda:e8fe:c7f2:9e7e
2016/04/29 09:19:35 Info > Completed performance collection for 4 workloads in 00:00:54.7560000 [next run at 4/29/2016 10:18:40 AM]
2016/04/29 09:23:40 Info > Staring data upload process
2016/04/29 09:24:49 Info > Completed data upload process.0 netflows.512 performancecounters. 0 netstats. = Total Elapsed Time: 00:01:08.4700000
2016/04/29 09:28:44 Info > Staring data upload process
2016/04/29 09:28:44 Info > Completed data upload process.0 netflows.0 performancecounters. 0 netstats. = Total Elapsed Time: 00:00:00.6220000
2016/04/29 09:33:44 Info > Staring data upload process
2016/04/29 09:33:45 Info > Completed data upload process.0 netflows.0 performancecounters. 0 netstats. = Total Elapsed Time: 00:00:00.4380000
2016/04/29 09:38:45 Info > Staring data upload process
2016/04/29 09:38:45 Info > Completed data upload process.0 netflows.0 performancecounters. 0 netstats. = Total Elapsed Time: 00:00:00.4800000
2016/04/29 11:43:10 Debug > Starting Manager Service
2016/04/29 11:43:11 Debug > Starting WCF Service
2016/04/29 11:43:11 Info > Debug Enabled!
2016/04/29 11:43:11 Info > MRP Manager ID:9539656e4ba04a0394217fb0a240a331
2016/04/29 11:43:12 Debug > organization id: 7b6865d87b824b4a97d563ae5e5d35e7
2016/04/29 11:43:12 Debug > Starting Scheduler Thread
2016/04/29 11:43:12 Debug > Starting Mirror Thread
2016/04/29 11:43:12 Debug > Starting Performance Collection Thread
2016/04/29 11:43:12 Info > Staring platform inventory process with 10 threads
2016/04/29 11:43:12 Debug > Starting Netflow v5 Collection Thread
2016/04/29 11:43:12 Debug > Starting Data Upload Thread
2016/04/29 11:43:12 Debug > Starting OS Inventory Thread
2016/04/29 11:43:12 Info > Staring performance collection process with 10 threads
2016/04/29 11:43:12 Debug > Starting OS Netstat Thread
2016/04/29 11:43:12 Info > Staring operating system inventory process with 10 threads
2016/04/29 11:43:12 Info > Netstat: Staring netstat collection process with 10 threads
2016/04/29 11:43:12 Info > Staring data upload process
2016/04/29 11:43:12 Debug > Starting Performance Upload Thread
2016/04/29 11:43:12 Debug > Starting Netstat Upload Thread
2016/04/29 11:43:12 Debug > Starting NetFlow Upload Thread
2016/04/29 11:43:13 Info > Performance: Start performance collection for 10-0-0-8 using 2607:f480:111:1359:492b:1740:ea0a:5f9c
2016/04/29 11:43:13 Info > Performance: Start performance collection for 10-0-0-9 using 2607:f480:111:1359:7f7e:61a5:36c2:345b
2016/04/29 11:43:13 Info > Netstat: Started netstat collection for 10-0-0-8 : 2607-f480-111-1359-492b-1740-ea0a-5f9c.ipv6-literal.net
2016/04/29 11:43:13 Info > Netstat: Started netstat collection for 10-0-0-9 : 2607-f480-111-1359-7f7e-61a5-36c2-345b.ipv6-literal.net
2016/04/29 11:43:13 Info > Started inventory process for Standalone Platform
2016/04/29 11:43:13 Info > Completed data upload process. Total Elapsed Time: 00:00:01.4650000
2016/04/29 11:43:13 Info > Inventory: Started inventory collection for 10-0-0-9 : 2607-f480-111-1359-7f7e-61a5-36c2-345b.ipv6-literal.net
2016/04/29 11:43:13 Info > Inventory: Started inventory collection for 10-0-0-10 : 2607-f480-111-1359-14a4-ac63-1ae-a393.ipv6-literal.net
2016/04/29 11:43:13 Info > Inventory: Started inventory collection for 10-0-0-8 : 2607-f480-111-1359-492b-1740-ea0a-5f9c.ipv6-literal.net
2016/04/29 11:43:15 Info > Performance: Start performance collection for 10-0-0-10 using 2607:f480:111:1359:14a4:ac63:1ae:a393
2016/04/29 11:43:15 Info > Netstat: Started netstat collection for 10-0-0-10 : 2607-f480-111-1359-14a4-ac63-1ae-a393.ipv6-literal.net
2016/04/29 11:43:16 Info > Inventory: Started inventory collection for 10-0-0-11 : 2607-f480-111-1359-dda-e8fe-c7f2-9e7e.ipv6-literal.net
2016/04/29 11:43:17 Info > Performance: Start performance collection for 10-0-0-11 using 2607:f480:111:1359:dda:e8fe:c7f2:9e7e
2016/04/29 11:43:17 Info > Netstat: Started netstat collection for 10-0-0-11 : 2607-f480-111-1359-dda-e8fe-c7f2-9e7e.ipv6-literal.net
2016/04/29 11:43:19 Info > Completed inventory process for Standalone Platform = Total Execute Time: 00:00:06.3920000
2016/04/29 11:43:19 Info > Completed platform inventory for 1 platforms in 00:00:07.8720000 [next run at 4/30/2016 11:43:12 AM]
2016/04/29 11:43:20 Info > Inventory: Completed netstat collection for 10-0-0-9 : 2607-f480-111-1359-7f7e-61a5-36c2-345b.ipv6-literal.net
2016/04/29 11:43:21 Info > Inventory: Completed netstat collection for 10-0-0-8 : 2607-f480-111-1359-492b-1740-ea0a-5f9c.ipv6-literal.net
2016/04/29 11:55:08 Debug > Starting Manager Service
2016/04/29 11:55:08 Info > Compacting database
2016/04/29 11:55:08 Debug > Starting WCF Service
2016/04/29 11:55:08 Info > Debug Enabled!
2016/04/29 11:55:08 Info > MRP Manager ID:9539656e4ba04a0394217fb0a240a331
2016/04/29 11:55:11 Debug > organization id: 7b6865d87b824b4a97d563ae5e5d35e7
2016/04/29 11:55:11 Debug > Starting Scheduler Thread
2016/04/29 11:55:11 Debug > Starting Mirror Thread
2016/04/29 11:55:11 Debug > Starting Performance Collection Thread
2016/04/29 11:55:11 Info > Staring platform inventory process with 10 threads
2016/04/29 11:55:11 Debug > Starting Netflow v5 Collection Thread
2016/04/29 11:55:11 Info > Staring performance collection process with 10 threads
2016/04/29 11:55:11 Debug > Starting Data Upload Thread
2016/04/29 11:55:11 Info > Staring data upload process
2016/04/29 11:55:11 Debug > Starting OS Inventory Thread
2016/04/29 11:55:11 Debug > Starting Performance Upload Thread
2016/04/29 11:55:11 Debug > Starting OS Netstat Thread
2016/04/29 11:55:11 Info > Staring operating system inventory process with 10 threads
2016/04/29 11:55:11 Info > Netstat: Staring netstat collection process with 10 threads
2016/04/29 11:55:11 Debug > Starting Netstat Upload Thread
2016/04/29 11:55:11 Debug > Starting NetFlow Upload Thread
2016/04/29 11:55:12 Info > Started inventory process for Standalone Platform
2016/04/29 11:55:12 Info > Netstat: Started netstat collection for 10-0-0-9 : 2607-f480-111-1359-7f7e-61a5-36c2-345b.ipv6-literal.net
2016/04/29 11:55:12 Info > Netstat: Started netstat collection for 10-0-0-10 : 2607-f480-111-1359-14a4-ac63-1ae-a393.ipv6-literal.net
2016/04/29 11:55:12 Info > Netstat: Started netstat collection for 10-0-0-8 : 2607-f480-111-1359-492b-1740-ea0a-5f9c.ipv6-literal.net
2016/04/29 11:55:12 Info > Performance: Start performance collection for 10-0-0-8 using 2607:f480:111:1359:492b:1740:ea0a:5f9c
2016/04/29 11:55:12 Info > Performance: Start performance collection for 10-0-0-10 using 2607:f480:111:1359:14a4:ac63:1ae:a393
2016/04/29 11:55:12 Info > Performance: Start performance collection for 10-0-0-9 using 2607:f480:111:1359:7f7e:61a5:36c2:345b
2016/04/29 11:55:12 Info > Inventory: Started inventory collection for 10-0-0-8 : 2607-f480-111-1359-492b-1740-ea0a-5f9c.ipv6-literal.net
2016/04/29 11:55:13 Info > Inventory: Started inventory collection for 10-0-0-9 : 2607-f480-111-1359-7f7e-61a5-36c2-345b.ipv6-literal.net
2016/04/29 11:55:16 Info > Completed data upload process. Total Elapsed Time: 00:00:05.4210000
2016/04/29 11:55:16 Info > Performance: Start performance collection for 10-0-0-11 using 2607:f480:111:1359:dda:e8fe:c7f2:9e7e
2016/04/29 11:55:17 Info > Inventory: Started inventory collection for 10-0-0-10 : 2607-f480-111-1359-14a4-ac63-1ae-a393.ipv6-literal.net
2016/04/29 11:55:18 Info > Completed inventory process for Standalone Platform = Total Execute Time: 00:00:06.2340000
2016/04/29 11:55:18 Info > Completed platform inventory for 1 platforms in 00:00:07.3330000 [next run at 4/30/2016 11:55:11 AM]
2016/04/29 11:55:19 Info > Inventory: Completed netstat collection for 10-0-0-10 : 2607-f480-111-1359-14a4-ac63-1ae-a393.ipv6-literal.net
2016/04/29 11:55:19 Info > Inventory: Completed netstat collection for 10-0-0-8 : 2607-f480-111-1359-492b-1740-ea0a-5f9c.ipv6-literal.net
2016/04/29 11:55:19 Info > Netstat: Started netstat collection for 10-0-0-11 : 2607-f480-111-1359-dda-e8fe-c7f2-9e7e.ipv6-literal.net
2016/04/29 11:55:20 Info > Inventory: Started inventory collection for 10-0-0-11 : 2607-f480-111-1359-dda-e8fe-c7f2-9e7e.ipv6-literal.net
2016/04/29 11:55:20 Info > Inventory: Completed netstat collection for 10-0-0-9 : 2607-f480-111-1359-7f7e-61a5-36c2-345b.ipv6-literal.net
2016/04/29 11:55:22 Info > Inventory: Completed inventory collection for 10-0-0-8 : 2607-f480-111-1359-492b-1740-ea0a-5f9c.ipv6-literal.net
2016/04/29 11:55:22 Info > Inventory: Completed inventory collection for 10-0-0-9 : 2607-f480-111-1359-7f7e-61a5-36c2-345b.ipv6-literal.net
2016/04/29 11:55:25 Info > Inventory: Completed inventory collection for 10-0-0-10 : 2607-f480-111-1359-14a4-ac63-1ae-a393.ipv6-literal.net
2016/04/29 11:55:26 Info > Inventory: Completed netstat collection for 10-0-0-11 : 2607-f480-111-1359-dda-e8fe-c7f2-9e7e.ipv6-literal.net
2016/04/29 11:55:26 Info > Netstat: Completed netstat collection for 4 workloads in 00:00:15.1340000 [next run at 4/29/2016 12:25:11 PM]
2016/04/29 11:55:30 Info > Inventory: Completed inventory collection for 10-0-0-11 : 2607-f480-111-1359-dda-e8fe-c7f2-9e7e.ipv6-literal.net
2016/04/29 11:55:30 Info > Completed operating system inventory for 4 workloads in 00:00:19.0120000 [next run at 4/30/2016 11:55:11 AM]
2016/04/29 11:56:03 Info > Performance: Completed performance collection for 10-0-0-9 using 2607:f480:111:1359:7f7e:61a5:36c2:345b
2016/04/29 11:56:03 Info > Performance: Completed performance collection for 10-0-0-8 using 2607:f480:111:1359:492b:1740:ea0a:5f9c
2016/04/29 11:56:05 Info > Performance: Completed performance collection for 10-0-0-10 using 2607:f480:111:1359:14a4:ac63:1ae:a393
2016/04/29 11:56:09 Info > Performance: Completed performance collection for 10-0-0-11 using 2607:f480:111:1359:dda:e8fe:c7f2:9e7e
2016/04/29 11:56:09 Info > Completed performance collection for 4 workloads in 00:00:58.2790000 [next run at 4/29/2016 12:55:11 PM]
