Header checksum is valid.
Source      : C:\Users\phillip.spies\Documents\Visual Studio 2015\Projects\MRMPManager\MRMPService\bin\Debug\Database\MRPController.sdf
Destination : n/a
Verifying - verMajor: 4, verMinor: 0, verBuild: 8876, verPoint: 1
Time - 2016-26-09 11:12:19.142

 All Pages have valid checksum.
Parse the db file and build list of tables ... DONE.
Cleanup Page list ... DONE.
Scan bad pages ... DONE.
Parse SysObjects table ... DONE.
Copy Tables ... DONE.

Header checksum is valid.
Source      : C:\Users\phillip.spies\Documents\Visual Studio 2015\Projects\MRMPManager\MRMPService\bin\Debug\Database\MRPController.sdf
Destination : n/a
Verifying - verMajor: 4, verMinor: 0, verBuild: 8876, verPoint: 1
Time - 2016-26-09 11:46:02.446

 All Pages have valid checksum.
Parse the db file and build list of tables ... DONE.
Cleanup Page list ... DONE.
Scan bad pages ... DONE.
Parse SysObjects table ... DONE.
Copy Tables ... DONE.

Header checksum is valid.
Source      : C:\Users\phillip.spies\Documents\Visual Studio 2015\Projects\MRMPManager\MRMPService\bin\Debug\Database\MRPController.sdf
Destination : n/a
Verifying - verMajor: 4, verMinor: 0, verBuild: 8876, verPoint: 1
Time - 2016-26-09 11:50:54.364

 All Pages have valid checksum.
Parse the db file and build list of tables ... DONE.
Cleanup Page list ... DONE.
Scan bad pages ... DONE.
Parse SysObjects table ... DONE.
Copy Tables ... DONE.

Header checksum is valid.
Source      : C:\Users\phillip.spies\Documents\Visual Studio 2015\Projects\MRMPManager\MRMPService\bin\Debug\Database\MRPController.sdf
Destination : n/a
Verifying - verMajor: 4, verMinor: 0, verBuild: 8876, verPoint: 1
Time - 2016-26-09 12:09:16.300

 All Pages have valid checksum.
Parse the db file and build list of tables ... DONE.
Cleanup Page list ... DONE.
Scan bad pages ... DONE.
Parse SysObjects table ... DONE.
Copy Tables ... DONE.

Header checksum is valid.
Source      : C:\Users\phillip.spies\Documents\Visual Studio 2015\Projects\MRMPManager\MRMPService\bin\Debug\Database\MRPController.sdf
Destination : n/a
Verifying - verMajor: 4, verMinor: 0, verBuild: 8876, verPoint: 1
Time - 2016-26-09 14:37:22.860

 All Pages have valid checksum.
Parse the db file and build list of tables ... DONE.
Cleanup Page list ... DONE.
Scan bad pages ... DONE.
Parse SysObjects table ... DONE.
Copy Tables ... DONE.

Header checksum is valid.
Source      : C:\Users\phillip.spies\Documents\Visual Studio 2015\Projects\MRMPManager\MRMPService\bin\Debug\Database\MRPController.sdf
Destination : n/a
Verifying - verMajor: 4, verMinor: 0, verBuild: 8876, verPoint: 1
Time - 2016-27-09 08:35:26.637

 All Pages have valid checksum.
Parse the db file and build list of tables ... DONE.
Cleanup Page list ... DONE.
Scan bad pages ... DONE.
Parse SysObjects table ... DONE.
Copy Tables ... DONE.

Header checksum is valid.
Source      : C:\Users\phillip.spies\Documents\Visual Studio 2015\Projects\MRMPManager\MRMPService\bin\Debug\Database\MRPController.sdf
Destination : n/a
Verifying - verMajor: 4, verMinor: 0, verBuild: 8876, verPoint: 1
Time - 2016-27-09 09:25:40.373

 All Pages have valid checksum.
Parse the db file and build list of tables ... DONE.
Cleanup Page list ... DONE.
Scan bad pages ... DONE.
Parse SysObjects table ... DONE.
Copy Tables ... DONE.

Header checksum is valid.
Source      : C:\Users\phillip.spies\Documents\Visual Studio 2015\Projects\MRMPManager\MRMPService\bin\Debug\Database\MRPController.sdf
Destination : n/a
Verifying - verMajor: 4, verMinor: 0, verBuild: 8876, verPoint: 1
Time - 2016-27-09 09:34:47.086

 All Pages have valid checksum.
Parse the db file and build list of tables ... DONE.
Cleanup Page list ... DONE.
Scan bad pages ... DONE.
Parse SysObjects table ... DONE.
Copy Tables ... DONE.

Header checksum is valid.
Source      : C:\Users\phillip.spies\Documents\Visual Studio 2015\Projects\MRMPManager\MRMPService\bin\Debug\Database\MRPController.sdf
Destination : n/a
Verifying - verMajor: 4, verMinor: 0, verBuild: 8876, verPoint: 1
Time - 2016-27-09 09:35:50.884

 All Pages have valid checksum.
Parse the db file and build list of tables ... DONE.
Cleanup Page list ... DONE.
Scan bad pages ... DONE.
Parse SysObjects table ... DONE.
Copy Tables ... DONE.

Header checksum is valid.
Source      : C:\Users\phillip.spies\Documents\Visual Studio 2015\Projects\MRMPManager\MRMPService\bin\Debug\Database\MRPController.sdf
Destination : n/a
Verifying - verMajor: 4, verMinor: 0, verBuild: 8876, verPoint: 1
Time - 2016-27-09 09:36:42.645

 All Pages have valid checksum.
Parse the db file and build list of tables ... DONE.
Cleanup Page list ... DONE.
Scan bad pages ... DONE.
Parse SysObjects table ... DONE.
Copy Tables ... DONE.

Header checksum is valid.
Source      : C:\Users\phillip.spies\Documents\Visual Studio 2015\Projects\MRMPManager\MRMPService\bin\Debug\Database\MRPController.sdf
Destination : n/a
Verifying - verMajor: 4, verMinor: 0, verBuild: 8876, verPoint: 1
Time - 2016-27-09 09:45:28.903

 All Pages have valid checksum.
Parse the db file and build list of tables ... DONE.
Cleanup Page list ... DONE.
Scan bad pages ... DONE.
Parse SysObjects table ... DONE.
Copy Tables ... DONE.

Header checksum is valid.
Source      : C:\Users\phillip.spies\Documents\Visual Studio 2015\Projects\MRMPManager\MRMPService\bin\Debug\Database\MRPController.sdf
Destination : n/a
Verifying - verMajor: 4, verMinor: 0, verBuild: 8876, verPoint: 1
Time - 2016-27-09 09:51:50.650

 All Pages have valid checksum.
Parse the db file and build list of tables ... DONE.
Cleanup Page list ... DONE.
Scan bad pages ... DONE.
Parse SysObjects table ... DONE.
Copy Tables ... DONE.

Header checksum is valid.
Source      : C:\Users\phillip.spies\Documents\Visual Studio 2015\Projects\MRMPManager\MRMPService\bin\Debug\Database\MRPController.sdf
Destination : n/a
Verifying - verMajor: 4, verMinor: 0, verBuild: 8876, verPoint: 1
Time - 2016-27-09 14:33:51.420

 All Pages have valid checksum.
Parse the db file and build list of tables ... DONE.
Cleanup Page list ... DONE.
Scan bad pages ... DONE.
Parse SysObjects table ... DONE.
Copy Tables ... DONE.

Header checksum is valid.
Source      : C:\Users\phillip.spies\Documents\Visual Studio 2015\Projects\MRMPManager\MRMPService\bin\Debug\Database\MRPController.sdf
Destination : n/a
Verifying - verMajor: 4, verMinor: 0, verBuild: 8876, verPoint: 1
Time - 2016-27-09 15:00:34.298

 All Pages have valid checksum.
Parse the db file and build list of tables ... DONE.
Cleanup Page list ... DONE.
Scan bad pages ... DONE.
Parse SysObjects table ... DONE.
Copy Tables ... DONE.

Header checksum is valid.
Source      : C:\Users\phillip.spies\Documents\Visual Studio 2015\Projects\MRMPManager\MRMPService\bin\Debug\Database\MRPController.sdf
Destination : n/a
Verifying - verMajor: 4, verMinor: 0, verBuild: 8876, verPoint: 1
Time - 2016-28-09 11:42:40.333

 All Pages have valid checksum.
Parse the db file and build list of tables ... DONE.
Cleanup Page list ... DONE.
Scan bad pages ... DONE.
Parse SysObjects table ... DONE.
Copy Tables ... DONE.

Header checksum is valid.
Source      : C:\Users\phillip.spies\Documents\Visual Studio 2015\Projects\MRMPManager\MRMPService\bin\Debug\Database\MRPController.sdf
Destination : n/a
Verifying - verMajor: 4, verMinor: 0, verBuild: 8876, verPoint: 1
Time - 2016-28-09 11:49:13.111

 All Pages have valid checksum.
Parse the db file and build list of tables ... DONE.
Cleanup Page list ... DONE.
Scan bad pages ... DONE.
Parse SysObjects table ... DONE.
Copy Tables ... DONE.

Header checksum is valid.
Source      : C:\Users\phillip.spies\Documents\Visual Studio 2015\Projects\MRMPManager\MRMPService\bin\Debug\Database\MRPController.sdf
Destination : n/a
Verifying - verMajor: 4, verMinor: 0, verBuild: 8876, verPoint: 1
Time - 2016-28-09 13:16:19.035

 All Pages have valid checksum.
Parse the db file and build list of tables ... DONE.
Cleanup Page list ... DONE.
Scan bad pages ... DONE.
Parse SysObjects table ... DONE.
Copy Tables ... DONE.

Header checksum is valid.
Source      : C:\Users\phillip.spies\Documents\Visual Studio 2015\Projects\MRMPManager\MRMPService\bin\Debug\Database\MRPController.sdf
Destination : n/a
Verifying - verMajor: 4, verMinor: 0, verBuild: 8876, verPoint: 1
Time - 2016-28-09 13:26:23.449

 All Pages have valid checksum.
Parse the db file and build list of tables ... DONE.
Cleanup Page list ... DONE.
Scan bad pages ... DONE.
Parse SysObjects table ... DONE.
Copy Tables ... DONE.

Header checksum is valid.
Source      : C:\Users\phillip.spies\Documents\Visual Studio 2015\Projects\MRMPManager\MRMPService\bin\Debug\Database\MRPController.sdf
Destination : n/a
Verifying - verMajor: 4, verMinor: 0, verBuild: 8876, verPoint: 1
Time - 2016-28-09 13:29:30.194

 All Pages have valid checksum.
Parse the db file and build list of tables ... DONE.
Cleanup Page list ... DONE.
Scan bad pages ... DONE.
Parse SysObjects table ... DONE.
Copy Tables ... DONE.

Header checksum is valid.
Source      : C:\Users\phillip.spies\Documents\Visual Studio 2015\Projects\MRMPManager\MRMPService\bin\Debug\Database\MRPController.sdf
Destination : n/a
Verifying - verMajor: 4, verMinor: 0, verBuild: 8876, verPoint: 1
Time - 2016-29-09 09:12:48.927

 All Pages have valid checksum.
Parse the db file and build list of tables ... DONE.
Cleanup Page list ... DONE.
Scan bad pages ... DONE.
Parse SysObjects table ... DONE.
Copy Tables ... DONE.

Header checksum is valid.
Source      : C:\Users\phillip.spies\Documents\Visual Studio 2015\Projects\MRMPManager\MRMPService\bin\Debug\Database\MRPController.sdf
Destination : n/a
Verifying - verMajor: 4, verMinor: 0, verBuild: 8876, verPoint: 1
Time - 2016-29-09 09:18:01.213

 All Pages have valid checksum.
Parse the db file and build list of tables ... DONE.
Cleanup Page list ... DONE.
Scan bad pages ... DONE.
Parse SysObjects table ... DONE.
Copy Tables ... DONE.

Header checksum is valid.
Source      : C:\Users\phillip.spies\Documents\Visual Studio 2015\Projects\MRMPManager\MRMPService\bin\Debug\Database\MRPController.sdf
Destination : n/a
Verifying - verMajor: 4, verMinor: 0, verBuild: 8876, verPoint: 1
Time - 2016-29-09 09:22:11.723

 All Pages have valid checksum.
Parse the db file and build list of tables ... DONE.
Cleanup Page list ... DONE.
Scan bad pages ... DONE.
Parse SysObjects table ... DONE.
Copy Tables ... DONE.

Header checksum is valid.
Source      : C:\Users\phillip.spies\Documents\Visual Studio 2015\Projects\MRMPManager\MRMPService\bin\Debug\Database\MRPController.sdf
Destination : n/a
Verifying - verMajor: 4, verMinor: 0, verBuild: 8876, verPoint: 1
Time - 2016-29-09 09:28:34.676

 All Pages have valid checksum.
Parse the db file and build list of tables ... DONE.
Cleanup Page list ... DONE.
Scan bad pages ... DONE.
Parse SysObjects table ... DONE.
Copy Tables ... DONE.

Header checksum is valid.
Source      : C:\Users\phillip.spies\Documents\Visual Studio 2015\Projects\MRMPManager\MRMPService\bin\Debug\Database\MRPController.sdf
Destination : n/a
Verifying - verMajor: 4, verMinor: 0, verBuild: 8876, verPoint: 1
Time - 2016-29-09 09:30:04.549

 All Pages have valid checksum.
Parse the db file and build list of tables ... DONE.
Cleanup Page list ... DONE.
Scan bad pages ... DONE.
Parse SysObjects table ... DONE.
Copy Tables ... DONE.

Header checksum is valid.
Source      : C:\Users\phillip.spies\Documents\Visual Studio 2015\Projects\MRMPManager\MRMPService\bin\Debug\Database\MRPController.sdf
Destination : n/a
Verifying - verMajor: 4, verMinor: 0, verBuild: 8876, verPoint: 1
Time - 2016-29-09 09:34:36.206

 All Pages have valid checksum.
Parse the db file and build list of tables ... DONE.
Cleanup Page list ... DONE.
Scan bad pages ... DONE.
Parse SysObjects table ... DONE.
Copy Tables ... DONE.

Header checksum is valid.
Source      : C:\Users\phillip.spies\Documents\Visual Studio 2015\Projects\MRMPManager\MRMPService\bin\Debug\Database\MRPController.sdf
Destination : n/a
Verifying - verMajor: 4, verMinor: 0, verBuild: 8876, verPoint: 1
Time - 2016-29-09 09:37:22.780

 All Pages have valid checksum.
Parse the db file and build list of tables ... DONE.
Cleanup Page list ... DONE.
Scan bad pages ... DONE.
Parse SysObjects table ... DONE.
Copy Tables ... DONE.

Header checksum is valid.
Source      : C:\Users\phillip.spies\Documents\Visual Studio 2015\Projects\MRMPManager\MRMPService\bin\Debug\Database\MRPController.sdf
Destination : n/a
Verifying - verMajor: 4, verMinor: 0, verBuild: 8876, verPoint: 1
Time - 2016-29-09 09:39:46.120

 All Pages have valid checksum.
Parse the db file and build list of tables ... DONE.
Cleanup Page list ... DONE.
Scan bad pages ... DONE.
Parse SysObjects table ... DONE.
Copy Tables ... DONE.

Header checksum is valid.
Source      : C:\Users\phillip.spies\Documents\Visual Studio 2015\Projects\MRMPManager\MRMPService\bin\Debug\Database\MRPController.sdf
Destination : n/a
Verifying - verMajor: 4, verMinor: 0, verBuild: 8876, verPoint: 1
Time - 2016-29-09 09:43:30.424

 All Pages have valid checksum.
Parse the db file and build list of tables ... DONE.
Cleanup Page list ... DONE.
Scan bad pages ... DONE.
Parse SysObjects table ... DONE.
Copy Tables ... DONE.

Header checksum is valid.
Source      : C:\Users\phillip.spies\Documents\Visual Studio 2015\Projects\MRMPManager\MRMPService\bin\Debug\Database\MRPController.sdf
Destination : n/a
Verifying - verMajor: 4, verMinor: 0, verBuild: 8876, verPoint: 1
Time - 2016-29-09 10:03:16.444

 All Pages have valid checksum.
Parse the db file and build list of tables ... DONE.
Cleanup Page list ... DONE.
Scan bad pages ... DONE.
Parse SysObjects table ... DONE.
Copy Tables ... DONE.

Header checksum is valid.
Source      : C:\Users\phillip.spies\Documents\Visual Studio 2015\Projects\MRMPManager\MRMPService\bin\Debug\Database\MRPController.sdf
Destination : n/a
Verifying - verMajor: 4, verMinor: 0, verBuild: 8876, verPoint: 1
Time - 2016-29-09 10:08:27.896

 All Pages have valid checksum.
Parse the db file and build list of tables ... DONE.
Cleanup Page list ... DONE.
Scan bad pages ... DONE.
Parse SysObjects table ... DONE.
Copy Tables ... DONE.

Header checksum is valid.
Source      : C:\Users\phillip.spies\Documents\Visual Studio 2015\Projects\MRMPManager\MRMPService\bin\Debug\Database\MRPController.sdf
Destination : n/a
Verifying - verMajor: 4, verMinor: 0, verBuild: 8876, verPoint: 1
Time - 2016-29-09 10:09:51.374

 All Pages have valid checksum.
Parse the db file and build list of tables ... DONE.
Cleanup Page list ... DONE.
Scan bad pages ... DONE.
Parse SysObjects table ... DONE.
Copy Tables ... DONE.

Header checksum is valid.
Source      : C:\Users\phillip.spies\Documents\Visual Studio 2015\Projects\MRMPManager\MRMPService\bin\Debug\Database\MRPController.sdf
Destination : n/a
Verifying - verMajor: 4, verMinor: 0, verBuild: 8876, verPoint: 1
Time - 2016-29-09 11:34:11.139

 All Pages have valid checksum.
Parse the db file and build list of tables ... DONE.
Cleanup Page list ... DONE.
Scan bad pages ... DONE.
Parse SysObjects table ... DONE.
Copy Tables ... DONE.

Header checksum is valid.
Source      : C:\Users\phillip.spies\Documents\Visual Studio 2015\Projects\MRMPManager\MRMPService\bin\Debug\Database\MRPController.sdf
Destination : n/a
Verifying - verMajor: 4, verMinor: 0, verBuild: 8876, verPoint: 1
Time - 2016-29-09 14:47:37.240

 All Pages have valid checksum.
Parse the db file and build list of tables ... DONE.
Cleanup Page list ... DONE.
Scan bad pages ... DONE.
Parse SysObjects table ... DONE.
Copy Tables ... DONE.

Header checksum is valid.
Source      : C:\Users\phillip.spies\Documents\Visual Studio 2015\Projects\MRMPManager\MRMPService\bin\Debug\Database\MRPController.sdf
Destination : n/a
Verifying - verMajor: 4, verMinor: 0, verBuild: 8876, verPoint: 1
Time - 2016-29-09 15:22:49.392

 All Pages have valid checksum.
Parse the db file and build list of tables ... DONE.
Cleanup Page list ... DONE.
Scan bad pages ... DONE.
Parse SysObjects table ... DONE.
Copy Tables ... DONE.

Header checksum is valid.
Source      : C:\Users\phillip.spies\Documents\Visual Studio 2015\Projects\MRMPManager\MRMPService\bin\Debug\Database\MRPController.sdf
Destination : n/a
Verifying - verMajor: 4, verMinor: 0, verBuild: 8876, verPoint: 1
Time - 2016-29-09 16:21:35.223

 All Pages have valid checksum.
Parse the db file and build list of tables ... DONE.
Cleanup Page list ... DONE.
Scan bad pages ... DONE.
Parse SysObjects table ... DONE.
Copy Tables ... DONE.

